<?xml version="1.0" encoding="utf-8"?>
<TestRun id="9b634b53-5934-49bd-86d9-122bc6bb1b47" name="@c2756152e150 2026-08-24 18:44:42" xmlns="http://microsoft.com/schemas/VisualStudio/TeamTest/2010">
  <Times creation="2026-08-24T18:44:42.3602306+02:00" queuing="2026-08-24T18:44:42.3602307+02:00" start="2026-08-24T18:44:41.9683926+02:00" finish="2026-08-24T18:44:45.9290445+02:00" />
  <TestSettings name="default" id="3ef3cc65-10cb-4020-ad60-d96acd2be45e">
    <Deployment runDeploymentRoot="_c2756152e150_2026-08-24_18_44_42" />
  </TestSettings>
  <Results>
    <UnitTestResult executionId="b388962a-6638-4567-8418-e7e9a0b0b974" testId="6e3bffed-4a20-75e6-c2ad-ac882280e32a" testName="FS.GG.SDD.Artifacts.Tests.RegistryDocumentParseTests.a wire-contract with no provenance parses as Malformed" computerName="c2756152e150" duration="00:00:00.0009202" startTime="2026-08-24T18:44:44.5531804+02:00" endTime="2026-08-24T18:44:44.5540470+02:00" testType="13cdc9d9-ddb5-4fa4-a97d-d965ccfc6d4b" outcome="Passed" testListId="8c84fa94-04c1-424b-9868-57a2d4851a1d" relativeResultsDirectory="b388962a-6638-4567-8418-e7e9a0b0b974" />
    <UnitTestResult executionId="23e14237-3384-4725-8683-fd9af6dcace7" testId="71fbf923-f707-e79d-54c5-8d9ae758f664" testName="FS.GG.SDD.Artifacts.Tests.RegistryDocumentParseTests.a skill catalog whose bytes are not valid UTF-8 is refused, not parsed" computerName="c2756152e150" duration="00:00:00.0010859" startTime="2026-08-24T18:44:44.5091705+02:00" endTime="2026-08-24T18:44:44.5101852+02:00" testType="13cdc9d9-ddb5-4fa4-a97d-d965ccfc6d4b" outcome="Passed" testListId="8c84fa94-04c1-424b-9868-57a2d4851a1d" relativeResultsDirectory="23e14237-3384-4725-8683-fd9af6dcace7" />
    <UnitTestResult executionId="b27aebec-2d3e-4816-884c-5169c73a1fa9" testId="d9df89fb-14f7-8561-af6c-8fea5325725f" testName="FS.GG.SDD.Artifacts.Tests.ProviderRegistryParseTests.parseProviderRegistry defaults extended fields for a today-shape entry" computerName="c2756152e150" duration="00:00:00.0002308" startTime="2026-08-24T18:44:42.4011664+02:00" endTime="2026-08-24T18:44:42.4012313+02:00" testType="13cdc9d9-ddb5-4fa4-a97d-d965ccfc6d4b" outcome="Passed" testListId="8c84fa94-04c1-424b-9868-57a2d4851a1d" relativeResultsDirectory="b27aebec-2d3e-4816-884c-5169c73a1fa9" />
    <UnitTestResult executionId="0fdaa964-4ec1-48d8-9cf7-55bb7e3ca38a" testId="80442db4-ebed-54d7-4166-69fd9a696f3c" testName="FS.GG.SDD.Artifacts.Tests.RecordReceiptTests.an unrecognized discharge class reads as test-class, which is the fail-closed direction" computerName="c2756152e150" duration="00:00:00.0001189" startTime="2026-08-24T18:44:42.3642720+02:00" endTime="2026-08-24T18:44:42.3644208+02:00" testType="13cdc9d9-ddb5-4fa4-a97d-d965ccfc6d4b" outcome="Passed" testListId="8c84fa94-04c1-424b-9868-57a2d4851a1d" relativeResultsDirectory="0fdaa964-4ec1-48d8-9cf7-55bb7e3ca38a" />
    <UnitTestResult executionId="fd501231-0f8b-4021-b6b5-1915dc531df4" testId="44ef5fdb-f4c1-a4c7-7fa3-3a9fdc4c3db9" testName="FS.GG.SDD.Artifacts.Tests.WorkModelTests.a decision's every reference reaches the work model, sorted" computerName="c2756152e150" duration="00:00:00.0008282" startTime="2026-08-24T18:44:44.5895144+02:00" endTime="2026-08-24T18:44:44.5900789+02:00" testType="13cdc9d9-ddb5-4fa4-a97d-d965ccfc6d4b" outcome="Passed" testListId="8c84fa94-04c1-424b-9868-57a2d4851a1d" relativeResultsDirectory="fd501231-0f8b-4021-b6b5-1915dc531df4" />
    <UnitTestResult executionId="601150ea-f192-4b5c-9c8a-2ed232e017b5" testId="502d80c9-ed34-43c1-9786-c6aadec0e67a" testName="FS.GG.SDD.Artifacts.Tests.ScaffoldProvenanceTests.serialize emits requiredMinimumCliVersion as null when None" computerName="c2756152e150" duration="00:00:00.0017849" startTime="2026-08-24T18:44:42.3548761+02:00" endTime="2026-08-24T18:44:42.3556561+02:00" testType="13cdc9d9-ddb5-4fa4-a97d-d965ccfc6d4b" outcome="Passed" testListId="8c84fa94-04c1-424b-9868-57a2d4851a1d" relativeResultsDirectory="601150ea-f192-4b5c-9c8a-2ed232e017b5" />
    <UnitTestResult executionId="cf9e42db-1c5e-4c60-80dc-9f09597b63c6" testId="9bc1ee47-334e-0078-f2c9-0420e0db8644" testName="FS.GG.SDD.Artifacts.Tests.PlanArtifactTests.Plan parser extracts front matter snapshots ids deferrals and stale counts" computerName="c2756152e150" duration="00:00:00.0013457" startTime="2026-08-24T18:44:42.4020252+02:00" endTime="2026-08-24T18:44:42.4027441+02:00" testType="13cdc9d9-ddb5-4fa4-a97d-d965ccfc6d4b" outcome="Passed" testListId="8c84fa94-04c1-424b-9868-57a2d4851a1d" relativeResultsDirectory="cf9e42db-1c5e-4c60-80dc-9f09597b63c6" />
    <UnitTestResult executionId="d8fd4b63-e9c4-4b56-8bfb-e372b65b5b25" testId="6060dd00-0e4c-79d8-1fa9-b69ca1fd1a5c" testName="FS.GG.SDD.Artifacts.Tests.ClarificationArtifactTests.Clarification question blocking treats nonblocking (no hyphen) as non-blocking" computerName="c2756152e150" duration="00:00:00.0004474" startTime="2026-08-24T18:44:42.4023338+02:00" endTime="2026-08-24T18:44:42.4026513+02:00" testType="13cdc9d9-ddb5-4fa4-a97d-d965ccfc6d4b" outcome="Passed" testListId="8c84fa94-04c1-424b-9868-57a2d4851a1d" relativeResultsDirectory="d8fd4b63-e9c4-4b56-8bfb-e372b65b5b25" />
    <UnitTestResult executionId="025932aa-2ad1-4d9b-b9f5-67ca2d1a0655" testId="f6b1bae2-21fb-d70c-51b4-c42f7121d96d" testName="FS.GG.SDD.Artifacts.Tests.ReleaseReadinessCheckTests.T019 a catalog entry with no locking baseline is reported not-ready" computerName="c2756152e150" duration="00:00:00.0011074" startTime="2026-08-24T18:44:42.3966517+02:00" endTime="2026-08-24T18:44:42.3979794+02:00" testType="13cdc9d9-ddb5-4fa4-a97d-d965ccfc6d4b" outcome="Passed" testListId="8c84fa94-04c1-424b-9868-57a2d4851a1d" relativeResultsDirectory="025932aa-2ad1-4d9b-b9f5-67ca2d1a0655" />
    <UnitTestResult executionId="9592290d-ffff-4b7f-8e3b-0fbe851f162b" testId="0d0e08da-c809-4cf9-88d5-361fa0f4330f" testName="FS.GG.SDD.Artifacts.Tests.GameSkillManifestTests.evaluate resolves equality and inequality atoms" computerName="c2756152e150" duration="00:00:00.0001220" startTime="2026-08-24T18:44:42.3589009+02:00" endTime="2026-08-24T18:44:42.3589085+02:00" testType="13cdc9d9-ddb5-4fa4-a97d-d965ccfc6d4b" outcome="Passed" testListId="8c84fa94-04c1-424b-9868-57a2d4851a1d" relativeResultsDirectory="9592290d-ffff-4b7f-8e3b-0fbe851f162b" />
    <UnitTestResult executionId="7e956ab3-baf5-4651-8a1c-1d5357ab7b05" testId="83d23614-9041-0cb2-91ec-84184b1cbe0e" testName="FS.GG.SDD.Artifacts.Tests.FsharpIdentifierTests.deriveNamespace reports an unrepresentable name(input: &quot;&quot;)" computerName="c2756152e150" duration="00:00:00.0000007" startTime="2026-08-24T18:44:42.3722687+02:00" endTime="2026-08-24T18:44:42.3722789+02:00" testType="13cdc9d9-ddb5-4fa4-a97d-d965ccfc6d4b" outcome="Passed" testListId="8c84fa94-04c1-424b-9868-57a2d4851a1d" relativeResultsDirectory="7e956ab3-baf5-4651-8a1c-1d5357ab7b05" />
    <UnitTestResult executionId="2c6eedbb-daf8-48c3-a844-d6adf3f6c2d7" testId="f3f7478b-846a-8317-fe47-a75d83132f5c" testName="FS.GG.SDD.Artifacts.Tests.SchemaContractTests.Missing-artifact fixture names absent required lifecycle paths" computerName="c2756152e150" duration="00:00:00.0233047" startTime="2026-08-24T18:44:44.4442939+02:00" endTime="2026-08-24T18:44:44.4674869+02:00" testType="13cdc9d9-ddb5-4fa4-a97d-d965ccfc6d4b" outcome="Passed" testListId="8c84fa94-04c1-424b-9868-57a2d4851a1d" relativeResultsDirectory="2c6eedbb-daf8-48c3-a844-d6adf3f6c2d7" />
    <UnitTestResult executionId="d9142f5d-25b1-4938-8c73-5325c9e0e16c" testId="10440382-8b57-6b06-4fec-10b66351ff62" testName="FS.GG.SDD.Artifacts.Tests.RecordReceiptTests.a declaration is recorded only when it carries a coherent receipt" computerName="c2756152e150" duration="00:00:00.0000775" startTime="2026-08-24T18:44:42.3656582+02:00" endTime="2026-08-24T18:44:42.3658372+02:00" testType="13cdc9d9-ddb5-4fa4-a97d-d965ccfc6d4b" outcome="Passed" testListId="8c84fa94-04c1-424b-9868-57a2d4851a1d" relativeResultsDirectory="d9142f5d-25b1-4938-8c73-5325c9e0e16c" />
    <UnitTestResult executionId="93a7ec72-1bd3-403f-bb0c-e5c15bb28fc2" testId="efdce7da-4f61-2622-fd9d-ecb65ef192ff" testName="FS.GG.SDD.Artifacts.Tests.FsharpIdentifierTests.deriveNamespace reports an unrepresentable name(input: &quot;_&quot;)" computerName="c2756152e150" duration="00:00:00.0000008" startTime="2026-08-24T18:44:42.3722103+02:00" endTime="2026-08-24T18:44:42.3722208+02:00" testType="13cdc9d9-ddb5-4fa4-a97d-d965ccfc6d4b" outcome="Passed" testListId="8c84fa94-04c1-424b-9868-57a2d4851a1d" relativeResultsDirectory="93a7ec72-1bd3-403f-bb0c-e5c15bb28fc2" />
    <UnitTestResult executionId="17db5f25-6328-4af1-9015-407e06c36fae" testId="47661ccf-89b2-c87e-a1cd-2fd364fa4722" testName="FS.GG.SDD.Artifacts.Tests.SchemaContractTests.project.visualSurface is false when absent from a real project config" computerName="c2756152e150" duration="00:00:00.0017087" startTime="2026-08-24T18:44:44.4427133+02:00" endTime="2026-08-24T18:44:44.4441598+02:00" testType="13cdc9d9-ddb5-4fa4-a97d-d965ccfc6d4b" outcome="Passed" testListId="8c84fa94-04c1-424b-9868-57a2d4851a1d" relativeResultsDirectory="17db5f25-6328-4af1-9015-407e06c36fae" />
    <UnitTestResult executionId="597a12c0-902a-4e22-b5b4-024ab78c929e" testId="99d36d2c-5f0c-6fa1-c58c-7ac07b4b6a81" testName="FS.GG.SDD.Artifacts.Tests.EvidenceArtifactTests.a '..' in a cited path is a parse diagnostic, not an exception(field: &quot;sourceRefs&quot;)" computerName="c2756152e150" duration="00:00:00.0016246" startTime="2026-08-24T18:44:42.3860726+02:00" endTime="2026-08-24T18:44:42.3876356+02:00" testType="13cdc9d9-ddb5-4fa4-a97d-d965ccfc6d4b" outcome="Passed" testListId="8c84fa94-04c1-424b-9868-57a2d4851a1d" relativeResultsDirectory="597a12c0-902a-4e22-b5b4-024ab78c929e" />
    <UnitTestResult executionId="2e171e0f-3be0-4903-84c2-94fdf4c3b27e" testId="f62870db-6b43-6882-9fd4-eefaf5ef9b3d" testName="FS.GG.SDD.Artifacts.Tests.RequirementClassificationTests.an unrecognized brace token is ignored, never blocking" computerName="c2756152e150" duration="00:00:00.0000802" startTime="2026-08-24T18:44:42.3571375+02:00" endTime="2026-08-24T18:44:42.3571443+02:00" testType="13cdc9d9-ddb5-4fa4-a97d-d965ccfc6d4b" outcome="Passed" testListId="8c84fa94-04c1-424b-9868-57a2d4851a1d" relativeResultsDirectory="2e171e0f-3be0-4903-84c2-94fdf4c3b27e" />
    <UnitTestResult executionId="ecb25017-70cd-4746-8531-48ee3054f757" testId="6a01fbe3-7233-1463-8f2c-f43174826956" testName="FS.GG.SDD.Artifacts.Tests.PathContainmentTests.escapesRoot rejects paths that escape the workspace root(raw: &quot;..&quot;)" computerName="c2756152e150" duration="00:00:00.0001165" startTime="2026-08-24T18:44:42.3506515+02:00" endTime="2026-08-24T18:44:42.3507917+02:00" testType="13cdc9d9-ddb5-4fa4-a97d-d965ccfc6d4b" outcome="Passed" testListId="8c84fa94-04c1-424b-9868-57a2d4851a1d" relativeResultsDirectory="ecb25017-70cd-4746-8531-48ee3054f757" />
    <UnitTestResult executionId="3494ce5f-0a85-427a-bb18-a9037f6d6d1e" testId="0a89fd13-53fe-0399-ad3c-5560b86209a7" testName="FS.GG.SDD.Artifacts.Tests.DependencySurfaceTests.tryParse rejects a missing schemaVersion" computerName="c2756152e150" duration="00:00:00.0006619" startTime="2026-08-24T18:44:42.3790972+02:00" endTime="2026-08-24T18:44:42.3797308+02:00" testType="13cdc9d9-ddb5-4fa4-a97d-d965ccfc6d4b" outcome="Passed" testListId="8c84fa94-04c1-424b-9868-57a2d4851a1d" relativeResultsDirectory="3494ce5f-0a85-427a-bb18-a9037f6d6d1e" />
    <UnitTestResult executionId="2eb826ee-e0e5-4936-888a-0be6fc046838" testId="e74ac92d-b52e-6dcc-ecd1-f71f98121975" testName="FS.GG.SDD.Artifacts.Tests.RegistryDocumentParseTests.absent and a declared wire-contract do NOT parse to the same value" computerName="c2756152e150" duration="00:00:00.0005463" startTime="2026-08-24T18:44:44.6001285+02:00" endTime="2026-08-24T18:44:44.6006306+02:00" testType="13cdc9d9-ddb5-4fa4-a97d-d965ccfc6d4b" outcome="Passed" testListId="8c84fa94-04c1-424b-9868-57a2d4851a1d" relativeResultsDirectory="2eb826ee-e0e5-4936-888a-0be6fc046838" />
    <UnitTestResult executionId="12219109-dbc6-41d2-ae27-6ae511fed324" testId="b1be05d0-1531-860b-c1a5-0c9c45485efa" testName="FS.GG.SDD.Artifacts.Tests.ArtifactCodecTests.the ArtifactCodec migration boundary is complete" computerName="c2756152e150" duration="00:00:00.0024854" startTime="2026-08-24T18:44:42.4019671+02:00" endTime="2026-08-24T18:44:42.4033428+02:00" testType="13cdc9d9-ddb5-4fa4-a97d-d965ccfc6d4b" outcome="Passed" testListId="8c84fa94-04c1-424b-9868-57a2d4851a1d" relativeResultsDirectory="12219109-dbc6-41d2-ae27-6ae511fed324" />
    <UnitTestResult executionId="b4bc6124-6db4-45c6-b871-8fc83eda2166" testId="38af8e02-c8fb-1cc0-31eb-e72a96026f5f" testName="FS.GG.SDD.Artifacts.Tests.FsharpIdentifierTests.deriveNamespace is a no-op on already-valid namespaces(valid: &quot;Acme&quot;)" computerName="c2756152e150" duration="00:00:00.0000020" startTime="2026-08-24T18:44:42.3660807+02:00" endTime="2026-08-24T18:44:42.3660893+02:00" testType="13cdc9d9-ddb5-4fa4-a97d-d965ccfc6d4b" outcome="Passed" testListId="8c84fa94-04c1-424b-9868-57a2d4851a1d" relativeResultsDirectory="b4bc6124-6db4-45c6-b871-8fc83eda2166" />
    <UnitTestResult executionId="5a37df66-4d2c-4fdf-8a98-07b1e6e0d7a0" testId="5ceba6f5-57d8-d051-3e87-c102d36144a5" testName="FS.GG.SDD.Artifacts.Tests.SchemaContractTests.project.implementSkill is None when absent" computerName="c2756152e150" duration="00:00:00.0016302" startTime="2026-08-24T18:44:44.4237828+02:00" endTime="2026-08-24T18:44:44.4252550+02:00" testType="13cdc9d9-ddb5-4fa4-a97d-d965ccfc6d4b" outcome="Passed" testListId="8c84fa94-04c1-424b-9868-57a2d4851a1d" relativeResultsDirectory="5a37df66-4d2c-4fdf-8a98-07b1e6e0d7a0" />
    <UnitTestResult executionId="18337c90-4016-4ef1-84ec-60a741655588" testId="3ad0eb66-dc66-00be-2795-eae7bc241b5f" testName="FS.GG.SDD.Artifacts.Tests.GameSkillManifestTests.evaluate returns None for a predicate it cannot evaluate (fail closed)(predicate: &quot;count(x) &gt; 2&quot;)" computerName="c2756152e150" duration="00:00:00.0006587" startTime="2026-08-24T18:44:42.3535884+02:00" endTime="2026-08-24T18:44:42.3540104+02:00" testType="13cdc9d9-ddb5-4fa4-a97d-d965ccfc6d4b" outcome="Passed" testListId="8c84fa94-04c1-424b-9868-57a2d4851a1d" relativeResultsDirectory="18337c90-4016-4ef1-84ec-60a741655588" />
    <UnitTestResult executionId="ea9c7849-5f4f-4d9b-b8f2-889e34458eb6" testId="2a547413-7b4c-820e-8258-f71e37298f3c" testName="FS.GG.SDD.Artifacts.Tests.DependencySurfaceTests.tryParse rejects malformed JSON" computerName="c2756152e150" duration="00:00:00.0008072" startTime="2026-08-24T18:44:42.3549333+02:00" endTime="2026-08-24T18:44:42.3551230+02:00" testType="13cdc9d9-ddb5-4fa4-a97d-d965ccfc6d4b" outcome="Passed" testListId="8c84fa94-04c1-424b-9868-57a2d4851a1d" relativeResultsDirectory="ea9c7849-5f4f-4d9b-b8f2-889e34458eb6" />
    <UnitTestResult executionId="1c8f08aa-9f27-4842-8992-e580be969cae" testId="28f84c83-7bca-70a0-a5da-47ad149a93cc" testName="FS.GG.SDD.Artifacts.Tests.AuthoredInputHardeningTests.parseProjectConfig diagnoses a duplicate mapping key instead of crashing" computerName="c2756152e150" duration="00:00:00.0004369" startTime="2026-08-24T18:44:42.4677106+02:00" endTime="2026-08-24T18:44:42.4681222+02:00" testType="13cdc9d9-ddb5-4fa4-a97d-d965ccfc6d4b" outcome="Passed" testListId="8c84fa94-04c1-424b-9868-57a2d4851a1d" relativeResultsDirectory="1c8f08aa-9f27-4842-8992-e580be969cae" />
    <UnitTestResult executionId="0bbf3e22-7035-483c-a2cf-94cf4cc06e9c" testId="0e04a543-2f56-e756-bb61-e86f42a62ecb" testName="FS.GG.SDD.Artifacts.Tests.ClarificationArtifactTests.Remaining-ambiguity genuine unresolved line still counts as blocking(body: &quot;- AMB-001: The scoring rule is unclear.&quot;)" computerName="c2756152e150" duration="00:00:00.0004106" startTime="2026-08-24T18:44:42.3997350+02:00" endTime="2026-08-24T18:44:42.4000052+02:00" testType="13cdc9d9-ddb5-4fa4-a97d-d965ccfc6d4b" outcome="Passed" testListId="8c84fa94-04c1-424b-9868-57a2d4851a1d" relativeResultsDirectory="0bbf3e22-7035-483c-a2cf-94cf4cc06e9c" />
    <UnitTestResult executionId="f4010071-31a0-473d-b96b-63f23192bda6" testId="37df9436-20e0-ac6a-46e4-5e58a0d1bd6c" testName="FS.GG.SDD.Artifacts.Tests.GovernanceBoundaryTests.Initial lifecycle rule contracts expose required SDD checks" computerName="c2756152e150" duration="00:00:00.0008309" startTime="2026-08-24T18:44:44.4689838+02:00" endTime="2026-08-24T18:44:44.4697376+02:00" testType="13cdc9d9-ddb5-4fa4-a97d-d965ccfc6d4b" outcome="Passed" testListId="8c84fa94-04c1-424b-9868-57a2d4851a1d" relativeResultsDirectory="f4010071-31a0-473d-b96b-63f23192bda6" />
    <UnitTestResult executionId="ecbd9efa-d7ae-4593-b494-191f9516b3f9" testId="a566b324-d9b9-4eab-6a50-4b75d5fdf4dd" testName="FS.GG.SDD.Artifacts.Tests.RequirementClassificationTests.a repeated token is deduplicated" computerName="c2756152e150" duration="00:00:00.0000538" startTime="2026-08-24T18:44:42.3570272+02:00" endTime="2026-08-24T18:44:42.3570345+02:00" testType="13cdc9d9-ddb5-4fa4-a97d-d965ccfc6d4b" outcome="Passed" testListId="8c84fa94-04c1-424b-9868-57a2d4851a1d" relativeResultsDirectory="ecbd9efa-d7ae-4593-b494-191f9516b3f9" />
    <UnitTestResult executionId="d4aec46b-f60e-4c27-8a48-f61bd00ff751" testId="356f42bd-ce99-f48f-dd57-8b1a2fd4090d" testName="FS.GG.SDD.Artifacts.Tests.TestReportTests.parseBytes attests BOM plus CRLF bytes exactly" computerName="c2756152e150" duration="00:00:00.0004651" startTime="2026-08-24T18:44:42.3662527+02:00" endTime="2026-08-24T18:44:42.3668349+02:00" testType="13cdc9d9-ddb5-4fa4-a97d-d965ccfc6d4b" outcome="Passed" testListId="8c84fa94-04c1-424b-9868-57a2d4851a1d" relativeResultsDirectory="d4aec46b-f60e-4c27-8a48-f61bd00ff751" />
    <UnitTestResult executionId="746bd76d-b190-4c4a-af81-dd29c90a6980" testId="1c02f4cf-99de-1b2c-602d-f969594ee0b1" testName="FS.GG.SDD.Artifacts.Tests.RefreshSummaryViewTests.isStale is true when a summary source digest changes" computerName="c2756152e150" duration="00:00:00.0019990" startTime="2026-08-24T18:44:42.3574378+02:00" endTime="2026-08-24T18:44:42.3579001+02:00" testType="13cdc9d9-ddb5-4fa4-a97d-d965ccfc6d4b" outcome="Passed" testListId="8c84fa94-04c1-424b-9868-57a2d4851a1d" relativeResultsDirectory="746bd76d-b190-4c4a-af81-dd29c90a6980" />
    <UnitTestResult executionId="cb269079-74fa-4604-a49f-7ea5ffea390f" testId="6647f14a-9081-37c2-4282-23ba7da4804d" testName="FS.GG.SDD.Artifacts.Tests.SkillRegistryDocumentParseTests.a missing file is an Error, not an exception" computerName="c2756152e150" duration="00:00:00.0001247" startTime="2026-08-24T18:44:44.5403814+02:00" endTime="2026-08-24T18:44:44.5403953+02:00" testType="13cdc9d9-ddb5-4fa4-a97d-d965ccfc6d4b" outcome="Passed" testListId="8c84fa94-04c1-424b-9868-57a2d4851a1d" relativeResultsDirectory="cb269079-74fa-4604-a49f-7ea5ffea390f" />
    <UnitTestResult executionId="231d7a92-237c-4a58-9bb4-2f1a2b42b7aa" testId="80484461-6b93-8825-2eaf-f53dc267720e" testName="FS.GG.SDD.Artifacts.Tests.RegistryDocumentParseTests.detectKind reports an undecodable catalog as DependencyRegistry, and that path refuses it" computerName="c2756152e150" duration="00:00:00.0010026" startTime="2026-08-24T18:44:44.5985287+02:00" endTime="2026-08-24T18:44:44.5993482+02:00" testType="13cdc9d9-ddb5-4fa4-a97d-d965ccfc6d4b" outcome="Passed" testListId="8c84fa94-04c1-424b-9868-57a2d4851a1d" relativeResultsDirectory="231d7a92-237c-4a58-9bb4-2f1a2b42b7aa" />
    <UnitTestResult executionId="81cb6757-e29e-40a0-86f0-80a6acfb863b" testId="a9160054-f0d7-b31f-03ad-532dd1e6ca88" testName="FS.GG.SDD.Artifacts.Tests.SchemaContractTests.Malformed schema fixture emits malformed and unsupported schema diagnostics" computerName="c2756152e150" duration="00:00:00.0021641" startTime="2026-08-24T18:44:44.4256076+02:00" endTime="2026-08-24T18:44:44.4274594+02:00" testType="13cdc9d9-ddb5-4fa4-a97d-d965ccfc6d4b" outcome="Passed" testListId="8c84fa94-04c1-424b-9868-57a2d4851a1d" relativeResultsDirectory="81cb6757-e29e-40a0-86f0-80a6acfb863b" />
    <UnitTestResult executionId="d492150f-609d-4427-bb56-046f89c74649" testId="4682691e-9fb1-40b3-2a4f-e478da2066b2" testName="FS.GG.SDD.Artifacts.Tests.SkillRegistryDocumentParseTests.detectKind falls back to the dependency registry for anything it cannot read(body: &quot;not: [valid&quot;)" computerName="c2756152e150" duration="00:00:00.0003529" startTime="2026-08-24T18:44:44.4257178+02:00" endTime="2026-08-24T18:44:44.4257350+02:00" testType="13cdc9d9-ddb5-4fa4-a97d-d965ccfc6d4b" outcome="Passed" testListId="8c84fa94-04c1-424b-9868-57a2d4851a1d" relativeResultsDirectory="d492150f-609d-4427-bb56-046f89c74649" />
    <UnitTestResult executionId="57a3c8bd-2c7d-4a5e-bf28-acd02d08fb96" testId="0ce21653-7fc4-14d2-5ee3-3ee6d6a171a8" testName="FS.GG.SDD.Artifacts.Tests.ReleaseReadinessCheckTests.T019 a documented field absent from the produced artifact is reported as drift" computerName="c2756152e150" duration="00:00:00.0014125" startTime="2026-08-24T18:44:42.3903457+02:00" endTime="2026-08-24T18:44:42.3925492+02:00" testType="13cdc9d9-ddb5-4fa4-a97d-d965ccfc6d4b" outcome="Passed" testListId="8c84fa94-04c1-424b-9868-57a2d4851a1d" relativeResultsDirectory="57a3c8bd-2c7d-4a5e-bf28-acd02d08fb96" />
    <UnitTestResult executionId="2f295bb7-8f6c-4b56-916c-d39a1eb8832b" testId="156b5811-7f61-a814-6c1c-3de96518b856" testName="FS.GG.SDD.Artifacts.Tests.SkillRegistryDocumentParseTests.an absent mirrored key loads as Unspecified - NOT Declared false" computerName="c2756152e150" duration="00:00:00.0002974" startTime="2026-08-24T18:44:44.5906350+02:00" endTime="2026-08-24T18:44:44.5908901+02:00" testType="13cdc9d9-ddb5-4fa4-a97d-d965ccfc6d4b" outcome="Passed" testListId="8c84fa94-04c1-424b-9868-57a2d4851a1d" relativeResultsDirectory="2f295bb7-8f6c-4b56-916c-d39a1eb8832b" />
    <UnitTestResult executionId="c7159094-aeea-439e-9334-3cd62ac1fea2" testId="d500b58c-7cb1-1a95-49d4-dc751ea93879" testName="FS.GG.SDD.Artifacts.Tests.IdentifierTests.LifecycleStage accepts standard SDD stages only" computerName="c2756152e150" duration="00:00:00.0047627" startTime="2026-08-24T18:44:42.3522832+02:00" endTime="2026-08-24T18:44:42.3537807+02:00" testType="13cdc9d9-ddb5-4fa4-a97d-d965ccfc6d4b" outcome="Passed" testListId="8c84fa94-04c1-424b-9868-57a2d4851a1d" relativeResultsDirectory="c7159094-aeea-439e-9334-3cd62ac1fea2" />
    <UnitTestResult executionId="5ab1f256-ea0c-48ba-a801-ea4a6f5e1eb7" testId="64c93cfe-be05-4401-8e30-5472a3c608b9" testName="FS.GG.SDD.Artifacts.Tests.GameSkillManifestTests.tryParse reads the three-state mirrored field and rows verbatim" computerName="c2756152e150" duration="00:00:00.0081536" startTime="2026-08-24T18:44:42.3541041+02:00" endTime="2026-08-24T18:44:42.3560789+02:00" testType="13cdc9d9-ddb5-4fa4-a97d-d965ccfc6d4b" outcome="Passed" testListId="8c84fa94-04c1-424b-9868-57a2d4851a1d" relativeResultsDirectory="5ab1f256-ea0c-48ba-a801-ea4a6f5e1eb7" />
    <UnitTestResult executionId="7acc2d21-e37f-4813-aea1-903c605cfc84" testId="01ecddcf-199c-ad74-0fa2-44373dcdba5a" testName="FS.GG.SDD.Artifacts.Tests.PlanArtifactTests.Plan parser extracts framework-API references from both grammars" computerName="c2756152e150" duration="00:00:00.0013624" startTime="2026-08-24T18:44:42.4043095+02:00" endTime="2026-08-24T18:44:42.4056555+02:00" testType="13cdc9d9-ddb5-4fa4-a97d-d965ccfc6d4b" outcome="Passed" testListId="8c84fa94-04c1-424b-9868-57a2d4851a1d" relativeResultsDirectory="7acc2d21-e37f-4813-aea1-903c605cfc84" />
    <UnitTestResult executionId="70ccdb4d-a2a4-4ec7-8941-e7964da3d72f" testId="c1549d75-531a-f649-77a9-96a2222c5210" testName="FS.GG.SDD.Artifacts.Tests.RegistryDocumentParseTests.the 4-segment governance-reference-gate-set 1.2.1.1 is carried and validates clean" computerName="c2756152e150" duration="00:00:00.0035552" startTime="2026-08-24T18:44:44.6273384+02:00" endTime="2026-08-24T18:44:44.6308570+02:00" testType="13cdc9d9-ddb5-4fa4-a97d-d965ccfc6d4b" outcome="Passed" testListId="8c84fa94-04c1-424b-9868-57a2d4851a1d" relativeResultsDirectory="70ccdb4d-a2a4-4ec7-8941-e7964da3d72f" />
    <UnitTestResult executionId="6daa4d47-0368-4804-ac05-3e551c17fcf5" testId="4a2e29a4-ed7d-7705-902d-9ce6b968bb52" testName="FS.GG.SDD.Artifacts.Tests.DriverManifestTests.tryParse fails on malformed JSON" computerName="c2756152e150" duration="00:00:00.0001992" startTime="2026-08-24T18:44:42.3615915+02:00" endTime="2026-08-24T18:44:42.3616565+02:00" testType="13cdc9d9-ddb5-4fa4-a97d-d965ccfc6d4b" outcome="Passed" testListId="8c84fa94-04c1-424b-9868-57a2d4851a1d" relativeResultsDirectory="6daa4d47-0368-4804-ac05-3e551c17fcf5" />
    <UnitTestResult executionId="00f7c5f6-837c-402c-bee7-4d98140d9f36" testId="91737da3-8b88-fce2-702c-a9a5fc55c3f5" testName="FS.GG.SDD.Artifacts.Tests.RegistryDocumentParseTests.an ABSENT wire-contract parses as Unspecified" computerName="c2756152e150" duration="00:00:00.0002943" startTime="2026-08-24T18:44:44.5994376+02:00" endTime="2026-08-24T18:44:44.5996635+02:00" testType="13cdc9d9-ddb5-4fa4-a97d-d965ccfc6d4b" outcome="Passed" testListId="8c84fa94-04c1-424b-9868-57a2d4851a1d" relativeResultsDirectory="00f7c5f6-837c-402c-bee7-4d98140d9f36" />
    <UnitTestResult executionId="d4675c7a-3175-40ca-b713-24a3a1920246" testId="b5a527e1-5bbc-37bd-56c8-e9bb8ddd9d50" testName="FS.GG.SDD.Artifacts.Tests.SurfaceBaselineTests.Public surface matches baseline" computerName="c2756152e150" duration="00:00:02.0244691" startTime="2026-08-24T18:44:42.3998884+02:00" endTime="2026-08-24T18:44:44.4225564+02:00" testType="13cdc9d9-ddb5-4fa4-a97d-d965ccfc6d4b" outcome="Passed" testListId="8c84fa94-04c1-424b-9868-57a2d4851a1d" relativeResultsDirectory="d4675c7a-3175-40ca-b713-24a3a1920246" />
    <UnitTestResult executionId="4013e87b-21ad-4ebd-8d96-0473601036fa" testId="51010367-46be-9875-c13d-06485abd938c" testName="FS.GG.SDD.Artifacts.Tests.GeneratedModelCurrencyTests.GeneratedModelCurrency reports stale source digest" computerName="c2756152e150" duration="00:00:00.0112568" startTime="2026-08-24T18:44:44.4787242+02:00" endTime="2026-08-24T18:44:44.4898579+02:00" testType="13cdc9d9-ddb5-4fa4-a97d-d965ccfc6d4b" outcome="Passed" testListId="8c84fa94-04c1-424b-9868-57a2d4851a1d" relativeResultsDirectory="4013e87b-21ad-4ebd-8d96-0473601036fa" />
    <UnitTestResult executionId="b3fef90e-b007-4d44-abc0-52642d550f7c" testId="4316d671-51f8-611f-c68a-2b998a32d918" testName="FS.GG.SDD.Artifacts.Tests.MalformedReferenceTests.a genuinely malformed clarification decision ref still yields malformedReference" computerName="c2756152e150" duration="00:00:00.0006032" startTime="2026-08-24T18:44:42.3994467+02:00" endTime="2026-08-24T18:44:42.4000833+02:00" testType="13cdc9d9-ddb5-4fa4-a97d-d965ccfc6d4b" outcome="Passed" testListId="8c84fa94-04c1-424b-9868-57a2d4851a1d" relativeResultsDirectory="b3fef90e-b007-4d44-abc0-52642d550f7c" />
    <UnitTestResult executionId="f5a99029-2565-4d7c-a18e-8e14045928a2" testId="7905846d-79fc-fde1-0f15-a08d9ad68ed2" testName="FS.GG.SDD.Artifacts.Tests.ReleaseContractTests.T017 the published docs artifact matches the contract (projection cannot drift)" computerName="c2756152e150" duration="00:00:00.0024346" startTime="2026-08-24T18:44:44.4322000+02:00" endTime="2026-08-24T18:44:44.4343550+02:00" testType="13cdc9d9-ddb5-4fa4-a97d-d965ccfc6d4b" outcome="Passed" testListId="8c84fa94-04c1-424b-9868-57a2d4851a1d" relativeResultsDirectory="f5a99029-2565-4d7c-a18e-8e14045928a2" />
    <UnitTestResult executionId="4b958342-1d7f-4f56-a12e-21c9369d9c6f" testId="7868c54c-5762-155c-ea79-5e14d51bd2a9" testName="FS.GG.SDD.Artifacts.Tests.ScaffoldProvenanceTests.parseProviderRegistry reads None when minimumFsggSdd version is null" computerName="c2756152e150" duration="00:00:00.0003520" startTime="2026-08-24T18:44:42.3643328+02:00" endTime="2026-08-24T18:44:42.3648308+02:00" testType="13cdc9d9-ddb5-4fa4-a97d-d965ccfc6d4b" outcome="Passed" testListId="8c84fa94-04c1-424b-9868-57a2d4851a1d" relativeResultsDirectory="4b958342-1d7f-4f56-a12e-21c9369d9c6f" />
    <UnitTestResult executionId="f280c741-6cd0-4e1b-9715-eebb401d85d9" testId="6aae352a-70a7-523e-af96-573dafb37d0d" testName="FS.GG.SDD.Artifacts.Tests.SchemaMigrationTests.SchemaMigration future schema blocks" computerName="c2756152e150" duration="00:00:00.0103730" startTime="2026-08-24T18:44:44.4685587+02:00" endTime="2026-08-24T18:44:44.4790694+02:00" testType="13cdc9d9-ddb5-4fa4-a97d-d965ccfc6d4b" outcome="Passed" testListId="8c84fa94-04c1-424b-9868-57a2d4851a1d" relativeResultsDirectory="f280c741-6cd0-4e1b-9715-eebb401d85d9" />
    <UnitTestResult executionId="d76e8649-5b13-4362-bbad-d0235ecb9541" testId="8008faaa-0067-675f-9e17-87ce64f54e6f" testName="FS.GG.SDD.Artifacts.Tests.ArtifactCodecTests.disclosureFields couple to every authored SyntheticDisclosure field (T031/#290)" computerName="c2756152e150" duration="00:00:00.0173667" startTime="2026-08-24T18:44:42.3730376+02:00" endTime="2026-08-24T18:44:42.3829254+02:00" testType="13cdc9d9-ddb5-4fa4-a97d-d965ccfc6d4b" outcome="Passed" testListId="8c84fa94-04c1-424b-9868-57a2d4851a1d" relativeResultsDirectory="d76e8649-5b13-4362-bbad-d0235ecb9541" />
    <UnitTestResult executionId="b236c9f9-f9d3-48c5-8e5b-dd5ccbe90995" testId="10a8351e-2126-048e-3ac7-07a9ed09a7f7" testName="FS.GG.SDD.Artifacts.Tests.PackedDependencyContractTests.artifacts package carries a producer-owned portable Fable kernel" computerName="c2756152e150" duration="00:00:02.8417205" startTime="2026-08-24T18:44:42.3244881+02:00" endTime="2026-08-24T18:44:45.1652783+02:00" testType="13cdc9d9-ddb5-4fa4-a97d-d965ccfc6d4b" outcome="Passed" testListId="8c84fa94-04c1-424b-9868-57a2d4851a1d" relativeResultsDirectory="b236c9f9-f9d3-48c5-8e5b-dd5ccbe90995" />
    <UnitTestResult executionId="f606c208-f20d-4907-a8f3-612e9ab2586f" testId="fc465830-a24f-f09a-925a-643827f69e17" testName="FS.GG.SDD.Artifacts.Tests.WorkModelTests.Work model JSON emits documented top-level fields" computerName="c2756152e150" duration="00:00:00.0041356" startTime="2026-08-24T18:44:44.5720806+02:00" endTime="2026-08-24T18:44:44.5761702+02:00" testType="13cdc9d9-ddb5-4fa4-a97d-d965ccfc6d4b" outcome="Passed" testListId="8c84fa94-04c1-424b-9868-57a2d4851a1d" relativeResultsDirectory="f606c208-f20d-4907-a8f3-612e9ab2586f" />
    <UnitTestResult executionId="47fcc365-1262-45f0-9ce2-34244772bfa6" testId="94e2605c-6f57-0924-d398-7d8d8441c45e" testName="FS.GG.SDD.Artifacts.Tests.RecordReceiptTests.a record receipt never discharges a test-class obligation" computerName="c2756152e150" duration="00:00:00.0000432" startTime="2026-08-24T18:44:42.3647005+02:00" endTime="2026-08-24T18:44:42.3647578+02:00" testType="13cdc9d9-ddb5-4fa4-a97d-d965ccfc6d4b" outcome="Passed" testListId="8c84fa94-04c1-424b-9868-57a2d4851a1d" relativeResultsDirectory="47fcc365-1262-45f0-9ce2-34244772bfa6" />
    <UnitTestResult executionId="4558bc83-9abc-40de-a254-cc9678afe6b6" testId="34fc58ce-955d-5887-46a4-0e2a7f6b6e7a" testName="FS.GG.SDD.Artifacts.Tests.MalformedReferenceTests.a checklist-result id in clarificationDecisionRefs is reported as misfiled, naming the right field" computerName="c2756152e150" duration="00:00:00.0084547" startTime="2026-08-24T18:44:42.3829074+02:00" endTime="2026-08-24T18:44:42.3920192+02:00" testType="13cdc9d9-ddb5-4fa4-a97d-d965ccfc6d4b" outcome="Passed" testListId="8c84fa94-04c1-424b-9868-57a2d4851a1d" relativeResultsDirectory="4558bc83-9abc-40de-a254-cc9678afe6b6" />
    <UnitTestResult executionId="cf6a5dc4-97bd-4583-b6cc-e380bc3e6f56" testId="e40b651f-c5e9-6a3b-5870-b7a79926b132" testName="FS.GG.SDD.Artifacts.Tests.ProductSkillManifestTests.tryParse refuses a files row missing its digest, rather than dropping it" computerName="c2756152e150" duration="00:00:00.0001071" startTime="2026-08-24T18:44:42.3583267+02:00" endTime="2026-08-24T18:44:42.3583812+02:00" testType="13cdc9d9-ddb5-4fa4-a97d-d965ccfc6d4b" outcome="Passed" testListId="8c84fa94-04c1-424b-9868-57a2d4851a1d" relativeResultsDirectory="cf6a5dc4-97bd-4583-b6cc-e380bc3e6f56" />
    <UnitTestResult executionId="1c4aa6ff-5971-477f-915f-fc15bb86d493" testId="ceccd9d3-2808-a471-6d46-38c5cd63720f" testName="FS.GG.SDD.Artifacts.Tests.ScaffoldProvenanceTests.tryParse defaults requiredMinimumCliVersion to None when the key is absent" computerName="c2756152e150" duration="00:00:00.0001557" startTime="2026-08-24T18:44:42.3639768+02:00" endTime="2026-08-24T18:44:42.3642803+02:00" testType="13cdc9d9-ddb5-4fa4-a97d-d965ccfc6d4b" outcome="Passed" testListId="8c84fa94-04c1-424b-9868-57a2d4851a1d" relativeResultsDirectory="1c4aa6ff-5971-477f-915f-fc15bb86d493" />
    <UnitTestResult executionId="0b0f84d1-6334-4bf7-9d31-fca4c7995257" testId="649092e0-d530-511c-a969-32a608e1a426" testName="FS.GG.SDD.Artifacts.Tests.RequirementClassificationTests.a recognized gameplay token classifies the line" computerName="c2756152e150" duration="00:00:00.0000624" startTime="2026-08-24T18:44:42.3570829+02:00" endTime="2026-08-24T18:44:42.3570905+02:00" testType="13cdc9d9-ddb5-4fa4-a97d-d965ccfc6d4b" outcome="Passed" testListId="8c84fa94-04c1-424b-9868-57a2d4851a1d" relativeResultsDirectory="0b0f84d1-6334-4bf7-9d31-fca4c7995257" />
    <UnitTestResult executionId="06313294-0370-4646-b7f6-5801906d548b" testId="8cbd2671-cc77-456a-ebe7-2d9ddd8e6811" testName="FS.GG.SDD.Artifacts.Tests.GameSkillManifestTests.evaluate treats an unset parameter as matching no declared value" computerName="c2756152e150" duration="00:00:00.0000571" startTime="2026-08-24T18:44:42.3580642+02:00" endTime="2026-08-24T18:44:42.3581274+02:00" testType="13cdc9d9-ddb5-4fa4-a97d-d965ccfc6d4b" outcome="Passed" testListId="8c84fa94-04c1-424b-9868-57a2d4851a1d" relativeResultsDirectory="06313294-0370-4646-b7f6-5801906d548b" />
    <UnitTestResult executionId="9d55b099-b61e-43a9-a704-3186cb29917f" testId="4111ac00-d8ed-84c4-31b2-0880b5f0697c" testName="FS.GG.SDD.Artifacts.Tests.TestReportTests.an incoherent receipt is refused(outcome: &quot;green&quot;, passed: 2, failed: 0, skipped: 0, digestKind: &quot;sha256&quot;)" computerName="c2756152e150" duration="00:00:00.0002714" startTime="2026-08-24T18:44:42.3541479+02:00" endTime="2026-08-24T18:44:42.3544300+02:00" testType="13cdc9d9-ddb5-4fa4-a97d-d965ccfc6d4b" outcome="Passed" testListId="8c84fa94-04c1-424b-9868-57a2d4851a1d" relativeResultsDirectory="9d55b099-b61e-43a9-a704-3186cb29917f" />
    <UnitTestResult executionId="814238aa-73ba-46af-9c0a-4b5cbaca62e9" testId="c9838068-2736-ffc0-f2d6-4a75a8ce6ccd" testName="FS.GG.SDD.Artifacts.Tests.TestReportTests.isObserved and observedRunInconsistency normalize outcome the same way" computerName="c2756152e150" duration="00:00:00.0140160" startTime="2026-08-24T18:44:42.3555894+02:00" endTime="2026-08-24T18:44:42.3606591+02:00" testType="13cdc9d9-ddb5-4fa4-a97d-d965ccfc6d4b" outcome="Passed" testListId="8c84fa94-04c1-424b-9868-57a2d4851a1d" relativeResultsDirectory="814238aa-73ba-46af-9c0a-4b5cbaca62e9" />
    <UnitTestResult executionId="1a078300-f1e4-4eed-a88c-3f61cd3e9899" testId="8ce980da-0829-0a19-8791-b5be12c07f57" testName="FS.GG.SDD.Artifacts.Tests.AgentGuidanceViewTests.deriveGuidanceModel sorts commands and skills by stable id" computerName="c2756152e150" duration="00:00:00.0005014" startTime="2026-08-24T18:44:42.3607681+02:00" endTime="2026-08-24T18:44:42.3608441+02:00" testType="13cdc9d9-ddb5-4fa4-a97d-d965ccfc6d4b" outcome="Passed" testListId="8c84fa94-04c1-424b-9868-57a2d4851a1d" relativeResultsDirectory="1a078300-f1e4-4eed-a88c-3f61cd3e9899" />
    <UnitTestResult executionId="5cbd5871-06e3-443f-a776-2356ba71a606" testId="4176a313-59d2-6018-e660-43b98fad3658" testName="FS.GG.SDD.Artifacts.Tests.WorkModelTests.a decision in the clarify-written non-bold tagged grammar parses" computerName="c2756152e150" duration="00:00:00.0002754" startTime="2026-08-24T18:44:44.5544922+02:00" endTime="2026-08-24T18:44:44.5545089+02:00" testType="13cdc9d9-ddb5-4fa4-a97d-d965ccfc6d4b" outcome="Passed" testListId="8c84fa94-04c1-424b-9868-57a2d4851a1d" relativeResultsDirectory="5cbd5871-06e3-443f-a776-2356ba71a606" />
    <UnitTestResult executionId="55907ca2-f5b9-488c-84e7-417915b5339d" testId="a416ef5b-c64f-f4d5-1f73-246fe514dac8" testName="FS.GG.SDD.Artifacts.Tests.ScaffoldProvenanceTests.serialize then tryParse round-trips per-path sha256 and keeps schemaVersion 1" computerName="c2756152e150" duration="00:00:00.0005338" startTime="2026-08-24T18:44:42.3657187+02:00" endTime="2026-08-24T18:44:42.3666631+02:00" testType="13cdc9d9-ddb5-4fa4-a97d-d965ccfc6d4b" outcome="Passed" testListId="8c84fa94-04c1-424b-9868-57a2d4851a1d" relativeResultsDirectory="55907ca2-f5b9-488c-84e7-417915b5339d" />
    <UnitTestResult executionId="0f6a6754-7e78-45ab-b5ad-df57783c3811" testId="0e629db2-966e-b9b0-7b9e-c53757460078" testName="FS.GG.SDD.Artifacts.Tests.FsharpIdentifierTests.deriveNamespace is idempotent(input: &quot;type&quot;)" computerName="c2756152e150" duration="00:00:00.0000020" startTime="2026-08-24T18:44:42.3665613+02:00" endTime="2026-08-24T18:44:42.3665685+02:00" testType="13cdc9d9-ddb5-4fa4-a97d-d965ccfc6d4b" outcome="Passed" testListId="8c84fa94-04c1-424b-9868-57a2d4851a1d" relativeResultsDirectory="0f6a6754-7e78-45ab-b5ad-df57783c3811" />
    <UnitTestResult executionId="836b6bff-b181-4037-9618-a7045bfeebea" testId="19aa7051-8ca3-2ddf-5997-99231073a924" testName="FS.GG.SDD.Artifacts.Tests.DriverManifestTests.tryParse fails closed on malformed schema-v2 file rows(files: &quot;[{\&quot;path\&quot;:\&quot;SKILL.md\&quot;,\&quot;sha256\&quot;:\&quot;7b3668c5137e6&quot;···)" computerName="c2756152e150" duration="00:00:00.0000129" startTime="2026-08-24T18:44:42.3615284+02:00" endTime="2026-08-24T18:44:42.3615374+02:00" testType="13cdc9d9-ddb5-4fa4-a97d-d965ccfc6d4b" outcome="Passed" testListId="8c84fa94-04c1-424b-9868-57a2d4851a1d" relativeResultsDirectory="836b6bff-b181-4037-9618-a7045bfeebea" />
    <UnitTestResult executionId="1e7ef1e4-13bf-4686-a78f-78be83f3e31b" testId="c72efbdf-6b99-49db-29c3-5293263e4292" testName="FS.GG.SDD.Artifacts.Tests.ArtifactCodecTests.keys are the field list in declaration order" computerName="c2756152e150" duration="00:00:00.0001566" startTime="2026-08-24T18:44:42.3983069+02:00" endTime="2026-08-24T18:44:42.3983189+02:00" testType="13cdc9d9-ddb5-4fa4-a97d-d965ccfc6d4b" outcome="Passed" testListId="8c84fa94-04c1-424b-9868-57a2d4851a1d" relativeResultsDirectory="1e7ef1e4-13bf-4686-a78f-78be83f3e31b" />
    <UnitTestResult executionId="0ab538a5-e9c6-49db-88aa-61b1c905ae00" testId="9ea112fc-2809-7b0f-064c-f1a726436243" testName="FS.GG.SDD.Artifacts.Tests.GovernanceBoundaryTests.Lifecycle rule contracts exclude Governance runtime semantics" computerName="c2756152e150" duration="00:00:00.0002614" startTime="2026-08-24T18:44:44.4698305+02:00" endTime="2026-08-24T18:44:44.4700356+02:00" testType="13cdc9d9-ddb5-4fa4-a97d-d965ccfc6d4b" outcome="Passed" testListId="8c84fa94-04c1-424b-9868-57a2d4851a1d" relativeResultsDirectory="0ab538a5-e9c6-49db-88aa-61b1c905ae00" />
    <UnitTestResult executionId="7d3f450d-7ef4-4352-82fb-1bddf038f123" testId="d6c10d03-4d81-2141-93e1-4b485b02ade2" testName="FS.GG.SDD.Artifacts.Tests.AuthoredInputHardeningTests.a genuinely empty evidence document still reports that it is empty" computerName="c2756152e150" duration="00:00:00.0001168" startTime="2026-08-24T18:44:42.3765758+02:00" endTime="2026-08-24T18:44:42.3766539+02:00" testType="13cdc9d9-ddb5-4fa4-a97d-d965ccfc6d4b" outcome="Passed" testListId="8c84fa94-04c1-424b-9868-57a2d4851a1d" relativeResultsDirectory="7d3f450d-7ef4-4352-82fb-1bddf038f123" />
    <UnitTestResult executionId="d4cc915c-1933-4a32-be58-fac0808d707a" testId="d67bb2c6-007f-ce05-a236-290f5f56ba46" testName="FS.GG.SDD.Artifacts.Tests.AgentGuidanceViewTests.deriveGuidanceModel emits an id once when decisions and sourceIds both name it" computerName="c2756152e150" duration="00:00:00.0001897" startTime="2026-08-24T18:44:42.3629431+02:00" endTime="2026-08-24T18:44:42.3631191+02:00" testType="13cdc9d9-ddb5-4fa4-a97d-d965ccfc6d4b" outcome="Passed" testListId="8c84fa94-04c1-424b-9868-57a2d4851a1d" relativeResultsDirectory="d4cc915c-1933-4a32-be58-fac0808d707a" />
    <UnitTestResult executionId="95b4ca9f-84d9-4079-890b-0375027a7687" testId="73179e24-63a7-8e1a-45c2-f439bec4ed9b" testName="FS.GG.SDD.Artifacts.Tests.ArtifactCodecTests.refList drops malformed tokens, stays always-present, and renders distinct+sorted" computerName="c2756152e150" duration="00:00:00.0003722" startTime="2026-08-24T18:44:42.4116454+02:00" endTime="2026-08-24T18:44:42.4118813+02:00" testType="13cdc9d9-ddb5-4fa4-a97d-d965ccfc6d4b" outcome="Passed" testListId="8c84fa94-04c1-424b-9868-57a2d4851a1d" relativeResultsDirectory="95b4ca9f-84d9-4079-890b-0375027a7687" />
    <UnitTestResult executionId="34dbc60a-87e8-49ed-9e28-13657082d80a" testId="fed1509e-25c0-6442-9c0d-f1bab51d7abd" testName="FS.GG.SDD.Artifacts.Tests.SchemaContractTests.project.implementSkill is None when blank or whitespace" computerName="c2756152e150" duration="00:00:00.0010004" startTime="2026-08-24T18:44:44.4379810+02:00" endTime="2026-08-24T18:44:44.4388907+02:00" testType="13cdc9d9-ddb5-4fa4-a97d-d965ccfc6d4b" outcome="Passed" testListId="8c84fa94-04c1-424b-9868-57a2d4851a1d" relativeResultsDirectory="34dbc60a-87e8-49ed-9e28-13657082d80a" />
    <UnitTestResult executionId="f824f2ed-d513-4d9f-ad90-aeb895837cd9" testId="53eb13be-967d-1cbb-877a-6fe250592fdd" testName="FS.GG.SDD.Artifacts.Tests.EvidenceArtifactTests.namesRenderedArtifact rejects a declaration naming nothing" computerName="c2756152e150" duration="00:00:00.0009545" startTime="2026-08-24T18:44:42.4211851+02:00" endTime="2026-08-24T18:44:42.4221048+02:00" testType="13cdc9d9-ddb5-4fa4-a97d-d965ccfc6d4b" outcome="Passed" testListId="8c84fa94-04c1-424b-9868-57a2d4851a1d" relativeResultsDirectory="f824f2ed-d513-4d9f-ad90-aeb895837cd9" />
    <UnitTestResult executionId="8693e148-56ea-4a9f-af7e-978031501335" testId="00183495-a297-a7e3-3d1a-00bfeeae6d68" testName="FS.GG.SDD.Artifacts.Tests.ScaffoldProvenanceTests.serialize emits an empty mirroredPaths array when nothing mirrored" computerName="c2756152e150" duration="00:00:00.0000534" startTime="2026-08-24T18:44:42.3576175+02:00" endTime="2026-08-24T18:44:42.3576251+02:00" testType="13cdc9d9-ddb5-4fa4-a97d-d965ccfc6d4b" outcome="Passed" testListId="8c84fa94-04c1-424b-9868-57a2d4851a1d" relativeResultsDirectory="8693e148-56ea-4a9f-af7e-978031501335" />
    <UnitTestResult executionId="f5e8e7b1-652d-49a4-9d25-0b5d660b2245" testId="67cc3efa-4f51-9174-7049-cba34dfe5509" testName="FS.GG.SDD.Artifacts.Tests.SkillRegistryDocumentParseTests.a plain boolean loads as Declared(line: &quot;    mirrored: False&quot;, expected: False)" computerName="c2756152e150" duration="00:00:00.0009396" startTime="2026-08-24T18:44:44.4778744+02:00" endTime="2026-08-24T18:44:44.4788500+02:00" testType="13cdc9d9-ddb5-4fa4-a97d-d965ccfc6d4b" outcome="Passed" testListId="8c84fa94-04c1-424b-9868-57a2d4851a1d" relativeResultsDirectory="f5e8e7b1-652d-49a4-9d25-0b5d660b2245" />
    <UnitTestResult executionId="d107229e-1017-4578-9416-dc070bc502f8" testId="976678ac-af05-0c49-c309-38521d01cc80" testName="FS.GG.SDD.Artifacts.Tests.FsharpIdentifierTests.deriveNamespace reports an unrepresentable name(input: &quot;---&quot;)" computerName="c2756152e150" duration="00:00:00.0000016" startTime="2026-08-24T18:44:42.3721453+02:00" endTime="2026-08-24T18:44:42.3721574+02:00" testType="13cdc9d9-ddb5-4fa4-a97d-d965ccfc6d4b" outcome="Passed" testListId="8c84fa94-04c1-424b-9868-57a2d4851a1d" relativeResultsDirectory="d107229e-1017-4578-9416-dc070bc502f8" />
    <UnitTestResult executionId="0b540557-ba46-4e81-9616-ab5801c2a892" testId="14dd0d9a-f10b-8a9a-5823-bb2f8828b081" testName="FS.GG.SDD.Artifacts.Tests.TasksArtifactTests.Task parser reports duplicate task ids" computerName="c2756152e150" duration="00:00:00.0009922" startTime="2026-08-24T18:44:42.3882878+02:00" endTime="2026-08-24T18:44:42.3893547+02:00" testType="13cdc9d9-ddb5-4fa4-a97d-d965ccfc6d4b" outcome="Passed" testListId="8c84fa94-04c1-424b-9868-57a2d4851a1d" relativeResultsDirectory="0b540557-ba46-4e81-9616-ab5801c2a892" />
    <UnitTestResult executionId="3497c312-f715-4bcf-88b0-178c5e0c67be" testId="a3fa6c5d-2621-7e6d-c246-dbe5ac6267de" testName="FS.GG.SDD.Artifacts.Tests.MalformedReferenceTests.parseWorkModel still accepts schemaVersion 1" computerName="c2756152e150" duration="00:00:00.0003005" startTime="2026-08-24T18:44:42.3923548+02:00" endTime="2026-08-24T18:44:42.3926205+02:00" testType="13cdc9d9-ddb5-4fa4-a97d-d965ccfc6d4b" outcome="Passed" testListId="8c84fa94-04c1-424b-9868-57a2d4851a1d" relativeResultsDirectory="3497c312-f715-4bcf-88b0-178c5e0c67be" />
    <UnitTestResult executionId="02306c35-b1ed-4707-8c7f-df3c03011ca5" testId="6b30b5c0-5620-1fca-7b0e-6e23f9897e02" testName="FS.GG.SDD.Artifacts.Tests.ScaffoldProvenanceTests.serialize emits mirroredPaths sorted immediately after producedPaths" computerName="c2756152e150" duration="00:00:00.0004737" startTime="2026-08-24T18:44:42.3543596+02:00" endTime="2026-08-24T18:44:42.3548217+02:00" testType="13cdc9d9-ddb5-4fa4-a97d-d965ccfc6d4b" outcome="Passed" testListId="8c84fa94-04c1-424b-9868-57a2d4851a1d" relativeResultsDirectory="02306c35-b1ed-4707-8c7f-df3c03011ca5" />
    <UnitTestResult executionId="fcf9076a-2416-417c-bc3f-6edb1f471a4a" testId="bc846848-357e-0faf-c84d-2150deec06c0" testName="FS.GG.SDD.Artifacts.Tests.ArtifactCodecTests.a bare null token reads as absence, not the string &quot;null&quot;(token: &quot;NULL&quot;)" computerName="c2756152e150" duration="00:00:00.0000270" startTime="2026-08-24T18:44:42.3911968+02:00" endTime="2026-08-24T18:44:42.3915901+02:00" testType="13cdc9d9-ddb5-4fa4-a97d-d965ccfc6d4b" outcome="Passed" testListId="8c84fa94-04c1-424b-9868-57a2d4851a1d" relativeResultsDirectory="fcf9076a-2416-417c-bc3f-6edb1f471a4a" />
    <UnitTestResult executionId="155ef1e7-607a-4204-b8a5-4f5a95f62ffc" testId="4184ec72-d1e5-ebcd-8e07-332d4c538959" testName="FS.GG.SDD.Artifacts.Tests.SkillRegistryDocumentParseTests.load reads the real org catalog into the typed model" computerName="c2756152e150" duration="00:00:00.0052337" startTime="2026-08-24T18:44:44.5853691+02:00" endTime="2026-08-24T18:44:44.5905610+02:00" testType="13cdc9d9-ddb5-4fa4-a97d-d965ccfc6d4b" outcome="Passed" testListId="8c84fa94-04c1-424b-9868-57a2d4851a1d" relativeResultsDirectory="155ef1e7-607a-4204-b8a5-4f5a95f62ffc" />
    <UnitTestResult executionId="932bb09d-b55e-45c6-a007-b5b3140901da" testId="bdff1338-1d7a-ba79-9049-6a36bae3fb8c" testName="FS.GG.SDD.Artifacts.Tests.AuthoredInputHardeningTests.a malformed evidence document reports the YAML error with its line and column" computerName="c2756152e150" duration="00:00:00.0004713" startTime="2026-08-24T18:44:42.3733523+02:00" endTime="2026-08-24T18:44:42.3734173+02:00" testType="13cdc9d9-ddb5-4fa4-a97d-d965ccfc6d4b" outcome="Passed" testListId="8c84fa94-04c1-424b-9868-57a2d4851a1d" relativeResultsDirectory="932bb09d-b55e-45c6-a007-b5b3140901da" />
    <UnitTestResult executionId="d21e05c2-5f51-43fc-9998-c3f35cba1d3d" testId="07c9973e-e522-67d1-36eb-e08ba16f9d29" testName="FS.GG.SDD.Artifacts.Tests.AuthoredInputHardeningTests.a malformed tasks document is not reported as empty" computerName="c2756152e150" duration="00:00:00.0002260" startTime="2026-08-24T18:44:42.3774186+02:00" endTime="2026-08-24T18:44:42.3774322+02:00" testType="13cdc9d9-ddb5-4fa4-a97d-d965ccfc6d4b" outcome="Passed" testListId="8c84fa94-04c1-424b-9868-57a2d4851a1d" relativeResultsDirectory="d21e05c2-5f51-43fc-9998-c3f35cba1d3d" />
    <UnitTestResult executionId="6240a41d-05cf-4482-97e3-e03675a92974" testId="ace53f78-d6f0-742f-d617-3fabfa9c65b5" testName="FS.GG.SDD.Artifacts.Tests.RegistryDocumentParseTests.the real skill catalog still detects, loads, and validates unchanged" computerName="c2756152e150" duration="00:00:00.0090716" startTime="2026-08-24T18:44:44.5892787+02:00" endTime="2026-08-24T18:44:44.5983041+02:00" testType="13cdc9d9-ddb5-4fa4-a97d-d965ccfc6d4b" outcome="Passed" testListId="8c84fa94-04c1-424b-9868-57a2d4851a1d" relativeResultsDirectory="6240a41d-05cf-4482-97e3-e03675a92974" />
    <UnitTestResult executionId="e08275f2-6ad4-4429-aff3-0fd258015ac2" testId="f1b57174-84ca-2119-985b-6a5f2f140fb5" testName="FS.GG.SDD.Artifacts.Tests.EvidenceArtifactTests.missingCitedArtifacts reports a cited path that does not exist" computerName="c2756152e150" duration="00:00:00.0043164" startTime="2026-08-24T18:44:44.4264085+02:00" endTime="2026-08-24T18:44:44.4306380+02:00" testType="13cdc9d9-ddb5-4fa4-a97d-d965ccfc6d4b" outcome="Passed" testListId="8c84fa94-04c1-424b-9868-57a2d4851a1d" relativeResultsDirectory="e08275f2-6ad4-4429-aff3-0fd258015ac2" />
    <UnitTestResult executionId="bfc9dc18-56b8-41cc-bdcd-50e52f5570b5" testId="6f77e2f4-be1b-42a4-ee13-f656093a283e" testName="FS.GG.SDD.Artifacts.Tests.IdentifierTests.Scoped lifecycle ids are stable and case-insensitive" computerName="c2756152e150" duration="00:00:00.0010625" startTime="2026-08-24T18:44:42.3514623+02:00" endTime="2026-08-24T18:44:42.3522306+02:00" testType="13cdc9d9-ddb5-4fa4-a97d-d965ccfc6d4b" outcome="Passed" testListId="8c84fa94-04c1-424b-9868-57a2d4851a1d" relativeResultsDirectory="bfc9dc18-56b8-41cc-bdcd-50e52f5570b5" />
    <UnitTestResult executionId="c45e5ea6-482f-4866-8490-362b937b3e96" testId="f1bf05bc-1304-a2b3-97d1-b8a98241cfc5" testName="FS.GG.SDD.Artifacts.Tests.ReleaseReadinessCheckTests.T019 a produced output with no catalog entry is reported not-ready" computerName="c2756152e150" duration="00:00:00.0010545" startTime="2026-08-24T18:44:42.3999924+02:00" endTime="2026-08-24T18:44:42.4007970+02:00" testType="13cdc9d9-ddb5-4fa4-a97d-d965ccfc6d4b" outcome="Passed" testListId="8c84fa94-04c1-424b-9868-57a2d4851a1d" relativeResultsDirectory="c45e5ea6-482f-4866-8490-362b937b3e96" />
    <UnitTestResult executionId="61744cc5-902a-4945-8c9a-485df32d5168" testId="3c32d89e-7f1d-0660-ee91-55247b817bf0" testName="FS.GG.SDD.Artifacts.Tests.MalformedReferenceTests.well-formed task references produce no malformedReference diagnostic" computerName="c2756152e150" duration="00:00:00.0003753" startTime="2026-08-24T18:44:42.3970977+02:00" endTime="2026-08-24T18:44:42.3974374+02:00" testType="13cdc9d9-ddb5-4fa4-a97d-d965ccfc6d4b" outcome="Passed" testListId="8c84fa94-04c1-424b-9868-57a2d4851a1d" relativeResultsDirectory="61744cc5-902a-4945-8c9a-485df32d5168" />
    <UnitTestResult executionId="0f93c381-305c-4dd9-8e85-bd014a122541" testId="c12dd9e6-2d90-6052-d9ab-103fc7373413" testName="FS.GG.SDD.Artifacts.Tests.WorkModelTests.work model JSON carries the decision reference arrays" computerName="c2756152e150" duration="00:00:00.0035711" startTime="2026-08-24T18:44:44.5820484+02:00" endTime="2026-08-24T18:44:44.5855652+02:00" testType="13cdc9d9-ddb5-4fa4-a97d-d965ccfc6d4b" outcome="Passed" testListId="8c84fa94-04c1-424b-9868-57a2d4851a1d" relativeResultsDirectory="0f93c381-305c-4dd9-8e85-bd014a122541" />
    <UnitTestResult executionId="83579322-0565-4cf7-a6ea-b76ab7ec6f0a" testId="913788b8-d4fa-fad4-1de8-fef7ddf6fb2e" testName="FS.GG.SDD.Artifacts.Tests.ClarificationArtifactTests.Remaining-ambiguity line naming a resolution stops blocking(body: &quot;- AMB-001 [CQ-001] blocking: Unanswered, or mark i&quot;···)" computerName="c2756152e150" duration="00:00:00.0006179" startTime="2026-08-24T18:44:42.3901029+02:00" endTime="2026-08-24T18:44:42.3906815+02:00" testType="13cdc9d9-ddb5-4fa4-a97d-d965ccfc6d4b" outcome="Passed" testListId="8c84fa94-04c1-424b-9868-57a2d4851a1d" relativeResultsDirectory="83579322-0565-4cf7-a6ea-b76ab7ec6f0a" />
    <UnitTestResult executionId="d6ad64bc-e4f4-438e-be80-e57c5153763b" testId="aed90800-5493-c82f-9ccc-8e3da6062187" testName="FS.GG.SDD.Artifacts.Tests.EvidenceArtifactTests.parseEvidenceArtifact reads schema version 1 shape" computerName="c2756152e150" duration="00:00:00.0009211" startTime="2026-08-24T18:44:42.4202437+02:00" endTime="2026-08-24T18:44:42.4211172+02:00" testType="13cdc9d9-ddb5-4fa4-a97d-d965ccfc6d4b" outcome="Passed" testListId="8c84fa94-04c1-424b-9868-57a2d4851a1d" relativeResultsDirectory="d6ad64bc-e4f4-438e-be80-e57c5153763b" />
    <UnitTestResult executionId="2d442be8-1d69-4e6d-9e50-c7adb93d2e13" testId="b2e6707e-a28a-b53b-f2b6-f433266ef9a4" testName="FS.GG.SDD.Artifacts.Tests.DeterministicJsonTests.Tasks requirements decisions and evidence are sorted by stable ids" computerName="c2756152e150" duration="00:00:00.0162139" startTime="2026-08-24T18:44:44.5058950+02:00" endTime="2026-08-24T18:44:44.5219329+02:00" testType="13cdc9d9-ddb5-4fa4-a97d-d965ccfc6d4b" outcome="Passed" testListId="8c84fa94-04c1-424b-9868-57a2d4851a1d" relativeResultsDirectory="2d442be8-1d69-4e6d-9e50-c7adb93d2e13" />
    <UnitTestResult executionId="ba4bd536-3eaf-4e0d-9997-7062657d6deb" testId="231aa601-dec9-0f09-c4a8-384c0ac2d4cc" testName="FS.GG.SDD.Artifacts.Tests.SchemaContractTests.project.visualSurface degrades to false on a non-boolean scalar(declaration: &quot;  visualSurface: \&quot;   \&quot;\n&quot;)" computerName="c2756152e150" duration="00:00:00.0009140" startTime="2026-08-24T18:44:44.4212624+02:00" endTime="2026-08-24T18:44:44.4218564+02:00" testType="13cdc9d9-ddb5-4fa4-a97d-d965ccfc6d4b" outcome="Passed" testListId="8c84fa94-04c1-424b-9868-57a2d4851a1d" relativeResultsDirectory="ba4bd536-3eaf-4e0d-9997-7062657d6deb" />
    <UnitTestResult executionId="84446fd3-6c11-4f1b-9b72-d135b5e4b64e" testId="6a2849f7-dd19-851a-b89b-0698d080497d" testName="FS.GG.SDD.Artifacts.Tests.DiagnosticTests.surfaceRootEscape names the offending param and quotes the raw value" computerName="c2756152e150" duration="00:00:00.0002304" startTime="2026-08-24T18:44:42.3871018+02:00" endTime="2026-08-24T18:44:42.3871151+02:00" testType="13cdc9d9-ddb5-4fa4-a97d-d965ccfc6d4b" outcome="Passed" testListId="8c84fa94-04c1-424b-9868-57a2d4851a1d" relativeResultsDirectory="84446fd3-6c11-4f1b-9b72-d135b5e4b64e" />
    <UnitTestResult executionId="e2a92896-301d-4411-95a5-480772e6fdcc" testId="b4b652d1-0b92-f7a3-3114-b7f1f8e0a636" testName="FS.GG.SDD.Artifacts.Tests.TestReportTests.a report with no EXECUTED tests is refused, never recorded as a pass(text: &quot;&lt;TestRun&gt;&lt;ResultSummary&gt;&lt;Counters passed=\&quot;0\&quot; fai&quot;···)" computerName="c2756152e150" duration="00:00:00.0002442" startTime="2026-08-24T18:44:42.3554485+02:00" endTime="2026-08-24T18:44:42.3554574+02:00" testType="13cdc9d9-ddb5-4fa4-a97d-d965ccfc6d4b" outcome="Passed" testListId="8c84fa94-04c1-424b-9868-57a2d4851a1d" relativeResultsDirectory="e2a92896-301d-4411-95a5-480772e6fdcc" />
    <UnitTestResult executionId="3634c84f-e7e4-4464-ab78-2f2db58e45e9" testId="3a66edf6-9f1b-bb89-a5c7-c4a147e69ba2" testName="FS.GG.SDD.Artifacts.Tests.FsharpIdentifierTests.deriveNamespace produces the golden identifier(input: &quot;Acme..Foo&quot;, expected: &quot;Acme.Foo&quot;)" computerName="c2756152e150" duration="00:00:00.0001474" startTime="2026-08-24T18:44:42.3647500+02:00" endTime="2026-08-24T18:44:42.3648636+02:00" testType="13cdc9d9-ddb5-4fa4-a97d-d965ccfc6d4b" outcome="Passed" testListId="8c84fa94-04c1-424b-9868-57a2d4851a1d" relativeResultsDirectory="3634c84f-e7e4-4464-ab78-2f2db58e45e9" />
    <UnitTestResult executionId="63704f36-d1a8-4299-a7c1-269730e48b3d" testId="14cf15b7-a38f-a18f-f691-9c339187c74b" testName="FS.GG.SDD.Artifacts.Tests.SchemaContractTests.project.visualSurface parses a declared boolean(declaration: &quot;  visualSurface: true\n&quot;, expected: True)" computerName="c2756152e150" duration="00:00:00.0006854" startTime="2026-08-24T18:44:44.4275818+02:00" endTime="2026-08-24T18:44:44.4281737+02:00" testType="13cdc9d9-ddb5-4fa4-a97d-d965ccfc6d4b" outcome="Passed" testListId="8c84fa94-04c1-424b-9868-57a2d4851a1d" relativeResultsDirectory="63704f36-d1a8-4299-a7c1-269730e48b3d" />
    <UnitTestResult executionId="557ad74c-f734-4595-978f-883488d6e487" testId="69c26ffc-1d3e-2c41-873d-409c3807a22d" testName="FS.GG.SDD.Artifacts.Tests.ScaffoldProvenanceTests.serialize emits sddOwnedPaths immediately after mirroredPaths" computerName="c2756152e150" duration="00:00:00.0012793" startTime="2026-08-24T18:44:42.3753251+02:00" endTime="2026-08-24T18:44:42.3753519+02:00" testType="13cdc9d9-ddb5-4fa4-a97d-d965ccfc6d4b" outcome="Passed" testListId="8c84fa94-04c1-424b-9868-57a2d4851a1d" relativeResultsDirectory="557ad74c-f734-4595-978f-883488d6e487" />
    <UnitTestResult executionId="d4bf66ed-b00e-4c91-9057-6046d429e179" testId="5adb4290-7819-504c-9153-fbb5604c5c89" testName="FS.GG.SDD.Artifacts.Tests.EvidenceArtifactTests.performance evidence rejects mixed hosts and headless evidence for a live declaration" computerName="c2756152e150" duration="00:00:00.0010766" startTime="2026-08-24T18:44:44.4349140+02:00" endTime="2026-08-24T18:44:44.4360139+02:00" testType="13cdc9d9-ddb5-4fa4-a97d-d965ccfc6d4b" outcome="Passed" testListId="8c84fa94-04c1-424b-9868-57a2d4851a1d" relativeResultsDirectory="d4bf66ed-b00e-4c91-9057-6046d429e179" />
    <UnitTestResult executionId="209c354c-9373-4628-8102-6d62fa997d5e" testId="3e572f5b-983c-e4eb-8d45-e70805b703d0" testName="FS.GG.SDD.Artifacts.Tests.ChecklistArtifactTests.Checklist result missing its CHK back-reference emits missingChecklistBackReference" computerName="c2756152e150" duration="00:00:00.0631695" startTime="2026-08-24T18:44:42.3244480+02:00" endTime="2026-08-24T18:44:42.3866218+02:00" testType="13cdc9d9-ddb5-4fa4-a97d-d965ccfc6d4b" outcome="Passed" testListId="8c84fa94-04c1-424b-9868-57a2d4851a1d" relativeResultsDirectory="209c354c-9373-4628-8102-6d62fa997d5e" />
    <UnitTestResult executionId="8ad93b8d-2b41-4aff-abbe-e26a78a6f1de" testId="9c5098ca-14b4-e666-bfd9-8560ba9d334b" testName="FS.GG.SDD.Artifacts.Tests.AuthoredInputHardeningTests.an authored construct that throws a non-YamlException diagnoses instead of escaping(text: &quot;%TAG ! \n---\nschemaVersion: 1\n&quot;)" computerName="c2756152e150" duration="00:00:00.0016703" startTime="2026-08-24T18:44:42.3717931+02:00" endTime="2026-08-24T18:44:42.3731035+02:00" testType="13cdc9d9-ddb5-4fa4-a97d-d965ccfc6d4b" outcome="Passed" testListId="8c84fa94-04c1-424b-9868-57a2d4851a1d" relativeResultsDirectory="8ad93b8d-2b41-4aff-abbe-e26a78a6f1de" />
    <UnitTestResult executionId="0730c343-cb97-4933-9cde-da04f6924145" testId="608a722e-cad6-3da3-6d80-b627463948bb" testName="FS.GG.SDD.Artifacts.Tests.EvidenceArtifactTests.summary-only M0 performance report is malformed" computerName="c2756152e150" duration="00:00:00.0004248" startTime="2026-08-24T18:44:42.4249728+02:00" endTime="2026-08-24T18:44:42.4252254+02:00" testType="13cdc9d9-ddb5-4fa4-a97d-d965ccfc6d4b" outcome="Passed" testListId="8c84fa94-04c1-424b-9868-57a2d4851a1d" relativeResultsDirectory="0730c343-cb97-4933-9cde-da04f6924145" />
    <UnitTestResult executionId="8c9a34a9-2dff-4c4e-9d5b-7599b9ed3ff3" testId="ef20de77-15bd-85b7-2fe7-d1fa18214dec" testName="FS.GG.SDD.Artifacts.Tests.SchemaContractTests.project.implementSkill parses present declared scalar" computerName="c2756152e150" duration="00:00:00.0010926" startTime="2026-08-24T18:44:44.4359950+02:00" endTime="2026-08-24T18:44:44.4367535+02:00" testType="13cdc9d9-ddb5-4fa4-a97d-d965ccfc6d4b" outcome="Passed" testListId="8c84fa94-04c1-424b-9868-57a2d4851a1d" relativeResultsDirectory="8c9a34a9-2dff-4c4e-9d5b-7599b9ed3ff3" />
    <UnitTestResult executionId="8a51b9ce-3ead-4489-b95d-63e4e8049025" testId="3d8a8030-234d-5850-b6b9-1b16de9ceb57" testName="FS.GG.SDD.Artifacts.Tests.PathContainmentTests.escapesRoot admits repository-relative paths(raw: &quot;a/b/c&quot;)" computerName="c2756152e150" duration="00:00:00.0000003" startTime="2026-08-24T18:44:42.3497656+02:00" endTime="2026-08-24T18:44:42.3497871+02:00" testType="13cdc9d9-ddb5-4fa4-a97d-d965ccfc6d4b" outcome="Passed" testListId="8c84fa94-04c1-424b-9868-57a2d4851a1d" relativeResultsDirectory="8a51b9ce-3ead-4489-b95d-63e4e8049025" />
    <UnitTestResult executionId="4f66198d-b6cd-436c-8ec0-a269cbc26333" testId="084d3544-e01e-1e5f-f6dd-9af41726bca5" testName="FS.GG.SDD.Artifacts.Tests.PathContainmentTests.escapesRoot rejects paths that escape the workspace root(raw: &quot;   &quot;)" computerName="c2756152e150" duration="00:00:00.0001722" startTime="2026-08-24T18:44:42.3513419+02:00" endTime="2026-08-24T18:44:42.3514718+02:00" testType="13cdc9d9-ddb5-4fa4-a97d-d965ccfc6d4b" outcome="Passed" testListId="8c84fa94-04c1-424b-9868-57a2d4851a1d" relativeResultsDirectory="4f66198d-b6cd-436c-8ec0-a269cbc26333" />
    <UnitTestResult executionId="1858c1ea-0151-46a5-8aea-d221f7e0eeea" testId="2a6cc75d-fbb7-013b-4d05-57170c04f1ff" testName="FS.GG.SDD.Artifacts.Tests.ScaffoldProvenanceTests.the dev-repo document is byte-identical for a fixed generator (no clock)" computerName="c2756152e150" duration="00:00:00.0000811" startTime="2026-08-24T18:44:42.3754140+02:00" endTime="2026-08-24T18:44:42.3754555+02:00" testType="13cdc9d9-ddb5-4fa4-a97d-d965ccfc6d4b" outcome="Passed" testListId="8c84fa94-04c1-424b-9868-57a2d4851a1d" relativeResultsDirectory="1858c1ea-0151-46a5-8aea-d221f7e0eeea" />
    <UnitTestResult executionId="9f66aa58-bb82-4987-ba83-0c4ca3785728" testId="b0a3e224-1092-c8e4-8641-aa571bba86d2" testName="FS.GG.SDD.Artifacts.Tests.FsharpIdentifierTests.deriveNamespace produces the golden identifier(input: &quot;Acme.Foo&quot;, expected: &quot;Acme.Foo&quot;)" computerName="c2756152e150" duration="00:00:00.0000013" startTime="2026-08-24T18:44:42.3649639+02:00" endTime="2026-08-24T18:44:42.3649727+02:00" testType="13cdc9d9-ddb5-4fa4-a97d-d965ccfc6d4b" outcome="Passed" testListId="8c84fa94-04c1-424b-9868-57a2d4851a1d" relativeResultsDirectory="9f66aa58-bb82-4987-ba83-0c4ca3785728" />
    <UnitTestResult executionId="91e25031-95c6-4a3d-a6d9-ea92b1878e0f" testId="7eb4fcdb-e189-f523-8558-af77aebe235a" testName="FS.GG.SDD.Artifacts.Tests.DriverManifestTests.tryParse fails on a missing schemaVersion" computerName="c2756152e150" duration="00:00:00.0000643" startTime="2026-08-24T18:44:42.3618998+02:00" endTime="2026-08-24T18:44:42.3619071+02:00" testType="13cdc9d9-ddb5-4fa4-a97d-d965ccfc6d4b" outcome="Passed" testListId="8c84fa94-04c1-424b-9868-57a2d4851a1d" relativeResultsDirectory="91e25031-95c6-4a3d-a6d9-ea92b1878e0f" />
    <UnitTestResult executionId="4df6ee7b-2d0c-4d1d-89ba-79ff3e24431d" testId="9f05e1a1-475d-daa3-9e93-c05988386b0d" testName="FS.GG.SDD.Artifacts.Tests.WorkModelTests.wrong duplicate or malformed workload binding fails closed&lt;String&gt;(binding: &quot;normal-play=sha256:a, normal-play=sha256:b&quot;)" computerName="c2756152e150" duration="00:00:00.0270749" startTime="2026-08-24T18:44:44.4970307+02:00" endTime="2026-08-24T18:44:44.5240168+02:00" testType="13cdc9d9-ddb5-4fa4-a97d-d965ccfc6d4b" outcome="Passed" testListId="8c84fa94-04c1-424b-9868-57a2d4851a1d" relativeResultsDirectory="4df6ee7b-2d0c-4d1d-89ba-79ff3e24431d" />
    <UnitTestResult executionId="362fbf63-c685-4631-b84d-6501de93de60" testId="b83c77a7-5707-2652-0769-571932411ad1" testName="FS.GG.SDD.Artifacts.Tests.DependencySurfaceTests.tryParse rejects a missing required field" computerName="c2756152e150" duration="00:00:00.0000690" startTime="2026-08-24T18:44:42.3564718+02:00" endTime="2026-08-24T18:44:42.3564795+02:00" testType="13cdc9d9-ddb5-4fa4-a97d-d965ccfc6d4b" outcome="Passed" testListId="8c84fa94-04c1-424b-9868-57a2d4851a1d" relativeResultsDirectory="362fbf63-c685-4631-b84d-6501de93de60" />
    <UnitTestResult executionId="15ef6e17-a9e4-435a-94f5-d504a9a3a8a8" testId="d6c82fc8-aa06-058c-1d54-ae1c379894c5" testName="FS.GG.SDD.Artifacts.Tests.ScaffoldProvenanceTests.serialize then tryParse round-trips sddOwnedPaths and keeps schemaVersion 1" computerName="c2756152e150" duration="00:00:00.0005181" startTime="2026-08-24T18:44:42.3759609+02:00" endTime="2026-08-24T18:44:42.3764165+02:00" testType="13cdc9d9-ddb5-4fa4-a97d-d965ccfc6d4b" outcome="Passed" testListId="8c84fa94-04c1-424b-9868-57a2d4851a1d" relativeResultsDirectory="15ef6e17-a9e4-435a-94f5-d504a9a3a8a8" />
    <UnitTestResult executionId="35baa375-e121-4b0e-93b4-e31980f4f6c5" testId="e588ea07-4a4d-9571-08a1-ff0635b194c5" testName="FS.GG.SDD.Artifacts.Tests.RegistryDocumentParseTests.a mapping consumers parses as Malformed, described by kind" computerName="c2756152e150" duration="00:00:00.0002566" startTime="2026-08-24T18:44:44.6118616+02:00" endTime="2026-08-24T18:44:44.6120800+02:00" testType="13cdc9d9-ddb5-4fa4-a97d-d965ccfc6d4b" outcome="Passed" testListId="8c84fa94-04c1-424b-9868-57a2d4851a1d" relativeResultsDirectory="35baa375-e121-4b0e-93b4-e31980f4f6c5" />
    <UnitTestResult executionId="385acddc-2042-4266-b4d9-2f07d98a30dd" testId="1869f7af-d19b-99b2-4324-4e07c7da82ae" testName="FS.GG.SDD.Artifacts.Tests.RegistryDocumentParseTests.a code-first-protobuf-net parses into CodeFirstProtobufNet carrying the surface" computerName="c2756152e150" duration="00:00:00.0003446" startTime="2026-08-24T18:44:44.6007027+02:00" endTime="2026-08-24T18:44:44.6010100+02:00" testType="13cdc9d9-ddb5-4fa4-a97d-d965ccfc6d4b" outcome="Passed" testListId="8c84fa94-04c1-424b-9868-57a2d4851a1d" relativeResultsDirectory="385acddc-2042-4266-b4d9-2f07d98a30dd" />
    <UnitTestResult executionId="a2ecd62e-fa20-4829-bc39-ca128e8f2459" testId="feca40ff-bfcf-e269-7038-12bf10ad42b9" testName="FS.GG.SDD.Artifacts.Tests.PathContainmentTests.escapesRoot admits repository-relative paths(raw: &quot;docs/api-surface/Foo.fsi&quot;)" computerName="c2756152e150" duration="00:00:00.0000003" startTime="2026-08-24T18:44:42.3495275+02:00" endTime="2026-08-24T18:44:42.3495489+02:00" testType="13cdc9d9-ddb5-4fa4-a97d-d965ccfc6d4b" outcome="Passed" testListId="8c84fa94-04c1-424b-9868-57a2d4851a1d" relativeResultsDirectory="a2ecd62e-fa20-4829-bc39-ca128e8f2459" />
    <UnitTestResult executionId="20867a2b-b2bc-4161-8503-857d56313150" testId="600bf5f3-7472-b51b-f4ce-69218e33c811" testName="FS.GG.SDD.Artifacts.Tests.GameSkillManifestTests.evaluate resolves the literal predicates(predicate: &quot;false&quot;, expected: False)" computerName="c2756152e150" duration="00:00:00.0003763" startTime="2026-08-24T18:44:42.3561300+02:00" endTime="2026-08-24T18:44:42.3561744+02:00" testType="13cdc9d9-ddb5-4fa4-a97d-d965ccfc6d4b" outcome="Passed" testListId="8c84fa94-04c1-424b-9868-57a2d4851a1d" relativeResultsDirectory="20867a2b-b2bc-4161-8503-857d56313150" />
    <UnitTestResult executionId="00640b53-a66f-4b77-88fa-0ca386fab84c" testId="8cb59296-4925-3a80-741c-a4b19727466b" testName="FS.GG.SDD.Artifacts.Tests.PlanArtifactTests.Plan parser diagnoses a malformed framework reference and drops it" computerName="c2756152e150" duration="00:00:00.0401197" startTime="2026-08-24T18:44:42.3621464+02:00" endTime="2026-08-24T18:44:42.4015688+02:00" testType="13cdc9d9-ddb5-4fa4-a97d-d965ccfc6d4b" outcome="Passed" testListId="8c84fa94-04c1-424b-9868-57a2d4851a1d" relativeResultsDirectory="00640b53-a66f-4b77-88fa-0ca386fab84c" />
    <UnitTestResult executionId="b19c69b2-58aa-4c7d-9c17-00de8c394aa8" testId="7295475e-4287-d166-9537-2b51b3032bf4" testName="FS.GG.SDD.Artifacts.Tests.TestReportTests.an incoherent receipt is refused(outcome: &quot;passed&quot;, passed: 2, failed: 0, skipped: 0, digestKind: &quot;md5&quot;)" computerName="c2756152e150" duration="00:00:00.0000019" startTime="2026-08-24T18:44:42.3545952+02:00" endTime="2026-08-24T18:44:42.3546028+02:00" testType="13cdc9d9-ddb5-4fa4-a97d-d965ccfc6d4b" outcome="Passed" testListId="8c84fa94-04c1-424b-9868-57a2d4851a1d" relativeResultsDirectory="b19c69b2-58aa-4c7d-9c17-00de8c394aa8" />
    <UnitTestResult executionId="6ef1d143-f139-4a68-a82d-2206bf0c27f6" testId="84d6b62a-656b-071c-8db5-451edc7774d9" testName="FS.GG.SDD.Artifacts.Tests.GameSkillManifestTests.tryParse fails on malformed JSON" computerName="c2756152e150" duration="00:00:00.0002915" startTime="2026-08-24T18:44:42.3584145+02:00" endTime="2026-08-24T18:44:42.3586014+02:00" testType="13cdc9d9-ddb5-4fa4-a97d-d965ccfc6d4b" outcome="Passed" testListId="8c84fa94-04c1-424b-9868-57a2d4851a1d" relativeResultsDirectory="6ef1d143-f139-4a68-a82d-2206bf0c27f6" />
    <UnitTestResult executionId="185b1a9d-0758-469e-add8-b542e71f736b" testId="a6929c13-c677-4c48-3448-be2232a10b57" testName="FS.GG.SDD.Artifacts.Tests.ShipVerdictTests.an empty sources array yields the empty-string sha256, not an omitted field" computerName="c2756152e150" duration="00:00:00.0001865" startTime="2026-08-24T18:44:42.3598046+02:00" endTime="2026-08-24T18:44:42.3598119+02:00" testType="13cdc9d9-ddb5-4fa4-a97d-d965ccfc6d4b" outcome="Passed" testListId="8c84fa94-04c1-424b-9868-57a2d4851a1d" relativeResultsDirectory="185b1a9d-0758-469e-add8-b542e71f736b" />
    <UnitTestResult executionId="e60b0415-b291-4405-848e-e1aae01ee73c" testId="06ab332c-e8c3-b901-2efb-6fc563008e8a" testName="FS.GG.SDD.Artifacts.Tests.NormalizedWorkModelTests.NormalizedWorkModel round-trips sources and generated views through parseWorkModel" computerName="c2756152e150" duration="00:00:00.0224006" startTime="2026-08-24T18:44:44.4920876+02:00" endTime="2026-08-24T18:44:44.5142897+02:00" testType="13cdc9d9-ddb5-4fa4-a97d-d965ccfc6d4b" outcome="Passed" testListId="8c84fa94-04c1-424b-9868-57a2d4851a1d" relativeResultsDirectory="e60b0415-b291-4405-848e-e1aae01ee73c" />
    <UnitTestResult executionId="a49a4fbb-7ca0-44eb-9225-b7b784de78fb" testId="c5891ce9-946b-b54e-18fd-17be18b1c10e" testName="FS.GG.SDD.Artifacts.Tests.GameSkillManifestTests.tryParse fails on a missing schemaVersion" computerName="c2756152e150" duration="00:00:00.0034539" startTime="2026-08-24T18:44:42.3251871+02:00" endTime="2026-08-24T18:44:42.3299833+02:00" testType="13cdc9d9-ddb5-4fa4-a97d-d965ccfc6d4b" outcome="Passed" testListId="8c84fa94-04c1-424b-9868-57a2d4851a1d" relativeResultsDirectory="a49a4fbb-7ca0-44eb-9225-b7b784de78fb" />
    <UnitTestResult executionId="38c4ec18-6eb4-4504-be0f-bafa15570538" testId="e331ff7a-e1e4-fcc1-4170-ccbb1978d04b" testName="FS.GG.SDD.Artifacts.Tests.TypedSpecificationKernelTests.evidence validation distinguishes missing duplicate unknown and kind mismatch" computerName="c2756152e150" duration="00:00:00.0053514" startTime="2026-08-24T18:44:42.4151774+02:00" endTime="2026-08-24T18:44:42.4202680+02:00" testType="13cdc9d9-ddb5-4fa4-a97d-d965ccfc6d4b" outcome="Passed" testListId="8c84fa94-04c1-424b-9868-57a2d4851a1d" relativeResultsDirectory="38c4ec18-6eb4-4504-be0f-bafa15570538" />
    <UnitTestResult executionId="f948029c-ddc4-43f5-b25b-915511714d76" testId="d1c95fc6-3bb6-3149-a1c3-f6423fb064b7" testName="FS.GG.SDD.Artifacts.Tests.PathContainmentTests.escapesRoot rejects paths that escape the workspace root(raw: &quot;..\\secret&quot;)" computerName="c2756152e150" duration="00:00:00.0001124" startTime="2026-08-24T18:44:42.3508653+02:00" endTime="2026-08-24T18:44:42.3508786+02:00" testType="13cdc9d9-ddb5-4fa4-a97d-d965ccfc6d4b" outcome="Passed" testListId="8c84fa94-04c1-424b-9868-57a2d4851a1d" relativeResultsDirectory="f948029c-ddc4-43f5-b25b-915511714d76" />
    <UnitTestResult executionId="b4824e6b-a4f4-40bc-81be-12b8886d8b26" testId="ae44351c-f712-e803-83cd-e9f42e7719fb" testName="FS.GG.SDD.Artifacts.Tests.ClarificationArtifactTests.Clarification decision cited in prose is not a duplicate declaration" computerName="c2756152e150" duration="00:00:00.0005474" startTime="2026-08-24T18:44:42.4014319+02:00" endTime="2026-08-24T18:44:42.4016947+02:00" testType="13cdc9d9-ddb5-4fa4-a97d-d965ccfc6d4b" outcome="Passed" testListId="8c84fa94-04c1-424b-9868-57a2d4851a1d" relativeResultsDirectory="b4824e6b-a4f4-40bc-81be-12b8886d8b26" />
    <UnitTestResult executionId="1887bbc3-ff48-4f0f-b9c2-325e9d33d2d8" testId="06d03fe2-88c0-56cd-65f0-10706a0b4991" testName="FS.GG.SDD.Artifacts.Tests.TestReportTests.parse is total: a hostile document returns Error rather than raising" computerName="c2756152e150" duration="00:00:00.0027838" startTime="2026-08-24T18:44:42.3616489+02:00" endTime="2026-08-24T18:44:42.3632462+02:00" testType="13cdc9d9-ddb5-4fa4-a97d-d965ccfc6d4b" outcome="Passed" testListId="8c84fa94-04c1-424b-9868-57a2d4851a1d" relativeResultsDirectory="1887bbc3-ff48-4f0f-b9c2-325e9d33d2d8" />
    <UnitTestResult executionId="55e15d36-bbc4-4277-a438-e90207070ee0" testId="a1f9865b-c45e-6a9b-d55a-2d2ee659786e" testName="FS.GG.SDD.Artifacts.Tests.ArtifactCodecTests.a bare null token reads as absence, not the string &quot;null&quot;(token: &quot;null&quot;)" computerName="c2756152e150" duration="00:00:00.0000241" startTime="2026-08-24T18:44:42.3916892+02:00" endTime="2026-08-24T18:44:42.3917992+02:00" testType="13cdc9d9-ddb5-4fa4-a97d-d965ccfc6d4b" outcome="Passed" testListId="8c84fa94-04c1-424b-9868-57a2d4851a1d" relativeResultsDirectory="55e15d36-bbc4-4277-a438-e90207070ee0" />
    <UnitTestResult executionId="de81ab21-e9d5-42eb-a023-3eb95cca7293" testId="653eb515-5a25-5018-b1bc-bdcfe72537cf" testName="FS.GG.SDD.Artifacts.Tests.PackedDependencyContractTests.release package identity does not replace the Contracts dependency identity" computerName="c2756152e150" duration="00:00:00.7223533" startTime="2026-08-24T18:44:45.1655344+02:00" endTime="2026-08-24T18:44:45.8879755+02:00" testType="13cdc9d9-ddb5-4fa4-a97d-d965ccfc6d4b" outcome="Passed" testListId="8c84fa94-04c1-424b-9868-57a2d4851a1d" relativeResultsDirectory="de81ab21-e9d5-42eb-a023-3eb95cca7293" />
    <UnitTestResult executionId="3f4dcc72-199d-42ba-a8a3-3a8858c3bea7" testId="f2d013a4-0f28-df42-19f8-04e1377deb02" testName="FS.GG.SDD.Artifacts.Tests.TypedSpecificationKernelTests.direct and functional authoring normalize to byte-identical models" computerName="c2756152e150" duration="00:00:00.0072604" startTime="2026-08-24T18:44:44.4499212+02:00" endTime="2026-08-24T18:44:44.4571151+02:00" testType="13cdc9d9-ddb5-4fa4-a97d-d965ccfc6d4b" outcome="Passed" testListId="8c84fa94-04c1-424b-9868-57a2d4851a1d" relativeResultsDirectory="3f4dcc72-199d-42ba-a8a3-3a8858c3bea7" />
    <UnitTestResult executionId="37071de6-1019-4962-b1e0-9c399ad04c1d" testId="3e90a408-fdc5-0839-8f2f-d08d8536a21d" testName="FS.GG.SDD.Artifacts.Tests.PlanArtifactTests.Plan parser reports duplicate plan ids" computerName="c2756152e150" duration="00:00:00.0009607" startTime="2026-08-24T18:44:42.4057228+02:00" endTime="2026-08-24T18:44:42.4066420+02:00" testType="13cdc9d9-ddb5-4fa4-a97d-d965ccfc6d4b" outcome="Passed" testListId="8c84fa94-04c1-424b-9868-57a2d4851a1d" relativeResultsDirectory="37071de6-1019-4962-b1e0-9c399ad04c1d" />
    <UnitTestResult executionId="42519fb9-a636-41dc-9735-e48989d05587" testId="d46f7e95-a4de-5a5b-3ef1-99100fcd4e6e" testName="FS.GG.SDD.Artifacts.Tests.WorkModelTests.Duplicate identifier fixture emits duplicateIdentifier" computerName="c2756152e150" duration="00:00:02.1449835" startTime="2026-08-24T18:44:42.3251733+02:00" endTime="2026-08-24T18:44:44.4683689+02:00" testType="13cdc9d9-ddb5-4fa4-a97d-d965ccfc6d4b" outcome="Passed" testListId="8c84fa94-04c1-424b-9868-57a2d4851a1d" relativeResultsDirectory="42519fb9-a636-41dc-9735-e48989d05587" />
    <UnitTestResult executionId="defdf89e-a5b0-4550-be17-472141977355" testId="fda3246a-60d0-56e7-156c-44ad1d2d4876" testName="FS.GG.SDD.Artifacts.Tests.GeneratedModelCurrencyTests.GeneratedModelCurrency reports missing generated work model" computerName="c2756152e150" duration="00:00:00.0153825" startTime="2026-08-24T18:44:44.4899561+02:00" endTime="2026-08-24T18:44:44.5053069+02:00" testType="13cdc9d9-ddb5-4fa4-a97d-d965ccfc6d4b" outcome="Passed" testListId="8c84fa94-04c1-424b-9868-57a2d4851a1d" relativeResultsDirectory="defdf89e-a5b0-4550-be17-472141977355" />
    <UnitTestResult executionId="8c0289db-d28b-424e-b4d4-a8ceb36d389f" testId="3eb36fce-6ec1-2d3b-5021-94ce73ca9023" testName="FS.GG.SDD.Artifacts.Tests.AuthoredInputHardeningTests.parse still accepts valid integer and major.minor values(text: &quot;1.2&quot;)" computerName="c2756152e150" duration="00:00:00.0001557" startTime="2026-08-24T18:44:42.3734664+02:00" endTime="2026-08-24T18:44:42.3734739+02:00" testType="13cdc9d9-ddb5-4fa4-a97d-d965ccfc6d4b" outcome="Passed" testListId="8c84fa94-04c1-424b-9868-57a2d4851a1d" relativeResultsDirectory="8c0289db-d28b-424e-b4d4-a8ceb36d389f" />
    <UnitTestResult executionId="cef41888-cd75-4278-be68-c548bf38bc9f" testId="62b696e0-2f24-e4f8-9560-6b2c700c23d0" testName="FS.GG.SDD.Artifacts.Tests.ShipVerdictTests.changing a source digest changes the aggregate" computerName="c2756152e150" duration="00:00:00.0058486" startTime="2026-08-24T18:44:42.3573073+02:00" endTime="2026-08-24T18:44:42.3594836+02:00" testType="13cdc9d9-ddb5-4fa4-a97d-d965ccfc6d4b" outcome="Passed" testListId="8c84fa94-04c1-424b-9868-57a2d4851a1d" relativeResultsDirectory="cef41888-cd75-4278-be68-c548bf38bc9f" />
    <UnitTestResult executionId="a7933f89-b23e-43cb-9f46-fedfdc6f6f5f" testId="cb8c91c8-afb1-357c-5136-43f12e63f25b" testName="FS.GG.SDD.Artifacts.Tests.TestReportTests.TRX: a passing run parses to a passing receipt" computerName="c2756152e150" duration="00:00:00.0002542" startTime="2026-08-24T18:44:42.3637154+02:00" endTime="2026-08-24T18:44:42.3638046+02:00" testType="13cdc9d9-ddb5-4fa4-a97d-d965ccfc6d4b" outcome="Passed" testListId="8c84fa94-04c1-424b-9868-57a2d4851a1d" relativeResultsDirectory="a7933f89-b23e-43cb-9f46-fedfdc6f6f5f" />
    <UnitTestResult executionId="575b77d9-dd5d-4084-b9f7-f349c704145c" testId="e601be7f-37e9-6e8b-ce4f-89936b2cc377" testName="FS.GG.SDD.Artifacts.Tests.PathContainmentTests.escapesRoot rejects paths that escape the workspace root(raw: &quot;/etc/passwd&quot;)" computerName="c2756152e150" duration="00:00:00.0000002" startTime="2026-08-24T18:44:42.3510331+02:00" endTime="2026-08-24T18:44:42.3510470+02:00" testType="13cdc9d9-ddb5-4fa4-a97d-d965ccfc6d4b" outcome="Passed" testListId="8c84fa94-04c1-424b-9868-57a2d4851a1d" relativeResultsDirectory="575b77d9-dd5d-4084-b9f7-f349c704145c" />
    <UnitTestResult executionId="1dc13c6f-ead2-4220-a8ce-7d77aa8efa52" testId="f05e6e25-3088-5990-ba7d-258ab86fed7b" testName="FS.GG.SDD.Artifacts.Tests.EvidenceArtifactTests.performance deferral stays blocking debt rather than becoming a pass" computerName="c2756152e150" duration="00:00:00.0004721" startTime="2026-08-24T18:44:42.4243332+02:00" endTime="2026-08-24T18:44:42.4247671+02:00" testType="13cdc9d9-ddb5-4fa4-a97d-d965ccfc6d4b" outcome="Passed" testListId="8c84fa94-04c1-424b-9868-57a2d4851a1d" relativeResultsDirectory="1dc13c6f-ead2-4220-a8ce-7d77aa8efa52" />
    <UnitTestResult executionId="4f44b1ff-d410-4c45-b224-f6f1dd1568cf" testId="63e9ec5d-4d46-3af6-e3f8-c1166ec234d5" testName="FS.GG.SDD.Artifacts.Tests.RegistryDocumentParseTests.a vendored-proto parses into VendoredProto carrying upstream and its own version" computerName="c2756152e150" duration="00:00:00.0048159" startTime="2026-08-24T18:44:44.4985564+02:00" endTime="2026-08-24T18:44:44.5033795+02:00" testType="13cdc9d9-ddb5-4fa4-a97d-d965ccfc6d4b" outcome="Passed" testListId="8c84fa94-04c1-424b-9868-57a2d4851a1d" relativeResultsDirectory="4f44b1ff-d410-4c45-b224-f6f1dd1568cf" />
    <UnitTestResult executionId="62550158-b8ed-4b54-ac84-1af52c74b3d9" testId="6f92ce07-a34b-1091-cb05-d4a1cd709266" testName="FS.GG.SDD.Artifacts.Tests.DriverManifestTests.evaluate resolves a trailing-glob has atom by prefix" computerName="c2756152e150" duration="00:00:00.0007143" startTime="2026-08-24T18:44:42.3594187+02:00" endTime="2026-08-24T18:44:42.3594262+02:00" testType="13cdc9d9-ddb5-4fa4-a97d-d965ccfc6d4b" outcome="Passed" testListId="8c84fa94-04c1-424b-9868-57a2d4851a1d" relativeResultsDirectory="62550158-b8ed-4b54-ac84-1af52c74b3d9" />
[...]
    <TestEntry testId="5f195806-e541-9a36-90ee-405fbed1b3ce" executionId="ae43dd2f-3686-4a87-963d-1b86257ef15b" testListId="8c84fa94-04c1-424b-9868-57a2d4851a1d" />
    <TestEntry testId="e880ab5a-36cf-5062-0dbc-cfdd37e57988" executionId="d9a93d73-22bb-4be2-bfa9-abc534ddb685" testListId="8c84fa94-04c1-424b-9868-57a2d4851a1d" />
    <TestEntry testId="0318be77-4c79-ae02-889a-60f37c2691cd" executionId="517320a6-b3c0-4fc3-8695-ba00245a28b4" testListId="8c84fa94-04c1-424b-9868-57a2d4851a1d" />
    <TestEntry testId="5a510642-f289-2e13-8b8a-8e881e485cb1" executionId="5ee93d73-283e-425b-b00d-e0a60abc586e" testListId="8c84fa94-04c1-424b-9868-57a2d4851a1d" />
    <TestEntry testId="8d45ce80-7df9-df6e-22cc-d1382bf5ace4" executionId="ac50a490-33e2-4165-b68f-81fa6b9efff5" testListId="8c84fa94-04c1-424b-9868-57a2d4851a1d" />
    <TestEntry testId="98ec711d-3272-c9ef-5232-0e98dab8c52f" executionId="8e4b160a-0acd-4f2b-ace0-0946d21ef658" testListId="8c84fa94-04c1-424b-9868-57a2d4851a1d" />
    <TestEntry testId="3499a015-dc13-bd33-6a1e-2701fe2e2974" executionId="87fc5d04-276d-40ac-9fe9-d7e8c4644b9a" testListId="8c84fa94-04c1-424b-9868-57a2d4851a1d" />
    <TestEntry testId="e081f9c1-2056-aebd-4ee5-31464f6b609c" executionId="4c4fac15-8440-4902-9676-ed5e8bec63f8" testListId="8c84fa94-04c1-424b-9868-57a2d4851a1d" />
    <TestEntry testId="9ffae49c-544a-76ef-2758-664b2f323849" executionId="8f810e8f-a7a9-42da-bef6-da0c50270cb6" testListId="8c84fa94-04c1-424b-9868-57a2d4851a1d" />
    <TestEntry testId="46015db7-2f2b-7ffc-3129-f2ca2c2e5452" executionId="b0739b10-a2d3-49cb-936c-24d987334738" testListId="8c84fa94-04c1-424b-9868-57a2d4851a1d" />
    <TestEntry testId="6269ec1e-5513-546b-0204-13bb518c93a3" executionId="29bf5986-0b5f-430a-a5cf-856d3fa917cf" testListId="8c84fa94-04c1-424b-9868-57a2d4851a1d" />
    <TestEntry testId="af2e29d3-1f20-26ef-dabd-e004cca5e332" executionId="b8aa4cf7-f50e-4f85-869d-018163251b51" testListId="8c84fa94-04c1-424b-9868-57a2d4851a1d" />
    <TestEntry testId="5066ddf1-caaa-904c-51ae-b0c7f713eb33" executionId="166450a7-76f1-4089-979d-06563e2587cb" testListId="8c84fa94-04c1-424b-9868-57a2d4851a1d" />
    <TestEntry testId="fae46632-dc9a-c599-2bcc-76c85deb0d3a" executionId="97965e32-ba84-43ba-9a08-502f372313a6" testListId="8c84fa94-04c1-424b-9868-57a2d4851a1d" />
    <TestEntry testId="fb1335fb-f8d8-d1c7-fd1b-559a96eb920e" executionId="20384c71-be7e-4227-95fe-357ffc28fd76" testListId="8c84fa94-04c1-424b-9868-57a2d4851a1d" />
    <TestEntry testId="ab84075c-2939-01c3-edc8-19be3682cca5" executionId="956eada3-bed5-408b-9786-271602b7fb40" testListId="8c84fa94-04c1-424b-9868-57a2d4851a1d" />
    <TestEntry testId="c0135d20-243e-0fca-3520-0f3e3e89dfbd" executionId="07eb9ca9-5839-47e7-99e0-cf4ba01e3b1c" testListId="8c84fa94-04c1-424b-9868-57a2d4851a1d" />
    <TestEntry testId="0732401c-105e-1ec1-7690-8e2f5047801d" executionId="26be1fd9-9c41-4297-a772-dd195595b9d4" testListId="8c84fa94-04c1-424b-9868-57a2d4851a1d" />
    <TestEntry testId="27e451a7-a6b9-7c95-1350-3a90978bf8b5" executionId="8f971039-2aeb-4bc5-bd14-a88e69620e02" testListId="8c84fa94-04c1-424b-9868-57a2d4851a1d" />
    <TestEntry testId="d1cc5f28-e56d-6515-ad4b-f4d3322d5111" executionId="41d67107-d195-449a-b916-4a2c61152cf4" testListId="8c84fa94-04c1-424b-9868-57a2d4851a1d" />
    <TestEntry testId="81b7b2f9-d535-1a7c-4114-612b0336d67e" executionId="d0c3d95a-2ee3-4b9d-8ce8-de0b9609fb2d" testListId="8c84fa94-04c1-424b-9868-57a2d4851a1d" />
    <TestEntry testId="a9f46b83-b7a5-a066-d85e-ce052c5330f9" executionId="463c8b4c-8287-4ab9-94b4-d3cfd3aced68" testListId="8c84fa94-04c1-424b-9868-57a2d4851a1d" />
    <TestEntry testId="4aa21636-2cba-1326-67e1-a7460760d9a1" executionId="9642d775-ce4f-495d-b6c1-30382e6eb3a8" testListId="8c84fa94-04c1-424b-9868-57a2d4851a1d" />
    <TestEntry testId="b4e3ccb4-7d39-3724-7d45-b25f7f20644c" executionId="9009e7f8-e055-4445-97d8-e977a7070b8c" testListId="8c84fa94-04c1-424b-9868-57a2d4851a1d" />
    <TestEntry testId="073db59f-bff0-c4f1-d5fc-96dfac8d7600" executionId="8e245648-c566-47e3-b271-92b64c4a33b3" testListId="8c84fa94-04c1-424b-9868-57a2d4851a1d" />
    <TestEntry testId="23af6fc4-0037-c5a3-bdde-877e759df540" executionId="c168dcaf-df10-402c-9111-d4b640be3eb7" testListId="8c84fa94-04c1-424b-9868-57a2d4851a1d" />
    <TestEntry testId="190564fa-b25d-893a-9de8-608997e786a7" executionId="54062320-766b-4f10-b1c9-3e628fb437d8" testListId="8c84fa94-04c1-424b-9868-57a2d4851a1d" />
    <TestEntry testId="791f1e85-7c84-a2c1-8ff2-c40086d1161f" executionId="dcce9e6f-0a88-464a-81ce-1d9d33320f8d" testListId="8c84fa94-04c1-424b-9868-57a2d4851a1d" />
    <TestEntry testId="0ce4d2a9-70be-cdee-b5df-308ecabb1301" executionId="60121585-57da-4285-9aa4-e8488ec90170" testListId="8c84fa94-04c1-424b-9868-57a2d4851a1d" />
    <TestEntry testId="7c142b0f-aad1-7a18-f303-98d8ec83a300" executionId="d1c2ab46-2b03-4dc0-90cf-35a332d18007" testListId="8c84fa94-04c1-424b-9868-57a2d4851a1d" />
    <TestEntry testId="1c73fe19-3aec-6d83-5057-97c3f2cab107" executionId="6743cf7c-c8ae-4f86-b975-c10e0be11b48" testListId="8c84fa94-04c1-424b-9868-57a2d4851a1d" />
    <TestEntry testId="793cff3c-4c1c-81ae-f550-df747219ba88" executionId="25ae7dcf-a485-4428-9784-199c94cdf159" testListId="8c84fa94-04c1-424b-9868-57a2d4851a1d" />
    <TestEntry testId="c691b901-35a3-4d17-9197-91dafd4cd6d3" executionId="16caa2ab-7e81-4e84-924f-073decf2bd3a" testListId="8c84fa94-04c1-424b-9868-57a2d4851a1d" />
    <TestEntry testId="a3e1c37f-fa3a-7d3c-f39f-982a834c8449" executionId="61334226-4048-4074-ab22-0f0fdcf494a4" testListId="8c84fa94-04c1-424b-9868-57a2d4851a1d" />
    <TestEntry testId="5e1d260b-bede-237c-4971-a8929c0361f5" executionId="26a0ecbb-5e22-44d1-9d22-36628d4d6955" testListId="8c84fa94-04c1-424b-9868-57a2d4851a1d" />
    <TestEntry testId="04d94f5c-1152-9ee8-b372-7644f6e7cee8" executionId="b82196e7-ef1c-48eb-abab-0ccecc98d079" testListId="8c84fa94-04c1-424b-9868-57a2d4851a1d" />
    <TestEntry testId="0bdd7d5d-e65c-ca39-696c-116385b5f406" executionId="33371a3f-3420-4cf7-a47a-c76ebc2f2073" testListId="8c84fa94-04c1-424b-9868-57a2d4851a1d" />
    <TestEntry testId="74ec7ac8-a068-678d-9a97-19a6bea16cbb" executionId="809d6562-0a66-433e-ab8f-ed1cd5889321" testListId="8c84fa94-04c1-424b-9868-57a2d4851a1d" />
    <TestEntry testId="0698b7ba-23db-59b7-bfce-2e92af84fc2f" executionId="5aa31df1-4d65-4d2e-a474-03def8deb434" testListId="8c84fa94-04c1-424b-9868-57a2d4851a1d" />
    <TestEntry testId="5410a161-6280-7935-efc0-7f28d5a69884" executionId="9e842bc0-112c-446d-bdbc-fbfc8d8fdf7c" testListId="8c84fa94-04c1-424b-9868-57a2d4851a1d" />
    <TestEntry testId="08999d09-ddb9-39d0-9c23-dcee391f2f62" executionId="aa93c5f9-1553-49df-8f68-246f2f657176" testListId="8c84fa94-04c1-424b-9868-57a2d4851a1d" />
    <TestEntry testId="e157ac38-d1c0-9d09-568c-a84af47542b1" executionId="a05b2e18-3d4c-410b-a517-b43915327432" testListId="8c84fa94-04c1-424b-9868-57a2d4851a1d" />
    <TestEntry testId="3acc8c2c-c5db-315d-4274-06814488e6e7" executionId="2f30665b-a477-4cae-a96b-de888a65971f" testListId="8c84fa94-04c1-424b-9868-57a2d4851a1d" />
    <TestEntry testId="09d19179-a2c1-dc93-8b48-54a43071bff7" executionId="5e999503-31ba-4301-a57b-389825be245e" testListId="8c84fa94-04c1-424b-9868-57a2d4851a1d" />
    <TestEntry testId="3391ac69-ba95-91e0-d4be-da6981fbff6d" executionId="bc499356-52e3-4fce-9f77-34d6ba48e24d" testListId="8c84fa94-04c1-424b-9868-57a2d4851a1d" />
    <TestEntry testId="9335249d-0938-b8f7-0709-4d17d77e087c" executionId="2eb4d3ee-2ad3-4a2f-998d-c953656dc4b7" testListId="8c84fa94-04c1-424b-9868-57a2d4851a1d" />
    <TestEntry testId="35277e4f-75dd-a950-22a1-2b6630f93a12" executionId="3da93649-5a83-4120-8478-08ff389341e7" testListId="8c84fa94-04c1-424b-9868-57a2d4851a1d" />
    <TestEntry testId="ea545341-86c4-bd81-c5e0-3a1fde14624d" executionId="fa71b55c-961d-42ba-935a-ee1ed28ada54" testListId="8c84fa94-04c1-424b-9868-57a2d4851a1d" />
    <TestEntry testId="84f7f451-62d2-9a12-5247-0549e9c2cbae" executionId="ed9f5b91-a54f-478f-b51e-bb155d9b8ca6" testListId="8c84fa94-04c1-424b-9868-57a2d4851a1d" />
    <TestEntry testId="49ea3c02-f19e-1a3a-8ecd-dcc53974c83c" executionId="7a589ab6-b6fd-4ad4-a572-46f6296af723" testListId="8c84fa94-04c1-424b-9868-57a2d4851a1d" />
    <TestEntry testId="624c688c-aec5-5750-e15f-a3249eb22205" executionId="0dbaa68e-5b73-4276-9139-6cbb96465a47" testListId="8c84fa94-04c1-424b-9868-57a2d4851a1d" />
    <TestEntry testId="1da3a828-0a35-e752-13f7-2d311769597e" executionId="6654dfe9-c686-4abf-bae1-33afd8e1eff3" testListId="8c84fa94-04c1-424b-9868-57a2d4851a1d" />
    <TestEntry testId="fd7c7eba-b557-b399-d14c-8c309ab897de" executionId="1eb771a1-9c5d-4d3b-9cdc-b82f38f6067b" testListId="8c84fa94-04c1-424b-9868-57a2d4851a1d" />
    <TestEntry testId="725ab083-51d6-783a-0b12-97e45f94d935" executionId="6cf1f431-e5db-4b63-b149-80179ca4785d" testListId="8c84fa94-04c1-424b-9868-57a2d4851a1d" />
    <TestEntry testId="98ae147c-8d32-53eb-4889-c6e9805913d6" executionId="b01e09b0-37ff-42e5-9221-5b8c02e0727b" testListId="8c84fa94-04c1-424b-9868-57a2d4851a1d" />
    <TestEntry testId="657185a0-0db0-c3ae-9b0d-483271abf8b7" executionId="d49d1764-3693-4098-9aa8-0d1d2f078ff8" testListId="8c84fa94-04c1-424b-9868-57a2d4851a1d" />
    <TestEntry testId="6ee48a76-6850-642b-fe97-accaa088cdf6" executionId="5db7eb9b-f3ca-4c7f-ab8d-e05de3df0edf" testListId="8c84fa94-04c1-424b-9868-57a2d4851a1d" />
    <TestEntry testId="4fdd02d7-aa22-ecab-7bdf-e57d761fa2d2" executionId="c1bbdfd5-9b43-4cf0-8b52-84614b2f6ece" testListId="8c84fa94-04c1-424b-9868-57a2d4851a1d" />
    <TestEntry testId="e15ffeeb-d82a-5c65-9246-033fe9c4229b" executionId="0f8ca50b-e5dc-4597-8cc4-fe8be158e508" testListId="8c84fa94-04c1-424b-9868-57a2d4851a1d" />
    <TestEntry testId="21eaa644-cf71-4f76-ee6a-ee032351fc0f" executionId="626aa2b2-da92-43cf-a9c9-f6a8d512547f" testListId="8c84fa94-04c1-424b-9868-57a2d4851a1d" />
    <TestEntry testId="ddc75ed2-ca37-20d6-7141-5f7a670fd205" executionId="8f90061f-ea74-4c82-bc15-b8166ae945cf" testListId="8c84fa94-04c1-424b-9868-57a2d4851a1d" />
    <TestEntry testId="6257ec8c-302c-f18f-187f-db682dc162ae" executionId="d3baa918-15d9-4f59-97a4-6608215b15a9" testListId="8c84fa94-04c1-424b-9868-57a2d4851a1d" />
    <TestEntry testId="0a488a06-e7e5-c94a-8eba-af4e5dad7b06" executionId="5760f82a-b1ae-4905-8aa1-afe0fbcb7415" testListId="8c84fa94-04c1-424b-9868-57a2d4851a1d" />
    <TestEntry testId="881b55d1-dd60-14e4-cfed-c9e765a6b312" executionId="dadd1bc2-a97b-48ad-93b7-4590ee6d3206" testListId="8c84fa94-04c1-424b-9868-57a2d4851a1d" />
    <TestEntry testId="d4f9d81b-a7fe-9c71-be85-1a9440256786" executionId="92860316-6a31-463b-b812-9282ed86088c" testListId="8c84fa94-04c1-424b-9868-57a2d4851a1d" />
    <TestEntry testId="5d6a8a5f-1dfb-9168-ed43-970adc84d645" executionId="9555d377-3d3a-427a-bfb6-31ec1b85a80c" testListId="8c84fa94-04c1-424b-9868-57a2d4851a1d" />
    <TestEntry testId="fa60fd2f-bda3-689f-e7a0-9a6616e4c210" executionId="92102784-6d26-4066-ab1d-057e345a4356" testListId="8c84fa94-04c1-424b-9868-57a2d4851a1d" />
    <TestEntry testId="71ad2dbc-442c-c353-bce8-ef78fdef9870" executionId="a43a5b65-e957-48fc-b9fe-322b4bf79a2c" testListId="8c84fa94-04c1-424b-9868-57a2d4851a1d" />
    <TestEntry testId="d7e177e8-bb07-0380-fe1b-362cc4657b08" executionId="49aa157a-bb9c-47b8-a21e-dc258d4249aa" testListId="8c84fa94-04c1-424b-9868-57a2d4851a1d" />
    <TestEntry testId="1275cc26-0832-96dd-6172-04c3272c7109" executionId="6f49978c-da0f-4c52-a2a4-f5bd354ad278" testListId="8c84fa94-04c1-424b-9868-57a2d4851a1d" />
    <TestEntry testId="7f31ffb4-58a6-c39d-ba68-7d27f8a08acb" executionId="e54d4d9e-b4e4-4aa0-b8a7-c1811059b622" testListId="8c84fa94-04c1-424b-9868-57a2d4851a1d" />
    <TestEntry testId="d9011a76-db94-19c6-f8ae-f0de7dea7ae9" executionId="065b9396-57a9-4bac-80dd-36159e4643bc" testListId="8c84fa94-04c1-424b-9868-57a2d4851a1d" />
    <TestEntry testId="49fdbc1d-bd40-8d70-fde9-b863d0d7bc23" executionId="64836780-4aa5-40a4-b480-404c1410e7e8" testListId="8c84fa94-04c1-424b-9868-57a2d4851a1d" />
    <TestEntry testId="0da184fa-632b-b0ad-9abb-19666d22686b" executionId="0faff2e3-1bf6-41c7-babd-14b584b67976" testListId="8c84fa94-04c1-424b-9868-57a2d4851a1d" />
    <TestEntry testId="b49d1478-02fe-ad62-8b72-a521e0f9a19b" executionId="ba89a4eb-cfa3-47d0-b208-1e16469031d9" testListId="8c84fa94-04c1-424b-9868-57a2d4851a1d" />
    <TestEntry testId="d2e7861a-fb1b-04c4-a61a-abb97ba4a465" executionId="4dd5f7e0-f619-42e3-8ab3-e75ad54d1213" testListId="8c84fa94-04c1-424b-9868-57a2d4851a1d" />
    <TestEntry testId="b37ab9de-dda7-88e0-1a64-5a241c12a381" executionId="bc9dd329-ab4c-4744-89d7-14791ef38493" testListId="8c84fa94-04c1-424b-9868-57a2d4851a1d" />
    <TestEntry testId="2f3169ba-4a7d-3e6a-5ef5-930347cf353b" executionId="74f92566-36d4-442a-a1b4-60a4ad87e9d8" testListId="8c84fa94-04c1-424b-9868-57a2d4851a1d" />
    <TestEntry testId="b08d5983-17b6-8e32-4742-c8a091e41c93" executionId="bb1cd8fa-7044-4c23-99e0-a24f63a705bf" testListId="8c84fa94-04c1-424b-9868-57a2d4851a1d" />
    <TestEntry testId="0c71291f-8756-2f4a-40cc-f4a1f2258dcb" executionId="0bf90766-49d3-4ea0-85df-1bb6f66b348d" testListId="8c84fa94-04c1-424b-9868-57a2d4851a1d" />
    <TestEntry testId="767cdebd-ddaa-4878-f02b-96c23e2ea530" executionId="ed9c619f-030f-42d5-85fb-4892dca22b97" testListId="8c84fa94-04c1-424b-9868-57a2d4851a1d" />
    <TestEntry testId="7f3128cf-7729-f141-c7d4-e18493ecd4dd" executionId="418320f3-55f8-4b0f-bc82-39866c1dbc83" testListId="8c84fa94-04c1-424b-9868-57a2d4851a1d" />
    <TestEntry testId="8937d0ae-0ca9-533a-453d-bddd61055c5b" executionId="4ec55d03-b5a3-4cb0-9525-6146ec44ab8f" testListId="8c84fa94-04c1-424b-9868-57a2d4851a1d" />
    <TestEntry testId="1c82f9a2-96a0-552c-6ff4-a8929446f9c2" executionId="7bb71bb0-922f-4809-8db8-8b95836dc5bb" testListId="8c84fa94-04c1-424b-9868-57a2d4851a1d" />
    <TestEntry testId="4829ddb4-8dbc-788f-7285-ba829930ae93" executionId="6100ccd0-32f7-4acf-8030-c651240a9ae0" testListId="8c84fa94-04c1-424b-9868-57a2d4851a1d" />
    <TestEntry testId="cfa6b439-920f-1b22-da92-fae325e77528" executionId="14c9c231-f74d-40e8-8291-564eaa646f03" testListId="8c84fa94-04c1-424b-9868-57a2d4851a1d" />
    <TestEntry testId="128d997b-da69-2eb8-9b1e-5f84c79d6456" executionId="ed3fe637-b9c5-4b49-8049-98dcdb75ff10" testListId="8c84fa94-04c1-424b-9868-57a2d4851a1d" />
    <TestEntry testId="f0719cdd-adcb-2472-cfea-00d6394054ca" executionId="e5289d49-ad70-4816-8bc5-5e9bb4d2edea" testListId="8c84fa94-04c1-424b-9868-57a2d4851a1d" />
    <TestEntry testId="0df3ed63-fe81-47b0-ed2e-53d2bf7e3261" executionId="0292519c-6b2f-4c3c-bd64-4fb92c59ce6d" testListId="8c84fa94-04c1-424b-9868-57a2d4851a1d" />
    <TestEntry testId="adf1c5e9-9de0-b046-b51d-b274738a87a0" executionId="fd3f381e-c0f7-4245-a2a2-7fb2a0c2f05b" testListId="8c84fa94-04c1-424b-9868-57a2d4851a1d" />
    <TestEntry testId="55b64ed0-4a97-6d3b-1f33-1f706f3cb48f" executionId="21261962-5a01-4aa9-871d-ec411bf26e6a" testListId="8c84fa94-04c1-424b-9868-57a2d4851a1d" />
    <TestEntry testId="5a70a397-50cd-2657-739e-80b67cac8028" executionId="4cbed149-f536-483b-99c6-fedbc5f02b24" testListId="8c84fa94-04c1-424b-9868-57a2d4851a1d" />
    <TestEntry testId="5095fa82-8d4b-8bb9-0024-728aaca210cd" executionId="b1c86f65-748d-477c-9fb0-1f084b942e40" testListId="8c84fa94-04c1-424b-9868-57a2d4851a1d" />
    <TestEntry testId="cc938967-fa7d-edec-8ae2-a5155d43c252" executionId="78283da6-39d5-456a-8958-69974ee7ac28" testListId="8c84fa94-04c1-424b-9868-57a2d4851a1d" />
    <TestEntry testId="f3acbb76-1be8-2154-c0bd-6df38885da53" executionId="aac6e1db-20fe-4b6a-bb65-f07af37776c5" testListId="8c84fa94-04c1-424b-9868-57a2d4851a1d" />
    <TestEntry testId="39da3502-db37-2472-e553-fc647d3cc702" executionId="d35edfbf-3b9b-4157-ba2f-52c335ff3ceb" testListId="8c84fa94-04c1-424b-9868-57a2d4851a1d" />
    <TestEntry testId="e34b97e1-2dbd-141f-3c22-39aab051125a" executionId="5ff458a0-17cd-486d-8574-ca8110481bf3" testListId="8c84fa94-04c1-424b-9868-57a2d4851a1d" />
    <TestEntry testId="156b2a8e-36e9-6acf-105a-91761ce8b0f7" executionId="a3130639-b3d8-4c1f-a57f-2ddafae96c61" testListId="8c84fa94-04c1-424b-9868-57a2d4851a1d" />
    <TestEntry testId="7785be39-4c26-c2f1-697c-d45ecf13fb8b" executionId="04c6a048-fda2-46d9-8b4e-52bc6521056a" testListId="8c84fa94-04c1-424b-9868-57a2d4851a1d" />
    <TestEntry testId="243fbeec-3497-39df-8399-f4216d261e72" executionId="6e7a2a46-3f67-4f65-aeaf-23be1180b624" testListId="8c84fa94-04c1-424b-9868-57a2d4851a1d" />
    <TestEntry testId="b0771bd1-fb44-0484-7635-14b2e93723f0" executionId="dfd148bf-0e88-492c-8e24-6356e2667fc6" testListId="8c84fa94-04c1-424b-9868-57a2d4851a1d" />
    <TestEntry testId="9d631872-938f-3af7-a5fa-ce75e37d591a" executionId="69c35834-716b-4ef2-a523-80d9acff27d7" testListId="8c84fa94-04c1-424b-9868-57a2d4851a1d" />
    <TestEntry testId="c64e5a0c-9507-18fe-a716-18e9ea9c8cb6" executionId="96d52519-485b-47c1-972b-da52160fde62" testListId="8c84fa94-04c1-424b-9868-57a2d4851a1d" />
    <TestEntry testId="d52f6c1c-ccd0-3ebf-03fb-a05e4eafa86a" executionId="dcbcb90f-4e3b-4be4-bf13-d5972e36274d" testListId="8c84fa94-04c1-424b-9868-57a2d4851a1d" />
    <TestEntry testId="08e37b45-0ecf-914d-4229-8cad011ab3a3" executionId="af6a06e4-613b-407c-927a-3b3d408cd870" testListId="8c84fa94-04c1-424b-9868-57a2d4851a1d" />
    <TestEntry testId="2131079a-ab04-9026-3824-d616bae55f03" executionId="07e04c75-7a50-4b2c-800e-a2ff902fe7bf" testListId="8c84fa94-04c1-424b-9868-57a2d4851a1d" />
    <TestEntry testId="51030e9a-5d5f-7816-9838-7f5310e7dda7" executionId="0537cbe4-8cda-4998-b453-60c7d3aa52ed" testListId="8c84fa94-04c1-424b-9868-57a2d4851a1d" />
    <TestEntry testId="7a8e6be8-7239-1ca1-f09c-0b5b8bf839ce" executionId="06ae15c6-9411-4a84-ac8f-440380bd26ad" testListId="8c84fa94-04c1-424b-9868-57a2d4851a1d" />
    <TestEntry testId="6e93094b-59e6-ea14-c802-56279c009c68" executionId="6a94e54b-006d-4b8b-ad54-5dd5341a32ae" testListId="8c84fa94-04c1-424b-9868-57a2d4851a1d" />
    <TestEntry testId="04403ab4-746f-ee9a-8d94-60fa10b247ce" executionId="84ce3886-e6d1-41a5-9fc7-98225cc6e4c6" testListId="8c84fa94-04c1-424b-9868-57a2d4851a1d" />
    <TestEntry testId="9b75e94f-8df4-e2ef-f0be-31734eb4d514" executionId="31395595-b096-4d6c-8abd-1588d2452e8f" testListId="8c84fa94-04c1-424b-9868-57a2d4851a1d" />
    <TestEntry testId="09908983-f61d-51ca-5eb8-6f0a0430b2d8" executionId="5fbd1680-06b7-440e-945a-7d81f2c212d0" testListId="8c84fa94-04c1-424b-9868-57a2d4851a1d" />
    <TestEntry testId="79f6ccd8-4c2c-2ef2-bd92-6faaab688182" executionId="d84199ac-4acc-42e6-9f2c-bc451a63f292" testListId="8c84fa94-04c1-424b-9868-57a2d4851a1d" />
    <TestEntry testId="fbd0c0c8-a6e9-45cf-6f82-08503f0ee746" executionId="9743f25e-fc50-431c-88ac-9ff0e9244cb0" testListId="8c84fa94-04c1-424b-9868-57a2d4851a1d" />
    <TestEntry testId="ca9bbed5-6623-3821-4075-cac72abf2900" executionId="daf98e29-a001-4086-baac-0a34a868de60" testListId="8c84fa94-04c1-424b-9868-57a2d4851a1d" />
  </TestEntries>
  <TestLists>
    <TestList name="Results Not in a List" id="8c84fa94-04c1-424b-9868-57a2d4851a1d" />
    <TestList name="All Loaded Results" id="19431567-8539-422a-85d7-44ee4e166bda" />
  </TestLists>
  <ResultSummary outcome="Completed">
    <Counters total="581" executed="581" passed="581" failed="0" error="0" timeout="0" aborted="0" inconclusive="0" passedButRunAborted="0" notRunnable="0" notExecuted="0" disconnected="0" warning="0" completed="0" inProgress="0" pending="0" />
    <Output>
      <StdOut>[xUnit.net 00:00:00.00] xUnit.net VSTest Adapter v3.1.5+1b188a7b0a (64-bit .NET 10.0.10)
[xUnit.net 00:00:00.05]   Discovering: FS.GG.SDD.Artifacts.Tests
[xUnit.net 00:00:00.11]   Discovered:  FS.GG.SDD.Artifacts.Tests
[xUnit.net 00:00:00.15]   Starting:    FS.GG.SDD.Artifacts.Tests
[xUnit.net 00:00:03.73]   Finished:    FS.GG.SDD.Artifacts.Tests
</StdOut>
    </Output>
  </ResultSummary>
</TestRun>