<?xml version="1.0" encoding="utf-8"?>
<TestRun id="78f19528-c9e5-4cab-9fc4-6d7d223a53ee" name="@9b87d498da98 2026-09-15 18:10:02" xmlns="http://microsoft.com/schemas/VisualStudio/TeamTest/2010">
  <Times creation="2026-09-15T18:10:02.2619666+02:00" queuing="2026-09-15T18:10:02.2619667+02:00" start="2026-09-15T18:10:00.4565241+02:00" finish="2026-09-15T18:10:20.6879465+02:00" />
  <TestSettings name="default" id="fb48d079-3340-45eb-a1ec-c955b2de2e9a">
    <Deployment runDeploymentRoot="_9b87d498da98_2026-09-15_18_10_02" />
  </TestSettings>
  <Results>
    <UnitTestResult executionId="972ee42f-727d-4a13-9655-5ba46808df98" testId="66a23c1f-c549-ddc9-1ac0-9f4ef049b63b" testName="FS.GG.SDD.Cli.Tests.TypedSddCommandTests.shared lifecycle command blocks when typed authority projection is stale" computerName="9b87d498da98" duration="00:00:03.4212717" startTime="2026-09-15T18:10:14.5124030+02:00" endTime="2026-09-15T18:10:17.9334578+02:00" testType="13cdc9d9-ddb5-4fa4-a97d-d965ccfc6d4b" outcome="Passed" testListId="8c84fa94-04c1-424b-9868-57a2d4851a1d" relativeResultsDirectory="972ee42f-727d-4a13-9655-5ba46808df98" />
    <UnitTestResult executionId="400e4461-5e32-4974-8f55-ff932a0dc3c5" testId="4d437ba9-f8aa-59f9-a3be-bbf5651297a0" testName="FS.GG.SDD.Cli.Tests.TypedSddCommandTests.work and source traversal are rejected without writes outside root" computerName="9b87d498da98" duration="00:00:00.1114732" startTime="2026-09-15T18:10:06.1490622+02:00" endTime="2026-09-15T18:10:06.2592582+02:00" testType="13cdc9d9-ddb5-4fa4-a97d-d965ccfc6d4b" outcome="Passed" testListId="8c84fa94-04c1-424b-9868-57a2d4851a1d" relativeResultsDirectory="400e4461-5e32-4974-8f55-ff932a0dc3c5" />
    <UnitTestResult executionId="13dde631-4d6d-4cf2-8bcc-75ef50630e14" testId="f341a6bb-67de-18e4-4a26-735d9e6cb197" testName="FS.GG.SDD.Cli.Tests.TypedSddCommandTests.reconcile projects one successful typed result as json plain and rich" computerName="9b87d498da98" duration="00:00:00.3740698" startTime="2026-09-15T18:10:17.9934606+02:00" endTime="2026-09-15T18:10:18.3675200+02:00" testType="13cdc9d9-ddb5-4fa4-a97d-d965ccfc6d4b" outcome="Passed" testListId="8c84fa94-04c1-424b-9868-57a2d4851a1d" relativeResultsDirectory="13dde631-4d6d-4cf2-8bcc-75ef50630e14" />
    <UnitTestResult executionId="81ba8084-f97a-4ce0-9cf8-b44e9d08f82d" testId="24041b33-28c8-6412-cf2d-727b45c662d2" testName="FS.GG.SDD.Cli.Tests.TypedSddCommandTests.general Quint authoring requires explicit source and selector inputs" computerName="9b87d498da98" duration="00:00:00.0635310" startTime="2026-09-15T18:10:07.9512310+02:00" endTime="2026-09-15T18:10:08.0145654+02:00" testType="13cdc9d9-ddb5-4fa4-a97d-d965ccfc6d4b" outcome="Passed" testListId="8c84fa94-04c1-424b-9868-57a2d4851a1d" relativeResultsDirectory="81ba8084-f97a-4ce0-9cf8-b44e9d08f82d" />
    <UnitTestResult executionId="44ef98d8-8332-4fdf-b84d-8b80d545a570" testId="c590ba9c-7a7d-14fc-8f0f-ea43f8655e1c" testName="FS.GG.SDD.Cli.Tests.TypedSddCommandTests.omitted author backend selects Quint" computerName="9b87d498da98" duration="00:00:00.0596743" startTime="2026-09-15T18:10:17.9338990+02:00" endTime="2026-09-15T18:10:17.9932639+02:00" testType="13cdc9d9-ddb5-4fa4-a97d-d965ccfc6d4b" outcome="Passed" testListId="8c84fa94-04c1-424b-9868-57a2d4851a1d" relativeResultsDirectory="44ef98d8-8332-4fdf-b84d-8b80d545a570" />
    <UnitTestResult executionId="f77e86a5-d6cd-4497-b070-5fb20d68127d" testId="a8422490-8bbe-79bc-7760-c9b36461f056" testName="FS.GG.SDD.Cli.Tests.TypedSddCommandTests.doctor and upgrade execute canonical F sharp and block a runtime failure" computerName="9b87d498da98" duration="00:00:05.0468114" startTime="2026-09-15T18:10:01.1105481+02:00" endTime="2026-09-15T18:10:06.1477231+02:00" testType="13cdc9d9-ddb5-4fa4-a97d-d965ccfc6d4b" outcome="Passed" testListId="8c84fa94-04c1-424b-9868-57a2d4851a1d" relativeResultsDirectory="f77e86a5-d6cd-4497-b070-5fb20d68127d" />
    <UnitTestResult executionId="06763465-5bdb-4f7b-aec9-11c483033d7a" testId="8cf99616-cc99-99ed-e81d-fc598e8a3423" testName="FS.GG.SDD.Cli.Tests.TypedSddCommandTests.Quint author cannot bypass v1 migration or accept multiline source skew" computerName="9b87d498da98" duration="00:00:01.6871493" startTime="2026-09-15T18:10:08.1936682+02:00" endTime="2026-09-15T18:10:09.8806974+02:00" testType="13cdc9d9-ddb5-4fa4-a97d-d965ccfc6d4b" outcome="Passed" testListId="8c84fa94-04c1-424b-9868-57a2d4851a1d" relativeResultsDirectory="06763465-5bdb-4f7b-aec9-11c483033d7a" />
    <UnitTestResult executionId="03a77fa3-87b9-40cc-8b12-a73dc63f0b71" testId="84e1303c-1fe0-8c6c-f8d9-ba39a9b2518b" testName="FS.GG.SDD.Cli.Tests.TypedSddCommandTests.author inspect and direct-edit diagnostic form one stable authority flow" computerName="9b87d498da98" duration="00:00:04.6311210" startTime="2026-09-15T18:10:09.8809396+02:00" endTime="2026-09-15T18:10:14.5120159+02:00" testType="13cdc9d9-ddb5-4fa4-a97d-d965ccfc6d4b" outcome="Passed" testListId="8c84fa94-04c1-424b-9868-57a2d4851a1d" relativeResultsDirectory="03a77fa3-87b9-40cc-8b12-a73dc63f0b71" />
    <UnitTestResult executionId="aa6fdcd7-09ef-477d-96a3-3b4e79979aeb" testId="d8b63f76-ecd8-85c0-6544-e2d7465d26af" testName="FS.GG.SDD.Cli.Tests.TypedSddCommandTests.unknown typed option fails closed" computerName="9b87d498da98" duration="00:00:00.2160552" startTime="2026-09-15T18:10:18.3678047+02:00" endTime="2026-09-15T18:10:18.5837821+02:00" testType="13cdc9d9-ddb5-4fa4-a97d-d965ccfc6d4b" outcome="Passed" testListId="8c84fa94-04c1-424b-9868-57a2d4851a1d" relativeResultsDirectory="aa6fdcd7-09ef-477d-96a3-3b4e79979aeb" />
    <UnitTestResult executionId="87c4251f-5c53-477b-b24a-e13574e609a0" testId="02a2f783-5c3e-6231-07ea-3ceda14da0d9" testName="FS.GG.SDD.Cli.Tests.TypedSddCommandTests.accepted migration preserves semantic inventory and explicit rollback restores source" computerName="9b87d498da98" duration="00:00:01.6915289" startTime="2026-09-15T18:10:06.2595651+02:00" endTime="2026-09-15T18:10:07.9509330+02:00" testType="13cdc9d9-ddb5-4fa4-a97d-d965ccfc6d4b" outcome="Passed" testListId="8c84fa94-04c1-424b-9868-57a2d4851a1d" relativeResultsDirectory="87c4251f-5c53-477b-b24a-e13574e609a0" />
    <UnitTestResult executionId="f7efc0ab-6112-4c92-875f-2f24eb553f4f" testId="e99b692a-300e-7268-a792-6019235b59c3" testName="FS.GG.SDD.Cli.Tests.TypedSddCommandTests.migration analysis classifies supported input and performs no preaccept write" computerName="9b87d498da98" duration="00:00:00.1786855" startTime="2026-09-15T18:10:08.0149343+02:00" endTime="2026-09-15T18:10:08.1934174+02:00" testType="13cdc9d9-ddb5-4fa4-a97d-d965ccfc6d4b" outcome="Passed" testListId="8c84fa94-04c1-424b-9868-57a2d4851a1d" relativeResultsDirectory="f7efc0ab-6112-4c92-875f-2f24eb553f4f" />
    <UnitTestResult executionId="be49ca57-5057-4965-a598-ab2c7ecd56ff" testId="faa2ce43-f5f4-a044-75a3-9cafba6323ff" testName="FS.GG.SDD.Cli.Tests.TypedSddCommandTests.author requires an agent receipt and writes nothing when unavailable" computerName="9b87d498da98" duration="00:00:00.0997138" startTime="2026-09-15T18:10:00.9954895+02:00" endTime="2026-09-15T18:10:01.1007381+02:00" testType="13cdc9d9-ddb5-4fa4-a97d-d965ccfc6d4b" outcome="Passed" testListId="8c84fa94-04c1-424b-9868-57a2d4851a1d" relativeResultsDirectory="be49ca57-5057-4965-a598-ab2c7ecd56ff" />
    <UnitTestResult executionId="49030269-589c-4e87-9622-5b630eaa3535" testId="14c9df6b-530b-09e6-4959-fe718fe70fcd" testName="FS.GG.SDD.Cli.Tests.TypedSddCommandTests.failed rollback restores the prior typed markdown authority" computerName="9b87d498da98" duration="00:00:01.6697500" startTime="2026-09-15T18:10:18.5846192+02:00" endTime="2026-09-15T18:10:20.2536359+02:00" testType="13cdc9d9-ddb5-4fa4-a97d-d965ccfc6d4b" outcome="Passed" testListId="8c84fa94-04c1-424b-9868-57a2d4851a1d" relativeResultsDirectory="49030269-589c-4e87-9622-5b630eaa3535" />
    <UnitTestResult executionId="0b83ddc7-0793-4f8d-a9bf-98d2cee93cea" testId="12e58d36-d81f-8503-1dc8-a1eec073c885" testName="FS.GG.SDD.Cli.Tests.TypedSddCommandTests.inspect dispatches explicit manifest v2 and rejects edited Quint artifacts" computerName="9b87d498da98" duration="00:00:00.3756295" startTime="2026-09-15T18:10:20.2538115+02:00" endTime="2026-09-15T18:10:20.6294103+02:00" testType="13cdc9d9-ddb5-4fa4-a97d-d965ccfc6d4b" outcome="Passed" testListId="8c84fa94-04c1-424b-9868-57a2d4851a1d" relativeResultsDirectory="0b83ddc7-0793-4f8d-a9bf-98d2cee93cea" />
  </Results>
  <TestDefinitions>
    <UnitTest name="FS.GG.SDD.Cli.Tests.TypedSddCommandTests.doctor and upgrade execute canonical F sharp and block a runtime failure" storage="/home/developer/projects/.worktrees/sdd-934-reconciliation/tests/fs.gg.sdd.cli.tests/bin/debug/net10.0/fs.gg.sdd.cli.tests.dll" id="a8422490-8bbe-79bc-7760-c9b36461f056">
      <Execution id="f77e86a5-d6cd-4497-b070-5fb20d68127d" />
      <TestMethod codeBase="/home/developer/projects/.worktrees/sdd-934-reconciliation/tests/FS.GG.SDD.Cli.Tests/bin/Debug/net10.0/FS.GG.SDD.Cli.Tests.dll" adapterTypeName="executor://xunit/VsTestRunner3/netcore/" className="FS.GG.SDD.Cli.Tests.TypedSddCommandTests" name="doctor and upgrade execute canonical F sharp and block a runtime failure" />
    </UnitTest>
    <UnitTest name="FS.GG.SDD.Cli.Tests.TypedSddCommandTests.accepted migration preserves semantic inventory and explicit rollback restores source" storage="/home/developer/projects/.worktrees/sdd-934-reconciliation/tests/fs.gg.sdd.cli.tests/bin/debug/net10.0/fs.gg.sdd.cli.tests.dll" id="02a2f783-5c3e-6231-07ea-3ceda14da0d9">
      <Execution id="87c4251f-5c53-477b-b24a-e13574e609a0" />
      <TestMethod codeBase="/home/developer/projects/.worktrees/sdd-934-reconciliation/tests/FS.GG.SDD.Cli.Tests/bin/Debug/net10.0/FS.GG.SDD.Cli.Tests.dll" adapterTypeName="executor://xunit/VsTestRunner3/netcore/" className="FS.GG.SDD.Cli.Tests.TypedSddCommandTests" name="accepted migration preserves semantic inventory and explicit rollback restores source" />
    </UnitTest>
    <UnitTest name="FS.GG.SDD.Cli.Tests.TypedSddCommandTests.inspect dispatches explicit manifest v2 and rejects edited Quint artifacts" storage="/home/developer/projects/.worktrees/sdd-934-reconciliation/tests/fs.gg.sdd.cli.tests/bin/debug/net10.0/fs.gg.sdd.cli.tests.dll" id="12e58d36-d81f-8503-1dc8-a1eec073c885">
      <Execution id="0b83ddc7-0793-4f8d-a9bf-98d2cee93cea" />
      <TestMethod codeBase="/home/developer/projects/.worktrees/sdd-934-reconciliation/tests/FS.GG.SDD.Cli.Tests/bin/Debug/net10.0/FS.GG.SDD.Cli.Tests.dll" adapterTypeName="executor://xunit/VsTestRunner3/netcore/" className="FS.GG.SDD.Cli.Tests.TypedSddCommandTests" name="inspect dispatches explicit manifest v2 and rejects edited Quint artifacts" />
    </UnitTest>
    <UnitTest name="FS.GG.SDD.Cli.Tests.TypedSddCommandTests.omitted author backend selects Quint" storage="/home/developer/projects/.worktrees/sdd-934-reconciliation/tests/fs.gg.sdd.cli.tests/bin/debug/net10.0/fs.gg.sdd.cli.tests.dll" id="c590ba9c-7a7d-14fc-8f0f-ea43f8655e1c">
      <Execution id="44ef98d8-8332-4fdf-b84d-8b80d545a570" />
      <TestMethod codeBase="/home/developer/projects/.worktrees/sdd-934-reconciliation/tests/FS.GG.SDD.Cli.Tests/bin/Debug/net10.0/FS.GG.SDD.Cli.Tests.dll" adapterTypeName="executor://xunit/VsTestRunner3/netcore/" className="FS.GG.SDD.Cli.Tests.TypedSddCommandTests" name="omitted author backend selects Quint" />
    </UnitTest>
    <UnitTest name="FS.GG.SDD.Cli.Tests.TypedSddCommandTests.Quint author cannot bypass v1 migration or accept multiline source skew" storage="/home/developer/projects/.worktrees/sdd-934-reconciliation/tests/fs.gg.sdd.cli.tests/bin/debug/net10.0/fs.gg.sdd.cli.tests.dll" id="8cf99616-cc99-99ed-e81d-fc598e8a3423">
      <Execution id="06763465-5bdb-4f7b-aec9-11c483033d7a" />
      <TestMethod codeBase="/home/developer/projects/.worktrees/sdd-934-reconciliation/tests/FS.GG.SDD.Cli.Tests/bin/Debug/net10.0/FS.GG.SDD.Cli.Tests.dll" adapterTypeName="executor://xunit/VsTestRunner3/netcore/" className="FS.GG.SDD.Cli.Tests.TypedSddCommandTests" name="Quint author cannot bypass v1 migration or accept multiline source skew" />
    </UnitTest>
    <UnitTest name="FS.GG.SDD.Cli.Tests.TypedSddCommandTests.author requires an agent receipt and writes nothing when unavailable" storage="/home/developer/projects/.worktrees/sdd-934-reconciliation/tests/fs.gg.sdd.cli.tests/bin/debug/net10.0/fs.gg.sdd.cli.tests.dll" id="faa2ce43-f5f4-a044-75a3-9cafba6323ff">
      <Execution id="be49ca57-5057-4965-a598-ab2c7ecd56ff" />
      <TestMethod codeBase="/home/developer/projects/.worktrees/sdd-934-reconciliation/tests/FS.GG.SDD.Cli.Tests/bin/Debug/net10.0/FS.GG.SDD.Cli.Tests.dll" adapterTypeName="executor://xunit/VsTestRunner3/netcore/" className="FS.GG.SDD.Cli.Tests.TypedSddCommandTests" name="author requires an agent receipt and writes nothing when unavailable" />
    </UnitTest>
    <UnitTest name="FS.GG.SDD.Cli.Tests.TypedSddCommandTests.migration analysis classifies supported input and performs no preaccept write" storage="/home/developer/projects/.worktrees/sdd-934-reconciliation/tests/fs.gg.sdd.cli.tests/bin/debug/net10.0/fs.gg.sdd.cli.tests.dll" id="e99b692a-300e-7268-a792-6019235b59c3">
      <Execution id="f7efc0ab-6112-4c92-875f-2f24eb553f4f" />
      <TestMethod codeBase="/home/developer/projects/.worktrees/sdd-934-reconciliation/tests/FS.GG.SDD.Cli.Tests/bin/Debug/net10.0/FS.GG.SDD.Cli.Tests.dll" adapterTypeName="executor://xunit/VsTestRunner3/netcore/" className="FS.GG.SDD.Cli.Tests.TypedSddCommandTests" name="migration analysis classifies supported input and performs no preaccept write" />
    </UnitTest>
    <UnitTest name="FS.GG.SDD.Cli.Tests.TypedSddCommandTests.author inspect and direct-edit diagnostic form one stable authority flow" storage="/home/developer/projects/.worktrees/sdd-934-reconciliation/tests/fs.gg.sdd.cli.tests/bin/debug/net10.0/fs.gg.sdd.cli.tests.dll" id="84e1303c-1fe0-8c6c-f8d9-ba39a9b2518b">
      <Execution id="03a77fa3-87b9-40cc-8b12-a73dc63f0b71" />
      <TestMethod codeBase="/home/developer/projects/.worktrees/sdd-934-reconciliation/tests/FS.GG.SDD.Cli.Tests/bin/Debug/net10.0/FS.GG.SDD.Cli.Tests.dll" adapterTypeName="executor://xunit/VsTestRunner3/netcore/" className="FS.GG.SDD.Cli.Tests.TypedSddCommandTests" name="author inspect and direct-edit diagnostic form one stable authority flow" />
    </UnitTest>
    <UnitTest name="FS.GG.SDD.Cli.Tests.TypedSddCommandTests.reconcile projects one successful typed result as json plain and rich" storage="/home/developer/projects/.worktrees/sdd-934-reconciliation/tests/fs.gg.sdd.cli.tests/bin/debug/net10.0/fs.gg.sdd.cli.tests.dll" id="f341a6bb-67de-18e4-4a26-735d9e6cb197">
      <Execution id="13dde631-4d6d-4cf2-8bcc-75ef50630e14" />
      <TestMethod codeBase="/home/developer/projects/.worktrees/sdd-934-reconciliation/tests/FS.GG.SDD.Cli.Tests/bin/Debug/net10.0/FS.GG.SDD.Cli.Tests.dll" adapterTypeName="executor://xunit/VsTestRunner3/netcore/" className="FS.GG.SDD.Cli.Tests.TypedSddCommandTests" name="reconcile projects one successful typed result as json plain and rich" />
    </UnitTest>
    <UnitTest name="FS.GG.SDD.Cli.Tests.TypedSddCommandTests.work and source traversal are rejected without writes outside root" storage="/home/developer/projects/.worktrees/sdd-934-reconciliation/tests/fs.gg.sdd.cli.tests/bin/debug/net10.0/fs.gg.sdd.cli.tests.dll" id="4d437ba9-f8aa-59f9-a3be-bbf5651297a0">
      <Execution id="400e4461-5e32-4974-8f55-ff932a0dc3c5" />
      <TestMethod codeBase="/home/developer/projects/.worktrees/sdd-934-reconciliation/tests/FS.GG.SDD.Cli.Tests/bin/Debug/net10.0/FS.GG.SDD.Cli.Tests.dll" adapterTypeName="executor://xunit/VsTestRunner3/netcore/" className="FS.GG.SDD.Cli.Tests.TypedSddCommandTests" name="work and source traversal are rejected without writes outside root" />
    </UnitTest>
    <UnitTest name="FS.GG.SDD.Cli.Tests.TypedSddCommandTests.unknown typed option fails closed" storage="/home/developer/projects/.worktrees/sdd-934-reconciliation/tests/fs.gg.sdd.cli.tests/bin/debug/net10.0/fs.gg.sdd.cli.tests.dll" id="d8b63f76-ecd8-85c0-6544-e2d7465d26af">
      <Execution id="aa6fdcd7-09ef-477d-96a3-3b4e79979aeb" />
      <TestMethod codeBase="/home/developer/projects/.worktrees/sdd-934-reconciliation/tests/FS.GG.SDD.Cli.Tests/bin/Debug/net10.0/FS.GG.SDD.Cli.Tests.dll" adapterTypeName="executor://xunit/VsTestRunner3/netcore/" className="FS.GG.SDD.Cli.Tests.TypedSddCommandTests" name="unknown typed option fails closed" />
    </UnitTest>
    <UnitTest name="FS.GG.SDD.Cli.Tests.TypedSddCommandTests.shared lifecycle command blocks when typed authority projection is stale" storage="/home/developer/projects/.worktrees/sdd-934-reconciliation/tests/fs.gg.sdd.cli.tests/bin/debug/net10.0/fs.gg.sdd.cli.tests.dll" id="66a23c1f-c549-ddc9-1ac0-9f4ef049b63b">
      <Execution id="972ee42f-727d-4a13-9655-5ba46808df98" />
      <TestMethod codeBase="/home/developer/projects/.worktrees/sdd-934-reconciliation/tests/FS.GG.SDD.Cli.Tests/bin/Debug/net10.0/FS.GG.SDD.Cli.Tests.dll" adapterTypeName="executor://xunit/VsTestRunner3/netcore/" className="FS.GG.SDD.Cli.Tests.TypedSddCommandTests" name="shared lifecycle command blocks when typed authority projection is stale" />
    </UnitTest>
    <UnitTest name="FS.GG.SDD.Cli.Tests.TypedSddCommandTests.failed rollback restores the prior typed markdown authority" storage="/home/developer/projects/.worktrees/sdd-934-reconciliation/tests/fs.gg.sdd.cli.tests/bin/debug/net10.0/fs.gg.sdd.cli.tests.dll" id="14c9df6b-530b-09e6-4959-fe718fe70fcd">
      <Execution id="49030269-589c-4e87-9622-5b630eaa3535" />
      <TestMethod codeBase="/home/developer/projects/.worktrees/sdd-934-reconciliation/tests/FS.GG.SDD.Cli.Tests/bin/Debug/net10.0/FS.GG.SDD.Cli.Tests.dll" adapterTypeName="executor://xunit/VsTestRunner3/netcore/" className="FS.GG.SDD.Cli.Tests.TypedSddCommandTests" name="failed rollback restores the prior typed markdown authority" />
    </UnitTest>
    <UnitTest name="FS.GG.SDD.Cli.Tests.TypedSddCommandTests.general Quint authoring requires explicit source and selector inputs" storage="/home/developer/projects/.worktrees/sdd-934-reconciliation/tests/fs.gg.sdd.cli.tests/bin/debug/net10.0/fs.gg.sdd.cli.tests.dll" id="24041b33-28c8-6412-cf2d-727b45c662d2">
      <Execution id="81ba8084-f97a-4ce0-9cf8-b44e9d08f82d" />
      <TestMethod codeBase="/home/developer/projects/.worktrees/sdd-934-reconciliation/tests/FS.GG.SDD.Cli.Tests/bin/Debug/net10.0/FS.GG.SDD.Cli.Tests.dll" adapterTypeName="executor://xunit/VsTestRunner3/netcore/" className="FS.GG.SDD.Cli.Tests.TypedSddCommandTests" name="general Quint authoring requires explicit source and selector inputs" />
    </UnitTest>
  </TestDefinitions>
  <TestEntries>
    <TestEntry testId="66a23c1f-c549-ddc9-1ac0-9f4ef049b63b" executionId="972ee42f-727d-4a13-9655-5ba46808df98" testListId="8c84fa94-04c1-424b-9868-57a2d4851a1d" />
    <TestEntry testId="4d437ba9-f8aa-59f9-a3be-bbf5651297a0" executionId="400e4461-5e32-4974-8f55-ff932a0dc3c5" testListId="8c84fa94-04c1-424b-9868-57a2d4851a1d" />
    <TestEntry testId="f341a6bb-67de-18e4-4a26-735d9e6cb197" executionId="13dde631-4d6d-4cf2-8bcc-75ef50630e14" testListId="8c84fa94-04c1-424b-9868-57a2d4851a1d" />
    <TestEntry testId="24041b33-28c8-6412-cf2d-727b45c662d2" executionId="81ba8084-f97a-4ce0-9cf8-b44e9d08f82d" testListId="8c84fa94-04c1-424b-9868-57a2d4851a1d" />
    <TestEntry testId="c590ba9c-7a7d-14fc-8f0f-ea43f8655e1c" executionId="44ef98d8-8332-4fdf-b84d-8b80d545a570" testListId="8c84fa94-04c1-424b-9868-57a2d4851a1d" />
    <TestEntry testId="a8422490-8bbe-79bc-7760-c9b36461f056" executionId="f77e86a5-d6cd-4497-b070-5fb20d68127d" testListId="8c84fa94-04c1-424b-9868-57a2d4851a1d" />
    <TestEntry testId="8cf99616-cc99-99ed-e81d-fc598e8a3423" executionId="06763465-5bdb-4f7b-aec9-11c483033d7a" testListId="8c84fa94-04c1-424b-9868-57a2d4851a1d" />
    <TestEntry testId="84e1303c-1fe0-8c6c-f8d9-ba39a9b2518b" executionId="03a77fa3-87b9-40cc-8b12-a73dc63f0b71" testListId="8c84fa94-04c1-424b-9868-57a2d4851a1d" />
    <TestEntry testId="d8b63f76-ecd8-85c0-6544-e2d7465d26af" executionId="aa6fdcd7-09ef-477d-96a3-3b4e79979aeb" testListId="8c84fa94-04c1-424b-9868-57a2d4851a1d" />
    <TestEntry testId="02a2f783-5c3e-6231-07ea-3ceda14da0d9" executionId="87c4251f-5c53-477b-b24a-e13574e609a0" testListId="8c84fa94-04c1-424b-9868-57a2d4851a1d" />
    <TestEntry testId="e99b692a-300e-7268-a792-6019235b59c3" executionId="f7efc0ab-6112-4c92-875f-2f24eb553f4f" testListId="8c84fa94-04c1-424b-9868-57a2d4851a1d" />
    <TestEntry testId="faa2ce43-f5f4-a044-75a3-9cafba6323ff" executionId="be49ca57-5057-4965-a598-ab2c7ecd56ff" testListId="8c84fa94-04c1-424b-9868-57a2d4851a1d" />
    <TestEntry testId="14c9df6b-530b-09e6-4959-fe718fe70fcd" executionId="49030269-589c-4e87-9622-5b630eaa3535" testListId="8c84fa94-04c1-424b-9868-57a2d4851a1d" />
    <TestEntry testId="12e58d36-d81f-8503-1dc8-a1eec073c885" executionId="0b83ddc7-0793-4f8d-a9bf-98d2cee93cea" testListId="8c84fa94-04c1-424b-9868-57a2d4851a1d" />
  </TestEntries>
  <TestLists>
    <TestList name="Results Not in a List" id="8c84fa94-04c1-424b-9868-57a2d4851a1d" />
    <TestList name="All Loaded Results" id="19431567-8539-422a-85d7-44ee4e166bda" />
  </TestLists>
  <ResultSummary outcome="Completed">
    <Counters total="14" executed="14" passed="14" failed="0" error="0" timeout="0" aborted="0" inconclusive="0" passedButRunAborted="0" notRunnable="0" notExecuted="0" disconnected="0" warning="0" completed="0" inProgress="0" pending="0" />
    <Output>
      <StdOut>[xUnit.net 00:00:00.00] xUnit.net VSTest Adapter v3.1.5+1b188a7b0a (64-bit .NET 10.0.12)
[xUnit.net 00:00:00.10]   Discovering: FS.GG.SDD.Cli.Tests
[xUnit.net 00:00:00.17]   Discovered:  FS.GG.SDD.Cli.Tests
[xUnit.net 00:00:00.20]   Starting:    FS.GG.SDD.Cli.Tests
[xUnit.net 00:00:19.85]   Finished:    FS.GG.SDD.Cli.Tests
</StdOut>
    </Output>
  </ResultSummary>
</TestRun>