<?xml version="1.0" encoding="utf-8"?>
<TestRun id="1fb68270-b5f9-479d-bb4c-29d7b02e5efa" name="@9b87d498da98 2026-09-15 18:41:18" xmlns="http://microsoft.com/schemas/VisualStudio/TeamTest/2010">
  <Times creation="2026-09-15T18:41:18.5539788+02:00" queuing="2026-09-15T18:41:18.5539789+02:00" start="2026-09-15T18:41:17.8594919+02:00" finish="2026-09-15T18:41:18.6144124+02:00" />
  <TestSettings name="default" id="5565caf9-823e-40b5-9c22-8f06145d176c">
    <Deployment runDeploymentRoot="_9b87d498da98_2026-09-15_18_41_18" />
  </TestSettings>
  <Results>
    <UnitTestResult executionId="2cf99690-ea2b-48c0-b312-52fd12702d49" testId="10a1ab04-0e8a-19ce-f761-23896e3c6137" testName="FS.GG.SDD.Artifacts.Tests.WorkspaceCorrespondenceTests.workspace codecs are canonical strict and round trip" computerName="9b87d498da98" duration="00:00:00.0101939" startTime="2026-09-15T18:41:18.5448819+02:00" endTime="2026-09-15T18:41:18.5549859+02:00" testType="13cdc9d9-ddb5-4fa4-a97d-d965ccfc6d4b" outcome="Passed" testListId="8c84fa94-04c1-424b-9868-57a2d4851a1d" relativeResultsDirectory="2cf99690-ea2b-48c0-b312-52fd12702d49" />
    <UnitTestResult executionId="6016ec23-d1b7-4632-89b4-775f5f1413b1" testId="c86064aa-f1f1-099e-eac1-cfceb1d166cd" testName="FS.GG.SDD.Artifacts.Tests.WorkspaceLifecycleTests.migration stays dry-run until every source and decision is complete" computerName="9b87d498da98" duration="00:00:00.0275432" startTime="2026-09-15T18:41:18.4467354+02:00" endTime="2026-09-15T18:41:18.4807128+02:00" testType="13cdc9d9-ddb5-4fa4-a97d-d965ccfc6d4b" outcome="Passed" testListId="8c84fa94-04c1-424b-9868-57a2d4851a1d" relativeResultsDirectory="6016ec23-d1b7-4632-89b4-775f5f1413b1" />
    <UnitTestResult executionId="eae49c28-d866-421b-9b83-617d6b377793" testId="47dc23f5-ab14-024a-5f41-514293bce909" testName="FS.GG.SDD.Artifacts.Tests.WorkspaceCorrespondenceTests.selective correspondence follows compiled impact relationships" computerName="9b87d498da98" duration="00:00:00.0080630" startTime="2026-09-15T18:41:18.5367333+02:00" endTime="2026-09-15T18:41:18.5447058+02:00" testType="13cdc9d9-ddb5-4fa4-a97d-d965ccfc6d4b" outcome="Passed" testListId="8c84fa94-04c1-424b-9868-57a2d4851a1d" relativeResultsDirectory="eae49c28-d866-421b-9b83-617d6b377793" />
    <UnitTestResult executionId="9755483c-c4e1-403f-9995-b55841ee88f0" testId="499bc821-6d9b-f38f-498c-791baefea2b4" testName="FS.GG.SDD.Artifacts.Tests.WorkspaceCorrespondenceTests.forged global input fails closed even for selective correspondence" computerName="9b87d498da98" duration="00:00:00.0503520" startTime="2026-09-15T18:41:18.4478678+02:00" endTime="2026-09-15T18:41:18.5012304+02:00" testType="13cdc9d9-ddb5-4fa4-a97d-d965ccfc6d4b" outcome="Passed" testListId="8c84fa94-04c1-424b-9868-57a2d4851a1d" relativeResultsDirectory="9755483c-c4e1-403f-9995-b55841ee88f0" />
    <UnitTestResult executionId="c76c6289-96d6-4661-a9dc-c29f2e5a2e19" testId="7e7125bf-f79c-8861-4e14-3f0fab757e8e" testName="FS.GG.SDD.Artifacts.Tests.WorkspaceLifecycleTests.proposal inspection never mutates accepted authority" computerName="9b87d498da98" duration="00:00:00.0104554" startTime="2026-09-15T18:41:18.4926463+02:00" endTime="2026-09-15T18:41:18.4927419+02:00" testType="13cdc9d9-ddb5-4fa4-a97d-d965ccfc6d4b" outcome="Passed" testListId="8c84fa94-04c1-424b-9868-57a2d4851a1d" relativeResultsDirectory="c76c6289-96d6-4661-a9dc-c29f2e5a2e19" />
    <UnitTestResult executionId="62dd35d0-c79b-445f-b99a-43a379f32789" testId="63f12aaa-90f3-21fe-3fc9-680049b84101" testName="FS.GG.SDD.Artifacts.Tests.WorkspaceLifecycleTests.semantic diff exposes changed assumptions and duplicate edits refuse" computerName="9b87d498da98" duration="00:00:00.0075740" startTime="2026-09-15T18:41:18.5171713+02:00" endTime="2026-09-15T18:41:18.5176004+02:00" testType="13cdc9d9-ddb5-4fa4-a97d-d965ccfc6d4b" outcome="Passed" testListId="8c84fa94-04c1-424b-9868-57a2d4851a1d" relativeResultsDirectory="62dd35d0-c79b-445f-b99a-43a379f32789" />
    <UnitTestResult executionId="10fa109c-e383-4399-97ac-6a5065cd194a" testId="6368990b-fe86-424f-28fd-b6abe1e1bb21" testName="FS.GG.SDD.Artifacts.Tests.WorkspaceCorrespondenceTests.correspondence preserves all seven outcomes from one typed report" computerName="9b87d498da98" duration="00:00:00.0289164" startTime="2026-09-15T18:41:18.5169073+02:00" endTime="2026-09-15T18:41:18.5365462+02:00" testType="13cdc9d9-ddb5-4fa4-a97d-d965ccfc6d4b" outcome="Passed" testListId="8c84fa94-04c1-424b-9868-57a2d4851a1d" relativeResultsDirectory="10fa109c-e383-4399-97ac-6a5065cd194a" />
    <UnitTestResult executionId="a96f51bf-0cd5-4ac9-9453-ed23bf304340" testId="3751b132-c269-1e02-4cfa-ed75bacd3716" testName="FS.GG.SDD.Artifacts.Tests.WorkspaceLifecycleTests.overlap rename-delete dangling and stale inputs fail closed" computerName="9b87d498da98" duration="00:00:00.0099951" startTime="2026-09-15T18:41:18.4942413+02:00" endTime="2026-09-15T18:41:18.5042217+02:00" testType="13cdc9d9-ddb5-4fa4-a97d-d965ccfc6d4b" outcome="Passed" testListId="8c84fa94-04c1-424b-9868-57a2d4851a1d" relativeResultsDirectory="a96f51bf-0cd5-4ac9-9453-ed23bf304340" />
    <UnitTestResult executionId="19ef81bd-507a-41be-ae99-0d55811abe0d" testId="115b2e2e-5aff-7104-5300-52f82573ca53" testName="FS.GG.SDD.Artifacts.Tests.WorkspaceLifecycleTests.all seven module kinds have stable canonical fingerprints" computerName="9b87d498da98" duration="00:00:00.0028547" startTime="2026-09-15T18:41:18.4933965+02:00" endTime="2026-09-15T18:41:18.4940955+02:00" testType="13cdc9d9-ddb5-4fa4-a97d-d965ccfc6d4b" outcome="Passed" testListId="8c84fa94-04c1-424b-9868-57a2d4851a1d" relativeResultsDirectory="19ef81bd-507a-41be-ae99-0d55811abe0d" />
    <UnitTestResult executionId="885eefb7-700c-434d-9e28-2c0b755a53f6" testId="10b9aba2-ccfb-9735-b916-aee10db80138" testName="FS.GG.SDD.Artifacts.Tests.WorkspaceLifecycleTests.only eligible human-accepted proposals reduce exact-base state" computerName="9b87d498da98" duration="00:00:00.0027294" startTime="2026-09-15T18:41:18.5049123+02:00" endTime="2026-09-15T18:41:18.5075705+02:00" testType="13cdc9d9-ddb5-4fa4-a97d-d965ccfc6d4b" outcome="Passed" testListId="8c84fa94-04c1-424b-9868-57a2d4851a1d" relativeResultsDirectory="885eefb7-700c-434d-9e28-2c0b755a53f6" />
    <UnitTestResult executionId="cc318209-1c1a-4422-825f-2de3b7c03b9b" testId="3d5f17b8-8a1d-87c4-702b-7e579407426b" testName="FS.GG.SDD.Artifacts.Tests.WorkspaceLifecycleTests.accepted opaque requires complete debt ownership and evidence" computerName="9b87d498da98" duration="00:00:00.0004741" startTime="2026-09-15T18:41:18.5044792+02:00" endTime="2026-09-15T18:41:18.5047359+02:00" testType="13cdc9d9-ddb5-4fa4-a97d-d965ccfc6d4b" outcome="Passed" testListId="8c84fa94-04c1-424b-9868-57a2d4851a1d" relativeResultsDirectory="cc318209-1c1a-4422-825f-2de3b7c03b9b" />
    <UnitTestResult executionId="154a62e8-3b79-4f7d-9819-da1aa9a10a00" testId="a4aa2e81-1465-9ec1-fd44-06a7183a8539" testName="FS.GG.SDD.Artifacts.Tests.WorkspaceCorrespondenceTests.reconciliation is order independent and conflicts have no candidate" computerName="9b87d498da98" duration="00:00:00.0051194" startTime="2026-09-15T18:41:18.5014135+02:00" endTime="2026-09-15T18:41:18.5064615+02:00" testType="13cdc9d9-ddb5-4fa4-a97d-d965ccfc6d4b" outcome="Passed" testListId="8c84fa94-04c1-424b-9868-57a2d4851a1d" relativeResultsDirectory="154a62e8-3b79-4f7d-9819-da1aa9a10a00" />
    <UnitTestResult executionId="7a61a124-5601-48a7-bd8a-4c07ff282d29" testId="15b32c04-44a2-f713-090b-c363796b38d7" testName="FS.GG.SDD.Artifacts.Tests.WorkspaceCorrespondenceTests.observations target evidence obligations and bind non-missing subjects" computerName="9b87d498da98" duration="00:00:00.0009951" startTime="2026-09-15T18:41:18.5067263+02:00" endTime="2026-09-15T18:41:18.5075187+02:00" testType="13cdc9d9-ddb5-4fa4-a97d-d965ccfc6d4b" outcome="Passed" testListId="8c84fa94-04c1-424b-9868-57a2d4851a1d" relativeResultsDirectory="7a61a124-5601-48a7-bd8a-4c07ff282d29" />
    <UnitTestResult executionId="6a560fd4-91c3-4db9-a4d4-2f71b35ef1ce" testId="2a46ef1e-c0fb-4fe5-480d-401fefbfe6b6" testName="FS.GG.SDD.Artifacts.Tests.WorkspaceLifecycleTests.disjoint exact-base proposals reconcile deterministically" computerName="9b87d498da98" duration="00:00:00.0023425" startTime="2026-09-15T18:41:18.5168840+02:00" endTime="2026-09-15T18:41:18.5169231+02:00" testType="13cdc9d9-ddb5-4fa4-a97d-d965ccfc6d4b" outcome="Passed" testListId="8c84fa94-04c1-424b-9868-57a2d4851a1d" relativeResultsDirectory="6a560fd4-91c3-4db9-a4d4-2f71b35ef1ce" />
  </Results>
  <TestDefinitions>
    <UnitTest name="FS.GG.SDD.Artifacts.Tests.WorkspaceLifecycleTests.only eligible human-accepted proposals reduce exact-base state" storage="/home/developer/projects/.worktrees/sdd-934-reconciliation/tests/fs.gg.sdd.artifacts.tests/bin/debug/net10.0/fs.gg.sdd.artifacts.tests.dll" id="10b9aba2-ccfb-9735-b916-aee10db80138">
      <Execution id="885eefb7-700c-434d-9e28-2c0b755a53f6" />
      <TestMethod codeBase="/home/developer/projects/.worktrees/sdd-934-reconciliation/tests/FS.GG.SDD.Artifacts.Tests/bin/Debug/net10.0/FS.GG.SDD.Artifacts.Tests.dll" adapterTypeName="executor://xunit/VsTestRunner3/netcore/" className="FS.GG.SDD.Artifacts.Tests.WorkspaceLifecycleTests" name="only eligible human-accepted proposals reduce exact-base state" />
    </UnitTest>
    <UnitTest name="FS.GG.SDD.Artifacts.Tests.WorkspaceCorrespondenceTests.forged global input fails closed even for selective correspondence" storage="/home/developer/projects/.worktrees/sdd-934-reconciliation/tests/fs.gg.sdd.artifacts.tests/bin/debug/net10.0/fs.gg.sdd.artifacts.tests.dll" id="499bc821-6d9b-f38f-498c-791baefea2b4">
      <Execution id="9755483c-c4e1-403f-9995-b55841ee88f0" />
      <TestMethod codeBase="/home/developer/projects/.worktrees/sdd-934-reconciliation/tests/FS.GG.SDD.Artifacts.Tests/bin/Debug/net10.0/FS.GG.SDD.Artifacts.Tests.dll" adapterTypeName="executor://xunit/VsTestRunner3/netcore/" className="FS.GG.SDD.Artifacts.Tests.WorkspaceCorrespondenceTests" name="forged global input fails closed even for selective correspondence" />
    </UnitTest>
    <UnitTest name="FS.GG.SDD.Artifacts.Tests.WorkspaceLifecycleTests.semantic diff exposes changed assumptions and duplicate edits refuse" storage="/home/developer/projects/.worktrees/sdd-934-reconciliation/tests/fs.gg.sdd.artifacts.tests/bin/debug/net10.0/fs.gg.sdd.artifacts.tests.dll" id="63f12aaa-90f3-21fe-3fc9-680049b84101">
      <Execution id="62dd35d0-c79b-445f-b99a-43a379f32789" />
      <TestMethod codeBase="/home/developer/projects/.worktrees/sdd-934-reconciliation/tests/FS.GG.SDD.Artifacts.Tests/bin/Debug/net10.0/FS.GG.SDD.Artifacts.Tests.dll" adapterTypeName="executor://xunit/VsTestRunner3/netcore/" className="FS.GG.SDD.Artifacts.Tests.WorkspaceLifecycleTests" name="semantic diff exposes changed assumptions and duplicate edits refuse" />
    </UnitTest>
    <UnitTest name="FS.GG.SDD.Artifacts.Tests.WorkspaceLifecycleTests.all seven module kinds have stable canonical fingerprints" storage="/home/developer/projects/.worktrees/sdd-934-reconciliation/tests/fs.gg.sdd.artifacts.tests/bin/debug/net10.0/fs.gg.sdd.artifacts.tests.dll" id="115b2e2e-5aff-7104-5300-52f82573ca53">
      <Execution id="19ef81bd-507a-41be-ae99-0d55811abe0d" />
      <TestMethod codeBase="/home/developer/projects/.worktrees/sdd-934-reconciliation/tests/FS.GG.SDD.Artifacts.Tests/bin/Debug/net10.0/FS.GG.SDD.Artifacts.Tests.dll" adapterTypeName="executor://xunit/VsTestRunner3/netcore/" className="FS.GG.SDD.Artifacts.Tests.WorkspaceLifecycleTests" name="all seven module kinds have stable canonical fingerprints" />
    </UnitTest>
    <UnitTest name="FS.GG.SDD.Artifacts.Tests.WorkspaceLifecycleTests.accepted opaque requires complete debt ownership and evidence" storage="/home/developer/projects/.worktrees/sdd-934-reconciliation/tests/fs.gg.sdd.artifacts.tests/bin/debug/net10.0/fs.gg.sdd.artifacts.tests.dll" id="3d5f17b8-8a1d-87c4-702b-7e579407426b">
      <Execution id="cc318209-1c1a-4422-825f-2de3b7c03b9b" />
      <TestMethod codeBase="/home/developer/projects/.worktrees/sdd-934-reconciliation/tests/FS.GG.SDD.Artifacts.Tests/bin/Debug/net10.0/FS.GG.SDD.Artifacts.Tests.dll" adapterTypeName="executor://xunit/VsTestRunner3/netcore/" className="FS.GG.SDD.Artifacts.Tests.WorkspaceLifecycleTests" name="accepted opaque requires complete debt ownership and evidence" />
    </UnitTest>
    <UnitTest name="FS.GG.SDD.Artifacts.Tests.WorkspaceCorrespondenceTests.reconciliation is order independent and conflicts have no candidate" storage="/home/developer/projects/.worktrees/sdd-934-reconciliation/tests/fs.gg.sdd.artifacts.tests/bin/debug/net10.0/fs.gg.sdd.artifacts.tests.dll" id="a4aa2e81-1465-9ec1-fd44-06a7183a8539">
      <Execution id="154a62e8-3b79-4f7d-9819-da1aa9a10a00" />
      <TestMethod codeBase="/home/developer/projects/.worktrees/sdd-934-reconciliation/tests/FS.GG.SDD.Artifacts.Tests/bin/Debug/net10.0/FS.GG.SDD.Artifacts.Tests.dll" adapterTypeName="executor://xunit/VsTestRunner3/netcore/" className="FS.GG.SDD.Artifacts.Tests.WorkspaceCorrespondenceTests" name="reconciliation is order independent and conflicts have no candidate" />
    </UnitTest>
    <UnitTest name="FS.GG.SDD.Artifacts.Tests.WorkspaceCorrespondenceTests.correspondence preserves all seven outcomes from one typed report" storage="/home/developer/projects/.worktrees/sdd-934-reconciliation/tests/fs.gg.sdd.artifacts.tests/bin/debug/net10.0/fs.gg.sdd.artifacts.tests.dll" id="6368990b-fe86-424f-28fd-b6abe1e1bb21">
      <Execution id="10fa109c-e383-4399-97ac-6a5065cd194a" />
      <TestMethod codeBase="/home/developer/projects/.worktrees/sdd-934-reconciliation/tests/FS.GG.SDD.Artifacts.Tests/bin/Debug/net10.0/FS.GG.SDD.Artifacts.Tests.dll" adapterTypeName="executor://xunit/VsTestRunner3/netcore/" className="FS.GG.SDD.Artifacts.Tests.WorkspaceCorrespondenceTests" name="correspondence preserves all seven outcomes from one typed report" />
    </UnitTest>
    <UnitTest name="FS.GG.SDD.Artifacts.Tests.WorkspaceLifecycleTests.disjoint exact-base proposals reconcile deterministically" storage="/home/developer/projects/.worktrees/sdd-934-reconciliation/tests/fs.gg.sdd.artifacts.tests/bin/debug/net10.0/fs.gg.sdd.artifacts.tests.dll" id="2a46ef1e-c0fb-4fe5-480d-401fefbfe6b6">
      <Execution id="6a560fd4-91c3-4db9-a4d4-2f71b35ef1ce" />
      <TestMethod codeBase="/home/developer/projects/.worktrees/sdd-934-reconciliation/tests/FS.GG.SDD.Artifacts.Tests/bin/Debug/net10.0/FS.GG.SDD.Artifacts.Tests.dll" adapterTypeName="executor://xunit/VsTestRunner3/netcore/" className="FS.GG.SDD.Artifacts.Tests.WorkspaceLifecycleTests" name="disjoint exact-base proposals reconcile deterministically" />
    </UnitTest>
    <UnitTest name="FS.GG.SDD.Artifacts.Tests.WorkspaceLifecycleTests.overlap rename-delete dangling and stale inputs fail closed" storage="/home/developer/projects/.worktrees/sdd-934-reconciliation/tests/fs.gg.sdd.artifacts.tests/bin/debug/net10.0/fs.gg.sdd.artifacts.tests.dll" id="3751b132-c269-1e02-4cfa-ed75bacd3716">
      <Execution id="a96f51bf-0cd5-4ac9-9453-ed23bf304340" />
      <TestMethod codeBase="/home/developer/projects/.worktrees/sdd-934-reconciliation/tests/FS.GG.SDD.Artifacts.Tests/bin/Debug/net10.0/FS.GG.SDD.Artifacts.Tests.dll" adapterTypeName="executor://xunit/VsTestRunner3/netcore/" className="FS.GG.SDD.Artifacts.Tests.WorkspaceLifecycleTests" name="overlap rename-delete dangling and stale inputs fail closed" />
    </UnitTest>
    <UnitTest name="FS.GG.SDD.Artifacts.Tests.WorkspaceCorrespondenceTests.observations target evidence obligations and bind non-missing subjects" storage="/home/developer/projects/.worktrees/sdd-934-reconciliation/tests/fs.gg.sdd.artifacts.tests/bin/debug/net10.0/fs.gg.sdd.artifacts.tests.dll" id="15b32c04-44a2-f713-090b-c363796b38d7">
      <Execution id="7a61a124-5601-48a7-bd8a-4c07ff282d29" />
      <TestMethod codeBase="/home/developer/projects/.worktrees/sdd-934-reconciliation/tests/FS.GG.SDD.Artifacts.Tests/bin/Debug/net10.0/FS.GG.SDD.Artifacts.Tests.dll" adapterTypeName="executor://xunit/VsTestRunner3/netcore/" className="FS.GG.SDD.Artifacts.Tests.WorkspaceCorrespondenceTests" name="observations target evidence obligations and bind non-missing subjects" />
    </UnitTest>
    <UnitTest name="FS.GG.SDD.Artifacts.Tests.WorkspaceCorrespondenceTests.selective correspondence follows compiled impact relationships" storage="/home/developer/projects/.worktrees/sdd-934-reconciliation/tests/fs.gg.sdd.artifacts.tests/bin/debug/net10.0/fs.gg.sdd.artifacts.tests.dll" id="47dc23f5-ab14-024a-5f41-514293bce909">
      <Execution id="eae49c28-d866-421b-9b83-617d6b377793" />
      <TestMethod codeBase="/home/developer/projects/.worktrees/sdd-934-reconciliation/tests/FS.GG.SDD.Artifacts.Tests/bin/Debug/net10.0/FS.GG.SDD.Artifacts.Tests.dll" adapterTypeName="executor://xunit/VsTestRunner3/netcore/" className="FS.GG.SDD.Artifacts.Tests.WorkspaceCorrespondenceTests" name="selective correspondence follows compiled impact relationships" />
    </UnitTest>
    <UnitTest name="FS.GG.SDD.Artifacts.Tests.WorkspaceLifecycleTests.proposal inspection never mutates accepted authority" storage="/home/developer/projects/.worktrees/sdd-934-reconciliation/tests/fs.gg.sdd.artifacts.tests/bin/debug/net10.0/fs.gg.sdd.artifacts.tests.dll" id="7e7125bf-f79c-8861-4e14-3f0fab757e8e">
      <Execution id="c76c6289-96d6-4661-a9dc-c29f2e5a2e19" />
      <TestMethod codeBase="/home/developer/projects/.worktrees/sdd-934-reconciliation/tests/FS.GG.SDD.Artifacts.Tests/bin/Debug/net10.0/FS.GG.SDD.Artifacts.Tests.dll" adapterTypeName="executor://xunit/VsTestRunner3/netcore/" className="FS.GG.SDD.Artifacts.Tests.WorkspaceLifecycleTests" name="proposal inspection never mutates accepted authority" />
    </UnitTest>
    <UnitTest name="FS.GG.SDD.Artifacts.Tests.WorkspaceLifecycleTests.migration stays dry-run until every source and decision is complete" storage="/home/developer/projects/.worktrees/sdd-934-reconciliation/tests/fs.gg.sdd.artifacts.tests/bin/debug/net10.0/fs.gg.sdd.artifacts.tests.dll" id="c86064aa-f1f1-099e-eac1-cfceb1d166cd">
      <Execution id="6016ec23-d1b7-4632-89b4-775f5f1413b1" />
      <TestMethod codeBase="/home/developer/projects/.worktrees/sdd-934-reconciliation/tests/FS.GG.SDD.Artifacts.Tests/bin/Debug/net10.0/FS.GG.SDD.Artifacts.Tests.dll" adapterTypeName="executor://xunit/VsTestRunner3/netcore/" className="FS.GG.SDD.Artifacts.Tests.WorkspaceLifecycleTests" name="migration stays dry-run until every source and decision is complete" />
    </UnitTest>
    <UnitTest name="FS.GG.SDD.Artifacts.Tests.WorkspaceCorrespondenceTests.workspace codecs are canonical strict and round trip" storage="/home/developer/projects/.worktrees/sdd-934-reconciliation/tests/fs.gg.sdd.artifacts.tests/bin/debug/net10.0/fs.gg.sdd.artifacts.tests.dll" id="10a1ab04-0e8a-19ce-f761-23896e3c6137">
      <Execution id="2cf99690-ea2b-48c0-b312-52fd12702d49" />
      <TestMethod codeBase="/home/developer/projects/.worktrees/sdd-934-reconciliation/tests/FS.GG.SDD.Artifacts.Tests/bin/Debug/net10.0/FS.GG.SDD.Artifacts.Tests.dll" adapterTypeName="executor://xunit/VsTestRunner3/netcore/" className="FS.GG.SDD.Artifacts.Tests.WorkspaceCorrespondenceTests" name="workspace codecs are canonical strict and round trip" />
    </UnitTest>
  </TestDefinitions>
  <TestEntries>
    <TestEntry testId="10a1ab04-0e8a-19ce-f761-23896e3c6137" executionId="2cf99690-ea2b-48c0-b312-52fd12702d49" testListId="8c84fa94-04c1-424b-9868-57a2d4851a1d" />
    <TestEntry testId="c86064aa-f1f1-099e-eac1-cfceb1d166cd" executionId="6016ec23-d1b7-4632-89b4-775f5f1413b1" testListId="8c84fa94-04c1-424b-9868-57a2d4851a1d" />
    <TestEntry testId="47dc23f5-ab14-024a-5f41-514293bce909" executionId="eae49c28-d866-421b-9b83-617d6b377793" testListId="8c84fa94-04c1-424b-9868-57a2d4851a1d" />
    <TestEntry testId="499bc821-6d9b-f38f-498c-791baefea2b4" executionId="9755483c-c4e1-403f-9995-b55841ee88f0" testListId="8c84fa94-04c1-424b-9868-57a2d4851a1d" />
    <TestEntry testId="7e7125bf-f79c-8861-4e14-3f0fab757e8e" executionId="c76c6289-96d6-4661-a9dc-c29f2e5a2e19" testListId="8c84fa94-04c1-424b-9868-57a2d4851a1d" />
    <TestEntry testId="63f12aaa-90f3-21fe-3fc9-680049b84101" executionId="62dd35d0-c79b-445f-b99a-43a379f32789" testListId="8c84fa94-04c1-424b-9868-57a2d4851a1d" />
    <TestEntry testId="6368990b-fe86-424f-28fd-b6abe1e1bb21" executionId="10fa109c-e383-4399-97ac-6a5065cd194a" testListId="8c84fa94-04c1-424b-9868-57a2d4851a1d" />
    <TestEntry testId="3751b132-c269-1e02-4cfa-ed75bacd3716" executionId="a96f51bf-0cd5-4ac9-9453-ed23bf304340" testListId="8c84fa94-04c1-424b-9868-57a2d4851a1d" />
    <TestEntry testId="115b2e2e-5aff-7104-5300-52f82573ca53" executionId="19ef81bd-507a-41be-ae99-0d55811abe0d" testListId="8c84fa94-04c1-424b-9868-57a2d4851a1d" />
    <TestEntry testId="10b9aba2-ccfb-9735-b916-aee10db80138" executionId="885eefb7-700c-434d-9e28-2c0b755a53f6" testListId="8c84fa94-04c1-424b-9868-57a2d4851a1d" />
    <TestEntry testId="3d5f17b8-8a1d-87c4-702b-7e579407426b" executionId="cc318209-1c1a-4422-825f-2de3b7c03b9b" testListId="8c84fa94-04c1-424b-9868-57a2d4851a1d" />
    <TestEntry testId="a4aa2e81-1465-9ec1-fd44-06a7183a8539" executionId="154a62e8-3b79-4f7d-9819-da1aa9a10a00" testListId="8c84fa94-04c1-424b-9868-57a2d4851a1d" />
    <TestEntry testId="15b32c04-44a2-f713-090b-c363796b38d7" executionId="7a61a124-5601-48a7-bd8a-4c07ff282d29" testListId="8c84fa94-04c1-424b-9868-57a2d4851a1d" />
    <TestEntry testId="2a46ef1e-c0fb-4fe5-480d-401fefbfe6b6" executionId="6a560fd4-91c3-4db9-a4d4-2f71b35ef1ce" testListId="8c84fa94-04c1-424b-9868-57a2d4851a1d" />
  </TestEntries>
  <TestLists>
    <TestList name="Results Not in a List" id="8c84fa94-04c1-424b-9868-57a2d4851a1d" />
    <TestList name="All Loaded Results" id="19431567-8539-422a-85d7-44ee4e166bda" />
  </TestLists>
  <ResultSummary outcome="Completed">
    <Counters total="14" executed="14" passed="14" failed="0" error="0" timeout="0" aborted="0" inconclusive="0" passedButRunAborted="0" notRunnable="0" notExecuted="0" disconnected="0" warning="0" completed="0" inProgress="0" pending="0" />
    <Output>
      <StdOut>[xUnit.net 00:00:00.00] xUnit.net VSTest Adapter v3.1.5+1b188a7b0a (64-bit .NET 10.0.12)
[xUnit.net 00:00:00.10]   Discovering: FS.GG.SDD.Artifacts.Tests
[xUnit.net 00:00:00.20]   Discovered:  FS.GG.SDD.Artifacts.Tests
[xUnit.net 00:00:00.23]   Starting:    FS.GG.SDD.Artifacts.Tests
[xUnit.net 00:00:00.36]   Finished:    FS.GG.SDD.Artifacts.Tests
</StdOut>
    </Output>
  </ResultSummary>
</TestRun>