<?xml version="1.0" encoding="utf-8"?>
<TestRun id="ae5d652d-7e02-47c9-b364-4ee4c62974f8" name="@c2756152e150 2026-08-23 10:17:45" xmlns="http://microsoft.com/schemas/VisualStudio/TeamTest/2010">
  <Times creation="2026-08-23T10:17:45.8879441+02:00" queuing="2026-08-23T10:17:45.8879441+02:00" start="2026-08-23T10:17:45.4668205+02:00" finish="2026-08-23T10:17:48.0961372+02:00" />
  <TestSettings name="default" id="ccfb7055-0da3-44c8-8f75-95f9b8a8b7f0">
    <Deployment runDeploymentRoot="_c2756152e150_2026-08-23_10_17_45" />
  </TestSettings>
  <Results>
    <UnitTestResult executionId="a3f014d6-18d5-4bc1-a006-c2f2a9708f5f" testId="d757b9e8-4775-040e-419b-1ff050f992f6" testName="FS.GG.Contracts.Tests.SkillMirrorTests.verifyObservedFiles withholds a file the caller could not observe" computerName="c2756152e150" duration="00:00:00.0001348" startTime="2026-08-23T10:17:46.0005631+02:00" endTime="2026-08-23T10:17:46.0005724+02:00" testType="13cdc9d9-ddb5-4fa4-a97d-d965ccfc6d4b" outcome="Passed" testListId="8c84fa94-04c1-424b-9868-57a2d4851a1d" relativeResultsDirectory="a3f014d6-18d5-4bc1-a006-c2f2a9708f5f" />
    <UnitTestResult executionId="31eeb7cd-7b6c-44e8-8839-e286a93f7284" testId="185e56d2-afcc-4be7-84db-e6e689c7f987" testName="FS.GG.Contracts.Tests.ContractVersionTests.the fsproj &lt;Version&gt; and ContractVersion.value cannot disagree" computerName="c2756152e150" duration="00:00:00.0072491" startTime="2026-08-23T10:17:45.8821347+02:00" endTime="2026-08-23T10:17:45.8825824+02:00" testType="13cdc9d9-ddb5-4fa4-a97d-d965ccfc6d4b" outcome="Passed" testListId="8c84fa94-04c1-424b-9868-57a2d4851a1d" relativeResultsDirectory="31eeb7cd-7b6c-44e8-8839-e286a93f7284" />
    <UnitTestResult executionId="a1774fc2-8281-4b51-852b-41d85a427015" testId="3ae4d3ed-6d82-5077-3d0b-be17cebd627c" testName="FS.GG.Contracts.Tests.RegistryValidatorTests.non-SemVer range reports MalformedVersion" computerName="c2756152e150" duration="00:00:00.0001751" startTime="2026-08-23T10:17:45.8822756+02:00" endTime="2026-08-23T10:17:45.8824939+02:00" testType="13cdc9d9-ddb5-4fa4-a97d-d965ccfc6d4b" outcome="Passed" testListId="8c84fa94-04c1-424b-9868-57a2d4851a1d" relativeResultsDirectory="a1774fc2-8281-4b51-852b-41d85a427015" />
    <UnitTestResult executionId="fc030b63-9598-4f4d-938d-6ca37fcd8aaf" testId="0c7ffc0d-2285-6196-6aa9-36fdf4416888" testName="FS.GG.Contracts.Tests.SkillRegistryValidatorTests.the previously declared scopes still validate(scope: &quot;operator&quot;)" computerName="c2756152e150" duration="00:00:00.0000023" startTime="2026-08-23T10:17:45.8814117+02:00" endTime="2026-08-23T10:17:45.8814200+02:00" testType="13cdc9d9-ddb5-4fa4-a97d-d965ccfc6d4b" outcome="Passed" testListId="8c84fa94-04c1-424b-9868-57a2d4851a1d" relativeResultsDirectory="fc030b63-9598-4f4d-938d-6ca37fcd8aaf" />
    <UnitTestResult executionId="093548db-3258-4abf-8dad-928fb0eec02a" testId="7c73d13e-323a-2632-b9ba-67227947ddee" testName="FS.GG.Contracts.Tests.SkillMirrorTests.sha256Bytes refuses both files the string entry point collided" computerName="c2756152e150" duration="00:00:00.0004025" startTime="2026-08-23T10:17:45.9799975+02:00" endTime="2026-08-23T10:17:45.9801021+02:00" testType="13cdc9d9-ddb5-4fa4-a97d-d965ccfc6d4b" outcome="Passed" testListId="8c84fa94-04c1-424b-9868-57a2d4851a1d" relativeResultsDirectory="093548db-3258-4abf-8dad-928fb0eec02a" />
    <UnitTestResult executionId="f5bc953b-cd71-45a7-8353-6d62550342e1" testId="e2183625-aa31-c1ee-c826-b7e9c96c7c2d" testName="FS.GG.Contracts.Tests.RegistryDocumentTests.coherent document is Valid" computerName="c2756152e150" duration="00:00:00.0002117" startTime="2026-08-23T10:17:45.8797895+02:00" endTime="2026-08-23T10:17:45.8798830+02:00" testType="13cdc9d9-ddb5-4fa4-a97d-d965ccfc6d4b" outcome="Passed" testListId="8c84fa94-04c1-424b-9868-57a2d4851a1d" relativeResultsDirectory="f5bc953b-cd71-45a7-8353-6d62550342e1" />
    <UnitTestResult executionId="40ae86a9-b810-489c-bc49-57a96ce5ef0b" testId="1cc3c26b-50ca-2333-b5d2-d7d279159cff" testName="FS.GG.Contracts.Tests.RegistryDocumentTests.US2: a blank consumers entry reports MissingField, and does not read as empty" computerName="c2756152e150" duration="00:00:00.0003290" startTime="2026-08-23T10:17:45.8799957+02:00" endTime="2026-08-23T10:17:45.8803639+02:00" testType="13cdc9d9-ddb5-4fa4-a97d-d965ccfc6d4b" outcome="Passed" testListId="8c84fa94-04c1-424b-9868-57a2d4851a1d" relativeResultsDirectory="40ae86a9-b810-489c-bc49-57a96ce5ef0b" />
    <UnitTestResult executionId="d11857df-fee1-4ae3-8e78-ea9a7a30d0e5" testId="2d8ddeeb-7821-eff4-b547-06f1464161bf" testName="FS.GG.Contracts.Tests.VersionTests.tryParse rejects non-triples(text: &quot;1&quot;)" computerName="c2756152e150" duration="00:00:00.0000017" startTime="2026-08-23T10:17:45.8734097+02:00" endTime="2026-08-23T10:17:45.8734184+02:00" testType="13cdc9d9-ddb5-4fa4-a97d-d965ccfc6d4b" outcome="Passed" testListId="8c84fa94-04c1-424b-9868-57a2d4851a1d" relativeResultsDirectory="d11857df-fee1-4ae3-8e78-ea9a7a30d0e5" />
    <UnitTestResult executionId="fff13a92-b302-4975-94ff-b15fd701e8e7" testId="474586a0-00f2-fc01-7219-4ec99522a6b2" testName="FS.GG.Contracts.Tests.SkillRegistryValidatorTests.an absent mirrored is Unspecified, and Unspecified is not Declared false" computerName="c2756152e150" duration="00:00:00.0003069" startTime="2026-08-23T10:17:45.8847816+02:00" endTime="2026-08-23T10:17:45.8851614+02:00" testType="13cdc9d9-ddb5-4fa4-a97d-d965ccfc6d4b" outcome="Passed" testListId="8c84fa94-04c1-424b-9868-57a2d4851a1d" relativeResultsDirectory="fff13a92-b302-4975-94ff-b15fd701e8e7" />
    <UnitTestResult executionId="0e92ccd5-fbc3-41ab-a9f5-c54871e16499" testId="d52717fd-1b45-b752-4e4c-2e5ab76452d9" testName="FS.GG.Contracts.Tests.SkillMirrorTests.every committed skill file keeps its digest under the byte seam" computerName="c2756152e150" duration="00:00:00.0297310" startTime="2026-08-23T10:17:45.9493648+02:00" endTime="2026-08-23T10:17:45.9787097+02:00" testType="13cdc9d9-ddb5-4fa4-a97d-d965ccfc6d4b" outcome="Passed" testListId="8c84fa94-04c1-424b-9868-57a2d4851a1d" relativeResultsDirectory="0e92ccd5-fbc3-41ab-a9f5-c54871e16499" />
    <UnitTestResult executionId="cddf968c-922b-447c-9f9d-b92d81361139" testId="4022dd47-bde6-b8c9-e764-80358b655b29" testName="FS.GG.Contracts.Tests.RegistryDocumentTests.US3-045: 4-segment version 1.2.1.1 is accepted on both version and package-version" computerName="c2756152e150" duration="00:00:00.0001145" startTime="2026-08-23T10:17:45.8861122+02:00" endTime="2026-08-23T10:17:45.8861201+02:00" testType="13cdc9d9-ddb5-4fa4-a97d-d965ccfc6d4b" outcome="Passed" testListId="8c84fa94-04c1-424b-9868-57a2d4851a1d" relativeResultsDirectory="cddf968c-922b-447c-9f9d-b92d81361139" />
    <UnitTestResult executionId="68f4520a-7599-4356-bfdd-cefda9278fa7" testId="34e69c45-97a6-843a-f7fe-43ecc371838c" testName="FS.GG.Contracts.Tests.RegistryDocumentTests.US2: repo-to-repo dependency edge is accepted" computerName="c2756152e150" duration="00:00:00.0000823" startTime="2026-08-23T10:17:45.8854834+02:00" endTime="2026-08-23T10:17:45.8856944+02:00" testType="13cdc9d9-ddb5-4fa4-a97d-d965ccfc6d4b" outcome="Passed" testListId="8c84fa94-04c1-424b-9868-57a2d4851a1d" relativeResultsDirectory="68f4520a-7599-4356-bfdd-cefda9278fa7" />
    <UnitTestResult executionId="afddd9a6-1d34-4734-8c4c-4da34c2d890f" testId="88490ef0-5bf4-dd25-d4e2-c09a878bcc26" testName="FS.GG.Contracts.Tests.VersionTests.compare yields None when either side is unparseable(l: &quot;bad&quot;, r: &quot;worse&quot;)" computerName="c2756152e150" duration="00:00:00.0001301" startTime="2026-08-23T10:17:45.8773919+02:00" endTime="2026-08-23T10:17:45.8776968+02:00" testType="13cdc9d9-ddb5-4fa4-a97d-d965ccfc6d4b" outcome="Passed" testListId="8c84fa94-04c1-424b-9868-57a2d4851a1d" relativeResultsDirectory="afddd9a6-1d34-4734-8c4c-4da34c2d890f" />
    <UnitTestResult executionId="2ed9f551-e62b-4c2a-84eb-a60adc8376d4" testId="7a5c6e85-9bc4-f7aa-3b41-ff3bc0773af1" testName="FS.GG.Contracts.Tests.SkillMirrorTests.skillFilePath places a file inside the skill directory and agrees with skillPath" computerName="c2756152e150" duration="00:00:00.0000276" startTime="2026-08-23T10:17:46.0007472+02:00" endTime="2026-08-23T10:17:46.0007547+02:00" testType="13cdc9d9-ddb5-4fa4-a97d-d965ccfc6d4b" outcome="Passed" testListId="8c84fa94-04c1-424b-9868-57a2d4851a1d" relativeResultsDirectory="2ed9f551-e62b-4c2a-84eb-a60adc8376d4" />
    <UnitTestResult executionId="2417ca27-d2bc-4235-98dd-5a2bbdbae5fb" testId="cc638863-1791-5cec-03bf-5a160c695fc0" testName="FS.GG.Contracts.Tests.VersionTests.tryParse rejects whitespace and signs(text: &quot;1. 2.+3&quot;)" computerName="c2756152e150" duration="00:00:00.0000007" startTime="2026-08-23T10:17:45.8768885+02:00" endTime="2026-08-23T10:17:45.8768957+02:00" testType="13cdc9d9-ddb5-4fa4-a97d-d965ccfc6d4b" outcome="Passed" testListId="8c84fa94-04c1-424b-9868-57a2d4851a1d" relativeResultsDirectory="2417ca27-d2bc-4235-98dd-5a2bbdbae5fb" />
    <UnitTestResult executionId="65cbaf6c-f060-466e-a7bc-e236cd5f7b64" testId="88690344-a7b4-5fb0-2ef8-71e0dd12a6f2" testName="FS.GG.Contracts.Tests.SchemaVersionConstantTests.Governance-owned schema versions equal the declared reference values" computerName="c2756152e150" duration="00:00:00.0000435" startTime="2026-08-23T10:17:45.8845034+02:00" endTime="2026-08-23T10:17:45.8845972+02:00" testType="13cdc9d9-ddb5-4fa4-a97d-d965ccfc6d4b" outcome="Passed" testListId="8c84fa94-04c1-424b-9868-57a2d4851a1d" relativeResultsDirectory="65cbaf6c-f060-466e-a7bc-e236cd5f7b64" />
    <UnitTestResult executionId="d7dbaf1b-ed0f-460b-a5cb-a79157640d8d" testId="70641f3e-e1a6-1df1-288c-00082d2c13ef" testName="FS.GG.Contracts.Tests.VersionTests.tryParse rejects non-triples(text: &quot;1.2.3.4&quot;)" computerName="c2756152e150" duration="00:00:00.0000005" startTime="2026-08-23T10:17:45.8741670+02:00" endTime="2026-08-23T10:17:45.8741932+02:00" testType="13cdc9d9-ddb5-4fa4-a97d-d965ccfc6d4b" outcome="Passed" testListId="8c84fa94-04c1-424b-9868-57a2d4851a1d" relativeResultsDirectory="d7dbaf1b-ed0f-460b-a5cb-a79157640d8d" />
    <UnitTestResult executionId="3b2b613c-7bc1-4463-ac25-af428a332f01" testId="24d7ee13-8661-f290-e6af-0b313450793d" testName="FS.GG.Contracts.Tests.SkillMirrorTests.verifyFileSet reports a declared file missing from EVERY root" computerName="c2756152e150" duration="00:00:00.0002888" startTime="2026-08-23T10:17:45.9153843+02:00" endTime="2026-08-23T10:17:45.9156028+02:00" testType="13cdc9d9-ddb5-4fa4-a97d-d965ccfc6d4b" outcome="Passed" testListId="8c84fa94-04c1-424b-9868-57a2d4851a1d" relativeResultsDirectory="3b2b613c-7bc1-4463-ac25-af428a332f01" />
    <UnitTestResult executionId="1e79c1fd-d6e8-4fa4-b1f7-31e0e23932e0" testId="c510291a-6067-c58b-9f31-c577c6e77c06" testName="FS.GG.Contracts.Tests.SkillMirrorTests.verifyObservedFileSet withholds a DECLARED file the caller could not observe" computerName="c2756152e150" duration="00:00:00.0001716" startTime="2026-08-23T10:17:46.0001779+02:00" endTime="2026-08-23T10:17:46.0003425+02:00" testType="13cdc9d9-ddb5-4fa4-a97d-d965ccfc6d4b" outcome="Passed" testListId="8c84fa94-04c1-424b-9868-57a2d4851a1d" relativeResultsDirectory="1e79c1fd-d6e8-4fa4-b1f7-31e0e23932e0" />
    <UnitTestResult executionId="0106b4ea-7179-4ffb-b816-526ff6611e21" testId="26159eed-179b-2c99-9c24-14bc48bdcefb" testName="FS.GG.Contracts.Tests.SkillMirrorTests.verifyFileSet returns drifted skills sorted by id" computerName="c2756152e150" duration="00:00:00.0002197" startTime="2026-08-23T10:17:45.9052934+02:00" endTime="2026-08-23T10:17:45.9053073+02:00" testType="13cdc9d9-ddb5-4fa4-a97d-d965ccfc6d4b" outcome="Passed" testListId="8c84fa94-04c1-424b-9868-57a2d4851a1d" relativeResultsDirectory="0106b4ea-7179-4ffb-b816-526ff6611e21" />
    <UnitTestResult executionId="ad17d753-fac8-4128-8950-485cb67358b7" testId="dea14ff6-c434-9753-0d6a-83c601ea6d0d" testName="FS.GG.Contracts.Tests.RegistryValidatorTests.blank edge field reports MissingField naming the field" computerName="c2756152e150" duration="00:00:00.0119304" startTime="2026-08-23T10:17:45.8510895+02:00" endTime="2026-08-23T10:17:45.8788884+02:00" testType="13cdc9d9-ddb5-4fa4-a97d-d965ccfc6d4b" outcome="Passed" testListId="8c84fa94-04c1-424b-9868-57a2d4851a1d" relativeResultsDirectory="ad17d753-fac8-4128-8950-485cb67358b7" />
    <UnitTestResult executionId="80a9071e-b816-468d-87e3-5e67a258eeb8" testId="7db9576f-153b-f2c4-fd75-125c5467bac6" testName="FS.GG.Contracts.Tests.ProviderDescriptorTests.descriptor with no declared commands exposes them as absent" computerName="c2756152e150" duration="00:00:00.0001604" startTime="2026-08-23T10:17:45.8790620+02:00" endTime="2026-08-23T10:17:45.8790699+02:00" testType="13cdc9d9-ddb5-4fa4-a97d-d965ccfc6d4b" outcome="Passed" testListId="8c84fa94-04c1-424b-9868-57a2d4851a1d" relativeResultsDirectory="80a9071e-b816-468d-87e3-5e67a258eeb8" />
    <UnitTestResult executionId="1bf8891c-1de8-432f-9188-8bdc269bf4fb" testId="fe3acd45-ff73-8b27-7656-fa7c44c3a105" testName="FS.GG.Contracts.Tests.SkillMirrorTests.verifyFiles keeps a whole-copy absence at the SKILL level" computerName="c2756152e150" duration="00:00:00.0002419" startTime="2026-08-23T10:17:45.9938544+02:00" endTime="2026-08-23T10:17:45.9940290+02:00" testType="13cdc9d9-ddb5-4fa4-a97d-d965ccfc6d4b" outcome="Passed" testListId="8c84fa94-04c1-424b-9868-57a2d4851a1d" relativeResultsDirectory="1bf8891c-1de8-432f-9188-8bdc269bf4fb" />
    <UnitTestResult executionId="c0edc3f7-31ca-4b40-9a53-870d1a2c1780" testId="c6f9d0e2-3ac4-12af-d82f-cb3ea87ca943" testName="FS.GG.Contracts.Tests.SkillRegistryValidatorTests.an uppercase sha256 is malformed" computerName="c2756152e150" duration="00:00:00.0044832" startTime="2026-08-23T10:17:45.8772170+02:00" endTime="2026-08-23T10:17:45.8802625+02:00" testType="13cdc9d9-ddb5-4fa4-a97d-d965ccfc6d4b" outcome="Passed" testListId="8c84fa94-04c1-424b-9868-57a2d4851a1d" relativeResultsDirectory="c0edc3f7-31ca-4b40-9a53-870d1a2c1780" />
    <UnitTestResult executionId="2a9b5b9d-b39f-42ef-bd77-3151ba1da1bf" testId="b4b37731-c7ae-14fc-5d26-11dcadfb2ff4" testName="FS.GG.Contracts.Tests.SkillRegistryValidatorTests.a blank id is a MissingField" computerName="c2756152e150" duration="00:00:00.0001129" startTime="2026-08-23T10:17:45.8838534+02:00" endTime="2026-08-23T10:17:45.8839507+02:00" testType="13cdc9d9-ddb5-4fa4-a97d-d965ccfc6d4b" outcome="Passed" testListId="8c84fa94-04c1-424b-9868-57a2d4851a1d" relativeResultsDirectory="2a9b5b9d-b39f-42ef-bd77-3151ba1da1bf" />
    <UnitTestResult executionId="beae49ee-e6a3-46f7-b3cc-66b4e6b8b8f6" testId="45bac10f-f45c-9c96-b54b-fea8dc715fc4" testName="FS.GG.Contracts.Tests.RegistryValidatorTests.incomplete component (missing required field) reports MissingField naming the entry" computerName="c2756152e150" duration="00:00:00.0007359" startTime="2026-08-23T10:17:45.8800617+02:00" endTime="2026-08-23T10:17:45.8815222+02:00" testType="13cdc9d9-ddb5-4fa4-a97d-d965ccfc6d4b" outcome="Passed" testListId="8c84fa94-04c1-424b-9868-57a2d4851a1d" relativeResultsDirectory="beae49ee-e6a3-46f7-b3cc-66b4e6b8b8f6" />
    <UnitTestResult executionId="32279c86-96c8-4eec-b001-beb91585e84a" testId="48193823-b7c1-7717-e779-cec064ae1553" testName="FS.GG.Contracts.Tests.VersionTests.tryParse rejects non-triples(text: &quot;&quot;)" computerName="c2756152e150" duration="00:00:00.0001248" startTime="2026-08-23T10:17:45.8733256+02:00" endTime="2026-08-23T10:17:45.8733403+02:00" testType="13cdc9d9-ddb5-4fa4-a97d-d965ccfc6d4b" outcome="Passed" testListId="8c84fa94-04c1-424b-9868-57a2d4851a1d" relativeResultsDirectory="32279c86-96c8-4eec-b001-beb91585e84a" />
    <UnitTestResult executionId="60886ded-a642-4f64-be25-84f3f74e797b" testId="d51e5ecd-1619-1a86-ee3b-0fdd6cf5ee47" testName="FS.GG.Contracts.Tests.RegistryDocumentTests.wire: code-first-protobuf-net missing surface reports MissingField naming the field" computerName="c2756152e150" duration="00:00:00.0000841" startTime="2026-08-23T10:17:45.8864931+02:00" endTime="2026-08-23T10:17:45.8865008+02:00" testType="13cdc9d9-ddb5-4fa4-a97d-d965ccfc6d4b" outcome="Passed" testListId="8c84fa94-04c1-424b-9868-57a2d4851a1d" relativeResultsDirectory="60886ded-a642-4f64-be25-84f3f74e797b" />
    <UnitTestResult executionId="78230a77-d906-4e11-aa51-94d55106b85c" testId="74516f05-32bb-8087-2494-e631dfdd9021" testName="FS.GG.Contracts.Tests.RegistryDocumentTests.US3-045: 4-segment version composes with a prerelease tag (1.2.1.1-preview.1)" computerName="c2756152e150" duration="00:00:00.0001186" startTime="2026-08-23T10:17:45.8850219+02:00" endTime="2026-08-23T10:17:45.8850322+02:00" testType="13cdc9d9-ddb5-4fa4-a97d-d965ccfc6d4b" outcome="Passed" testListId="8c84fa94-04c1-424b-9868-57a2d4851a1d" relativeResultsDirectory="78230a77-d906-4e11-aa51-94d55106b85c" />
    <UnitTestResult executionId="c7b3a1ed-8516-4b8e-bde4-1197880caeda" testId="38c9b4ab-0b7e-3a43-0a04-de106b7052e8" testName="FS.GG.Contracts.Tests.SkillMirrorTests.verify returns drifted skills sorted by id" computerName="c2756152e150" duration="00:00:00.0003155" startTime="2026-08-23T10:17:45.9789261+02:00" endTime="2026-08-23T10:17:45.9790362+02:00" testType="13cdc9d9-ddb5-4fa4-a97d-d965ccfc6d4b" outcome="Passed" testListId="8c84fa94-04c1-424b-9868-57a2d4851a1d" relativeResultsDirectory="c7b3a1ed-8516-4b8e-bde4-1197880caeda" />
    <UnitTestResult executionId="1cce9f37-861e-4a2a-a181-eebd7c34ab6c" testId="9588d2ae-527b-fc4b-b3b7-0f26598ff1ac" testName="FS.GG.Contracts.Tests.SkillRegistryValidatorTests.an absent materializes-when is valid" computerName="c2756152e150" duration="00:00:00.0001397" startTime="2026-08-23T10:17:45.8815132+02:00" endTime="2026-08-23T10:17:45.8816436+02:00" testType="13cdc9d9-ddb5-4fa4-a97d-d965ccfc6d4b" outcome="Passed" testListId="8c84fa94-04c1-424b-9868-57a2d4851a1d" relativeResultsDirectory="1cce9f37-861e-4a2a-a181-eebd7c34ab6c" />
    <UnitTestResult executionId="b4c04440-e3c2-443c-bb67-5192bbba3475" testId="a8b99995-ef50-c3df-95c0-135416bd8964" testName="FS.GG.Contracts.Tests.ProviderDescriptorTests.descriptor declaring commands exposes executable and arguments as authored" computerName="c2756152e150" duration="00:00:00.0032068" startTime="2026-08-23T10:17:45.8764396+02:00" endTime="2026-08-23T10:17:45.8779860+02:00" testType="13cdc9d9-ddb5-4fa4-a97d-d965ccfc6d4b" outcome="Passed" testListId="8c84fa94-04c1-424b-9868-57a2d4851a1d" relativeResultsDirectory="b4c04440-e3c2-443c-bb67-5192bbba3475" />
    <UnitTestResult executionId="fae6e408-a8c2-494e-9357-7ce2df4c0fba" testId="6aad5350-3325-0c35-e57f-946560e585a5" testName="FS.GG.Contracts.Tests.VersionTests.compare equal yields Some 0" computerName="c2756152e150" duration="00:00:00.0010399" startTime="2026-08-23T10:17:45.8778153+02:00" endTime="2026-08-23T10:17:45.8782302+02:00" testType="13cdc9d9-ddb5-4fa4-a97d-d965ccfc6d4b" outcome="Passed" testListId="8c84fa94-04c1-424b-9868-57a2d4851a1d" relativeResultsDirectory="fae6e408-a8c2-494e-9357-7ce2df4c0fba" />
    <UnitTestResult executionId="d5d59d3c-1421-44c8-b7ac-59c51f4b3a49" testId="07718432-d4b3-3db3-ea0b-0571dc3d9431" testName="FS.GG.Contracts.Tests.ProviderDescriptorTests.defaultNameParameter is name" computerName="c2756152e150" duration="00:00:00.0000402" startTime="2026-08-23T10:17:45.8788679+02:00" endTime="2026-08-23T10:17:45.8789494+02:00" testType="13cdc9d9-ddb5-4fa4-a97d-d965ccfc6d4b" outcome="Passed" testListId="8c84fa94-04c1-424b-9868-57a2d4851a1d" relativeResultsDirectory="d5d59d3c-1421-44c8-b7ac-59c51f4b3a49" />
    <UnitTestResult executionId="3470e114-85eb-48ce-8a50-595f5d8625b8" testId="3351737c-3715-56f8-8505-1b9fecdc319f" testName="FS.GG.Contracts.Tests.SkillMirrorTests.retargetSkillPath rewrites the tail verbatim into a target root" computerName="c2756152e150" duration="00:00:00.0000747" startTime="2026-08-23T10:17:45.9059439+02:00" endTime="2026-08-23T10:17:45.9059529+02:00" testType="13cdc9d9-ddb5-4fa4-a97d-d965ccfc6d4b" outcome="Passed" testListId="8c84fa94-04c1-424b-9868-57a2d4851a1d" relativeResultsDirectory="3470e114-85eb-48ce-8a50-595f5d8625b8" />
    <UnitTestResult executionId="04aa9cd9-1620-4e62-8c14-075ac76fddb7" testId="ef98775c-9f77-ea55-a66f-3d847c9c1c2b" testName="FS.GG.Contracts.Tests.SkillMirrorTests.verifyObservedFiles unions repeated entries for one copy rather than shadowing them" computerName="c2756152e150" duration="00:00:00.0011523" startTime="2026-08-23T10:17:45.8865946+02:00" endTime="2026-08-23T10:17:45.8866026+02:00" testType="13cdc9d9-ddb5-4fa4-a97d-d965ccfc6d4b" outcome="Passed" testListId="8c84fa94-04c1-424b-9868-57a2d4851a1d" relativeResultsDirectory="04aa9cd9-1620-4e62-8c14-075ac76fddb7" />
    <UnitTestResult executionId="28a1d3e7-16b6-49bb-a608-d8b3af55d7e7" testId="f8fbd87b-aa75-54df-f9ec-8e2ce3bef475" testName="FS.GG.Contracts.Tests.RegistryDelegationTests.in-range provider version stays Valid after delegation(range: &quot;&gt;=1.0.0 &lt;2.0.0&quot;)" computerName="c2756152e150" duration="00:00:00.0000100" startTime="2026-08-23T10:17:45.8809175+02:00" endTime="2026-08-23T10:17:45.8810144+02:00" testType="13cdc9d9-ddb5-4fa4-a97d-d965ccfc6d4b" outcome="Passed" testListId="8c84fa94-04c1-424b-9868-57a2d4851a1d" relativeResultsDirectory="28a1d3e7-16b6-49bb-a608-d8b3af55d7e7" />
    <UnitTestResult executionId="2146d99b-f017-4089-8bde-61eafde408b4" testId="db2f2f5b-fca2-05f7-ac68-76d20f765527" testName="FS.GG.Contracts.Tests.SkillMirrorTests.sha256 is stable lowercase hex over utf-8 bytes" computerName="c2756152e150" duration="00:00:00.0000738" startTime="2026-08-23T10:17:46.0006264+02:00" endTime="2026-08-23T10:17:46.0006339+02:00" testType="13cdc9d9-ddb5-4fa4-a97d-d965ccfc6d4b" outcome="Passed" testListId="8c84fa94-04c1-424b-9868-57a2d4851a1d" relativeResultsDirectory="2146d99b-f017-4089-8bde-61eafde408b4" />
    <UnitTestResult executionId="3448c0b7-7b9c-4c0f-9d15-a94293e5125e" testId="75a2962e-2b1f-d1e8-c233-2549fc5865a7" testName="FS.GG.Contracts.Tests.SkillMirrorTests.verifyObservedFiles normalizes separators and ignores the empty relative path" computerName="c2756152e150" duration="00:00:00.0001680" startTime="2026-08-23T10:17:45.9995514+02:00" endTime="2026-08-23T10:17:45.9996176+02:00" testType="13cdc9d9-ddb5-4fa4-a97d-d965ccfc6d4b" outcome="Passed" testListId="8c84fa94-04c1-424b-9868-57a2d4851a1d" relativeResultsDirectory="3448c0b7-7b9c-4c0f-9d15-a94293e5125e" />
    <UnitTestResult executionId="41baaa1b-1b5f-44d9-8c26-ab2fa86b5025" testId="bf249ed8-0747-b3af-6ee9-ac3a8d0c5b8f" testName="FS.GG.Contracts.Tests.SkillRegistryValidatorTests.the previously declared scopes still validate(scope: &quot;driver&quot;)" computerName="c2756152e150" duration="00:00:00.0001112" startTime="2026-08-23T10:17:45.8810891+02:00" endTime="2026-08-23T10:17:45.8811882+02:00" testType="13cdc9d9-ddb5-4fa4-a97d-d965ccfc6d4b" outcome="Passed" testListId="8c84fa94-04c1-424b-9868-57a2d4851a1d" relativeResultsDirectory="41baaa1b-1b5f-44d9-8c26-ab2fa86b5025" />
    <UnitTestResult executionId="033b7f92-31eb-45b9-9fa6-77805f5a0bbb" testId="43c250c5-8061-b8ca-dacc-31d28ddde110" testName="FS.GG.Contracts.Tests.ContractVersionTests.the major/minor/patch triple and ContractVersion.value cannot disagree" computerName="c2756152e150" duration="00:00:00.0148208" startTime="2026-08-23T10:17:45.8510364+02:00" endTime="2026-08-23T10:17:45.8820755+02:00" testType="13cdc9d9-ddb5-4fa4-a97d-d965ccfc6d4b" outcome="Passed" testListId="8c84fa94-04c1-424b-9868-57a2d4851a1d" relativeResultsDirectory="033b7f92-31eb-45b9-9fa6-77805f5a0bbb" />
    <UnitTestResult executionId="1db8bff7-e846-41b4-91c6-c8746c0625e3" testId="f1baff38-e781-92ce-62ec-25ddca0480c6" testName="FS.GG.Contracts.Tests.SkillMirrorTests.mirrorFiles is deterministic: skills by id, files by relative path, roots in order" computerName="c2756152e150" duration="00:00:00.0003009" startTime="2026-08-23T10:17:45.9957054+02:00" endTime="2026-08-23T10:17:45.9959953+02:00" testType="13cdc9d9-ddb5-4fa4-a97d-d965ccfc6d4b" outcome="Passed" testListId="8c84fa94-04c1-424b-9868-57a2d4851a1d" relativeResultsDirectory="1db8bff7-e846-41b4-91c6-c8746c0625e3" />
    <UnitTestResult executionId="6a8a78c3-00af-456b-816a-d4fe5e098398" testId="ade2c7e9-3be1-f625-f4ea-dd9f93499710" testName="FS.GG.Contracts.Tests.SkillMirrorTests.verifyObservedFileSet still reports a tampered file at the roots it did observe" computerName="c2756152e150" duration="00:00:00.0002001" startTime="2026-08-23T10:17:45.9943063+02:00" endTime="2026-08-23T10:17:45.9944562+02:00" testType="13cdc9d9-ddb5-4fa4-a97d-d965ccfc6d4b" outcome="Passed" testListId="8c84fa94-04c1-424b-9868-57a2d4851a1d" relativeResultsDirectory="6a8a78c3-00af-456b-816a-d4fe5e098398" />
    <UnitTestResult executionId="e0868122-b2c2-4a02-ac8d-19aaa455a55e" testId="d94968fa-4ef5-0c5a-1604-a67316e48603" testName="FS.GG.Contracts.Tests.SkillMirrorTests.mirrorFiles refuses a duplicated skill id rather than picking a winner" computerName="c2756152e150" duration="00:00:00.0003423" startTime="2026-08-23T10:17:45.9156704+02:00" endTime="2026-08-23T10:17:45.9159596+02:00" testType="13cdc9d9-ddb5-4fa4-a97d-d965ccfc6d4b" outcome="Passed" testListId="8c84fa94-04c1-424b-9868-57a2d4851a1d" relativeResultsDirectory="e0868122-b2c2-4a02-ac8d-19aaa455a55e" />
    <UnitTestResult executionId="f46e3677-4726-4e4d-8091-e8eb3a176f42" testId="a6977999-b924-1f80-f10d-2eb9c01bda9c" testName="FS.GG.Contracts.Tests.VersionTests.tryParse rejects whitespace and signs(text: &quot;1. 2.3&quot;)" computerName="c2756152e150" duration="00:00:00.0000006" startTime="2026-08-23T10:17:45.8770789+02:00" endTime="2026-08-23T10:17:45.8770880+02:00" testType="13cdc9d9-ddb5-4fa4-a97d-d965ccfc6d4b" outcome="Passed" testListId="8c84fa94-04c1-424b-9868-57a2d4851a1d" relativeResultsDirectory="f46e3677-4726-4e4d-8091-e8eb3a176f42" />
    <UnitTestResult executionId="832f606a-4bc6-46cd-959e-ad06116ce325" testId="d604cc35-d096-6395-5d6d-1ad3a9efb725" testName="FS.GG.Contracts.Tests.SkillMirrorTests.a well-formed UTF-16 or UTF-32 body decodes rather than being refused" computerName="c2756152e150" duration="00:00:00.0026636" startTime="2026-08-23T10:17:45.9024903+02:00" endTime="2026-08-23T10:17:45.9050603+02:00" testType="13cdc9d9-ddb5-4fa4-a97d-d965ccfc6d4b" outcome="Passed" testListId="8c84fa94-04c1-424b-9868-57a2d4851a1d" relativeResultsDirectory="832f606a-4bc6-46cd-959e-ad06116ce325" />
    <UnitTestResult executionId="462e52fb-98bb-4a85-b8cb-5385c1e92739" testId="dfa16388-54e0-cc83-e2fd-e2a056d19f36" testName="FS.GG.Contracts.Tests.SkillRegistryValidatorTests.an unknown but non-blank scope now validates - scope is structural, not an enum" computerName="c2756152e150" duration="00:00:00.0000686" startTime="2026-08-23T10:17:45.8856853+02:00" endTime="2026-08-23T10:17:45.8857610+02:00" testType="13cdc9d9-ddb5-4fa4-a97d-d965ccfc6d4b" outcome="Passed" testListId="8c84fa94-04c1-424b-9868-57a2d4851a1d" relativeResultsDirectory="462e52fb-98bb-4a85-b8cb-5385c1e92739" />
    <UnitTestResult executionId="3d4b6e25-74cd-4b5f-9a68-aaa734a763ba" testId="ce2c1f23-1723-75ff-7097-02f4d25a7b01" testName="FS.GG.Contracts.Tests.ContractVersionTests.contract version self-report matches 7_5_2" computerName="c2756152e150" duration="00:00:00.0002982" startTime="2026-08-23T10:17:45.8834607+02:00" endTime="2026-08-23T10:17:45.8837207+02:00" testType="13cdc9d9-ddb5-4fa4-a97d-d965ccfc6d4b" outcome="Passed" testListId="8c84fa94-04c1-424b-9868-57a2d4851a1d" relativeResultsDirectory="3d4b6e25-74cd-4b5f-9a68-aaa734a763ba" />
    <UnitTestResult executionId="ce2a737c-90c0-4392-858d-349241700d7d" testId="c7ad4a3d-c3ce-480e-092d-4d56f173aee0" testName="FS.GG.Contracts.Tests.SchemaVersionConstantTests.SDD-owned schema versions equal today's emitted values" computerName="c2756152e150" duration="00:00:00.0017799" startTime="2026-08-23T10:17:45.8767029+02:00" endTime="2026-08-23T10:17:45.8772266+02:00" testType="13cdc9d9-ddb5-4fa4-a97d-d965ccfc6d4b" outcome="Passed" testListId="8c84fa94-04c1-424b-9868-57a2d4851a1d" relativeResultsDirectory="ce2a737c-90c0-4392-858d-349241700d7d" />
    <UnitTestResult executionId="c538d363-e242-4d9d-b9b0-dd62bbe06d58" testId="9b64a368-4b10-6526-8371-42cc8b6d2eb4" testName="FS.GG.Contracts.Tests.RegistryDelegationTests.out-of-range provider version reports IncompatibleVersion after delegation(range: &quot;&gt;1.0.0&quot;)" computerName="c2756152e150" duration="00:00:00.0000194" startTime="2026-08-23T10:17:45.8799770+02:00" endTime="2026-08-23T10:17:45.8800343+02:00" testType="13cdc9d9-ddb5-4fa4-a97d-d965ccfc6d4b" outcome="Passed" testListId="8c84fa94-04c1-424b-9868-57a2d4851a1d" relativeResultsDirectory="c538d363-e242-4d9d-b9b0-dd62bbe06d58" />
    <UnitTestResult executionId="660335fb-2182-45a8-92d2-f69a97acfca9" testId="a389f544-0fcd-f8ae-a13c-97f62e064640" testName="FS.GG.Contracts.Tests.SkillMirrorTests.skillPath is &lt;root&gt;/skills/&lt;id&gt;/SKILL_md" computerName="c2756152e150" duration="00:00:00.0000314" startTime="2026-08-23T10:17:45.9933124+02:00" endTime="2026-08-23T10:17:45.9933226+02:00" testType="13cdc9d9-ddb5-4fa4-a97d-d965ccfc6d4b" outcome="Passed" testListId="8c84fa94-04c1-424b-9868-57a2d4851a1d" relativeResultsDirectory="660335fb-2182-45a8-92d2-f69a97acfca9" />
    <UnitTestResult executionId="f9ef6a3d-1bf1-4ca8-9652-2d64cd6fda40" testId="0839cd4f-0b6c-1b0f-55d6-bb03a1a73c90" testName="FS.GG.Contracts.Tests.SkillRegistryValidatorTests.a declared true and a declared false are both valid, and both survive as declared" computerName="c2756152e150" duration="00:00:00.0002399" startTime="2026-08-23T10:17:45.8860566+02:00" endTime="2026-08-23T10:17:45.8863361+02:00" testType="13cdc9d9-ddb5-4fa4-a97d-d965ccfc6d4b" outcome="Passed" testListId="8c84fa94-04c1-424b-9868-57a2d4851a1d" relativeResultsDirectory="f9ef6a3d-1bf1-4ca8-9652-2d64cd6fda40" />
    <UnitTestResult executionId="ecc41b17-e9e1-4157-b1f9-76bb1aca203b" testId="f91d3138-7ff4-6103-1205-4505e011cc29" testName="FS.GG.Contracts.Tests.RegistryDocumentTests.US2: an empty consumers is Valid on a package-bearing contract too" computerName="c2756152e150" duration="00:00:00.0002725" startTime="2026-08-23T10:17:45.8811802+02:00" endTime="2026-08-23T10:17:45.8815321+02:00" testType="13cdc9d9-ddb5-4fa4-a97d-d965ccfc6d4b" outcome="Passed" testListId="8c84fa94-04c1-424b-9868-57a2d4851a1d" relativeResultsDirectory="ecc41b17-e9e1-4157-b1f9-76bb1aca203b" />
    <UnitTestResult executionId="19c66e6d-e4f3-4179-aff8-57ae5918da3b" testId="595d57b7-1fbc-0718-cc6b-354ead80413d" testName="FS.GG.Contracts.Tests.RegistryDocumentTests.wire: a well-formed vendored-proto is Valid" computerName="c2756152e150" duration="00:00:00.0099520" startTime="2026-08-23T10:17:45.8521620+02:00" endTime="2026-08-23T10:17:45.8774012+02:00" testType="13cdc9d9-ddb5-4fa4-a97d-d965ccfc6d4b" outcome="Passed" testListId="8c84fa94-04c1-424b-9868-57a2d4851a1d" relativeResultsDirectory="19c66e6d-e4f3-4179-aff8-57ae5918da3b" />
    <UnitTestResult executionId="3ce243d7-75d7-4e25-be6c-e2b69f65e737" testId="42b18763-52fb-1369-fe5a-a92079e5685f" testName="FS.GG.Contracts.Tests.SkillMirrorTests.verifyFileSet with an EMPTY declaration skips hash-match entirely" computerName="c2756152e150" duration="00:00:00.0037221" startTime="2026-08-23T10:17:45.8986375+02:00" endTime="2026-08-23T10:17:45.9023553+02:00" testType="13cdc9d9-ddb5-4fa4-a97d-d965ccfc6d4b" outcome="Passed" testListId="8c84fa94-04c1-424b-9868-57a2d4851a1d" relativeResultsDirectory="3ce243d7-75d7-4e25-be6c-e2b69f65e737" />
    <UnitTestResult executionId="affb9d88-4b62-4087-9eaa-d40f0db86ade" testId="259bbfae-df22-da1d-f3bd-8dad854df7a8" testName="FS.GG.Contracts.Tests.SkillMirrorTests.verifyFiles reports a divergent AUXILIARY file and names it" computerName="c2756152e150" duration="00:00:00.0001554" startTime="2026-08-23T10:17:45.9934124+02:00" endTime="2026-08-23T10:17:45.9934500+02:00" testType="13cdc9d9-ddb5-4fa4-a97d-d965ccfc6d4b" outcome="Passed" testListId="8c84fa94-04c1-424b-9868-57a2d4851a1d" relativeResultsDirectory="affb9d88-4b62-4087-9eaa-d40f0db86ade" />
    <UnitTestResult executionId="a841edbe-c213-4c6c-927d-2d21d6ab570d" testId="3cec38a2-f6ab-9310-7f04-25bb606a81ac" testName="FS.GG.Contracts.Tests.SkillMirrorTests.verifyFileSet is clean when every declared file matches" computerName="c2756152e150" duration="00:00:00.0001736" startTime="2026-08-23T10:17:45.9940834+02:00" endTime="2026-08-23T10:17:45.9942217+02:00" testType="13cdc9d9-ddb5-4fa4-a97d-d965ccfc6d4b" outcome="Passed" testListId="8c84fa94-04c1-424b-9868-57a2d4851a1d" relativeResultsDirectory="a841edbe-c213-4c6c-927d-2d21d6ab570d" />
    <UnitTestResult executionId="57d6e51d-de06-4cbb-a30e-aefae240a0f9" testId="3d4ddb08-ac6d-dc52-12a1-bef1dbd284e0" testName="FS.GG.Contracts.Tests.SkillMirrorTests.mirror sorts skills by id for a deterministic effect order" computerName="c2756152e150" duration="00:00:00.0006099" startTime="2026-08-23T10:17:45.9141657+02:00" endTime="2026-08-23T10:17:45.9146740+02:00" testType="13cdc9d9-ddb5-4fa4-a97d-d965ccfc6d4b" outcome="Passed" testListId="8c84fa94-04c1-424b-9868-57a2d4851a1d" relativeResultsDirectory="57d6e51d-de06-4cbb-a30e-aefae240a0f9" />
    <UnitTestResult executionId="f0bab3be-ea60-4017-99a0-d43a9b7e17ee" testId="aabd504d-e8e7-9863-2393-1508a7b333a7" testName="FS.GG.Contracts.Tests.RegistryValidatorTests.non-SemVer version reports MalformedVersion" computerName="c2756152e150" duration="00:00:00.0005005" startTime="2026-08-23T10:17:45.8816355+02:00" endTime="2026-08-23T10:17:45.8822082+02:00" testType="13cdc9d9-ddb5-4fa4-a97d-d965ccfc6d4b" outcome="Passed" testListId="8c84fa94-04c1-424b-9868-57a2d4851a1d" relativeResultsDirectory="f0bab3be-ea60-4017-99a0-d43a9b7e17ee" />
    <UnitTestResult executionId="dae2d3ef-bea7-4f08-8229-252ac299c0e4" testId="b31ae159-9a70-3fe6-a2e9-7a4c0d050c27" testName="FS.GG.Contracts.Tests.VersionTests.tryParse rejects non-triples(text: &quot;v1.2.3&quot;)" computerName="c2756152e150" duration="00:00:00.0000035" startTime="2026-08-23T10:17:45.8734592+02:00" endTime="2026-08-23T10:17:45.8740711+02:00" testType="13cdc9d9-ddb5-4fa4-a97d-d965ccfc6d4b" outcome="Passed" testListId="8c84fa94-04c1-424b-9868-57a2d4851a1d" relativeResultsDirectory="dae2d3ef-bea7-4f08-8229-252ac299c0e4" />
    <UnitTestResult executionId="0af20e1d-2483-4cd8-b6c6-7fbff5dedb44" testId="ee380fc2-3560-bcc2-9312-5e680b64e1c5" testName="FS.GG.Contracts.Tests.RegistryDocumentTests.US3: malformed range still reports MalformedVersion" computerName="c2756152e150" duration="00:00:00.0000832" startTime="2026-08-23T10:17:45.8864362+02:00" endTime="2026-08-23T10:17:45.8864440+02:00" testType="13cdc9d9-ddb5-4fa4-a97d-d965ccfc6d4b" outcome="Passed" testListId="8c84fa94-04c1-424b-9868-57a2d4851a1d" relativeResultsDirectory="0af20e1d-2483-4cd8-b6c6-7fbff5dedb44" />
    <UnitTestResult executionId="74281b74-5246-4a6c-9c05-a121f671394e" testId="9d25b83d-0468-a0b3-4f1c-cce7795de435" testName="FS.GG.Contracts.Tests.SkillMirrorTests.verifyFileSet normalizes declared and observed relative paths alike" computerName="c2756152e150" duration="00:00:00.0003042" startTime="2026-08-23T10:17:45.9492907+02:00" endTime="2026-08-23T10:17:45.9493016+02:00" testType="13cdc9d9-ddb5-4fa4-a97d-d965ccfc6d4b" outcome="Passed" testListId="8c84fa94-04c1-424b-9868-57a2d4851a1d" relativeResultsDirectory="74281b74-5246-4a6c-9c05-a121f671394e" />
    <UnitTestResult executionId="211016b7-0489-4c8e-83a6-afb588c5085d" testId="759541cc-bcc2-5a83-426f-f178573e9dc8" testName="FS.GG.Contracts.Tests.RegistryDocumentTests.US2: dependency edge to a non-repo id reports UnknownComponent" computerName="c2756152e150" duration="00:00:00.0001105" startTime="2026-08-23T10:17:45.8851525+02:00" endTime="2026-08-23T10:17:45.8852202+02:00" testType="13cdc9d9-ddb5-4fa4-a97d-d965ccfc6d4b" outcome="Passed" testListId="8c84fa94-04c1-424b-9868-57a2d4851a1d" relativeResultsDirectory="211016b7-0489-4c8e-83a6-afb588c5085d" />
    <UnitTestResult executionId="e140ec15-1ca2-4c30-bbe6-799178d8c1ee" testId="41a86e15-bae3-44c3-b840-e816080a3c2c" testName="FS.GG.Contracts.Tests.RegistryDocumentTests.US3: bare-integer and prerelease versions are accepted" computerName="c2756152e150" duration="00:00:00.0001261" startTime="2026-08-23T10:17:45.8816256+02:00" endTime="2026-08-23T10:17:45.8817020+02:00" testType="13cdc9d9-ddb5-4fa4-a97d-d965ccfc6d4b" outcome="Passed" testListId="8c84fa94-04c1-424b-9868-57a2d4851a1d" relativeResultsDirectory="e140ec15-1ca2-4c30-bbe6-799178d8c1ee" />
    <UnitTestResult executionId="ae2817e9-89e1-4547-9928-9dcf6cb7d73c" testId="03fd3531-b589-b565-8556-4112aa1ece79" testName="FS.GG.Contracts.Tests.ProviderDescriptorTests.isMalformed is false for a declared executable" computerName="c2756152e150" duration="00:00:00.0002364" startTime="2026-08-23T10:17:45.8782216+02:00" endTime="2026-08-23T10:17:45.8782968+02:00" testType="13cdc9d9-ddb5-4fa4-a97d-d965ccfc6d4b" outcome="Passed" testListId="8c84fa94-04c1-424b-9868-57a2d4851a1d" relativeResultsDirectory="ae2817e9-89e1-4547-9928-9dcf6cb7d73c" />
    <UnitTestResult executionId="8eba68ff-b06a-4454-a861-bdd9c1adc4d1" testId="545a3db1-3b23-c804-dbc8-e6f2f1d25afe" testName="FS.GG.Contracts.Tests.RegistryDocumentTests.US2: owner 'github' is accepted (repo ids plus github)" computerName="c2756152e150" duration="00:00:00.0000670" startTime="2026-08-23T10:17:45.8857529+02:00" endTime="2026-08-23T10:17:45.8858295+02:00" testType="13cdc9d9-ddb5-4fa4-a97d-d965ccfc6d4b" outcome="Passed" testListId="8c84fa94-04c1-424b-9868-57a2d4851a1d" relativeResultsDirectory="8eba68ff-b06a-4454-a861-bdd9c1adc4d1" />
    <UnitTestResult executionId="937d8abd-9d52-4187-a468-21c5490ea62b" testId="eed08238-347e-a1f9-1a21-9ac79e7edf86" testName="FS.GG.Contracts.Tests.SkillRegistryValidatorTests.a blank materializes-when is malformed - omit the key for the always default" computerName="c2756152e150" duration="00:00:00.0001814" startTime="2026-08-23T10:17:45.8837055+02:00" endTime="2026-08-23T10:17:45.8837658+02:00" testType="13cdc9d9-ddb5-4fa4-a97d-d965ccfc6d4b" outcome="Passed" testListId="8c84fa94-04c1-424b-9868-57a2d4851a1d" relativeResultsDirectory="937d8abd-9d52-4187-a468-21c5490ea62b" />
    <UnitTestResult executionId="f366d7e3-174b-4e19-9733-fcde5f6a3023" testId="60c4b5d2-1a0c-fdbb-4a64-754e6a9c762b" testName="FS.GG.Contracts.Tests.SkillMirrorTests.mirrorFiles refuses a CASE-ONLY duplicate that a case-insensitive filesystem would flatten" computerName="c2756152e150" duration="00:00:00.0001495" startTime="2026-08-23T10:17:46.0000154+02:00" endTime="2026-08-23T10:17:46.0001283+02:00" testType="13cdc9d9-ddb5-4fa4-a97d-d965ccfc6d4b" outcome="Passed" testListId="8c84fa94-04c1-424b-9868-57a2d4851a1d" relativeResultsDirectory="f366d7e3-174b-4e19-9733-fcde5f6a3023" />
    <UnitTestResult executionId="bafd2dfd-6304-4027-81e2-ec3c94781431" testId="eed55e24-7748-17a4-938d-78fa17fc18f6" testName="FS.GG.Contracts.Tests.SkillMirrorTests.retargetSkillPath carries an AUXILIARY tail verbatim into a target root" computerName="c2756152e150" duration="00:00:00.0000615" startTime="2026-08-23T10:17:45.9893624+02:00" endTime="2026-08-23T10:17:45.9893742+02:00" testType="13cdc9d9-ddb5-4fa4-a97d-d965ccfc6d4b" outcome="Passed" testListId="8c84fa94-04c1-424b-9868-57a2d4851a1d" relativeResultsDirectory="bafd2dfd-6304-4027-81e2-ec3c94781431" />
    <UnitTestResult executionId="87307ce3-ab05-4528-ae90-62373c323bfd" testId="861dd2b8-34fa-29a4-6a68-81c0d53da9ac" testName="FS.GG.Contracts.Tests.RegistryDocumentTests.determinism: identical input yields identical diagnostics" computerName="c2756152e150" duration="00:00:00.0011747" startTime="2026-08-23T10:17:45.8835822+02:00" endTime="2026-08-23T10:17:45.8842309+02:00" testType="13cdc9d9-ddb5-4fa4-a97d-d965ccfc6d4b" outcome="Passed" testListId="8c84fa94-04c1-424b-9868-57a2d4851a1d" relativeResultsDirectory="87307ce3-ab05-4528-ae90-62373c323bfd" />
    <UnitTestResult executionId="d89c46e5-a203-489c-904f-4ea2a5bf515d" testId="6582ed7e-fb7c-4baa-0c4d-44d41ab514f1" testName="FS.GG.Contracts.Tests.RegistryDocumentTests.US3: genuinely malformed version still reports MalformedVersion(bad: &quot;abc&quot;)" computerName="c2756152e150" duration="00:00:00.0000918" startTime="2026-08-23T10:17:45.8821967+02:00" endTime="2026-08-23T10:17:45.8824420+02:00" testType="13cdc9d9-ddb5-4fa4-a97d-d965ccfc6d4b" outcome="Passed" testListId="8c84fa94-04c1-424b-9868-57a2d4851a1d" relativeResultsDirectory="d89c46e5-a203-489c-904f-4ea2a5bf515d" />
    <UnitTestResult executionId="a0b52e79-0d7c-4024-a9ce-b686c1ad690b" testId="b9ef92b9-23bc-2d24-e844-ba06490414c4" testName="FS.GG.Contracts.Tests.PublicSurfaceTests.public surface matches baseline" computerName="c2756152e150" duration="00:00:00.1216999" startTime="2026-08-23T10:17:45.8511025+02:00" endTime="2026-08-23T10:17:45.9707987+02:00" testType="13cdc9d9-ddb5-4fa4-a97d-d965ccfc6d4b" outcome="Passed" testListId="8c84fa94-04c1-424b-9868-57a2d4851a1d" relativeResultsDirectory="a0b52e79-0d7c-4024-a9ce-b686c1ad690b" />
    <UnitTestResult executionId="77672022-36e8-47ef-9d7d-e106760bcec1" testId="9ca4b252-cd18-91ca-e27a-836f49881e20" testName="FS.GG.Contracts.Tests.AgentSurfaceDriftTests.CLAUDE.md and AGENTS.md are byte-identical" computerName="c2756152e150" duration="00:00:00.1162890" startTime="2026-08-23T10:17:45.8510748+02:00" endTime="2026-08-23T10:17:45.9654245+02:00" testType="13cdc9d9-ddb5-4fa4-a97d-d965ccfc6d4b" outcome="Passed" testListId="8c84fa94-04c1-424b-9868-57a2d4851a1d" relativeResultsDirectory="77672022-36e8-47ef-9d7d-e106760bcec1" />
    <UnitTestResult executionId="941e336f-2717-4f88-b01a-b065d7c40320" testId="c4a6c0de-cd7b-58ef-2375-122364c997e1" testName="FS.GG.Contracts.Tests.SkillRegistryValidatorTests.a sha256 with a trailing newline is malformed - the anchor is \z, not $" computerName="c2756152e150" duration="00:00:00.0001993" startTime="2026-08-23T10:17:45.8834113+02:00" endTime="2026-08-23T10:17:45.8836247+02:00" testType="13cdc9d9-ddb5-4fa4-a97d-d965ccfc6d4b" outcome="Passed" testListId="8c84fa94-04c1-424b-9868-57a2d4851a1d" relativeResultsDirectory="941e336f-2717-4f88-b01a-b065d7c40320" />
    <UnitTestResult executionId="b688919b-3ca7-49de-a1f1-38dac2224846" testId="80552a7d-6805-f527-530d-125d395cfa41" testName="FS.GG.Contracts.Tests.SkillMirrorTests.verifyFiles agrees with verify on every single-file case" computerName="c2756152e150" duration="00:00:00.0026716" startTime="2026-08-23T10:17:45.9094102+02:00" endTime="2026-08-23T10:17:45.9120053+02:00" testType="13cdc9d9-ddb5-4fa4-a97d-d965ccfc6d4b" outcome="Passed" testListId="8c84fa94-04c1-424b-9868-57a2d4851a1d" relativeResultsDirectory="b688919b-3ca7-49de-a1f1-38dac2224846" />
    <UnitTestResult executionId="ca95c8d1-59e4-4817-91b8-09146b2e932c" testId="c5d819ff-55a7-9176-1488-55fa03c24873" testName="FS.GG.Contracts.Tests.SchemaVersionConstantTests.entries enumerate exactly the 11 named schemas" computerName="c2756152e150" duration="00:00:00.0111978" startTime="2026-08-23T10:17:45.8782088+02:00" endTime="2026-08-23T10:17:45.8831669+02:00" testType="13cdc9d9-ddb5-4fa4-a97d-d965ccfc6d4b" outcome="Passed" testListId="8c84fa94-04c1-424b-9868-57a2d4851a1d" relativeResultsDirectory="ca95c8d1-59e4-4817-91b8-09146b2e932c" />
    <UnitTestResult executionId="16d350d5-a9f4-4890-a54c-6859d5bfa1ac" testId="56fd7f11-703c-5032-8df4-797c75521d05" testName="FS.GG.Contracts.Tests.VersionTests.compare yields None when either side is unparseable(l: &quot;1.2.3&quot;, r: &quot;bad&quot;)" computerName="c2756152e150" duration="00:00:00.0002396" startTime="2026-08-23T10:17:45.8773489+02:00" endTime="2026-08-23T10:17:45.8773573+02:00" testType="13cdc9d9-ddb5-4fa4-a97d-d965ccfc6d4b" outcome="Passed" testListId="8c84fa94-04c1-424b-9868-57a2d4851a1d" relativeResultsDirectory="16d350d5-a9f4-4890-a54c-6859d5bfa1ac" />
    <UnitTestResult executionId="e5dab893-fa79-4d43-a244-bec260e55af5" testId="84a77d0b-f6a4-7ad5-07e5-4e0d8eb20230" testName="FS.GG.Contracts.Tests.SkillRegistryValidatorTests.an operator row with a .github owner and a false materializes-when is valid" computerName="c2756152e150" duration="00:00:00.0001563" startTime="2026-08-23T10:17:45.8859380+02:00" endTime="2026-08-23T10:17:45.8860022+02:00" testType="13cdc9d9-ddb5-4fa4-a97d-d965ccfc6d4b" outcome="Passed" testListId="8c84fa94-04c1-424b-9868-57a2d4851a1d" relativeResultsDirectory="e5dab893-fa79-4d43-a244-bec260e55af5" />
    <UnitTestResult executionId="f38f6088-a70e-45e6-a8bc-4adf53428348" testId="e84c56ea-1132-b654-1b4f-6bf63447ca41" testName="FS.GG.Contracts.Tests.SkillMirrorTests.verifyFileSet reports an UNDECLARED file rather than passing it over" computerName="c2756152e150" duration="00:00:00.0003757" startTime="2026-08-23T10:17:45.9791087+02:00" endTime="2026-08-23T10:17:45.9794703+02:00" testType="13cdc9d9-ddb5-4fa4-a97d-d965ccfc6d4b" outcome="Passed" testListId="8c84fa94-04c1-424b-9868-57a2d4851a1d" relativeResultsDirectory="f38f6088-a70e-45e6-a8bc-4adf53428348" />
    <UnitTestResult executionId="7a273fd3-9c6a-4ab5-a1a5-4b6e5213bac0" testId="a9d6d042-0bee-99b0-8e3c-16456ad8fc0a" testName="FS.GG.Contracts.Tests.SkillRegistryValidatorTests.a blank scope is still a MissingField" computerName="c2756152e150" duration="00:00:00.0002305" startTime="2026-08-23T10:17:45.8820656+02:00" endTime="2026-08-23T10:17:45.8822643+02:00" testType="13cdc9d9-ddb5-4fa4-a97d-d965ccfc6d4b" outcome="Passed" testListId="8c84fa94-04c1-424b-9868-57a2d4851a1d" relativeResultsDirectory="7a273fd3-9c6a-4ab5-a1a5-4b6e5213bac0" />
    <UnitTestResult executionId="6b3c9933-4a06-4667-8e4b-d521239bbc93" testId="1ffabb62-0b66-5e78-54ad-1408a97af332" testName="FS.GG.Contracts.Tests.SkillMirrorTests.verifyObservedFiles does not mask a divergence between the roots it did observe" computerName="c2756152e150" duration="00:00:00.0001507" startTime="2026-08-23T10:17:45.9998429+02:00" endTime="2026-08-23T10:17:45.9999589+02:00" testType="13cdc9d9-ddb5-4fa4-a97d-d965ccfc6d4b" outcome="Passed" testListId="8c84fa94-04c1-424b-9868-57a2d4851a1d" relativeResultsDirectory="6b3c9933-4a06-4667-8e4b-d521239bbc93" />
    <UnitTestResult executionId="842262aa-db06-451c-968b-b7576c5a7d22" testId="1240b905-5c73-fe1b-985e-890ac96f6589" testName="FS.GG.Contracts.Tests.SchemaVersionConstantTests.agentSkillRoots is the declared two-root set" computerName="c2756152e150" duration="00:00:00.0001692" startTime="2026-08-23T10:17:45.8779514+02:00" endTime="2026-08-23T10:17:45.8779588+02:00" testType="13cdc9d9-ddb5-4fa4-a97d-d965ccfc6d4b" outcome="Passed" testListId="8c84fa94-04c1-424b-9868-57a2d4851a1d" relativeResultsDirectory="842262aa-db06-451c-968b-b7576c5a7d22" />
    <UnitTestResult executionId="581541fa-400d-4a40-91a9-b6cd8da78c99" testId="8024f717-4707-1e62-c849-6a24f9365700" testName="FS.GG.Contracts.Tests.SchemaVersionConstantTests.scaffold-provenance schema stays v1 under the additive effectiveParameters field" computerName="c2756152e150" duration="00:00:00.0000948" startTime="2026-08-23T10:17:45.8846596+02:00" endTime="2026-08-23T10:17:45.8846673+02:00" testType="13cdc9d9-ddb5-4fa4-a97d-d965ccfc6d4b" outcome="Passed" testListId="8c84fa94-04c1-424b-9868-57a2d4851a1d" relativeResultsDirectory="581541fa-400d-4a40-91a9-b6cd8da78c99" />
    <UnitTestResult executionId="6c0883ee-96d2-4abf-9fb8-22d36ce298ec" testId="648bbb1c-d381-34e2-28ae-36cffa79bd50" testName="FS.GG.Contracts.Tests.SkillMirrorTests.verifyFileSet agrees with verifyFiles on every single-file case" computerName="c2756152e150" duration="00:00:00.0006767" startTime="2026-08-23T10:17:46.0011813+02:00" endTime="2026-08-23T10:17:46.0018295+02:00" testType="13cdc9d9-ddb5-4fa4-a97d-d965ccfc6d4b" outcome="Passed" testListId="8c84fa94-04c1-424b-9868-57a2d4851a1d" relativeResultsDirectory="6c0883ee-96d2-4abf-9fb8-22d36ce298ec" />
    <UnitTestResult executionId="16aed08b-be69-4fff-b795-3a470a6dacbb" testId="c4f9e577-ffda-9872-17e8-6d4c65aec9e4" testName="FS.GG.Contracts.Tests.SkillRegistryValidatorTests.the previously declared scopes still validate(scope: &quot;product&quot;)" computerName="c2756152e150" duration="00:00:00.0000014" startTime="2026-08-23T10:17:45.8814558+02:00" endTime="2026-08-23T10:17:45.8814636+02:00" testType="13cdc9d9-ddb5-4fa4-a97d-d965ccfc6d4b" outcome="Passed" testListId="8c84fa94-04c1-424b-9868-57a2d4851a1d" relativeResultsDirectory="16aed08b-be69-4fff-b795-3a470a6dacbb" />
    <UnitTestResult executionId="9a8da2d1-9b24-4fb8-9215-3bbec7d02129" testId="4d471dd2-c07e-25ab-3bd0-6b2e1e4927f9" testName="FS.GG.Contracts.Tests.VersionTests.tryParse accepts zeros" computerName="c2756152e150" duration="00:00:00.0015793" startTime="2026-08-23T10:17:45.8771505+02:00" endTime="2026-08-23T10:17:45.8772866+02:00" testType="13cdc9d9-ddb5-4fa4-a97d-d965ccfc6d4b" outcome="Passed" testListId="8c84fa94-04c1-424b-9868-57a2d4851a1d" relativeResultsDirectory="9a8da2d1-9b24-4fb8-9215-3bbec7d02129" />
    <UnitTestResult executionId="0f600dcb-d557-44e6-9379-549ebe67987f" testId="c3c58934-1829-6cc1-71dd-cc4b6b7b0e20" testName="FS.GG.Contracts.Tests.SkillMirrorTests.mirrorFiles refuses absolute and rooted relative paths" computerName="c2756152e150" duration="00:00:00.0005411" startTime="2026-08-23T10:17:45.9054068+02:00" endTime="2026-08-23T10:17:45.9058657+02:00" testType="13cdc9d9-ddb5-4fa4-a97d-d965ccfc6d4b" outcome="Passed" testListId="8c84fa94-04c1-424b-9868-57a2d4851a1d" relativeResultsDirectory="0f600dcb-d557-44e6-9379-549ebe67987f" />
    <UnitTestResult executionId="0c9884c6-3ddb-417e-afdf-f45fe2c2445d" testId="d6a80dde-2b50-e22c-a715-3d049543411f" testName="FS.GG.Contracts.Tests.SkillMirrorTests.verifyFiles reports a missing auxiliary as a fact distinct from divergence" computerName="c2756152e150" duration="00:00:00.0002926" startTime="2026-08-23T10:17:45.9937820+02:00" endTime="2026-08-23T10:17:45.9937927+02:00" testType="13cdc9d9-ddb5-4fa4-a97d-d965ccfc6d4b" outcome="Passed" testListId="8c84fa94-04c1-424b-9868-57a2d4851a1d" relativeResultsDirectory="0c9884c6-3ddb-417e-afdf-f45fe2c2445d" />
    <UnitTestResult executionId="07e4a53a-13c7-4a9c-ac27-d7d92089830b" testId="66cd1212-1558-474a-a1cf-48c6610629f7" testName="FS.GG.Contracts.Tests.SchemaVersionConstantTests.each entry name appears exactly once" computerName="c2756152e150" duration="00:00:00.0010750" startTime="2026-08-23T10:17:45.8772990+02:00" endTime="2026-08-23T10:17:45.8778923+02:00" testType="13cdc9d9-ddb5-4fa4-a97d-d965ccfc6d4b" outcome="Passed" testListId="8c84fa94-04c1-424b-9868-57a2d4851a1d" relativeResultsDirectory="07e4a53a-13c7-4a9c-ac27-d7d92089830b" />
    <UnitTestResult executionId="497881e2-9d3a-4f6e-a964-9f5e1a491e9f" testId="5c88cfc3-6858-c01f-5612-916310bd3dcb" testName="FS.GG.Contracts.Tests.RegistryDocumentTests.US2: consumer that is not a repo id reports UnknownComponent" computerName="c2756152e150" duration="00:00:00.0010662" startTime="2026-08-23T10:17:45.8791511+02:00" endTime="2026-08-23T10:17:45.8795544+02:00" testType="13cdc9d9-ddb5-4fa4-a97d-d965ccfc6d4b" outcome="Passed" testListId="8c84fa94-04c1-424b-9868-57a2d4851a1d" relativeResultsDirectory="497881e2-9d3a-4f6e-a964-9f5e1a491e9f" />
    <UnitTestResult executionId="16c0e932-8819-4c86-91ec-a5f40ac8d806" testId="d20a5089-504e-13e9-d485-382e501be6ff" testName="FS.GG.Contracts.Tests.SkillMirrorTests.skillIdOfPath extracts the id from any root" computerName="c2756152e150" duration="00:00:00.0000450" startTime="2026-08-23T10:17:46.0006835+02:00" endTime="2026-08-23T10:17:46.0006948+02:00" testType="13cdc9d9-ddb5-4fa4-a97d-d965ccfc6d4b" outcome="Passed" testListId="8c84fa94-04c1-424b-9868-57a2d4851a1d" relativeResultsDirectory="16c0e932-8819-4c86-91ec-a5f40ac8d806" />
    <UnitTestResult executionId="e53edaef-9655-40b4-a1d1-634ee8486a0f" testId="31ec93b7-3760-ce2c-4501-060933cfe4fe" testName="FS.GG.Contracts.Tests.RegistryDelegationTests.in-range provider version stays Valid after delegation(range: &quot;=1.0.0&quot;)" computerName="c2756152e150" duration="00:00:00.0001725" startTime="2026-08-23T10:17:45.8802519+02:00" endTime="2026-08-23T10:17:45.8803279+02:00" testType="13cdc9d9-ddb5-4fa4-a97d-d965ccfc6d4b" outcome="Passed" testListId="8c84fa94-04c1-424b-9868-57a2d4851a1d" relativeResultsDirectory="e53edaef-9655-40b4-a1d1-634ee8486a0f" />
    <UnitTestResult executionId="3b386331-f151-47b8-ac0e-1b93c31e01dd" testId="e11e05de-d091-0c80-753f-12f9af2a4c9f" testName="FS.GG.Contracts.Tests.SkillRegistryValidatorTests.a duplicate id is a DuplicateComponent on the second occurrence" computerName="c2756152e150" duration="00:00:00.0001069" startTime="2026-08-23T10:17:45.8858214+02:00" endTime="2026-08-23T10:17:45.8858892+02:00" testType="13cdc9d9-ddb5-4fa4-a97d-d965ccfc6d4b" outcome="Passed" testListId="8c84fa94-04c1-424b-9868-57a2d4851a1d" relativeResultsDirectory="3b386331-f151-47b8-ac0e-1b93c31e01dd" />
    <UnitTestResult executionId="31ef3574-fd99-4a08-bfc2-7e278769b2f0" testId="128250e1-6d98-7085-19e4-0fa2d66a4d1d" testName="FS.GG.Contracts.Tests.SkillMirrorTests.NotDecodable names the offset the first invalid sequence begins at" computerName="c2756152e150" duration="00:00:00.0024761" startTime="2026-08-23T10:17:45.9895533+02:00" endTime="2026-08-23T10:17:45.9920306+02:00" testType="13cdc9d9-ddb5-4fa4-a97d-d965ccfc6d4b" outcome="Passed" testListId="8c84fa94-04c1-424b-9868-57a2d4851a1d" relativeResultsDirectory="31ef3574-fd99-4a08-bfc2-7e278769b2f0" />
    <UnitTestResult executionId="357c6fe2-6442-4a88-84f8-fe2dc5ec8aa7" testId="d97c6d9c-5dbc-f1fe-7a75-3e7be3b62043" testName="FS.GG.Contracts.Tests.RegistryDocumentTests.US2: duplicate contract id reports DuplicateComponent" computerName="c2756152e150" duration="00:00:00.0004559" startTime="2026-08-23T10:17:45.8787485+02:00" endTime="2026-08-23T10:17:45.8790947+02:00" testType="13cdc9d9-ddb5-4fa4-a97d-d965ccfc6d4b" outcome="Passed" testListId="8c84fa94-04c1-424b-9868-57a2d4851a1d" relativeResultsDirectory="357c6fe2-6442-4a88-84f8-fe2dc5ec8aa7" />
    <UnitTestResult executionId="c563b1fd-8531-46af-9d9d-e224960f5eae" testId="e1c08f06-36f9-71f3-e8fa-429a28689417" testName="FS.GG.Contracts.Tests.RegistryDocumentTests.wire: a well-formed owned-proto is Valid" computerName="c2756152e150" duration="00:00:00.0001075" startTime="2026-08-23T10:17:45.8842880+02:00" endTime="2026-08-23T10:17:45.8845149+02:00" testType="13cdc9d9-ddb5-4fa4-a97d-d965ccfc6d4b" outcome="Passed" testListId="8c84fa94-04c1-424b-9868-57a2d4851a1d" relativeResultsDirectory="c563b1fd-8531-46af-9d9d-e224960f5eae" />
    <UnitTestResult executionId="2194c5dd-d939-4fb7-844b-66a174a296a8" testId="a487297c-51c8-0c22-3563-388792406bbb" testName="FS.GG.Contracts.Tests.RegistryDocumentTests.US2: an explicitly EMPTY consumers is Valid - nothing consumes this is an answer" computerName="c2756152e150" duration="00:00:00.0001234" startTime="2026-08-23T10:17:45.8776842+02:00" endTime="2026-08-23T10:17:45.8778243+02:00" testType="13cdc9d9-ddb5-4fa4-a97d-d965ccfc6d4b" outcome="Passed" testListId="8c84fa94-04c1-424b-9868-57a2d4851a1d" relativeResultsDirectory="2194c5dd-d939-4fb7-844b-66a174a296a8" />
    <UnitTestResult executionId="2a5fcd97-3f77-42a1-8e96-77c2f38276fe" testId="2f71b4cb-8f4a-3357-bf40-838502db2e2d" testName="FS.GG.Contracts.Tests.SchemaVersionConstantTests.SkillManifest expresses process and product skills with a digest and a body source" computerName="c2756152e150" duration="00:00:00.0008423" startTime="2026-08-23T10:17:45.8839382+02:00" endTime="2026-08-23T10:17:45.8843739+02:00" testType="13cdc9d9-ddb5-4fa4-a97d-d965ccfc6d4b" outcome="Passed" testListId="8c84fa94-04c1-424b-9868-57a2d4851a1d" relativeResultsDirectory="2a5fcd97-3f77-42a1-8e96-77c2f38276fe" />
    <UnitTestResult executionId="3dbba768-3362-4226-b2fe-67a649eeab92" testId="95af3dfa-8e33-90b8-0c42-2cfdff14d5da" testName="FS.GG.Contracts.Tests.SkillRegistryValidatorTests.the previously declared scopes still validate(scope: &quot;process&quot;)" computerName="c2756152e150" duration="00:00:00.0001272" startTime="2026-08-23T10:17:45.8813611+02:00" endTime="2026-08-23T10:17:45.8813703+02:00" testType="13cdc9d9-ddb5-4fa4-a97d-d965ccfc6d4b" outcome="Passed" testListId="8c84fa94-04c1-424b-9868-57a2d4851a1d" relativeResultsDirectory="3dbba768-3362-4226-b2fe-67a649eeab92" />
    <UnitTestResult executionId="d90a0cd3-0716-40a7-8343-e73583d05255" testId="21776ff9-dbb7-cf73-c12f-9e55ee507b9a" testName="FS.GG.Contracts.Tests.SkillMirrorTests.mirror yields one write per root at the canonical path" computerName="c2756152e150" duration="00:00:00.0001776" startTime="2026-08-23T10:17:46.0009568+02:00" endTime="2026-08-23T10:17:46.0011120+02:00" testType="13cdc9d9-ddb5-4fa4-a97d-d965ccfc6d4b" outcome="Passed" testListId="8c84fa94-04c1-424b-9868-57a2d4851a1d" relativeResultsDirectory="d90a0cd3-0716-40a7-8343-e73583d05255" />
    <UnitTestResult executionId="4529f637-bd2a-48fd-be77-bfdbd29d27e7" testId="4f802f1a-fdaa-5de0-d043-849a79992ee5" testName="FS.GG.Contracts.Tests.SkillRegistryValidatorTests.an unclassified row is valid - absence is not a diagnostic" computerName="c2756152e150" duration="00:00:00.0001633" startTime="2026-08-23T10:17:45.8852125+02:00" endTime="2026-08-23T10:17:45.8852796+02:00" testType="13cdc9d9-ddb5-4fa4-a97d-d965ccfc6d4b" outcome="Passed" testListId="8c84fa94-04c1-424b-9868-57a2d4851a1d" relativeResultsDirectory="4529f637-bd2a-48fd-be77-bfdbd29d27e7" />
    <UnitTestResult executionId="db5e6828-cee6-454b-a2f4-98c92418298e" testId="cc5cead7-b00a-1719-046e-37d303637fbc" testName="FS.GG.Contracts.Tests.PackedApiSurfaceTests.the built package carries exactly the compiled signature files under api-surface" computerName="c2756152e150" duration="00:00:01.0352730" startTime="2026-08-23T10:17:47.0156410+02:00" endTime="2026-08-23T10:17:48.0502696+02:00" testType="13cdc9d9-ddb5-4fa4-a97d-d965ccfc6d4b" outcome="Passed" testListId="8c84fa94-04c1-424b-9868-57a2d4851a1d" relativeResultsDirectory="db5e6828-cee6-454b-a2f4-98c92418298e" />
    <UnitTestResult executionId="c987ffd2-47ef-4c41-8526-7a824b1a2afb" testId="42488cba-80f3-154f-b453-74220daeb48f" testName="FS.GG.Contracts.Tests.ProviderDescriptorTests.the five preserved fields carry the current SDD descriptor shape" computerName="c2756152e150" duration="00:00:00.0005008" startTime="2026-08-23T10:17:45.8783488+02:00" endTime="2026-08-23T10:17:45.8785271+02:00" testType="13cdc9d9-ddb5-4fa4-a97d-d965ccfc6d4b" outcome="Passed" testListId="8c84fa94-04c1-424b-9868-57a2d4851a1d" relativeResultsDirectory="c987ffd2-47ef-4c41-8526-7a824b1a2afb" />
    <UnitTestResult executionId="b84392f4-68dd-4c5c-b90c-2ef597215f99" testId="71fca3c7-bbf3-42cc-f5ff-7abedd8c869c" testName="FS.GG.Contracts.Tests.RegistryDocumentTests.wire: owned-proto missing proto reports MissingField naming the field" computerName="c2756152e150" duration="00:00:00.0000480" startTime="2026-08-23T10:17:45.8853987+02:00" endTime="2026-08-23T10:17:45.8854134+02:00" testType="13cdc9d9-ddb5-4fa4-a97d-d965ccfc6d4b" outcome="Passed" testListId="8c84fa94-04c1-424b-9868-57a2d4851a1d" relativeResultsDirectory="b84392f4-68dd-4c5c-b90c-2ef597215f99" />
    <UnitTestResult executionId="a5af8b3e-2bec-4cd5-b674-4b6be0f48a9d" testId="e686650c-7608-93f3-b77e-0ffe484151bb" testName="FS.GG.Contracts.Tests.RegistryValidatorTests.coherent model is Valid" computerName="c2756152e150" duration="00:00:00.0001730" startTime="2026-08-23T10:17:45.8798749+02:00" endTime="2026-08-23T10:17:45.8799658+02:00" testType="13cdc9d9-ddb5-4fa4-a97d-d965ccfc6d4b" outcome="Passed" testListId="8c84fa94-04c1-424b-9868-57a2d4851a1d" relativeResultsDirectory="a5af8b3e-2bec-4cd5-b674-4b6be0f48a9d" />
    <UnitTestResult executionId="3d14caee-28ae-4326-a98b-e955d45bd6fb" testId="9501d079-a506-b168-a71d-605fd48cbf68" testName="FS.GG.Contracts.Tests.VersionTests.compare less-than yields Some -1" computerName="c2756152e150" duration="00:00:00.0000819" startTime="2026-08-23T10:17:45.8782893+02:00" endTime="2026-08-23T10:17:45.8783572+02:00" testType="13cdc9d9-ddb5-4fa4-a97d-d965ccfc6d4b" outcome="Passed" testListId="8c84fa94-04c1-424b-9868-57a2d4851a1d" relativeResultsDirectory="3d14caee-28ae-4326-a98b-e955d45bd6fb" />
    <UnitTestResult executionId="63342bf1-8aaf-44eb-8c69-f74a8ace0073" testId="5e61afa8-3db3-cf71-7ec2-c746db7a66da" testName="FS.GG.Contracts.Tests.SkillMirrorTests.mirrorFiles refuses a duplicated relative path rather than picking a winner" computerName="c2756152e150" duration="00:00:00.0001260" startTime="2026-08-23T10:17:45.9931884+02:00" endTime="2026-08-23T10:17:45.9932326+02:00" testType="13cdc9d9-ddb5-4fa4-a97d-d965ccfc6d4b" outcome="Passed" testListId="8c84fa94-04c1-424b-9868-57a2d4851a1d" relativeResultsDirectory="63342bf1-8aaf-44eb-8c69-f74a8ace0073" />
    <UnitTestResult executionId="b548cbc2-57c3-4b01-819a-55986dd6ad80" testId="770a6681-d241-4f74-b94f-2fb6493a4261" testName="FS.GG.Contracts.Tests.RegistryValidatorTests.incoherent model (range excludes declared version) reports IncompatibleVersion naming the edge" computerName="c2756152e150" duration="00:00:00.0015553" startTime="2026-08-23T10:17:45.8789420+02:00" endTime="2026-08-23T10:17:45.8798203+02:00" testType="13cdc9d9-ddb5-4fa4-a97d-d965ccfc6d4b" outcome="Passed" testListId="8c84fa94-04c1-424b-9868-57a2d4851a1d" relativeResultsDirectory="b548cbc2-57c3-4b01-819a-55986dd6ad80" />
    <UnitTestResult executionId="3c55c3ef-d837-4093-ba09-45986ab9ed61" testId="a6173e74-e2f3-21b0-c5c9-9d759b79a837" testName="FS.GG.Contracts.Tests.SkillRegistryValidatorTests.diagnostics are reported in document order" computerName="c2756152e150" duration="00:00:00.0001948" startTime="2026-08-23T10:17:45.8843652+02:00" endTime="2026-08-23T10:17:45.8847106+02:00" testType="13cdc9d9-ddb5-4fa4-a97d-d965ccfc6d4b" outcome="Passed" testListId="8c84fa94-04c1-424b-9868-57a2d4851a1d" relativeResultsDirectory="3c55c3ef-d837-4093-ba09-45986ab9ed61" />
    <UnitTestResult executionId="0639adf5-05c4-4a90-b9e8-795356c76c7f" testId="0f396203-e540-9d32-41ad-ec7a48a06a18" testName="FS.GG.Contracts.Tests.RegistryDocumentTests.wire: a malformed wire-contract reports MalformedField, not Missing and not Valid" computerName="c2756152e150" duration="00:00:00.0000975" startTime="2026-08-23T10:17:45.8852711+02:00" endTime="2026-08-23T10:17:45.8853334+02:00" testType="13cdc9d9-ddb5-4fa4-a97d-d965ccfc6d4b" outcome="Passed" testListId="8c84fa94-04c1-424b-9868-57a2d4851a1d" relativeResultsDirectory="0639adf5-05c4-4a90-b9e8-795356c76c7f" />
    <UnitTestResult executionId="1227c70d-a2bb-4788-b535-0bb243ef01a9" testId="5d524010-c165-f05e-4884-5d6c375454e3" testName="FS.GG.Contracts.Tests.SkillRegistryValidatorTests.a malformed mirrored is NOT silently read as unspecified" computerName="c2756152e150" duration="00:00:00.0001113" startTime="2026-08-23T10:17:45.8853446+02:00" endTime="2026-08-23T10:17:45.8854921+02:00" testType="13cdc9d9-ddb5-4fa4-a97d-d965ccfc6d4b" outcome="Passed" testListId="8c84fa94-04c1-424b-9868-57a2d4851a1d" relativeResultsDirectory="1227c70d-a2bb-4788-b535-0bb243ef01a9" />
    <UnitTestResult executionId="fa87bec9-d374-462e-bd9e-812c265612e7" testId="ebc6983d-4fec-4a5d-8c70-37df8ac2d2c0" testName="FS.GG.Contracts.Tests.RegistryDelegationTests.in-range provider version stays Valid after delegation(range: &quot;&gt;=1.0.0&quot;)" computerName="c2756152e150" duration="00:00:00.0000597" startTime="2026-08-23T10:17:45.8800949+02:00" endTime="2026-08-23T10:17:45.8801029+02:00" testType="13cdc9d9-ddb5-4fa4-a97d-d965ccfc6d4b" outcome="Passed" testListId="8c84fa94-04c1-424b-9868-57a2d4851a1d" relativeResultsDirectory="fa87bec9-d374-462e-bd9e-812c265612e7" />
    <UnitTestResult executionId="9e5c415d-6b10-4baa-9cac-f866403d694a" testId="4a862d9a-e196-ab9a-4582-1a024058751e" testName="FS.GG.Contracts.Tests.ProviderDescriptorTests.resolveNameParameter returns the authored value when declared" computerName="c2756152e150" duration="00:00:00.0001258" startTime="2026-08-23T10:17:45.8785769+02:00" endTime="2026-08-23T10:17:45.8787581+02:00" testType="13cdc9d9-ddb5-4fa4-a97d-d965ccfc6d4b" outcome="Passed" testListId="8c84fa94-04c1-424b-9868-57a2d4851a1d" relativeResultsDirectory="9e5c415d-6b10-4baa-9cac-f866403d694a" />
    <UnitTestResult executionId="f05b7898-f46b-46ef-b9c3-281a46c1f70a" testId="3da19575-8829-3968-e669-230ed68e9730" testName="FS.GG.Contracts.Tests.SkillMirrorTests.mirrorFiles refuses an id that escapes the skills directory" computerName="c2756152e150" duration="00:00:00.0003418" startTime="2026-08-23T10:17:45.9060226+02:00" endTime="2026-08-23T10:17:45.9063507+02:00" testType="13cdc9d9-ddb5-4fa4-a97d-d965ccfc6d4b" outcome="Passed" testListId="8c84fa94-04c1-424b-9868-57a2d4851a1d" relativeResultsDirectory="f05b7898-f46b-46ef-b9c3-281a46c1f70a" />
    <UnitTestResult executionId="fe0e41d4-2638-453e-9ae1-39efa1aad466" testId="1d301077-d649-56e0-144c-343fb215be9e" testName="FS.GG.Contracts.Tests.RegistryDocumentTests.US3: shorthand range 1.x is accepted" computerName="c2756152e150" duration="00:00:00.0001686" startTime="2026-08-23T10:17:45.8820419+02:00" endTime="2026-08-23T10:17:45.8821426+02:00" testType="13cdc9d9-ddb5-4fa4-a97d-d965ccfc6d4b" outcome="Passed" testListId="8c84fa94-04c1-424b-9868-57a2d4851a1d" relativeResultsDirectory="fe0e41d4-2638-453e-9ae1-39efa1aad466" />
    <UnitTestResult executionId="a5766f63-71a1-4c12-a593-8b231329cca4" testId="966efa7e-cca6-3a4b-a0fd-2836b973eed8" testName="FS.GG.Contracts.Tests.VersionTests.compare orders by minor then patch" computerName="c2756152e150" duration="00:00:00.0003086" startTime="2026-08-23T10:17:45.8784626+02:00" endTime="2026-08-23T10:17:45.8784703+02:00" testType="13cdc9d9-ddb5-4fa4-a97d-d965ccfc6d4b" outcome="Passed" testListId="8c84fa94-04c1-424b-9868-57a2d4851a1d" relativeResultsDirectory="a5766f63-71a1-4c12-a593-8b231329cca4" />
    <UnitTestResult executionId="530eb35f-7439-4f07-bfef-20e6e03ad373" testId="87bb4702-60eb-4ee8-66a5-08eedaa57c88" testName="FS.GG.Contracts.Tests.SkillMirrorTests.mirrorFiles refuses a skill with no SKILL_md" computerName="c2756152e150" duration="00:00:00.0001145" startTime="2026-08-23T10:17:45.9955812+02:00" endTime="2026-08-23T10:17:45.9956548+02:00" testType="13cdc9d9-ddb5-4fa4-a97d-d965ccfc6d4b" outcome="Passed" testListId="8c84fa94-04c1-424b-9868-57a2d4851a1d" relativeResultsDirectory="530eb35f-7439-4f07-bfef-20e6e03ad373" />
    <UnitTestResult executionId="3d9e85fb-c8cd-4048-ba9e-2376db58d60b" testId="3ad4a0aa-7e23-96ff-8dad-3796126bc95f" testName="FS.GG.Contracts.Tests.VersionTests.tryParse rejects whitespace and signs(text: &quot; 1.2.3&quot;)" computerName="c2756152e150" duration="00:00:00.0000014" startTime="2026-08-23T10:17:45.8767702+02:00" endTime="2026-08-23T10:17:45.8767800+02:00" testType="13cdc9d9-ddb5-4fa4-a97d-d965ccfc6d4b" outcome="Passed" testListId="8c84fa94-04c1-424b-9868-57a2d4851a1d" relativeResultsDirectory="3d9e85fb-c8cd-4048-ba9e-2376db58d60b" />
    <UnitTestResult executionId="a975664d-4ef0-4d1f-8eda-acf9e98c188c" testId="950486ab-44a0-a8f3-d7b1-5c7df58e82a4" testName="FS.GG.Contracts.Tests.RegistryDelegationTests.out-of-range provider version reports IncompatibleVersion after delegation(range: &quot;&lt;1.0.0&quot;)" computerName="c2756152e150" duration="00:00:00.0001968" startTime="2026-08-23T10:17:45.8798111+02:00" endTime="2026-08-23T10:17:45.8798926+02:00" testType="13cdc9d9-ddb5-4fa4-a97d-d965ccfc6d4b" outcome="Passed" testListId="8c84fa94-04c1-424b-9868-57a2d4851a1d" relativeResultsDirectory="a975664d-4ef0-4d1f-8eda-acf9e98c188c" />
    <UnitTestResult executionId="3971f3c4-ce42-4eb3-8f4e-7621daf005cd" testId="8d095ce9-0630-0917-e9b2-5e159ae87b7c" testName="FS.GG.Contracts.Tests.VersionTests.compare yields None when either side is unparseable(l: &quot;bad&quot;, r: &quot;1.2.3&quot;)" computerName="c2756152e150" duration="00:00:00.0000030" startTime="2026-08-23T10:17:45.8777473+02:00" endTime="2026-08-23T10:17:45.8777548+02:00" testType="13cdc9d9-ddb5-4fa4-a97d-d965ccfc6d4b" outcome="Passed" testListId="8c84fa94-04c1-424b-9868-57a2d4851a1d" relativeResultsDirectory="3971f3c4-ce42-4eb3-8f4e-7621daf005cd" />
    <UnitTestResult executionId="adf74070-bde4-4c80-91d6-90401d7d1361" testId="9f98ab59-1b75-fbc7-a6f6-a2c6cebdb800" testName="FS.GG.Contracts.Tests.SkillMirrorTests.verifyObservedFiles with nothing unobserved is verifyFiles" computerName="c2756152e150" duration="00:00:00.0008857" startTime="2026-08-23T10:17:45.9945882+02:00" endTime="2026-08-23T10:17:45.9953610+02:00" testType="13cdc9d9-ddb5-4fa4-a97d-d965ccfc6d4b" outcome="Passed" testListId="8c84fa94-04c1-424b-9868-57a2d4851a1d" relativeResultsDirectory="adf74070-bde4-4c80-91d6-90401d7d1361" />
    <UnitTestResult executionId="db94aecf-6aa9-4258-a5f6-df907b08b945" testId="df429c6e-5207-9d95-991c-8a14cafb7b8a" testName="FS.GG.Contracts.Tests.RegistryDocumentTests.US2: absent and empty consumers are DIFFERENT verdicts on the same document" computerName="c2756152e150" duration="00:00:00.0017203" startTime="2026-08-23T10:17:45.8778820+02:00" endTime="2026-08-23T10:17:45.8785854+02:00" testType="13cdc9d9-ddb5-4fa4-a97d-d965ccfc6d4b" outcome="Passed" testListId="8c84fa94-04c1-424b-9868-57a2d4851a1d" relativeResultsDirectory="db94aecf-6aa9-4258-a5f6-df907b08b945" />
    <UnitTestResult executionId="4bf2018a-e19c-4965-874e-8af22d7952a7" testId="56f850f3-75a0-50f1-335d-c386b79c0449" testName="FS.GG.Contracts.Tests.VersionTests.tryParse rejects whitespace and signs(text: &quot;1.2.3 &quot;)" computerName="c2756152e150" duration="00:00:00.0000688" startTime="2026-08-23T10:17:45.8765856+02:00" endTime="2026-08-23T10:17:45.8766711+02:00" testType="13cdc9d9-ddb5-4fa4-a97d-d965ccfc6d4b" outcome="Passed" testListId="8c84fa94-04c1-424b-9868-57a2d4851a1d" relativeResultsDirectory="4bf2018a-e19c-4965-874e-8af22d7952a7" />
    <UnitTestResult executionId="9f54c26c-f415-4ef5-8c44-4770530cc348" testId="846a6f0a-9db4-86f1-80eb-e6fce12639c9" testName="FS.GG.Contracts.Tests.RegistryDelegationTests.in-range provider version stays Valid after delegation(range: &quot;1.0.0&quot;)" computerName="c2756152e150" duration="00:00:00.0000052" startTime="2026-08-23T10:17:45.8803933+02:00" endTime="2026-08-23T10:17:45.8808417+02:00" testType="13cdc9d9-ddb5-4fa4-a97d-d965ccfc6d4b" outcome="Passed" testListId="8c84fa94-04c1-424b-9868-57a2d4851a1d" relativeResultsDirectory="9f54c26c-f415-4ef5-8c44-4770530cc348" />
    <UnitTestResult executionId="a7228ed9-90b3-498c-8b12-692d4918f6a2" testId="5dcab843-b578-a9da-1c24-c572ebe42c3a" testName="FS.GG.Contracts.Tests.RegistryDocumentTests.US2: a malformed consumers reports MalformedField, not Missing and not Valid" computerName="c2756152e150" duration="00:00:00.0001412" startTime="2026-08-23T10:17:45.8845880+02:00" endTime="2026-08-23T10:17:45.8847994+02:00" testType="13cdc9d9-ddb5-4fa4-a97d-d965ccfc6d4b" outcome="Passed" testListId="8c84fa94-04c1-424b-9868-57a2d4851a1d" relativeResultsDirectory="a7228ed9-90b3-498c-8b12-692d4918f6a2" />
    <UnitTestResult executionId="560197cf-e813-4389-8fd4-6615a21552d7" testId="27f8b8ea-3878-7dfd-a5d3-c294e3d172c4" testName="FS.GG.Contracts.Tests.RegistryDocumentTests.US3: genuinely malformed version still reports MalformedVersion(bad: &quot;1.2.x.4&quot;)" computerName="c2756152e150" duration="00:00:00.0001135" startTime="2026-08-23T10:17:45.8824851+02:00" endTime="2026-08-23T10:17:45.8825726+02:00" testType="13cdc9d9-ddb5-4fa4-a97d-d965ccfc6d4b" outcome="Passed" testListId="8c84fa94-04c1-424b-9868-57a2d4851a1d" relativeResultsDirectory="560197cf-e813-4389-8fd4-6615a21552d7" />
    <UnitTestResult executionId="b3db1cbb-dd85-4463-9fe7-31a20f1ab8d8" testId="726de52f-3075-41af-c722-a245b7be3ebd" testName="FS.GG.Contracts.Tests.SkillMirrorTests.verifyFiles hash-matches SKILL_md against the manifest digest" computerName="c2756152e150" duration="00:00:00.0001447" startTime="2026-08-23T10:17:45.9996757+02:00" endTime="2026-08-23T10:17:45.9997888+02:00" testType="13cdc9d9-ddb5-4fa4-a97d-d965ccfc6d4b" outcome="Passed" testListId="8c84fa94-04c1-424b-9868-57a2d4851a1d" relativeResultsDirectory="b3db1cbb-dd85-4463-9fe7-31a20f1ab8d8" />
    <UnitTestResult executionId="8447fa9f-8afd-4abe-82bd-e0011042f1bc" testId="8dc37538-b507-bbac-3096-58d5c9f0a3b9" testName="FS.GG.Contracts.Tests.SkillMirrorTests.verifyObservedFiles treats an unobserved DIRECTORY as covering the paths beneath it" computerName="c2756152e150" duration="00:00:00.0338904" startTime="2026-08-23T10:17:45.8510044+02:00" endTime="2026-08-23T10:17:45.8865421+02:00" testType="13cdc9d9-ddb5-4fa4-a97d-d965ccfc6d4b" outcome="Passed" testListId="8c84fa94-04c1-424b-9868-57a2d4851a1d" relativeResultsDirectory="8447fa9f-8afd-4abe-82bd-e0011042f1bc" />
    <UnitTestResult executionId="c98dff0b-38c0-4017-af68-55b1cd00e76f" testId="42b22e30-3489-f5f2-6a7d-3774a66fb583" testName="FS.GG.Contracts.Tests.SkillMirrorTests.mirrorFiles is idempotent: a second materialization changes nothing" computerName="c2756152e150" duration="00:00:00.0027517" startTime="2026-08-23T10:17:45.9960856+02:00" endTime="2026-08-23T10:17:45.9987770+02:00" testType="13cdc9d9-ddb5-4fa4-a97d-d965ccfc6d4b" outcome="Passed" testListId="8c84fa94-04c1-424b-9868-57a2d4851a1d" relativeResultsDirectory="c98dff0b-38c0-4017-af68-55b1cd00e76f" />
    <UnitTestResult executionId="5871841a-8be3-4e7f-8916-b4b224c48c3e" testId="7cd9cb18-cb60-667b-07bf-872ee9609668" testName="FS.GG.Contracts.Tests.SkillRegistryValidatorTests.a missing sha256 is a MissingField, and a malformed one is a MalformedField" computerName="c2756152e150" duration="00:00:00.0070243" startTime="2026-08-23T10:17:45.8824327+02:00" endTime="2026-08-23T10:17:45.8825553+02:00" testType="13cdc9d9-ddb5-4fa4-a97d-d965ccfc6d4b" outcome="Passed" testListId="8c84fa94-04c1-424b-9868-57a2d4851a1d" relativeResultsDirectory="5871841a-8be3-4e7f-8916-b4b224c48c3e" />
    <UnitTestResult executionId="fecb2a4c-3ba5-4725-9faf-30c44737b758" testId="ed5d2519-991e-f955-3eaf-4d75246617fa" testName="FS.GG.Contracts.Tests.VersionTests.tryParse rejects non-triples(text: &quot;-1.2.3&quot;)" computerName="c2756152e150" duration="00:00:00.0046507" startTime="2026-08-23T10:17:45.8511399+02:00" endTime="2026-08-23T10:17:45.8599411+02:00" testType="13cdc9d9-ddb5-4fa4-a97d-d965ccfc6d4b" outcome="Passed" testListId="8c84fa94-04c1-424b-9868-57a2d4851a1d" relativeResultsDirectory="fecb2a4c-3ba5-4725-9faf-30c44737b758" />
    <UnitTestResult executionId="85d2f0f1-0bf2-49f5-89ab-717365f61d09" testId="a95450e8-d454-60af-be42-1b3e603aaca9" testName="FS.GG.Contracts.Tests.RegistryDocumentTests.US2: an ABSENT consumers still reports MissingField - absent is not empty" computerName="c2756152e150" duration="00:00:00.0000871" startTime="2026-08-23T10:17:45.8863278+02:00" endTime="2026-08-23T10:17:45.8863803+02:00" testType="13cdc9d9-ddb5-4fa4-a97d-d965ccfc6d4b" outcome="Passed" testListId="8c84fa94-04c1-424b-9868-57a2d4851a1d" relativeResultsDirectory="85d2f0f1-0bf2-49f5-89ab-717365f61d09" />
    <UnitTestResult executionId="b646e579-a90d-41cd-9549-201d5ec708e2" testId="213cdffb-9332-9dab-ee45-30f219a703ea" testName="FS.GG.Contracts.Tests.SkillMirrorTests.sha256 is line-ending insensitive (CRLF equals LF)" computerName="c2756152e150" duration="00:00:00.0000606" startTime="2026-08-23T10:17:45.9990512+02:00" endTime="2026-08-23T10:17:45.9990620+02:00" testType="13cdc9d9-ddb5-4fa4-a97d-d965ccfc6d4b" outcome="Passed" testListId="8c84fa94-04c1-424b-9868-57a2d4851a1d" relativeResultsDirectory="b646e579-a90d-41cd-9549-201d5ec708e2" />
    <UnitTestResult executionId="4ae5bf0b-5649-4ccd-a1d1-d21d3b64c10e" testId="a6ea70df-47b2-8723-0a67-e08001668c5e" testName="FS.GG.Contracts.Tests.SkillMirrorTests.verify returns no drift when every copy is present, identical, and matches the hash" computerName="c2756152e150" duration="00:00:00.0004934" startTime="2026-08-23T10:17:45.9482058+02:00" endTime="2026-08-23T10:17:45.9491742+02:00" testType="13cdc9d9-ddb5-4fa4-a97d-d965ccfc6d4b" outcome="Passed" testListId="8c84fa94-04c1-424b-9868-57a2d4851a1d" relativeResultsDirectory="4ae5bf0b-5649-4ccd-a1d1-d21d3b64c10e" />
    <UnitTestResult executionId="bbca7be1-9500-461d-a267-05d005e8f0f5" testId="3dc78e94-dae9-f07b-f872-5738992b350c" testName="FS.GG.Contracts.Tests.SkillMirrorTests.decodeBody is File_ReadAllText for every body that decodes" computerName="c2756152e150" duration="00:00:00.0317454" startTime="2026-08-23T10:17:45.9164611+02:00" endTime="2026-08-23T10:17:45.9480059+02:00" testType="13cdc9d9-ddb5-4fa4-a97d-d965ccfc6d4b" outcome="Passed" testListId="8c84fa94-04c1-424b-9868-57a2d4851a1d" relativeResultsDirectory="bbca7be1-9500-461d-a267-05d005e8f0f5" />
    <UnitTestResult executionId="9c3256c4-9021-411c-96e5-591a79a44b37" testId="7f8a536c-315f-e1ff-1457-178e515f50f7" testName="FS.GG.Contracts.Tests.SkillMirrorTests.sha256 collides on two files differing only in an invalid byte" computerName="c2756152e150" duration="00:00:00.0023665" startTime="2026-08-23T10:17:45.9065149+02:00" endTime="2026-08-23T10:17:45.9088479+02:00" testType="13cdc9d9-ddb5-4fa4-a97d-d965ccfc6d4b" outcome="Passed" testListId="8c84fa94-04c1-424b-9868-57a2d4851a1d" relativeResultsDirectory="9c3256c4-9021-411c-96e5-591a79a44b37" />
    <UnitTestResult executionId="8112e534-30b6-417b-928c-2716b88cabca" testId="1a6ae555-d2f1-0b98-30a9-97f373a741e0" testName="FS.GG.Contracts.Tests.VersionTests.tryParse accepts a valid triple" computerName="c2756152e150" duration="00:00:00.0001816" startTime="2026-08-23T10:17:45.8785190+02:00" endTime="2026-08-23T10:17:45.8788267+02:00" testType="13cdc9d9-ddb5-4fa4-a97d-d965ccfc6d4b" outcome="Passed" testListId="8c84fa94-04c1-424b-9868-57a2d4851a1d" relativeResultsDirectory="8112e534-30b6-417b-928c-2716b88cabca" />
    <UnitTestResult executionId="04d9e519-f5e5-4637-836b-4b2967238475" testId="3f4168d0-ffdf-c57d-24cf-1121952e6eee" testName="FS.GG.Contracts.Tests.RegistryDocumentTests.wire: vendored-proto missing upstream reports MissingField naming the field" computerName="c2756152e150" duration="00:00:00.0001087" startTime="2026-08-23T10:17:45.8819149+02:00" endTime="2026-08-23T10:17:45.8819267+02:00" testType="13cdc9d9-ddb5-4fa4-a97d-d965ccfc6d4b" outcome="Passed" testListId="8c84fa94-04c1-424b-9868-57a2d4851a1d" relativeResultsDirectory="04d9e519-f5e5-4637-836b-4b2967238475" />
    <UnitTestResult executionId="8081f087-5b4f-420a-9f88-01d3374dd021" testId="513cb4ce-db00-97ac-2a28-9f7a4082c9f8" testName="FS.GG.Contracts.Tests.SkillMirrorTests.mirrorFiles agrees with mirror on the single-file case" computerName="c2756152e150" duration="00:00:00.0000961" startTime="2026-08-23T10:17:45.9993725+02:00" endTime="2026-08-23T10:17:45.9994468+02:00" testType="13cdc9d9-ddb5-4fa4-a97d-d965ccfc6d4b" outcome="Passed" testListId="8c84fa94-04c1-424b-9868-57a2d4851a1d" relativeResultsDirectory="8081f087-5b4f-420a-9f88-01d3374dd021" />
    <UnitTestResult executionId="0183e71c-e7c4-4cdb-9b68-72678c6f8c9e" testId="d052235f-6d46-f2cd-2dce-54812da4f13a" testName="FS.GG.Contracts.Tests.SkillMirrorTests.a MANGLED UTF-16 or UTF-32 body is refused, not collided" computerName="c2756152e150" duration="00:00:00.0090314" startTime="2026-08-23T10:17:45.9801970+02:00" endTime="2026-08-23T10:17:45.9892129+02:00" testType="13cdc9d9-ddb5-4fa4-a97d-d965ccfc6d4b" outcome="Passed" testListId="8c84fa94-04c1-424b-9868-57a2d4851a1d" relativeResultsDirectory="0183e71c-e7c4-4cdb-9b68-72678c6f8c9e" />
    <UnitTestResult executionId="8afb961a-1861-4698-86d1-3d8162471472" testId="1c57d3e6-eace-8fa3-3f62-b1ac37b83e6c" testName="FS.GG.Contracts.Tests.SkillMirrorTests.verifyFiles returns drifted skills sorted by id" computerName="c2756152e150" duration="00:00:00.0004155" startTime="2026-08-23T10:17:45.8985375+02:00" endTime="2026-08-23T10:17:45.8985545+02:00" testType="13cdc9d9-ddb5-4fa4-a97d-d965ccfc6d4b" outcome="Passed" testListId="8c84fa94-04c1-424b-9868-57a2d4851a1d" relativeResultsDirectory="8afb961a-1861-4698-86d1-3d8162471472" />
[...]
    <TestEntry testId="545a3db1-3b23-c804-dbc8-e6f2f1d25afe" executionId="8eba68ff-b06a-4454-a861-bdd9c1adc4d1" testListId="8c84fa94-04c1-424b-9868-57a2d4851a1d" />
    <TestEntry testId="eed08238-347e-a1f9-1a21-9ac79e7edf86" executionId="937d8abd-9d52-4187-a468-21c5490ea62b" testListId="8c84fa94-04c1-424b-9868-57a2d4851a1d" />
    <TestEntry testId="60c4b5d2-1a0c-fdbb-4a64-754e6a9c762b" executionId="f366d7e3-174b-4e19-9733-fcde5f6a3023" testListId="8c84fa94-04c1-424b-9868-57a2d4851a1d" />
    <TestEntry testId="eed55e24-7748-17a4-938d-78fa17fc18f6" executionId="bafd2dfd-6304-4027-81e2-ec3c94781431" testListId="8c84fa94-04c1-424b-9868-57a2d4851a1d" />
    <TestEntry testId="861dd2b8-34fa-29a4-6a68-81c0d53da9ac" executionId="87307ce3-ab05-4528-ae90-62373c323bfd" testListId="8c84fa94-04c1-424b-9868-57a2d4851a1d" />
    <TestEntry testId="6582ed7e-fb7c-4baa-0c4d-44d41ab514f1" executionId="d89c46e5-a203-489c-904f-4ea2a5bf515d" testListId="8c84fa94-04c1-424b-9868-57a2d4851a1d" />
    <TestEntry testId="b9ef92b9-23bc-2d24-e844-ba06490414c4" executionId="a0b52e79-0d7c-4024-a9ce-b686c1ad690b" testListId="8c84fa94-04c1-424b-9868-57a2d4851a1d" />
    <TestEntry testId="9ca4b252-cd18-91ca-e27a-836f49881e20" executionId="77672022-36e8-47ef-9d7d-e106760bcec1" testListId="8c84fa94-04c1-424b-9868-57a2d4851a1d" />
    <TestEntry testId="c4a6c0de-cd7b-58ef-2375-122364c997e1" executionId="941e336f-2717-4f88-b01a-b065d7c40320" testListId="8c84fa94-04c1-424b-9868-57a2d4851a1d" />
    <TestEntry testId="80552a7d-6805-f527-530d-125d395cfa41" executionId="b688919b-3ca7-49de-a1f1-38dac2224846" testListId="8c84fa94-04c1-424b-9868-57a2d4851a1d" />
    <TestEntry testId="c5d819ff-55a7-9176-1488-55fa03c24873" executionId="ca95c8d1-59e4-4817-91b8-09146b2e932c" testListId="8c84fa94-04c1-424b-9868-57a2d4851a1d" />
    <TestEntry testId="56fd7f11-703c-5032-8df4-797c75521d05" executionId="16d350d5-a9f4-4890-a54c-6859d5bfa1ac" testListId="8c84fa94-04c1-424b-9868-57a2d4851a1d" />
    <TestEntry testId="84a77d0b-f6a4-7ad5-07e5-4e0d8eb20230" executionId="e5dab893-fa79-4d43-a244-bec260e55af5" testListId="8c84fa94-04c1-424b-9868-57a2d4851a1d" />
    <TestEntry testId="e84c56ea-1132-b654-1b4f-6bf63447ca41" executionId="f38f6088-a70e-45e6-a8bc-4adf53428348" testListId="8c84fa94-04c1-424b-9868-57a2d4851a1d" />
    <TestEntry testId="a9d6d042-0bee-99b0-8e3c-16456ad8fc0a" executionId="7a273fd3-9c6a-4ab5-a1a5-4b6e5213bac0" testListId="8c84fa94-04c1-424b-9868-57a2d4851a1d" />
    <TestEntry testId="1ffabb62-0b66-5e78-54ad-1408a97af332" executionId="6b3c9933-4a06-4667-8e4b-d521239bbc93" testListId="8c84fa94-04c1-424b-9868-57a2d4851a1d" />
    <TestEntry testId="1240b905-5c73-fe1b-985e-890ac96f6589" executionId="842262aa-db06-451c-968b-b7576c5a7d22" testListId="8c84fa94-04c1-424b-9868-57a2d4851a1d" />
    <TestEntry testId="8024f717-4707-1e62-c849-6a24f9365700" executionId="581541fa-400d-4a40-91a9-b6cd8da78c99" testListId="8c84fa94-04c1-424b-9868-57a2d4851a1d" />
    <TestEntry testId="648bbb1c-d381-34e2-28ae-36cffa79bd50" executionId="6c0883ee-96d2-4abf-9fb8-22d36ce298ec" testListId="8c84fa94-04c1-424b-9868-57a2d4851a1d" />
    <TestEntry testId="c4f9e577-ffda-9872-17e8-6d4c65aec9e4" executionId="16aed08b-be69-4fff-b795-3a470a6dacbb" testListId="8c84fa94-04c1-424b-9868-57a2d4851a1d" />
    <TestEntry testId="4d471dd2-c07e-25ab-3bd0-6b2e1e4927f9" executionId="9a8da2d1-9b24-4fb8-9215-3bbec7d02129" testListId="8c84fa94-04c1-424b-9868-57a2d4851a1d" />
    <TestEntry testId="c3c58934-1829-6cc1-71dd-cc4b6b7b0e20" executionId="0f600dcb-d557-44e6-9379-549ebe67987f" testListId="8c84fa94-04c1-424b-9868-57a2d4851a1d" />
    <TestEntry testId="d6a80dde-2b50-e22c-a715-3d049543411f" executionId="0c9884c6-3ddb-417e-afdf-f45fe2c2445d" testListId="8c84fa94-04c1-424b-9868-57a2d4851a1d" />
    <TestEntry testId="66cd1212-1558-474a-a1cf-48c6610629f7" executionId="07e4a53a-13c7-4a9c-ac27-d7d92089830b" testListId="8c84fa94-04c1-424b-9868-57a2d4851a1d" />
    <TestEntry testId="5c88cfc3-6858-c01f-5612-916310bd3dcb" executionId="497881e2-9d3a-4f6e-a964-9f5e1a491e9f" testListId="8c84fa94-04c1-424b-9868-57a2d4851a1d" />
    <TestEntry testId="d20a5089-504e-13e9-d485-382e501be6ff" executionId="16c0e932-8819-4c86-91ec-a5f40ac8d806" testListId="8c84fa94-04c1-424b-9868-57a2d4851a1d" />
    <TestEntry testId="31ec93b7-3760-ce2c-4501-060933cfe4fe" executionId="e53edaef-9655-40b4-a1d1-634ee8486a0f" testListId="8c84fa94-04c1-424b-9868-57a2d4851a1d" />
    <TestEntry testId="e11e05de-d091-0c80-753f-12f9af2a4c9f" executionId="3b386331-f151-47b8-ac0e-1b93c31e01dd" testListId="8c84fa94-04c1-424b-9868-57a2d4851a1d" />
    <TestEntry testId="128250e1-6d98-7085-19e4-0fa2d66a4d1d" executionId="31ef3574-fd99-4a08-bfc2-7e278769b2f0" testListId="8c84fa94-04c1-424b-9868-57a2d4851a1d" />
    <TestEntry testId="d97c6d9c-5dbc-f1fe-7a75-3e7be3b62043" executionId="357c6fe2-6442-4a88-84f8-fe2dc5ec8aa7" testListId="8c84fa94-04c1-424b-9868-57a2d4851a1d" />
    <TestEntry testId="e1c08f06-36f9-71f3-e8fa-429a28689417" executionId="c563b1fd-8531-46af-9d9d-e224960f5eae" testListId="8c84fa94-04c1-424b-9868-57a2d4851a1d" />
    <TestEntry testId="a487297c-51c8-0c22-3563-388792406bbb" executionId="2194c5dd-d939-4fb7-844b-66a174a296a8" testListId="8c84fa94-04c1-424b-9868-57a2d4851a1d" />
    <TestEntry testId="2f71b4cb-8f4a-3357-bf40-838502db2e2d" executionId="2a5fcd97-3f77-42a1-8e96-77c2f38276fe" testListId="8c84fa94-04c1-424b-9868-57a2d4851a1d" />
    <TestEntry testId="95af3dfa-8e33-90b8-0c42-2cfdff14d5da" executionId="3dbba768-3362-4226-b2fe-67a649eeab92" testListId="8c84fa94-04c1-424b-9868-57a2d4851a1d" />
    <TestEntry testId="21776ff9-dbb7-cf73-c12f-9e55ee507b9a" executionId="d90a0cd3-0716-40a7-8343-e73583d05255" testListId="8c84fa94-04c1-424b-9868-57a2d4851a1d" />
    <TestEntry testId="4f802f1a-fdaa-5de0-d043-849a79992ee5" executionId="4529f637-bd2a-48fd-be77-bfdbd29d27e7" testListId="8c84fa94-04c1-424b-9868-57a2d4851a1d" />
    <TestEntry testId="cc5cead7-b00a-1719-046e-37d303637fbc" executionId="db5e6828-cee6-454b-a2f4-98c92418298e" testListId="8c84fa94-04c1-424b-9868-57a2d4851a1d" />
    <TestEntry testId="42488cba-80f3-154f-b453-74220daeb48f" executionId="c987ffd2-47ef-4c41-8526-7a824b1a2afb" testListId="8c84fa94-04c1-424b-9868-57a2d4851a1d" />
    <TestEntry testId="71fca3c7-bbf3-42cc-f5ff-7abedd8c869c" executionId="b84392f4-68dd-4c5c-b90c-2ef597215f99" testListId="8c84fa94-04c1-424b-9868-57a2d4851a1d" />
    <TestEntry testId="e686650c-7608-93f3-b77e-0ffe484151bb" executionId="a5af8b3e-2bec-4cd5-b674-4b6be0f48a9d" testListId="8c84fa94-04c1-424b-9868-57a2d4851a1d" />
    <TestEntry testId="9501d079-a506-b168-a71d-605fd48cbf68" executionId="3d14caee-28ae-4326-a98b-e955d45bd6fb" testListId="8c84fa94-04c1-424b-9868-57a2d4851a1d" />
    <TestEntry testId="5e61afa8-3db3-cf71-7ec2-c746db7a66da" executionId="63342bf1-8aaf-44eb-8c69-f74a8ace0073" testListId="8c84fa94-04c1-424b-9868-57a2d4851a1d" />
    <TestEntry testId="770a6681-d241-4f74-b94f-2fb6493a4261" executionId="b548cbc2-57c3-4b01-819a-55986dd6ad80" testListId="8c84fa94-04c1-424b-9868-57a2d4851a1d" />
    <TestEntry testId="a6173e74-e2f3-21b0-c5c9-9d759b79a837" executionId="3c55c3ef-d837-4093-ba09-45986ab9ed61" testListId="8c84fa94-04c1-424b-9868-57a2d4851a1d" />
    <TestEntry testId="0f396203-e540-9d32-41ad-ec7a48a06a18" executionId="0639adf5-05c4-4a90-b9e8-795356c76c7f" testListId="8c84fa94-04c1-424b-9868-57a2d4851a1d" />
    <TestEntry testId="5d524010-c165-f05e-4884-5d6c375454e3" executionId="1227c70d-a2bb-4788-b535-0bb243ef01a9" testListId="8c84fa94-04c1-424b-9868-57a2d4851a1d" />
    <TestEntry testId="ebc6983d-4fec-4a5d-8c70-37df8ac2d2c0" executionId="fa87bec9-d374-462e-bd9e-812c265612e7" testListId="8c84fa94-04c1-424b-9868-57a2d4851a1d" />
    <TestEntry testId="4a862d9a-e196-ab9a-4582-1a024058751e" executionId="9e5c415d-6b10-4baa-9cac-f866403d694a" testListId="8c84fa94-04c1-424b-9868-57a2d4851a1d" />
    <TestEntry testId="3da19575-8829-3968-e669-230ed68e9730" executionId="f05b7898-f46b-46ef-b9c3-281a46c1f70a" testListId="8c84fa94-04c1-424b-9868-57a2d4851a1d" />
    <TestEntry testId="1d301077-d649-56e0-144c-343fb215be9e" executionId="fe0e41d4-2638-453e-9ae1-39efa1aad466" testListId="8c84fa94-04c1-424b-9868-57a2d4851a1d" />
    <TestEntry testId="966efa7e-cca6-3a4b-a0fd-2836b973eed8" executionId="a5766f63-71a1-4c12-a593-8b231329cca4" testListId="8c84fa94-04c1-424b-9868-57a2d4851a1d" />
    <TestEntry testId="87bb4702-60eb-4ee8-66a5-08eedaa57c88" executionId="530eb35f-7439-4f07-bfef-20e6e03ad373" testListId="8c84fa94-04c1-424b-9868-57a2d4851a1d" />
    <TestEntry testId="3ad4a0aa-7e23-96ff-8dad-3796126bc95f" executionId="3d9e85fb-c8cd-4048-ba9e-2376db58d60b" testListId="8c84fa94-04c1-424b-9868-57a2d4851a1d" />
    <TestEntry testId="950486ab-44a0-a8f3-d7b1-5c7df58e82a4" executionId="a975664d-4ef0-4d1f-8eda-acf9e98c188c" testListId="8c84fa94-04c1-424b-9868-57a2d4851a1d" />
    <TestEntry testId="8d095ce9-0630-0917-e9b2-5e159ae87b7c" executionId="3971f3c4-ce42-4eb3-8f4e-7621daf005cd" testListId="8c84fa94-04c1-424b-9868-57a2d4851a1d" />
    <TestEntry testId="9f98ab59-1b75-fbc7-a6f6-a2c6cebdb800" executionId="adf74070-bde4-4c80-91d6-90401d7d1361" testListId="8c84fa94-04c1-424b-9868-57a2d4851a1d" />
    <TestEntry testId="df429c6e-5207-9d95-991c-8a14cafb7b8a" executionId="db94aecf-6aa9-4258-a5f6-df907b08b945" testListId="8c84fa94-04c1-424b-9868-57a2d4851a1d" />
    <TestEntry testId="56f850f3-75a0-50f1-335d-c386b79c0449" executionId="4bf2018a-e19c-4965-874e-8af22d7952a7" testListId="8c84fa94-04c1-424b-9868-57a2d4851a1d" />
    <TestEntry testId="846a6f0a-9db4-86f1-80eb-e6fce12639c9" executionId="9f54c26c-f415-4ef5-8c44-4770530cc348" testListId="8c84fa94-04c1-424b-9868-57a2d4851a1d" />
    <TestEntry testId="5dcab843-b578-a9da-1c24-c572ebe42c3a" executionId="a7228ed9-90b3-498c-8b12-692d4918f6a2" testListId="8c84fa94-04c1-424b-9868-57a2d4851a1d" />
    <TestEntry testId="27f8b8ea-3878-7dfd-a5d3-c294e3d172c4" executionId="560197cf-e813-4389-8fd4-6615a21552d7" testListId="8c84fa94-04c1-424b-9868-57a2d4851a1d" />
    <TestEntry testId="726de52f-3075-41af-c722-a245b7be3ebd" executionId="b3db1cbb-dd85-4463-9fe7-31a20f1ab8d8" testListId="8c84fa94-04c1-424b-9868-57a2d4851a1d" />
    <TestEntry testId="8dc37538-b507-bbac-3096-58d5c9f0a3b9" executionId="8447fa9f-8afd-4abe-82bd-e0011042f1bc" testListId="8c84fa94-04c1-424b-9868-57a2d4851a1d" />
    <TestEntry testId="42b22e30-3489-f5f2-6a7d-3774a66fb583" executionId="c98dff0b-38c0-4017-af68-55b1cd00e76f" testListId="8c84fa94-04c1-424b-9868-57a2d4851a1d" />
    <TestEntry testId="7cd9cb18-cb60-667b-07bf-872ee9609668" executionId="5871841a-8be3-4e7f-8916-b4b224c48c3e" testListId="8c84fa94-04c1-424b-9868-57a2d4851a1d" />
    <TestEntry testId="ed5d2519-991e-f955-3eaf-4d75246617fa" executionId="fecb2a4c-3ba5-4725-9faf-30c44737b758" testListId="8c84fa94-04c1-424b-9868-57a2d4851a1d" />
    <TestEntry testId="a95450e8-d454-60af-be42-1b3e603aaca9" executionId="85d2f0f1-0bf2-49f5-89ab-717365f61d09" testListId="8c84fa94-04c1-424b-9868-57a2d4851a1d" />
    <TestEntry testId="213cdffb-9332-9dab-ee45-30f219a703ea" executionId="b646e579-a90d-41cd-9549-201d5ec708e2" testListId="8c84fa94-04c1-424b-9868-57a2d4851a1d" />
    <TestEntry testId="a6ea70df-47b2-8723-0a67-e08001668c5e" executionId="4ae5bf0b-5649-4ccd-a1d1-d21d3b64c10e" testListId="8c84fa94-04c1-424b-9868-57a2d4851a1d" />
    <TestEntry testId="3dc78e94-dae9-f07b-f872-5738992b350c" executionId="bbca7be1-9500-461d-a267-05d005e8f0f5" testListId="8c84fa94-04c1-424b-9868-57a2d4851a1d" />
    <TestEntry testId="7f8a536c-315f-e1ff-1457-178e515f50f7" executionId="9c3256c4-9021-411c-96e5-591a79a44b37" testListId="8c84fa94-04c1-424b-9868-57a2d4851a1d" />
    <TestEntry testId="1a6ae555-d2f1-0b98-30a9-97f373a741e0" executionId="8112e534-30b6-417b-928c-2716b88cabca" testListId="8c84fa94-04c1-424b-9868-57a2d4851a1d" />
    <TestEntry testId="3f4168d0-ffdf-c57d-24cf-1121952e6eee" executionId="04d9e519-f5e5-4637-836b-4b2967238475" testListId="8c84fa94-04c1-424b-9868-57a2d4851a1d" />
    <TestEntry testId="513cb4ce-db00-97ac-2a28-9f7a4082c9f8" executionId="8081f087-5b4f-420a-9f88-01d3374dd021" testListId="8c84fa94-04c1-424b-9868-57a2d4851a1d" />
    <TestEntry testId="d052235f-6d46-f2cd-2dce-54812da4f13a" executionId="0183e71c-e7c4-4cdb-9b68-72678c6f8c9e" testListId="8c84fa94-04c1-424b-9868-57a2d4851a1d" />
    <TestEntry testId="1c57d3e6-eace-8fa3-3f62-b1ac37b83e6c" executionId="8afb961a-1861-4698-86d1-3d8162471472" testListId="8c84fa94-04c1-424b-9868-57a2d4851a1d" />
    <TestEntry testId="1f4efaac-2370-d126-6e11-8105d308f6d0" executionId="229255c7-dfac-4264-a168-67b612002425" testListId="8c84fa94-04c1-424b-9868-57a2d4851a1d" />
    <TestEntry testId="a2aa8708-1b85-7ef3-9232-cdfd120ffc3e" executionId="22c13228-fc96-4bd6-991c-e1e06b071cff" testListId="8c84fa94-04c1-424b-9868-57a2d4851a1d" />
    <TestEntry testId="ff19158a-ea7f-1758-33a0-fb6677bee763" executionId="d2aaad86-487b-4433-8096-a7ea2451a0d7" testListId="8c84fa94-04c1-424b-9868-57a2d4851a1d" />
    <TestEntry testId="a1974146-804d-3022-a821-031be16aeab9" executionId="4d1b20c4-43aa-4f2e-b672-fd17075a7bde" testListId="8c84fa94-04c1-424b-9868-57a2d4851a1d" />
    <TestEntry testId="5940bbf0-28ae-8a98-ffc3-bdce47e86468" executionId="ba0eafac-2c41-40f3-a666-fbf3df8533fc" testListId="8c84fa94-04c1-424b-9868-57a2d4851a1d" />
    <TestEntry testId="a0801d18-34ca-6ee0-2cbf-404f125ac38f" executionId="dca46ffd-4a26-483d-a772-9f35a6b55436" testListId="8c84fa94-04c1-424b-9868-57a2d4851a1d" />
    <TestEntry testId="7848570e-a438-ad20-7bd7-1c967afa7cea" executionId="549d135f-4ef1-4999-90cc-70afaa158f1b" testListId="8c84fa94-04c1-424b-9868-57a2d4851a1d" />
    <TestEntry testId="aba5b9ac-d277-80de-9b0e-ddbf2b434ebf" executionId="fdf167b2-5565-44f9-b222-ae51cdc3076a" testListId="8c84fa94-04c1-424b-9868-57a2d4851a1d" />
    <TestEntry testId="9861c3cc-12be-40f9-eca3-44cb7fb99423" executionId="c7e0b1d2-efe9-4258-b4b9-d0bbdecacb29" testListId="8c84fa94-04c1-424b-9868-57a2d4851a1d" />
    <TestEntry testId="493a279d-7448-8992-f987-672d5fe846d6" executionId="be67a1bd-6b78-44de-aea8-afd167036708" testListId="8c84fa94-04c1-424b-9868-57a2d4851a1d" />
    <TestEntry testId="cafaddc4-aeeb-8496-29b3-da3002de2448" executionId="15ee0cd8-3a91-4b26-a4a3-1746156ba1b6" testListId="8c84fa94-04c1-424b-9868-57a2d4851a1d" />
    <TestEntry testId="a8a0e9b1-db04-a3b5-3ab6-3444b713f72c" executionId="75d85525-c8d3-4c1d-81d0-8a1e8e74e198" testListId="8c84fa94-04c1-424b-9868-57a2d4851a1d" />
    <TestEntry testId="2c8efb2c-1e39-deff-cf19-c176c2623e98" executionId="5c1aed27-c408-4b9a-aba6-ecf455842364" testListId="8c84fa94-04c1-424b-9868-57a2d4851a1d" />
    <TestEntry testId="df19af4a-478b-3a6f-1abf-599cb3ec69b8" executionId="c892a124-9620-4302-962e-37eb0f71fe67" testListId="8c84fa94-04c1-424b-9868-57a2d4851a1d" />
    <TestEntry testId="a99fc96d-e3a5-75dd-9023-388ce136e5d4" executionId="a8c84925-3aad-4fd2-b131-7493344fd4e0" testListId="8c84fa94-04c1-424b-9868-57a2d4851a1d" />
    <TestEntry testId="8d426d26-8377-d761-1dab-4f68dc8e8041" executionId="12d5f266-a16f-43c1-8815-1455375170f9" testListId="8c84fa94-04c1-424b-9868-57a2d4851a1d" />
    <TestEntry testId="3061f00c-9902-6a11-fbbb-c05ff0243137" executionId="586035b5-f3b3-433f-8083-563c3cb34dbc" testListId="8c84fa94-04c1-424b-9868-57a2d4851a1d" />
    <TestEntry testId="a1e2d219-74b8-a423-9728-ee9905bb0cd1" executionId="58051778-5541-4f44-8c36-50c7ce0f176d" testListId="8c84fa94-04c1-424b-9868-57a2d4851a1d" />
    <TestEntry testId="6b5c9dae-cb77-f4bd-9d32-bf2f8af35022" executionId="e3b6c019-1bb7-48c3-aaf3-713183e54061" testListId="8c84fa94-04c1-424b-9868-57a2d4851a1d" />
    <TestEntry testId="81f8eb5f-cc7f-a29b-e6f0-ffded7944a97" executionId="c05e6f4e-03f3-406b-b1b6-57c515c41324" testListId="8c84fa94-04c1-424b-9868-57a2d4851a1d" />
    <TestEntry testId="c31a41a3-1497-19f2-554f-05628b0367ab" executionId="dbe1349c-b7bb-4ec9-8dea-8701ab56dff7" testListId="8c84fa94-04c1-424b-9868-57a2d4851a1d" />
    <TestEntry testId="654082ab-2e70-b196-10a1-21a6d4e10fc8" executionId="5ecce5eb-4fd2-40ed-a03c-bbbd093d09d2" testListId="8c84fa94-04c1-424b-9868-57a2d4851a1d" />
    <TestEntry testId="07e9b505-a94a-450e-3378-5cd920d6b87b" executionId="93a9d9e5-4e06-412d-8f48-7cdeaa087bb6" testListId="8c84fa94-04c1-424b-9868-57a2d4851a1d" />
    <TestEntry testId="dbd5450a-e823-209b-4a4a-75cfa1c317f8" executionId="37761a18-45cd-4bcc-91ab-18639e32c9c8" testListId="8c84fa94-04c1-424b-9868-57a2d4851a1d" />
    <TestEntry testId="94edc601-271e-e333-d309-1294372b689f" executionId="a0d2321a-bae3-427b-b074-39400c981bef" testListId="8c84fa94-04c1-424b-9868-57a2d4851a1d" />
    <TestEntry testId="f3a31640-bfc7-f55b-e161-dac79ec92f99" executionId="d9ef6c7e-3e3c-4813-a705-551320fc5873" testListId="8c84fa94-04c1-424b-9868-57a2d4851a1d" />
    <TestEntry testId="d0f72586-1cb8-e649-bd44-d5611aebea9a" executionId="ff1378f9-33ef-425c-89d1-7479f1d01f7b" testListId="8c84fa94-04c1-424b-9868-57a2d4851a1d" />
    <TestEntry testId="479c5b8c-15c8-cff1-69fc-e572c58450e9" executionId="bb5c2edf-078b-47a2-ae58-d07ff28e301f" testListId="8c84fa94-04c1-424b-9868-57a2d4851a1d" />
    <TestEntry testId="b97316d9-264c-4a94-de52-06ba757077f4" executionId="b83e9b04-beed-42d0-b8ae-16336acbb2ef" testListId="8c84fa94-04c1-424b-9868-57a2d4851a1d" />
    <TestEntry testId="05fddeeb-2bc8-d893-e821-49a988b018e0" executionId="f97a85e2-3db8-4bd2-8e7b-5690ff3f5cc2" testListId="8c84fa94-04c1-424b-9868-57a2d4851a1d" />
    <TestEntry testId="ebe030b5-ce4b-1c37-396c-db8181e5b0b0" executionId="b0cd7d6e-0b04-494c-bf5a-8a1a63b91e9a" testListId="8c84fa94-04c1-424b-9868-57a2d4851a1d" />
    <TestEntry testId="d6f1b490-b1bb-574e-d58f-45af9c73828d" executionId="732fc79e-b334-4f4d-9467-052aa5b256d7" testListId="8c84fa94-04c1-424b-9868-57a2d4851a1d" />
    <TestEntry testId="467f6d3d-e073-2ca7-afea-6de6cab8c7b2" executionId="fc1e79f8-c282-4056-8ffd-a24475392db7" testListId="8c84fa94-04c1-424b-9868-57a2d4851a1d" />
    <TestEntry testId="06264e4f-0380-a05c-95e7-a826d279ab5f" executionId="2ef139f7-f0fc-4b0b-8446-3e5c6a0634b1" testListId="8c84fa94-04c1-424b-9868-57a2d4851a1d" />
    <TestEntry testId="df7d9239-4a9f-12cf-1957-d9b275c73b92" executionId="bc97e54a-7367-4cd9-888c-627a1e94ad79" testListId="8c84fa94-04c1-424b-9868-57a2d4851a1d" />
    <TestEntry testId="8ee8bc2d-2c19-e8c5-8077-ae60e6535fcf" executionId="792e95e5-7d87-4ada-8b69-d7d8dd05611d" testListId="8c84fa94-04c1-424b-9868-57a2d4851a1d" />
    <TestEntry testId="5d6afe78-2a1b-8821-334f-f449f66a5a9e" executionId="6ca2f04b-52ef-48d8-abaa-7ff289537e42" testListId="8c84fa94-04c1-424b-9868-57a2d4851a1d" />
    <TestEntry testId="505c93f5-3dce-5490-1e06-900649b89e41" executionId="3e677f48-6851-4111-bf80-846f61f96c6b" testListId="8c84fa94-04c1-424b-9868-57a2d4851a1d" />
    <TestEntry testId="cf084155-d2c2-6614-e9f8-205859b9016d" executionId="af4d069e-a30f-421d-87ec-98d5dae5453a" testListId="8c84fa94-04c1-424b-9868-57a2d4851a1d" />
  </TestEntries>
  <TestLists>
    <TestList name="Results Not in a List" id="8c84fa94-04c1-424b-9868-57a2d4851a1d" />
    <TestList name="All Loaded Results" id="19431567-8539-422a-85d7-44ee4e166bda" />
  </TestLists>
  <ResultSummary outcome="Completed">
    <Counters total="180" executed="180" passed="180" failed="0" error="0" timeout="0" aborted="0" inconclusive="0" passedButRunAborted="0" notRunnable="0" notExecuted="0" disconnected="0" warning="0" completed="0" inProgress="0" pending="0" />
    <Output>
      <StdOut>[xUnit.net 00:00:00.00] xUnit.net VSTest Adapter v3.1.5+1b188a7b0a (64-bit .NET 10.0.10)
[xUnit.net 00:00:00.06]   Discovering: FS.GG.Contracts.Tests
[xUnit.net 00:00:00.10]   Discovered:  FS.GG.Contracts.Tests
[xUnit.net 00:00:00.13]   Starting:    FS.GG.Contracts.Tests
[xUnit.net 00:00:02.35]   Finished:    FS.GG.Contracts.Tests
</StdOut>
    </Output>
  </ResultSummary>
</TestRun>