<?xml version="1.0" encoding="utf-8"?>
<TestRun id="affd16b0-a0e0-4829-8a8d-99c90c3543a2" name="@780ae460ce3c 2026-08-30 10:39:58" xmlns="http://microsoft.com/schemas/VisualStudio/TeamTest/2010">
  <Times creation="2026-08-30T10:39:58.4352171+02:00" queuing="2026-08-30T10:39:58.4352171+02:00" start="2026-08-30T10:39:56.7452836+02:00" finish="2026-08-30T10:40:26.9540535+02:00" />
  <TestSettings name="default" id="bf1039a6-6b7d-4b9a-8633-784362562542">
    <Deployment runDeploymentRoot="_780ae460ce3c_2026-08-30_10_39_58" />
  </TestSettings>
  <Results>
    <UnitTestResult executionId="2aed5311-ebf6-46df-8c54-ce7d42593421" testId="bdb2e49f-a09b-ddb9-fdfa-76803914ea66" testName="FS.GG.SDD.Acceptance.Tests.ProbeResolutionTests.Synthetic missing executable yields a could-not-start ProbeResult" computerName="780ae460ce3c" duration="00:00:00.0006593" startTime="2026-08-30T10:40:19.9884353+02:00" endTime="2026-08-30T10:40:19.9888637+02:00" testType="13cdc9d9-ddb5-4fa4-a97d-d965ccfc6d4b" outcome="Passed" testListId="8c84fa94-04c1-424b-9868-57a2d4851a1d" relativeResultsDirectory="2aed5311-ebf6-46df-8c54-ce7d42593421" />
    <UnitTestResult executionId="4d228833-1737-46f3-9423-16f2d7af289c" testId="a3671615-ce7b-fbcc-6f0d-a521907048ff" testName="FS.GG.SDD.Acceptance.Tests.WorkBoardScaffoldAcceptanceTests.a fresh product scaffold carries each routed work-board body byte-identically in both runtime roots(id: &quot;work-board-best&quot;)" computerName="780ae460ce3c" duration="00:00:00.6021319" startTime="2026-08-30T10:40:25.6982060+02:00" endTime="2026-08-30T10:40:26.3002718+02:00" testType="13cdc9d9-ddb5-4fa4-a97d-d965ccfc6d4b" outcome="Passed" testListId="8c84fa94-04c1-424b-9868-57a2d4851a1d" relativeResultsDirectory="4d228833-1737-46f3-9423-16f2d7af289c" />
    <UnitTestResult executionId="65b61669-bbea-4e84-a56c-56a499caede6" testId="7fea8b39-a13a-c04e-d76e-328ac2bde15c" testName="FS.GG.SDD.Acceptance.Tests.CompositionAcceptanceTests.result schema golden is byte-exact with the sensed block normalized" computerName="780ae460ce3c" duration="00:00:00.0020883" startTime="2026-08-30T10:39:57.0511609+02:00" endTime="2026-08-30T10:39:57.0511831+02:00" testType="13cdc9d9-ddb5-4fa4-a97d-d965ccfc6d4b" outcome="Passed" testListId="8c84fa94-04c1-424b-9868-57a2d4851a1d" relativeResultsDirectory="65b61669-bbea-4e84-a56c-56a499caede6" />
    <UnitTestResult executionId="07b8149d-a724-417e-94fd-b24790dcdf37" testId="93f44e30-3252-dbfb-baff-39798062b47b" testName="FS.GG.SDD.Acceptance.Tests.CompositionAcceptanceTests.providerFailed splits into skip and fail by diagnostic" computerName="780ae460ce3c" duration="00:00:00.0009270" startTime="2026-08-30T10:40:00.6432264+02:00" endTime="2026-08-30T10:40:00.6437412+02:00" testType="13cdc9d9-ddb5-4fa4-a97d-d965ccfc6d4b" outcome="Passed" testListId="8c84fa94-04c1-424b-9868-57a2d4851a1d" relativeResultsDirectory="07b8149d-a724-417e-94fd-b24790dcdf37" />
    <UnitTestResult executionId="80093926-5f8a-4d55-9fa4-13fa9bf7907e" testId="340d97b9-4e45-e2a5-afab-ca7d18d9cc5d" testName="FS.GG.SDD.Acceptance.Tests.RegistryResolverTests.default mode appends the registry path to GITHUB_ENV and the drift sha to the step summary" computerName="780ae460ce3c" duration="00:00:00.0065235" startTime="2026-08-30T10:40:14.2053184+02:00" endTime="2026-08-30T10:40:14.2118187+02:00" testType="13cdc9d9-ddb5-4fa4-a97d-d965ccfc6d4b" outcome="Passed" testListId="8c84fa94-04c1-424b-9868-57a2d4851a1d" relativeResultsDirectory="80093926-5f8a-4d55-9fa4-13fa9bf7907e" />
    <UnitTestResult executionId="9e32cd10-63ac-4e2f-b567-9ee182d42716" testId="ac367409-e3dc-e87e-85a3-4112df45a27b" testName="FS.GG.SDD.Acceptance.Tests.CompositionAcceptanceTests.unavailable provider resolves to skip-unavailable" computerName="780ae460ce3c" duration="00:00:00.0010000" startTime="2026-08-30T10:40:00.6487930+02:00" endTime="2026-08-30T10:40:00.6488077+02:00" testType="13cdc9d9-ddb5-4fa4-a97d-d965ccfc6d4b" outcome="NotExecuted" testListId="8c84fa94-04c1-424b-9868-57a2d4851a1d" relativeResultsDirectory="9e32cd10-63ac-4e2f-b567-9ee182d42716">
      <Output>
        <ErrorInfo>
          <Message>FSGG_SDD_ACCEPTANCE_REGISTRY is unset; the composition acceptance is opt-in and network-gated.</Message>
        </ErrorInfo>
      </Output>
    </UnitTestResult>
    <UnitTestResult executionId="6e8e5c71-b73b-4235-9fe7-8199d3f25ab0" testId="debb8f1e-13bb-f63f-a08b-093e0e685ee6" testName="FS.GG.SDD.Acceptance.Tests.WorkBoardScaffoldAcceptanceTests.the shipped padd-item skill targets only the configured board and fails without mutation when wiring is missing" computerName="780ae460ce3c" duration="00:00:00.0001816" startTime="2026-08-30T10:40:26.3003860+02:00" endTime="2026-08-30T10:40:26.3004686+02:00" testType="13cdc9d9-ddb5-4fa4-a97d-d965ccfc6d4b" outcome="Passed" testListId="8c84fa94-04c1-424b-9868-57a2d4851a1d" relativeResultsDirectory="6e8e5c71-b73b-4235-9fe7-8199d3f25ab0" />
    <UnitTestResult executionId="614ace18-e8c9-4d73-801b-43b43385a531" testId="ed935c2b-816e-35f0-b2c3-0d10cece218b" testName="FS.GG.SDD.Acceptance.Tests.CompositionAcceptanceTests.the skeleton-shape surface accounts for all seeded skill files" computerName="780ae460ce3c" duration="00:00:00.0071415" startTime="2026-08-30T10:39:57.0359267+02:00" endTime="2026-08-30T10:39:57.0457618+02:00" testType="13cdc9d9-ddb5-4fa4-a97d-d965ccfc6d4b" outcome="Passed" testListId="8c84fa94-04c1-424b-9868-57a2d4851a1d" relativeResultsDirectory="614ace18-e8c9-4d73-801b-43b43385a531" />
    <UnitTestResult executionId="5cd32993-fc12-4e65-9462-8617e7bb5d30" testId="ae3ea52b-ab3b-e014-c459-14ef02f2a942" testName="FS.GG.SDD.Acceptance.Tests.RegistryResolverTests.manual input path overrides dispatch and secret (precedence 1)" computerName="780ae460ce3c" duration="00:00:00.0035179" startTime="2026-08-30T10:40:14.1805915+02:00" endTime="2026-08-30T10:40:14.1839445+02:00" testType="13cdc9d9-ddb5-4fa4-a97d-d965ccfc6d4b" outcome="Passed" testListId="8c84fa94-04c1-424b-9868-57a2d4851a1d" relativeResultsDirectory="5cd32993-fc12-4e65-9462-8617e7bb5d30" />
    <UnitTestResult executionId="0ef045fd-0c58-4f15-ba8e-bf61ac6c8310" testId="89d970e3-5025-9b70-7d31-ccaa8c7687c7" testName="FS.GG.SDD.Acceptance.Tests.RegistryResolverTests.secret content is materialized when it is the only source (precedence 3)" computerName="780ae460ce3c" duration="00:00:00.0039079" startTime="2026-08-30T10:40:14.1908869+02:00" endTime="2026-08-30T10:40:14.1947131+02:00" testType="13cdc9d9-ddb5-4fa4-a97d-d965ccfc6d4b" outcome="Passed" testListId="8c84fa94-04c1-424b-9868-57a2d4851a1d" relativeResultsDirectory="0ef045fd-0c58-4f15-ba8e-bf61ac6c8310" />
    <UnitTestResult executionId="5fd08f3d-561d-426d-8717-9e0966146d35" testId="21972767-3be3-3523-c9e6-f654ba8a1beb" testName="FS.GG.SDD.Acceptance.Tests.ProbeResolutionTests.runProbe declared executes the Synthetic command and reflects its exit" computerName="780ae460ce3c" duration="00:00:00.0009567" startTime="2026-08-30T10:40:14.2177710+02:00" endTime="2026-08-30T10:40:14.2186762+02:00" testType="13cdc9d9-ddb5-4fa4-a97d-d965ccfc6d4b" outcome="Passed" testListId="8c84fa94-04c1-424b-9868-57a2d4851a1d" relativeResultsDirectory="5fd08f3d-561d-426d-8717-9e0966146d35" />
    <UnitTestResult executionId="4397fd15-20d3-4fab-964f-a5b77c8a42bb" testId="ac98a8b5-0a26-6f72-ad12-f395f90c6377" testName="FS.GG.SDD.Acceptance.Tests.ScheduledAcceptanceWorkflowTests.scheduled lane always reaches the fail-closed registry resolver and provider facts" computerName="780ae460ce3c" duration="00:00:00.0005761" startTime="2026-08-30T10:40:26.8924080+02:00" endTime="2026-08-30T10:40:26.8929294+02:00" testType="13cdc9d9-ddb5-4fa4-a97d-d965ccfc6d4b" outcome="Passed" testListId="8c84fa94-04c1-424b-9868-57a2d4851a1d" relativeResultsDirectory="4397fd15-20d3-4fab-964f-a5b77c8a42bb" />
    <UnitTestResult executionId="1a776cd0-ceec-47ff-a77c-513c550c819b" testId="3bd12610-6f5b-6d52-1006-7f991e63a5cb" testName="FS.GG.SDD.Acceptance.Tests.ProbeResolutionTests.default ProbeCommand tokens are the generic dotnet set only" computerName="780ae460ce3c" duration="00:00:00.0014317" startTime="2026-08-30T10:40:14.2195662+02:00" endTime="2026-08-30T10:40:14.2208681+02:00" testType="13cdc9d9-ddb5-4fa4-a97d-d965ccfc6d4b" outcome="Passed" testListId="8c84fa94-04c1-424b-9868-57a2d4851a1d" relativeResultsDirectory="1a776cd0-ceec-47ff-a77c-513c550c819b" />
    <UnitTestResult executionId="31a16e9c-41a4-4181-8159-e38b17dfaf8e" testId="b81a06fb-76a1-9559-e370-b43c6d90d2a9" testName="FS.GG.SDD.Acceptance.Tests.CompositionAcceptanceTests.env-unset registry skips with no document" computerName="780ae460ce3c" duration="00:00:00.0002645" startTime="2026-08-30T10:40:00.6480782+02:00" endTime="2026-08-30T10:40:00.6482503+02:00" testType="13cdc9d9-ddb5-4fa4-a97d-d965ccfc6d4b" outcome="Passed" testListId="8c84fa94-04c1-424b-9868-57a2d4851a1d" relativeResultsDirectory="31a16e9c-41a4-4181-8159-e38b17dfaf8e" />
    <UnitTestResult executionId="e9f58b72-dd82-4a78-a009-be45d4069e14" testId="48567f3d-fd39-1642-8d18-76a73d26d804" testName="FS.GG.SDD.Acceptance.Tests.ProbeResolutionTests.blank declared executable resolves to the default(blank: &quot;   &quot;)" computerName="780ae460ce3c" duration="00:00:00.0002517" startTime="2026-08-30T10:40:14.2227974+02:00" endTime="2026-08-30T10:40:14.2229538+02:00" testType="13cdc9d9-ddb5-4fa4-a97d-d965ccfc6d4b" outcome="Passed" testListId="8c84fa94-04c1-424b-9868-57a2d4851a1d" relativeResultsDirectory="e9f58b72-dd82-4a78-a009-be45d4069e14" />
    <UnitTestResult executionId="59ca87f9-4089-4bb5-a72a-e3f4acad1282" testId="d2a7e1f3-6542-cc07-8201-f60f29efe833" testName="FS.GG.SDD.Acceptance.Tests.ProbeResolutionTests.resolveRunCommand None is dotnet run --project discovered at root" computerName="780ae460ce3c" duration="00:00:00.0003993" startTime="2026-08-30T10:40:14.9861661+02:00" endTime="2026-08-30T10:40:14.9864422+02:00" testType="13cdc9d9-ddb5-4fa4-a97d-d965ccfc6d4b" outcome="Passed" testListId="8c84fa94-04c1-424b-9868-57a2d4851a1d" relativeResultsDirectory="59ca87f9-4089-4bb5-a72a-e3f4acad1282" />
    <UnitTestResult executionId="20b36b1b-1f31-4a6d-8309-92b0c6355fe3" testId="c8f652f2-5b48-3b61-7c73-771b3df5c5e9" testName="FS.GG.SDD.Acceptance.Tests.CompositionAcceptanceTests.verdict resolution keys on the outcome+diagnostic pair" computerName="780ae460ce3c" duration="00:00:00.0004727" startTime="2026-08-30T10:40:00.6708263+02:00" endTime="2026-08-30T10:40:00.6711732+02:00" testType="13cdc9d9-ddb5-4fa4-a97d-d965ccfc6d4b" outcome="Passed" testListId="8c84fa94-04c1-424b-9868-57a2d4851a1d" relativeResultsDirectory="20b36b1b-1f31-4a6d-8309-92b0c6355fe3" />
    <UnitTestResult executionId="8769f31b-ea15-43a8-87d8-c4c42a2d191e" testId="3f049ec7-c70a-d3c7-618e-77aadf7c04fd" testName="FS.GG.SDD.Acceptance.Tests.CompositionAcceptanceTests.omitted registry maps to a config-error fail" computerName="780ae460ce3c" duration="00:00:00.0223395" startTime="2026-08-30T10:40:00.6489937+02:00" endTime="2026-08-30T10:40:00.6706787+02:00" testType="13cdc9d9-ddb5-4fa4-a97d-d965ccfc6d4b" outcome="Passed" testListId="8c84fa94-04c1-424b-9868-57a2d4851a1d" relativeResultsDirectory="8769f31b-ea15-43a8-87d8-c4c42a2d191e" />
    <UnitTestResult executionId="c04e4a41-ae1f-4a57-ac87-e9b31986978c" testId="0e26ab4d-0e37-a0ca-ae03-7f1dc23b7444" testName="FS.GG.SDD.Acceptance.Tests.WorkBoardScaffoldAcceptanceTests.the shipped work-board skill documents its host loop and immediate status reporting" computerName="780ae460ce3c" duration="00:00:00.0005148" startTime="2026-08-30T10:40:24.9939305+02:00" endTime="2026-08-30T10:40:24.9944430+02:00" testType="13cdc9d9-ddb5-4fa4-a97d-d965ccfc6d4b" outcome="Passed" testListId="8c84fa94-04c1-424b-9868-57a2d4851a1d" relativeResultsDirectory="c04e4a41-ae1f-4a57-ac87-e9b31986978c" />
    <UnitTestResult executionId="5939bb0e-5b47-4e46-bb36-99bbcc8fbb78" testId="006c2aa8-f892-b1d2-072a-a9d577d66eef" testName="FS.GG.SDD.Acceptance.Tests.ProbeResolutionTests.discoverRunnableProject is deterministic ordinal-first" computerName="780ae460ce3c" duration="00:00:00.0009803" startTime="2026-08-30T10:40:14.2167906+02:00" endTime="2026-08-30T10:40:14.2176813+02:00" testType="13cdc9d9-ddb5-4fa4-a97d-d965ccfc6d4b" outcome="Passed" testListId="8c84fa94-04c1-424b-9868-57a2d4851a1d" relativeResultsDirectory="5939bb0e-5b47-4e46-bb36-99bbcc8fbb78" />
    <UnitTestResult executionId="8cb7712b-cf55-46cb-991e-c189c24f118e" testId="0bf7357e-ca34-2cb5-e735-a799a03d392a" testName="FS.GG.SDD.Acceptance.Tests.CompositionAcceptanceTests.hyphenated scaffold name builds and tests green" computerName="780ae460ce3c" duration="00:00:00.0010000" startTime="2026-08-30T10:40:00.6484052+02:00" endTime="2026-08-30T10:40:00.6484272+02:00" testType="13cdc9d9-ddb5-4fa4-a97d-d965ccfc6d4b" outcome="NotExecuted" testListId="8c84fa94-04c1-424b-9868-57a2d4851a1d" relativeResultsDirectory="8cb7712b-cf55-46cb-991e-c189c24f118e">
      <Output>
        <ErrorInfo>
          <Message>FSGG_SDD_ACCEPTANCE_REGISTRY is unset; the composition acceptance is opt-in and network-gated.</Message>
        </ErrorInfo>
      </Output>
    </UnitTestResult>
    <UnitTestResult executionId="8e58af82-902e-48bc-a695-672dabcb4aec" testId="622329fe-6802-a47f-a835-9cc30ab115bc" testName="FS.GG.SDD.Acceptance.Tests.RegistryResolverTests.dispatch whose recomputed sha differs from the advertised fails closed" computerName="780ae460ce3c" duration="00:00:00.0084020" startTime="2026-08-30T10:40:14.1948424+02:00" endTime="2026-08-30T10:40:14.2031690+02:00" testType="13cdc9d9-ddb5-4fa4-a97d-d965ccfc6d4b" outcome="Passed" testListId="8c84fa94-04c1-424b-9868-57a2d4851a1d" relativeResultsDirectory="8e58af82-902e-48bc-a695-672dabcb4aec" />
    <UnitTestResult executionId="700e972a-931f-4997-8f92-f4a26715bf1b" testId="2cbdaaf3-be3a-20cb-b6f3-da55748eaaca" testName="FS.GG.SDD.Acceptance.Tests.RegistryResolverTests.no source at all fails closed (unchanged from today)" computerName="780ae460ce3c" duration="00:00:00.0018957" startTime="2026-08-30T10:40:14.2119310+02:00" endTime="2026-08-30T10:40:14.2137400+02:00" testType="13cdc9d9-ddb5-4fa4-a97d-d965ccfc6d4b" outcome="Passed" testListId="8c84fa94-04c1-424b-9868-57a2d4851a1d" relativeResultsDirectory="700e972a-931f-4997-8f92-f4a26715bf1b" />
    <UnitTestResult executionId="0e568d9f-152e-431e-88c3-0e45f71f5087" testId="92a5a20c-c9a7-e604-fdbc-53ac85b4973f" testName="FS.GG.SDD.Acceptance.Tests.ProbeResolutionTests.Synthetic hanging command is killed at its bound with a timeout diagnostic" computerName="780ae460ce3c" duration="00:00:00.7629406" startTime="2026-08-30T10:40:14.2233240+02:00" endTime="2026-08-30T10:40:14.9859813+02:00" testType="13cdc9d9-ddb5-4fa4-a97d-d965ccfc6d4b" outcome="Passed" testListId="8c84fa94-04c1-424b-9868-57a2d4851a1d" relativeResultsDirectory="0e568d9f-152e-431e-88c3-0e45f71f5087" />
    <UnitTestResult executionId="5b705a42-1c34-4ed8-bb40-83e808e4f9c1" testId="d5e6fdd1-4573-08b8-e199-c030479e6812" testName="FS.GG.SDD.Acceptance.Tests.ScheduledAcceptanceWorkflowTests.offline provider facts retain an explicit capability skip" computerName="780ae460ce3c" duration="00:00:00.0001035" startTime="2026-08-30T10:40:26.8930160+02:00" endTime="2026-08-30T10:40:26.8930559+02:00" testType="13cdc9d9-ddb5-4fa4-a97d-d965ccfc6d4b" outcome="Passed" testListId="8c84fa94-04c1-424b-9868-57a2d4851a1d" relativeResultsDirectory="5b705a42-1c34-4ed8-bb40-83e808e4f9c1" />
    <UnitTestResult executionId="c2bcf1f4-4db1-401d-8d7c-d7083740cd9a" testId="ad2f4672-a91e-43cc-0123-25541dccce5b" testName="FS.GG.SDD.Acceptance.Tests.CompositionAcceptanceTests.two runs with the same inputs yield byte-identical bodies" computerName="780ae460ce3c" duration="00:00:00.0010000" startTime="2026-08-30T10:39:57.0525802+02:00" endTime="2026-08-30T10:39:57.0526013+02:00" testType="13cdc9d9-ddb5-4fa4-a97d-d965ccfc6d4b" outcome="NotExecuted" testListId="8c84fa94-04c1-424b-9868-57a2d4851a1d" relativeResultsDirectory="c2bcf1f4-4db1-401d-8d7c-d7083740cd9a">
      <Output>
        <ErrorInfo>
          <Message>FSGG_SDD_ACCEPTANCE_REGISTRY is unset; the composition acceptance is opt-in and network-gated.</Message>
        </ErrorInfo>
      </Output>
    </UnitTestResult>
    <UnitTestResult executionId="715f7103-af1a-49da-b5c5-b80dea4e495c" testId="e07ce153-e7f5-5dcb-59c7-ccc288c3d231" testName="FS.GG.SDD.Acceptance.Tests.ProbeResolutionTests.resolveBuildCommand None is dotnet build at root" computerName="780ae460ce3c" duration="00:00:00.0001619" startTime="2026-08-30T10:40:24.9935179+02:00" endTime="2026-08-30T10:40:24.9936264+02:00" testType="13cdc9d9-ddb5-4fa4-a97d-d965ccfc6d4b" outcome="Passed" testListId="8c84fa94-04c1-424b-9868-57a2d4851a1d" relativeResultsDirectory="715f7103-af1a-49da-b5c5-b80dea4e495c" />
    <UnitTestResult executionId="1846d7e9-7740-4355-a434-b5f1ab95efa4" testId="72d9c30f-4dd4-6681-e743-2a98042efe74" testName="FS.GG.SDD.Acceptance.Tests.ProbeResolutionTests.runProbe honors the descriptor's declared command and starts no dotnet" computerName="780ae460ce3c" duration="00:00:00.0007422" startTime="2026-08-30T10:40:14.2210001+02:00" endTime="2026-08-30T10:40:14.2216345+02:00" testType="13cdc9d9-ddb5-4fa4-a97d-d965ccfc6d4b" outcome="Passed" testListId="8c84fa94-04c1-424b-9868-57a2d4851a1d" relativeResultsDirectory="1846d7e9-7740-4355-a434-b5f1ab95efa4" />
    <UnitTestResult executionId="b2109635-f6d8-4f6a-b6db-a798e8b574fb" testId="44906f0b-1424-2632-ebf6-3504a3b26bae" testName="FS.GG.SDD.Acceptance.Tests.PolyglotLifecycleAcceptanceTests.one lifecycle imports real TRX and JUnit reports without a language taxonomy" computerName="780ae460ce3c" duration="00:00:13.5071090" startTime="2026-08-30T10:40:00.6732634+02:00" endTime="2026-08-30T10:40:14.1802125+02:00" testType="13cdc9d9-ddb5-4fa4-a97d-d965ccfc6d4b" outcome="Passed" testListId="8c84fa94-04c1-424b-9868-57a2d4851a1d" relativeResultsDirectory="b2109635-f6d8-4f6a-b6db-a798e8b574fb" />
    <UnitTestResult executionId="f65e2d75-6fa5-43be-be05-b30d54d1d93d" testId="10129ba8-ea28-c463-c457-91ed71a91b24" testName="FS.GG.SDD.Acceptance.Tests.ProbeResolutionTests.runToCompletion is bounded when a grandchild still holds the pipes after the child exits" computerName="780ae460ce3c" duration="00:00:05.0030711" startTime="2026-08-30T10:40:19.9889637+02:00" endTime="2026-08-30T10:40:24.9920199+02:00" testType="13cdc9d9-ddb5-4fa4-a97d-d965ccfc6d4b" outcome="Passed" testListId="8c84fa94-04c1-424b-9868-57a2d4851a1d" relativeResultsDirectory="f65e2d75-6fa5-43be-be05-b30d54d1d93d" />
    <UnitTestResult executionId="099d124f-61c9-41c1-b81c-93ae630c9ccf" testId="e092d10d-77eb-6355-9500-66be19bae403" testName="FS.GG.SDD.Acceptance.Tests.CompositionAcceptanceTests.override-free composition records the provider's sdd lifecycle default" computerName="780ae460ce3c" duration="00:00:00.0010000" startTime="2026-08-30T10:39:57.0514621+02:00" endTime="2026-08-30T10:39:57.0516430+02:00" testType="13cdc9d9-ddb5-4fa4-a97d-d965ccfc6d4b" outcome="NotExecuted" testListId="8c84fa94-04c1-424b-9868-57a2d4851a1d" relativeResultsDirectory="099d124f-61c9-41c1-b81c-93ae630c9ccf">
      <Output>
        <ErrorInfo>
          <Message>FSGG_SDD_ACCEPTANCE_REGISTRY is unset; the composition acceptance is opt-in and network-gated.</Message>
        </ErrorInfo>
      </Output>
    </UnitTestResult>
    <UnitTestResult executionId="90b783fc-7863-41a4-b25e-0b836a6357e4" testId="ca4c135d-17c6-ae7b-8375-4d1049251db5" testName="FS.GG.SDD.Acceptance.Tests.CompositionAcceptanceTests.the fixed composition request passes no explicit starter parameter" computerName="780ae460ce3c" duration="00:00:00.0001664" startTime="2026-08-30T10:40:00.6712474+02:00" endTime="2026-08-30T10:40:00.6713739+02:00" testType="13cdc9d9-ddb5-4fa4-a97d-d965ccfc6d4b" outcome="Passed" testListId="8c84fa94-04c1-424b-9868-57a2d4851a1d" relativeResultsDirectory="90b783fc-7863-41a4-b25e-0b836a6357e4" />
    <UnitTestResult executionId="1278b697-3171-4b0f-b8fe-aa7ee196b0ae" testId="8204f6a4-1cb3-a597-6b25-60e7d5afb36b" testName="FS.GG.SDD.Acceptance.Tests.ProbeResolutionTests.empty product discovers no project and run default is None" computerName="780ae460ce3c" duration="00:00:00.0011109" startTime="2026-08-30T10:40:14.2139758+02:00" endTime="2026-08-30T10:40:14.2150878+02:00" testType="13cdc9d9-ddb5-4fa4-a97d-d965ccfc6d4b" outcome="Passed" testListId="8c84fa94-04c1-424b-9868-57a2d4851a1d" relativeResultsDirectory="1278b697-3171-4b0f-b8fe-aa7ee196b0ae" />
    <UnitTestResult executionId="b133efb8-60ae-48d1-afa0-bc67bf74e1eb" testId="d814d512-5082-e6ff-1687-56f26b4a951e" testName="FS.GG.SDD.Acceptance.Tests.CompositionAcceptanceTests.the override-free composition request carries no parameter" computerName="780ae460ce3c" duration="00:00:00.0002341" startTime="2026-08-30T10:40:00.6430693+02:00" endTime="2026-08-30T10:40:00.6430975+02:00" testType="13cdc9d9-ddb5-4fa4-a97d-d965ccfc6d4b" outcome="Passed" testListId="8c84fa94-04c1-424b-9868-57a2d4851a1d" relativeResultsDirectory="b133efb8-60ae-48d1-afa0-bc67bf74e1eb" />
    <UnitTestResult executionId="c02c3ba8-fe8f-4643-9285-7f540444e59a" testId="27dcddae-0cb8-acd3-27fe-de294945351c" testName="FS.GG.SDD.Acceptance.Tests.ProbeResolutionTests.buildProbe declared executes the Synthetic command and reflects its exit" computerName="780ae460ce3c" duration="00:00:00.0010366" startTime="2026-08-30T10:40:24.9924476+02:00" endTime="2026-08-30T10:40:24.9934357+02:00" testType="13cdc9d9-ddb5-4fa4-a97d-d965ccfc6d4b" outcome="Passed" testListId="8c84fa94-04c1-424b-9868-57a2d4851a1d" relativeResultsDirectory="c02c3ba8-fe8f-4643-9285-7f540444e59a" />
    <UnitTestResult executionId="75354d45-49f1-4a28-bbf4-e850c2b9be52" testId="855c01d1-cde7-ad8b-126a-052a5dea7412" testName="FS.GG.SDD.Acceptance.Tests.WorkBoardScaffoldAcceptanceTests.a fresh product scaffold carries the exact package-delivered padd-item body in both runtime roots" computerName="780ae460ce3c" duration="00:00:00.5913621" startTime="2026-08-30T10:40:26.3005462+02:00" endTime="2026-08-30T10:40:26.8919014+02:00" testType="13cdc9d9-ddb5-4fa4-a97d-d965ccfc6d4b" outcome="Passed" testListId="8c84fa94-04c1-424b-9868-57a2d4851a1d" relativeResultsDirectory="75354d45-49f1-4a28-bbf4-e850c2b9be52" />
    <UnitTestResult executionId="736d46d6-54a4-4f1b-a9a5-fad507f26b1f" testId="a45be463-8313-f309-e1a8-abd8100e1dec" testName="FS.GG.SDD.Acceptance.Tests.ProbeResolutionTests.buildProbe honors the descriptor's declared command and starts no dotnet" computerName="780ae460ce3c" duration="00:00:00.0009032" startTime="2026-08-30T10:40:14.2151877+02:00" endTime="2026-08-30T10:40:14.2160172+02:00" testType="13cdc9d9-ddb5-4fa4-a97d-d965ccfc6d4b" outcome="Passed" testListId="8c84fa94-04c1-424b-9868-57a2d4851a1d" relativeResultsDirectory="736d46d6-54a4-4f1b-a9a5-fad507f26b1f" />
    <UnitTestResult executionId="db81473b-7de6-4cb1-b2c9-48b057eda707" testId="039ba848-fd47-3417-a085-845c8b41e808" testName="FS.GG.SDD.Acceptance.Tests.ProbeResolutionTests.runProbe does not report a child that exited holding pipes as a healthy running app" computerName="780ae460ce3c" duration="00:00:05.0015910" startTime="2026-08-30T10:40:14.9865458+02:00" endTime="2026-08-30T10:40:19.9881438+02:00" testType="13cdc9d9-ddb5-4fa4-a97d-d965ccfc6d4b" outcome="Passed" testListId="8c84fa94-04c1-424b-9868-57a2d4851a1d" relativeResultsDirectory="db81473b-7de6-4cb1-b2c9-48b057eda707" />
    <UnitTestResult executionId="c6bb0e4a-70b1-4913-8d54-a9ad2ce8c6df" testId="78af8ec1-beef-bfab-dab4-d2292e6aeabe" testName="FS.GG.SDD.Acceptance.Tests.ProbeResolutionTests.Synthetic non-zero exit yields a started non-zero ProbeResult" computerName="780ae460ce3c" duration="00:00:00.0006347" startTime="2026-08-30T10:40:14.2163230+02:00" endTime="2026-08-30T10:40:14.2166855+02:00" testType="13cdc9d9-ddb5-4fa4-a97d-d965ccfc6d4b" outcome="Passed" testListId="8c84fa94-04c1-424b-9868-57a2d4851a1d" relativeResultsDirectory="c6bb0e4a-70b1-4913-8d54-a9ad2ce8c6df" />
    <UnitTestResult executionId="87cbdc63-7af1-47bb-9568-128506ffda00" testId="4ff64246-bb73-c864-04aa-74e724e50022" testName="FS.GG.SDD.Acceptance.Tests.CompositionAcceptanceTests.descriptor resolve-and-bind selects the declared build and run commands" computerName="780ae460ce3c" duration="00:00:00.0041615" startTime="2026-08-30T10:40:00.6438376+02:00" endTime="2026-08-30T10:40:00.6479532+02:00" testType="13cdc9d9-ddb5-4fa4-a97d-d965ccfc6d4b" outcome="Passed" testListId="8c84fa94-04c1-424b-9868-57a2d4851a1d" relativeResultsDirectory="87cbdc63-7af1-47bb-9568-128506ffda00" />
    <UnitTestResult executionId="0ba6ab6d-f418-4374-8e0d-8030487786c5" testId="afe7f316-de50-9fab-41ec-f2cb13ef69d6" testName="FS.GG.SDD.Acceptance.Tests.ProbeResolutionTests.descriptor with no declared build or run resolves to the dotnet defaults" computerName="780ae460ce3c" duration="00:00:00.0006927" startTime="2026-08-30T10:40:14.2188120+02:00" endTime="2026-08-30T10:40:14.2194085+02:00" testType="13cdc9d9-ddb5-4fa4-a97d-d965ccfc6d4b" outcome="Passed" testListId="8c84fa94-04c1-424b-9868-57a2d4851a1d" relativeResultsDirectory="0ba6ab6d-f418-4374-8e0d-8030487786c5" />
    <UnitTestResult executionId="a665e900-ce1d-4771-8a05-1958abd099fe" testId="9673926a-2b94-e57a-4999-0c92e59407b5" testName="FS.GG.SDD.Acceptance.Tests.ProbeResolutionTests.resolveRunCommand declared is Some of the declared command at root" computerName="780ae460ce3c" duration="00:00:00.0003126" startTime="2026-08-30T10:40:24.9922976+02:00" endTime="2026-08-30T10:40:24.9923694+02:00" testType="13cdc9d9-ddb5-4fa4-a97d-d965ccfc6d4b" outcome="Passed" testListId="8c84fa94-04c1-424b-9868-57a2d4851a1d" relativeResultsDirectory="a665e900-ce1d-4771-8a05-1958abd099fe" />
    <UnitTestResult executionId="d1d5c971-fa9f-41af-ada0-6b11c874facd" testId="be16c792-d85e-d4e5-424a-eb9e5c422ffc" testName="FS.GG.SDD.Acceptance.Tests.RegistryResolverTests.dispatch with empty content fails closed" computerName="780ae460ce3c" duration="00:00:00.0020462" startTime="2026-08-30T10:40:14.2032873+02:00" endTime="2026-08-30T10:40:14.2052378+02:00" testType="13cdc9d9-ddb5-4fa4-a97d-d965ccfc6d4b" outcome="Passed" testListId="8c84fa94-04c1-424b-9868-57a2d4851a1d" relativeResultsDirectory="d1d5c971-fa9f-41af-ada0-6b11c874facd" />
    <UnitTestResult executionId="ea7edcc7-2c8a-43ac-94e0-558feea2f319" testId="2f16cfaf-42c5-61a6-aac0-a20a3a6256fa" testName="FS.GG.SDD.Acceptance.Tests.ScheduledAcceptanceWorkflowTests.default real-provider product root is a stable valid identifier shape" computerName="780ae460ce3c" duration="00:00:00.0002484" startTime="2026-08-30T10:40:26.8920702+02:00" endTime="2026-08-30T10:40:26.8923252+02:00" testType="13cdc9d9-ddb5-4fa4-a97d-d965ccfc6d4b" outcome="Passed" testListId="8c84fa94-04c1-424b-9868-57a2d4851a1d" relativeResultsDirectory="ea7edcc7-2c8a-43ac-94e0-558feea2f319" />
    <UnitTestResult executionId="802aa2db-7148-498d-8018-8046bb5a4603" testId="e6b850d7-61ba-eec3-3dfb-3b81545cda03" testName="FS.GG.SDD.Acceptance.Tests.ProbeResolutionTests.resolveBuildCommand declared invokes the declared command never dotnet" computerName="780ae460ce3c" duration="00:00:00.0002181" startTime="2026-08-30T10:40:14.2217688+02:00" endTime="2026-08-30T10:40:14.2218812+02:00" testType="13cdc9d9-ddb5-4fa4-a97d-d965ccfc6d4b" outcome="Passed" testListId="8c84fa94-04c1-424b-9868-57a2d4851a1d" relativeResultsDirectory="802aa2db-7148-498d-8018-8046bb5a4603" />
    <UnitTestResult executionId="d1c13d84-ddeb-41b2-b3af-fa6a653fd027" testId="e5d86937-5c11-622d-2b1f-c0074e41844a" testName="FS.GG.SDD.Acceptance.Tests.ProbeResolutionTests.blank declared executable resolves to the default(blank: &quot;&quot;)" computerName="780ae460ce3c" duration="00:00:00.0007624" startTime="2026-08-30T10:40:14.2225252+02:00" endTime="2026-08-30T10:40:14.2226888+02:00" testType="13cdc9d9-ddb5-4fa4-a97d-d965ccfc6d4b" outcome="Passed" testListId="8c84fa94-04c1-424b-9868-57a2d4851a1d" relativeResultsDirectory="d1c13d84-ddeb-41b2-b3af-fa6a653fd027" />
    <UnitTestResult executionId="d23ba11a-b1cb-4626-a6a0-caa9092c09be" testId="ba900ab2-bbd5-5c49-710e-bbd3c770dc1e" testName="FS.GG.SDD.Acceptance.Tests.CompositionAcceptanceTests.acceptance project carries no Governance reference" computerName="780ae460ce3c" duration="00:00:00.0003743" startTime="2026-08-30T10:40:00.6716717+02:00" endTime="2026-08-30T10:40:00.6717877+02:00" testType="13cdc9d9-ddb5-4fa4-a97d-d965ccfc6d4b" outcome="Passed" testListId="8c84fa94-04c1-424b-9868-57a2d4851a1d" relativeResultsDirectory="d23ba11a-b1cb-4626-a6a0-caa9092c09be" />
    <UnitTestResult executionId="a7dd83f3-e360-4535-b598-318f6e878f71" testId="a2b3bd15-b9ad-5b68-a145-e9d475c37992" testName="FS.GG.SDD.Acceptance.Tests.WorkBoardScaffoldAcceptanceTests.a fresh product scaffold carries each routed work-board body byte-identically in both runtime roots(id: &quot;work-board-normal&quot;)" computerName="780ae460ce3c" duration="00:00:00.7035721" startTime="2026-08-30T10:40:24.9945209+02:00" endTime="2026-08-30T10:40:25.6980974+02:00" testType="13cdc9d9-ddb5-4fa4-a97d-d965ccfc6d4b" outcome="Passed" testListId="8c84fa94-04c1-424b-9868-57a2d4851a1d" relativeResultsDirectory="a7dd83f3-e360-4535-b598-318f6e878f71" />
    <UnitTestResult executionId="b2093ff4-a851-45a2-83e3-47c10dfa4a80" testId="aec8d945-1da8-42f5-a77a-83daa656267f" testName="FS.GG.SDD.Acceptance.Tests.RegistryResolverTests.dispatch source materializes content verbatim and the file sha matches the advertised" computerName="780ae460ce3c" duration="00:00:00.0067909" startTime="2026-08-30T10:40:14.1840866+02:00" endTime="2026-08-30T10:40:14.1907680+02:00" testType="13cdc9d9-ddb5-4fa4-a97d-d965ccfc6d4b" outcome="Passed" testListId="8c84fa94-04c1-424b-9868-57a2d4851a1d" relativeResultsDirectory="b2093ff4-a851-45a2-83e3-47c10dfa4a80" />
    <UnitTestResult executionId="de5ee83f-c59d-4e76-a62c-46920667c16d" testId="cc6ddf7a-7804-c963-cddc-fb68a1fc61e2" testName="FS.GG.SDD.Acceptance.Tests.CompositionAcceptanceTests.real rendering composition is coherent end to end" computerName="780ae460ce3c" duration="00:00:00.0010000" startTime="2026-08-30T10:39:57.0527487+02:00" endTime="2026-08-30T10:39:57.0527959+02:00" testType="13cdc9d9-ddb5-4fa4-a97d-d965ccfc6d4b" outcome="NotExecuted" testListId="8c84fa94-04c1-424b-9868-57a2d4851a1d" relativeResultsDirectory="de5ee83f-c59d-4e76-a62c-46920667c16d">
      <Output>
        <ErrorInfo>
          <Message>FSGG_SDD_ACCEPTANCE_REGISTRY is unset; the composition acceptance is opt-in and network-gated.</Message>
        </ErrorInfo>
      </Output>
    </UnitTestResult>
    <UnitTestResult executionId="07015221-8722-4527-aeef-2d7521a65c89" testId="04136a42-e567-a294-7a17-cbf5fd8811d3" testName="FS.GG.SDD.Acceptance.Tests.CompositionAcceptanceTests.the hyphenated smoke request forwards the descriptor-resolved name key" computerName="780ae460ce3c" duration="00:00:03.5945317" startTime="2026-08-30T10:39:57.0529569+02:00" endTime="2026-08-30T10:40:00.6425767+02:00" testType="13cdc9d9-ddb5-4fa4-a97d-d965ccfc6d4b" outcome="Passed" testListId="8c84fa94-04c1-424b-9868-57a2d4851a1d" relativeResultsDirectory="07015221-8722-4527-aeef-2d7521a65c89" />
  </Results>
  <TestDefinitions>
    <UnitTest name="FS.GG.SDD.Acceptance.Tests.ProbeResolutionTests.resolveBuildCommand None is dotnet build at root" storage="/tmp/fsgg-sdd-944-v39tis/tests/fs.gg.sdd.acceptance.tests/bin/debug/net10.0/fs.gg.sdd.acceptance.tests.dll" id="e07ce153-e7f5-5dcb-59c7-ccc288c3d231">
      <Execution id="715f7103-af1a-49da-b5c5-b80dea4e495c" />
      <TestMethod codeBase="/tmp/fsgg-sdd-944-v39tIs/tests/FS.GG.SDD.Acceptance.Tests/bin/Debug/net10.0/FS.GG.SDD.Acceptance.Tests.dll" adapterTypeName="executor://xunit/VsTestRunner3/netcore/" className="FS.GG.SDD.Acceptance.Tests.ProbeResolutionTests" name="resolveBuildCommand None is dotnet build at root" />
    </UnitTest>
    <UnitTest name="FS.GG.SDD.Acceptance.Tests.CompositionAcceptanceTests.env-unset registry skips with no document" storage="/tmp/fsgg-sdd-944-v39tis/tests/fs.gg.sdd.acceptance.tests/bin/debug/net10.0/fs.gg.sdd.acceptance.tests.dll" id="b81a06fb-76a1-9559-e370-b43c6d90d2a9">
      <Execution id="31a16e9c-41a4-4181-8159-e38b17dfaf8e" />
      <TestMethod codeBase="/tmp/fsgg-sdd-944-v39tIs/tests/FS.GG.SDD.Acceptance.Tests/bin/Debug/net10.0/FS.GG.SDD.Acceptance.Tests.dll" adapterTypeName="executor://xunit/VsTestRunner3/netcore/" className="FS.GG.SDD.Acceptance.Tests.CompositionAcceptanceTests" name="env-unset registry skips with no document" />
    </UnitTest>
    <UnitTest name="FS.GG.SDD.Acceptance.Tests.RegistryResolverTests.dispatch with empty content fails closed" storage="/tmp/fsgg-sdd-944-v39tis/tests/fs.gg.sdd.acceptance.tests/bin/debug/net10.0/fs.gg.sdd.acceptance.tests.dll" id="be16c792-d85e-d4e5-424a-eb9e5c422ffc">
      <Execution id="d1d5c971-fa9f-41af-ada0-6b11c874facd" />
      <TestMethod codeBase="/tmp/fsgg-sdd-944-v39tIs/tests/FS.GG.SDD.Acceptance.Tests/bin/Debug/net10.0/FS.GG.SDD.Acceptance.Tests.dll" adapterTypeName="executor://xunit/VsTestRunner3/netcore/" className="FS.GG.SDD.Acceptance.Tests.RegistryResolverTests" name="dispatch with empty content fails closed" />
    </UnitTest>
    <UnitTest name="FS.GG.SDD.Acceptance.Tests.WorkBoardScaffoldAcceptanceTests.a fresh product scaffold carries the exact package-delivered padd-item body in both runtime roots" storage="/tmp/fsgg-sdd-944-v39tis/tests/fs.gg.sdd.acceptance.tests/bin/debug/net10.0/fs.gg.sdd.acceptance.tests.dll" id="855c01d1-cde7-ad8b-126a-052a5dea7412">
      <Execution id="75354d45-49f1-4a28-bbf4-e850c2b9be52" />
      <TestMethod codeBase="/tmp/fsgg-sdd-944-v39tIs/tests/FS.GG.SDD.Acceptance.Tests/bin/Debug/net10.0/FS.GG.SDD.Acceptance.Tests.dll" adapterTypeName="executor://xunit/VsTestRunner3/netcore/" className="FS.GG.SDD.Acceptance.Tests.WorkBoardScaffoldAcceptanceTests" name="a fresh product scaffold carries the exact package-delivered padd-item body in both runtime roots" />
    </UnitTest>
    <UnitTest name="FS.GG.SDD.Acceptance.Tests.CompositionAcceptanceTests.unavailable provider resolves to skip-unavailable" storage="/tmp/fsgg-sdd-944-v39tis/tests/fs.gg.sdd.acceptance.tests/bin/debug/net10.0/fs.gg.sdd.acceptance.tests.dll" id="ac367409-e3dc-e87e-85a3-4112df45a27b">
      <Execution id="9e32cd10-63ac-4e2f-b567-9ee182d42716" />
      <TestMethod codeBase="/tmp/fsgg-sdd-944-v39tIs/tests/FS.GG.SDD.Acceptance.Tests/bin/Debug/net10.0/FS.GG.SDD.Acceptance.Tests.dll" adapterTypeName="executor://xunit/VsTestRunner3/netcore/" className="FS.GG.SDD.Acceptance.Tests.CompositionAcceptanceTests" name="unavailable provider resolves to skip-unavailable" />
    </UnitTest>
    <UnitTest name="FS.GG.SDD.Acceptance.Tests.CompositionAcceptanceTests.the hyphenated smoke request forwards the descriptor-resolved name key" storage="/tmp/fsgg-sdd-944-v39tis/tests/fs.gg.sdd.acceptance.tests/bin/debug/net10.0/fs.gg.sdd.acceptance.tests.dll" id="04136a42-e567-a294-7a17-cbf5fd8811d3">
      <Execution id="07015221-8722-4527-aeef-2d7521a65c89" />
      <TestMethod codeBase="/tmp/fsgg-sdd-944-v39tIs/tests/FS.GG.SDD.Acceptance.Tests/bin/Debug/net10.0/FS.GG.SDD.Acceptance.Tests.dll" adapterTypeName="executor://xunit/VsTestRunner3/netcore/" className="FS.GG.SDD.Acceptance.Tests.CompositionAcceptanceTests" name="the hyphenated smoke request forwards the descriptor-resolved name key" />
    </UnitTest>
    <UnitTest name="FS.GG.SDD.Acceptance.Tests.ScheduledAcceptanceWorkflowTests.default real-provider product root is a stable valid identifier shape" storage="/tmp/fsgg-sdd-944-v39tis/tests/fs.gg.sdd.acceptance.tests/bin/debug/net10.0/fs.gg.sdd.acceptance.tests.dll" id="2f16cfaf-42c5-61a6-aac0-a20a3a6256fa">
      <Execution id="ea7edcc7-2c8a-43ac-94e0-558feea2f319" />
      <TestMethod codeBase="/tmp/fsgg-sdd-944-v39tIs/tests/FS.GG.SDD.Acceptance.Tests/bin/Debug/net10.0/FS.GG.SDD.Acceptance.Tests.dll" adapterTypeName="executor://xunit/VsTestRunner3/netcore/" className="FS.GG.SDD.Acceptance.Tests.ScheduledAcceptanceWorkflowTests" name="default real-provider product root is a stable valid identifier shape" />
    </UnitTest>
    <UnitTest name="FS.GG.SDD.Acceptance.Tests.CompositionAcceptanceTests.override-free composition records the provider's sdd lifecycle default" storage="/tmp/fsgg-sdd-944-v39tis/tests/fs.gg.sdd.acceptance.tests/bin/debug/net10.0/fs.gg.sdd.acceptance.tests.dll" id="e092d10d-77eb-6355-9500-66be19bae403">
      <Execution id="099d124f-61c9-41c1-b81c-93ae630c9ccf" />
      <TestMethod codeBase="/tmp/fsgg-sdd-944-v39tIs/tests/FS.GG.SDD.Acceptance.Tests/bin/Debug/net10.0/FS.GG.SDD.Acceptance.Tests.dll" adapterTypeName="executor://xunit/VsTestRunner3/netcore/" className="FS.GG.SDD.Acceptance.Tests.CompositionAcceptanceTests" name="override-free composition records the provider's sdd lifecycle default" />
    </UnitTest>
    <UnitTest name="FS.GG.SDD.Acceptance.Tests.ProbeResolutionTests.Synthetic non-zero exit yields a started non-zero ProbeResult" storage="/tmp/fsgg-sdd-944-v39tis/tests/fs.gg.sdd.acceptance.tests/bin/debug/net10.0/fs.gg.sdd.acceptance.tests.dll" id="78af8ec1-beef-bfab-dab4-d2292e6aeabe">
      <Execution id="c6bb0e4a-70b1-4913-8d54-a9ad2ce8c6df" />
      <TestMethod codeBase="/tmp/fsgg-sdd-944-v39tIs/tests/FS.GG.SDD.Acceptance.Tests/bin/Debug/net10.0/FS.GG.SDD.Acceptance.Tests.dll" adapterTypeName="executor://xunit/VsTestRunner3/netcore/" className="FS.GG.SDD.Acceptance.Tests.ProbeResolutionTests" name="Synthetic non-zero exit yields a started non-zero ProbeResult" />
    </UnitTest>
    <UnitTest name="FS.GG.SDD.Acceptance.Tests.CompositionAcceptanceTests.the skeleton-shape surface accounts for all seeded skill files" storage="/tmp/fsgg-sdd-944-v39tis/tests/fs.gg.sdd.acceptance.tests/bin/debug/net10.0/fs.gg.sdd.acceptance.tests.dll" id="ed935c2b-816e-35f0-b2c3-0d10cece218b">
      <Execution id="614ace18-e8c9-4d73-801b-43b43385a531" />
      <TestMethod codeBase="/tmp/fsgg-sdd-944-v39tIs/tests/FS.GG.SDD.Acceptance.Tests/bin/Debug/net10.0/FS.GG.SDD.Acceptance.Tests.dll" adapterTypeName="executor://xunit/VsTestRunner3/netcore/" className="FS.GG.SDD.Acceptance.Tests.CompositionAcceptanceTests" name="the skeleton-shape surface accounts for all seeded skill files" />
    </UnitTest>
    <UnitTest name="FS.GG.SDD.Acceptance.Tests.RegistryResolverTests.secret content is materialized when it is the only source (precedence 3)" storage="/tmp/fsgg-sdd-944-v39tis/tests/fs.gg.sdd.acceptance.tests/bin/debug/net10.0/fs.gg.sdd.acceptance.tests.dll" id="89d970e3-5025-9b70-7d31-ccaa8c7687c7">
      <Execution id="0ef045fd-0c58-4f15-ba8e-bf61ac6c8310" />
      <TestMethod codeBase="/tmp/fsgg-sdd-944-v39tIs/tests/FS.GG.SDD.Acceptance.Tests/bin/Debug/net10.0/FS.GG.SDD.Acceptance.Tests.dll" adapterTypeName="executor://xunit/VsTestRunner3/netcore/" className="FS.GG.SDD.Acceptance.Tests.RegistryResolverTests" name="secret content is materialized when it is the only source (precedence 3)" />
    </UnitTest>
    <UnitTest name="FS.GG.SDD.Acceptance.Tests.ProbeResolutionTests.runProbe honors the descriptor's declared command and starts no dotnet" storage="/tmp/fsgg-sdd-944-v39tis/tests/fs.gg.sdd.acceptance.tests/bin/debug/net10.0/fs.gg.sdd.acceptance.tests.dll" id="72d9c30f-4dd4-6681-e743-2a98042efe74">
      <Execution id="1846d7e9-7740-4355-a434-b5f1ab95efa4" />
      <TestMethod codeBase="/tmp/fsgg-sdd-944-v39tIs/tests/FS.GG.SDD.Acceptance.Tests/bin/Debug/net10.0/FS.GG.SDD.Acceptance.Tests.dll" adapterTypeName="executor://xunit/VsTestRunner3/netcore/" className="FS.GG.SDD.Acceptance.Tests.ProbeResolutionTests" name="runProbe honors the descriptor's declared command and starts no dotnet" />
    </UnitTest>
    <UnitTest name="FS.GG.SDD.Acceptance.Tests.CompositionAcceptanceTests.acceptance project carries no Governance reference" storage="/tmp/fsgg-sdd-944-v39tis/tests/fs.gg.sdd.acceptance.tests/bin/debug/net10.0/fs.gg.sdd.acceptance.tests.dll" id="ba900ab2-bbd5-5c49-710e-bbd3c770dc1e">
      <Execution id="d23ba11a-b1cb-4626-a6a0-caa9092c09be" />
      <TestMethod codeBase="/tmp/fsgg-sdd-944-v39tIs/tests/FS.GG.SDD.Acceptance.Tests/bin/Debug/net10.0/FS.GG.SDD.Acceptance.Tests.dll" adapterTypeName="executor://xunit/VsTestRunner3/netcore/" className="FS.GG.SDD.Acceptance.Tests.CompositionAcceptanceTests" name="acceptance project carries no Governance reference" />
    </UnitTest>
    <UnitTest name="FS.GG.SDD.Acceptance.Tests.ProbeResolutionTests.default ProbeCommand tokens are the generic dotnet set only" storage="/tmp/fsgg-sdd-944-v39tis/tests/fs.gg.sdd.acceptance.tests/bin/debug/net10.0/fs.gg.sdd.acceptance.tests.dll" id="3bd12610-6f5b-6d52-1006-7f991e63a5cb">
      <Execution id="1a776cd0-ceec-47ff-a77c-513c550c819b" />
      <TestMethod codeBase="/tmp/fsgg-sdd-944-v39tIs/tests/FS.GG.SDD.Acceptance.Tests/bin/Debug/net10.0/FS.GG.SDD.Acceptance.Tests.dll" adapterTypeName="executor://xunit/VsTestRunner3/netcore/" className="FS.GG.SDD.Acceptance.Tests.ProbeResolutionTests" name="default ProbeCommand tokens are the generic dotnet set only" />
    </UnitTest>
    <UnitTest name="FS.GG.SDD.Acceptance.Tests.RegistryResolverTests.default mode appends the registry path to GITHUB_ENV and the drift sha to the step summary" storage="/tmp/fsgg-sdd-944-v39tis/tests/fs.gg.sdd.acceptance.tests/bin/debug/net10.0/fs.gg.sdd.acceptance.tests.dll" id="340d97b9-4e45-e2a5-afab-ca7d18d9cc5d">
      <Execution id="80093926-5f8a-4d55-9fa4-13fa9bf7907e" />
      <TestMethod codeBase="/tmp/fsgg-sdd-944-v39tIs/tests/FS.GG.SDD.Acceptance.Tests/bin/Debug/net10.0/FS.GG.SDD.Acceptance.Tests.dll" adapterTypeName="executor://xunit/VsTestRunner3/netcore/" className="FS.GG.SDD.Acceptance.Tests.RegistryResolverTests" name="default mode appends the registry path to GITHUB_ENV and the drift sha to the step summary" />
    </UnitTest>
    <UnitTest name="FS.GG.SDD.Acceptance.Tests.ProbeResolutionTests.resolveRunCommand None is dotnet run --project discovered at root" storage="/tmp/fsgg-sdd-944-v39tis/tests/fs.gg.sdd.acceptance.tests/bin/debug/net10.0/fs.gg.sdd.acceptance.tests.dll" id="d2a7e1f3-6542-cc07-8201-f60f29efe833">
      <Execution id="59ca87f9-4089-4bb5-a72a-e3f4acad1282" />
      <TestMethod codeBase="/tmp/fsgg-sdd-944-v39tIs/tests/FS.GG.SDD.Acceptance.Tests/bin/Debug/net10.0/FS.GG.SDD.Acceptance.Tests.dll" adapterTypeName="executor://xunit/VsTestRunner3/netcore/" className="FS.GG.SDD.Acceptance.Tests.ProbeResolutionTests" name="resolveRunCommand None is dotnet run --project discovered at root" />
    </UnitTest>
    <UnitTest name="FS.GG.SDD.Acceptance.Tests.ProbeResolutionTests.discoverRunnableProject is deterministic ordinal-first" storage="/tmp/fsgg-sdd-944-v39tis/tests/fs.gg.sdd.acceptance.tests/bin/debug/net10.0/fs.gg.sdd.acceptance.tests.dll" id="006c2aa8-f892-b1d2-072a-a9d577d66eef">
      <Execution id="5939bb0e-5b47-4e46-bb36-99bbcc8fbb78" />
      <TestMethod codeBase="/tmp/fsgg-sdd-944-v39tIs/tests/FS.GG.SDD.Acceptance.Tests/bin/Debug/net10.0/FS.GG.SDD.Acceptance.Tests.dll" adapterTypeName="executor://xunit/VsTestRunner3/netcore/" className="FS.GG.SDD.Acceptance.Tests.ProbeResolutionTests" name="discoverRunnableProject is deterministic ordinal-first" />
    </UnitTest>
    <UnitTest name="FS.GG.SDD.Acceptance.Tests.CompositionAcceptanceTests.hyphenated scaffold name builds and tests green" storage="/tmp/fsgg-sdd-944-v39tis/tests/fs.gg.sdd.acceptance.tests/bin/debug/net10.0/fs.gg.sdd.acceptance.tests.dll" id="0bf7357e-ca34-2cb5-e735-a799a03d392a">
      <Execution id="8cb7712b-cf55-46cb-991e-c189c24f118e" />
      <TestMethod codeBase="/tmp/fsgg-sdd-944-v39tIs/tests/FS.GG.SDD.Acceptance.Tests/bin/Debug/net10.0/FS.GG.SDD.Acceptance.Tests.dll" adapterTypeName="executor://xunit/VsTestRunner3/netcore/" className="FS.GG.SDD.Acceptance.Tests.CompositionAcceptanceTests" name="hyphenated scaffold name builds and tests green" />
    </UnitTest>
    <UnitTest name="FS.GG.SDD.Acceptance.Tests.CompositionAcceptanceTests.providerFailed splits into skip and fail by diagnostic" storage="/tmp/fsgg-sdd-944-v39tis/tests/fs.gg.sdd.acceptance.tests/bin/debug/net10.0/fs.gg.sdd.acceptance.tests.dll" id="93f44e30-3252-dbfb-baff-39798062b47b">
      <Execution id="07b8149d-a724-417e-94fd-b24790dcdf37" />
      <TestMethod codeBase="/tmp/fsgg-sdd-944-v39tIs/tests/FS.GG.SDD.Acceptance.Tests/bin/Debug/net10.0/FS.GG.SDD.Acceptance.Tests.dll" adapterTypeName="executor://xunit/VsTestRunner3/netcore/" className="FS.GG.SDD.Acceptance.Tests.CompositionAcceptanceTests" name="providerFailed splits into skip and fail by diagnostic" />
    </UnitTest>
    <UnitTest name="FS.GG.SDD.Acceptance.Tests.CompositionAcceptanceTests.result schema golden is byte-exact with the sensed block normalized" storage="/tmp/fsgg-sdd-944-v39tis/tests/fs.gg.sdd.acceptance.tests/bin/debug/net10.0/fs.gg.sdd.acceptance.tests.dll" id="7fea8b39-a13a-c04e-d76e-328ac2bde15c">
      <Execution id="65b61669-bbea-4e84-a56c-56a499caede6" />
      <TestMethod codeBase="/tmp/fsgg-sdd-944-v39tIs/tests/FS.GG.SDD.Acceptance.Tests/bin/Debug/net10.0/FS.GG.SDD.Acceptance.Tests.dll" adapterTypeName="executor://xunit/VsTestRunner3/netcore/" className="FS.GG.SDD.Acceptance.Tests.CompositionAcceptanceTests" name="result schema golden is byte-exact with the sensed block normalized" />
    </UnitTest>
    <UnitTest name="FS.GG.SDD.Acceptance.Tests.WorkBoardScaffoldAcceptanceTests.the shipped padd-item skill targets only the configured board and fails without mutation when wiring is missing" storage="/tmp/fsgg-sdd-944-v39tis/tests/fs.gg.sdd.acceptance.tests/bin/debug/net10.0/fs.gg.sdd.acceptance.tests.dll" id="debb8f1e-13bb-f63f-a08b-093e0e685ee6">
      <Execution id="6e8e5c71-b73b-4235-9fe7-8199d3f25ab0" />
      <TestMethod codeBase="/tmp/fsgg-sdd-944-v39tIs/tests/FS.GG.SDD.Acceptance.Tests/bin/Debug/net10.0/FS.GG.SDD.Acceptance.Tests.dll" adapterTypeName="executor://xunit/VsTestRunner3/netcore/" className="FS.GG.SDD.Acceptance.Tests.WorkBoardScaffoldAcceptanceTests" name="the shipped padd-item skill targets only the configured board and fails without mutation when wiring is missing" />
    </UnitTest>
    <UnitTest name="FS.GG.SDD.Acceptance.Tests.ProbeResolutionTests.buildProbe declared executes the Synthetic command and reflects its exit" storage="/tmp/fsgg-sdd-944-v39tis/tests/fs.gg.sdd.acceptance.tests/bin/debug/net10.0/fs.gg.sdd.acceptance.tests.dll" id="27dcddae-0cb8-acd3-27fe-de294945351c">
      <Execution id="c02c3ba8-fe8f-4643-9285-7f540444e59a" />
      <TestMethod codeBase="/tmp/fsgg-sdd-944-v39tIs/tests/FS.GG.SDD.Acceptance.Tests/bin/Debug/net10.0/FS.GG.SDD.Acceptance.Tests.dll" adapterTypeName="executor://xunit/VsTestRunner3/netcore/" className="FS.GG.SDD.Acceptance.Tests.ProbeResolutionTests" name="buildProbe declared executes the Synthetic command and reflects its exit" />
    </UnitTest>
    <UnitTest name="FS.GG.SDD.Acceptance.Tests.CompositionAcceptanceTests.omitted registry maps to a config-error fail" storage="/tmp/fsgg-sdd-944-v39tis/tests/fs.gg.sdd.acceptance.tests/bin/debug/net10.0/fs.gg.sdd.acceptance.tests.dll" id="3f049ec7-c70a-d3c7-618e-77aadf7c04fd">
      <Execution id="8769f31b-ea15-43a8-87d8-c4c42a2d191e" />
      <TestMethod codeBase="/tmp/fsgg-sdd-944-v39tIs/tests/FS.GG.SDD.Acceptance.Tests/bin/Debug/net10.0/FS.GG.SDD.Acceptance.Tests.dll" adapterTypeName="executor://xunit/VsTestRunner3/netcore/" className="FS.GG.SDD.Acceptance.Tests.CompositionAcceptanceTests" name="omitted registry maps to a config-error fail" />
    </UnitTest>
    <UnitTest name="FS.GG.SDD.Acceptance.Tests.CompositionAcceptanceTests.verdict resolution keys on the outcome+diagnostic pair" storage="/tmp/fsgg-sdd-944-v39tis/tests/fs.gg.sdd.acceptance.tests/bin/debug/net10.0/fs.gg.sdd.acceptance.tests.dll" id="c8f652f2-5b48-3b61-7c73-771b3df5c5e9">
      <Execution id="20b36b1b-1f31-4a6d-8309-92b0c6355fe3" />
      <TestMethod codeBase="/tmp/fsgg-sdd-944-v39tIs/tests/FS.GG.SDD.Acceptance.Tests/bin/Debug/net10.0/FS.GG.SDD.Acceptance.Tests.dll" adapterTypeName="executor://xunit/VsTestRunner3/netcore/" className="FS.GG.SDD.Acceptance.Tests.CompositionAcceptanceTests" name="verdict resolution keys on the outcome+diagnostic pair" />
    </UnitTest>
    <UnitTest name="FS.GG.SDD.Acceptance.Tests.ProbeResolutionTests.resolveRunCommand declared is Some of the declared command at root" storage="/tmp/fsgg-sdd-944-v39tis/tests/fs.gg.sdd.acceptance.tests/bin/debug/net10.0/fs.gg.sdd.acceptance.tests.dll" id="9673926a-2b94-e57a-4999-0c92e59407b5">
      <Execution id="a665e900-ce1d-4771-8a05-1958abd099fe" />
      <TestMethod codeBase="/tmp/fsgg-sdd-944-v39tIs/tests/FS.GG.SDD.Acceptance.Tests/bin/Debug/net10.0/FS.GG.SDD.Acceptance.Tests.dll" adapterTypeName="executor://xunit/VsTestRunner3/netcore/" className="FS.GG.SDD.Acceptance.Tests.ProbeResolutionTests" name="resolveRunCommand declared is Some of the declared command at root" />
    </UnitTest>
    <UnitTest name="FS.GG.SDD.Acceptance.Tests.RegistryResolverTests.dispatch source materializes content verbatim and the file sha matches the advertised" storage="/tmp/fsgg-sdd-944-v39tis/tests/fs.gg.sdd.acceptance.tests/bin/debug/net10.0/fs.gg.sdd.acceptance.tests.dll" id="aec8d945-1da8-42f5-a77a-83daa656267f">
      <Execution id="b2093ff4-a851-45a2-83e3-47c10dfa4a80" />
      <TestMethod codeBase="/tmp/fsgg-sdd-944-v39tIs/tests/FS.GG.SDD.Acceptance.Tests/bin/Debug/net10.0/FS.GG.SDD.Acceptance.Tests.dll" adapterTypeName="executor://xunit/VsTestRunner3/netcore/" className="FS.GG.SDD.Acceptance.Tests.RegistryResolverTests" name="dispatch source materializes content verbatim and the file sha matches the advertised" />
    </UnitTest>
    <UnitTest name="FS.GG.SDD.Acceptance.Tests.CompositionAcceptanceTests.the fixed composition request passes no explicit starter parameter" storage="/tmp/fsgg-sdd-944-v39tis/tests/fs.gg.sdd.acceptance.tests/bin/debug/net10.0/fs.gg.sdd.acceptance.tests.dll" id="ca4c135d-17c6-ae7b-8375-4d1049251db5">
      <Execution id="90b783fc-7863-41a4-b25e-0b836a6357e4" />
      <TestMethod codeBase="/tmp/fsgg-sdd-944-v39tIs/tests/FS.GG.SDD.Acceptance.Tests/bin/Debug/net10.0/FS.GG.SDD.Acceptance.Tests.dll" adapterTypeName="executor://xunit/VsTestRunner3/netcore/" className="FS.GG.SDD.Acceptance.Tests.CompositionAcceptanceTests" name="the fixed composition request passes no explicit starter parameter" />
    </UnitTest>
    <UnitTest name="FS.GG.SDD.Acceptance.Tests.ProbeResolutionTests.runProbe does not report a child that exited holding pipes as a healthy running app" storage="/tmp/fsgg-sdd-944-v39tis/tests/fs.gg.sdd.acceptance.tests/bin/debug/net10.0/fs.gg.sdd.acceptance.tests.dll" id="039ba848-fd47-3417-a085-845c8b41e808">
      <Execution id="db81473b-7de6-4cb1-b2c9-48b057eda707" />
      <TestMethod codeBase="/tmp/fsgg-sdd-944-v39tIs/tests/FS.GG.SDD.Acceptance.Tests/bin/Debug/net10.0/FS.GG.SDD.Acceptance.Tests.dll" adapterTypeName="executor://xunit/VsTestRunner3/netcore/" className="FS.GG.SDD.Acceptance.Tests.ProbeResolutionTests" name="runProbe does not report a child that exited holding pipes as a healthy running app" />
    </UnitTest>
    <UnitTest name="FS.GG.SDD.Acceptance.Tests.WorkBoardScaffoldAcceptanceTests.a fresh product scaffold carries each routed work-board body byte-identically in both runtime roots(id: &quot;work-board-best&quot;)" storage="/tmp/fsgg-sdd-944-v39tis/tests/fs.gg.sdd.acceptance.tests/bin/debug/net10.0/fs.gg.sdd.acceptance.tests.dll" id="a3671615-ce7b-fbcc-6f0d-a521907048ff">
      <Execution id="4d228833-1737-46f3-9423-16f2d7af289c" />
      <TestMethod codeBase="/tmp/fsgg-sdd-944-v39tIs/tests/FS.GG.SDD.Acceptance.Tests/bin/Debug/net10.0/FS.GG.SDD.Acceptance.Tests.dll" adapterTypeName="executor://xunit/VsTestRunner3/netcore/" className="FS.GG.SDD.Acceptance.Tests.WorkBoardScaffoldAcceptanceTests" name="a fresh product scaffold carries each routed work-board body byte-identically in both runtime roots" />
    </UnitTest>
    <UnitTest name="FS.GG.SDD.Acceptance.Tests.ProbeResolutionTests.Synthetic missing executable yields a could-not-start ProbeResult" storage="/tmp/fsgg-sdd-944-v39tis/tests/fs.gg.sdd.acceptance.tests/bin/debug/net10.0/fs.gg.sdd.acceptance.tests.dll" id="bdb2e49f-a09b-ddb9-fdfa-76803914ea66">
      <Execution id="2aed5311-ebf6-46df-8c54-ce7d42593421" />
      <TestMethod codeBase="/tmp/fsgg-sdd-944-v39tIs/tests/FS.GG.SDD.Acceptance.Tests/bin/Debug/net10.0/FS.GG.SDD.Acceptance.Tests.dll" adapterTypeName="executor://xunit/VsTestRunner3/netcore/" className="FS.GG.SDD.Acceptance.Tests.ProbeResolutionTests" name="Synthetic missing executable yields a could-not-start ProbeResult" />
    </UnitTest>
    <UnitTest name="FS.GG.SDD.Acceptance.Tests.CompositionAcceptanceTests.the override-free composition request carries no parameter" storage="/tmp/fsgg-sdd-944-v39tis/tests/fs.gg.sdd.acceptance.tests/bin/debug/net10.0/fs.gg.sdd.acceptance.tests.dll" id="d814d512-5082-e6ff-1687-56f26b4a951e">
      <Execution id="b133efb8-60ae-48d1-afa0-bc67bf74e1eb" />
      <TestMethod codeBase="/tmp/fsgg-sdd-944-v39tIs/tests/FS.GG.SDD.Acceptance.Tests/bin/Debug/net10.0/FS.GG.SDD.Acceptance.Tests.dll" adapterTypeName="executor://xunit/VsTestRunner3/netcore/" className="FS.GG.SDD.Acceptance.Tests.CompositionAcceptanceTests" name="the override-free composition request carries no parameter" />
    </UnitTest>
    <UnitTest name="FS.GG.SDD.Acceptance.Tests.ProbeResolutionTests.Synthetic hanging command is killed at its bound with a timeout diagnostic" storage="/tmp/fsgg-sdd-944-v39tis/tests/fs.gg.sdd.acceptance.tests/bin/debug/net10.0/fs.gg.sdd.acceptance.tests.dll" id="92a5a20c-c9a7-e604-fdbc-53ac85b4973f">
      <Execution id="0e568d9f-152e-431e-88c3-0e45f71f5087" />
      <TestMethod codeBase="/tmp/fsgg-sdd-944-v39tIs/tests/FS.GG.SDD.Acceptance.Tests/bin/Debug/net10.0/FS.GG.SDD.Acceptance.Tests.dll" adapterTypeName="executor://xunit/VsTestRunner3/netcore/" className="FS.GG.SDD.Acceptance.Tests.ProbeResolutionTests" name="Synthetic hanging command is killed at its bound with a timeout diagnostic" />
    </UnitTest>
    <UnitTest name="FS.GG.SDD.Acceptance.Tests.WorkBoardScaffoldAcceptanceTests.a fresh product scaffold carries each routed work-board body byte-identically in both runtime roots(id: &quot;work-board-normal&quot;)" storage="/tmp/fsgg-sdd-944-v39tis/tests/fs.gg.sdd.acceptance.tests/bin/debug/net10.0/fs.gg.sdd.acceptance.tests.dll" id="a2b3bd15-b9ad-5b68-a145-e9d475c37992">
      <Execution id="a7dd83f3-e360-4535-b598-318f6e878f71" />
      <TestMethod codeBase="/tmp/fsgg-sdd-944-v39tIs/tests/FS.GG.SDD.Acceptance.Tests/bin/Debug/net10.0/FS.GG.SDD.Acceptance.Tests.dll" adapterTypeName="executor://xunit/VsTestRunner3/netcore/" className="FS.GG.SDD.Acceptance.Tests.WorkBoardScaffoldAcceptanceTests" name="a fresh product scaffold carries each routed work-board body byte-identically in both runtime roots" />
    </UnitTest>
    <UnitTest name="FS.GG.SDD.Acceptance.Tests.WorkBoardScaffoldAcceptanceTests.the shipped work-board skill documents its host loop and immediate status reporting" storage="/tmp/fsgg-sdd-944-v39tis/tests/fs.gg.sdd.acceptance.tests/bin/debug/net10.0/fs.gg.sdd.acceptance.tests.dll" id="0e26ab4d-0e37-a0ca-ae03-7f1dc23b7444">
      <Execution id="c04e4a41-ae1f-4a57-ac87-e9b31986978c" />
      <TestMethod codeBase="/tmp/fsgg-sdd-944-v39tIs/tests/FS.GG.SDD.Acceptance.Tests/bin/Debug/net10.0/FS.GG.SDD.Acceptance.Tests.dll" adapterTypeName="executor://xunit/VsTestRunner3/netcore/" className="FS.GG.SDD.Acceptance.Tests.WorkBoardScaffoldAcceptanceTests" name="the shipped work-board skill documents its host loop and immediate status reporting" />
    </UnitTest>
    <UnitTest name="FS.GG.SDD.Acceptance.Tests.ProbeResolutionTests.runProbe declared executes the Synthetic command and reflects its exit" storage="/tmp/fsgg-sdd-944-v39tis/tests/fs.gg.sdd.acceptance.tests/bin/debug/net10.0/fs.gg.sdd.acceptance.tests.dll" id="21972767-3be3-3523-c9e6-f654ba8a1beb">
      <Execution id="5fd08f3d-561d-426d-8717-9e0966146d35" />
      <TestMethod codeBase="/tmp/fsgg-sdd-944-v39tIs/tests/FS.GG.SDD.Acceptance.Tests/bin/Debug/net10.0/FS.GG.SDD.Acceptance.Tests.dll" adapterTypeName="executor://xunit/VsTestRunner3/netcore/" className="FS.GG.SDD.Acceptance.Tests.ProbeResolutionTests" name="runProbe declared executes the Synthetic command and reflects its exit" />
    </UnitTest>
    <UnitTest name="FS.GG.SDD.Acceptance.Tests.ProbeResolutionTests.empty product discovers no project and run default is None" storage="/tmp/fsgg-sdd-944-v39tis/tests/fs.gg.sdd.acceptance.tests/bin/debug/net10.0/fs.gg.sdd.acceptance.tests.dll" id="8204f6a4-1cb3-a597-6b25-60e7d5afb36b">
      <Execution id="1278b697-3171-4b0f-b8fe-aa7ee196b0ae" />
      <TestMethod codeBase="/tmp/fsgg-sdd-944-v39tIs/tests/FS.GG.SDD.Acceptance.Tests/bin/Debug/net10.0/FS.GG.SDD.Acceptance.Tests.dll" adapterTypeName="executor://xunit/VsTestRunner3/netcore/" className="FS.GG.SDD.Acceptance.Tests.ProbeResolutionTests" name="empty product discovers no project and run default is None" />
    </UnitTest>
    <UnitTest name="FS.GG.SDD.Acceptance.Tests.ScheduledAcceptanceWorkflowTests.scheduled lane always reaches the fail-closed registry resolver and provider facts" storage="/tmp/fsgg-sdd-944-v39tis/tests/fs.gg.sdd.acceptance.tests/bin/debug/net10.0/fs.gg.sdd.acceptance.tests.dll" id="ac98a8b5-0a26-6f72-ad12-f395f90c6377">
      <Execution id="4397fd15-20d3-4fab-964f-a5b77c8a42bb" />
      <TestMethod codeBase="/tmp/fsgg-sdd-944-v39tIs/tests/FS.GG.SDD.Acceptance.Tests/bin/Debug/net10.0/FS.GG.SDD.Acceptance.Tests.dll" adapterTypeName="executor://xunit/VsTestRunner3/netcore/" className="FS.GG.SDD.Acceptance.Tests.ScheduledAcceptanceWorkflowTests" name="scheduled lane always reaches the fail-closed registry resolver and provider facts" />
    </UnitTest>
    <UnitTest name="FS.GG.SDD.Acceptance.Tests.ProbeResolutionTests.blank declared executable resolves to the default(blank: &quot;&quot;)" storage="/tmp/fsgg-sdd-944-v39tis/tests/fs.gg.sdd.acceptance.tests/bin/debug/net10.0/fs.gg.sdd.acceptance.tests.dll" id="e5d86937-5c11-622d-2b1f-c0074e41844a">
      <Execution id="d1c13d84-ddeb-41b2-b3af-fa6a653fd027" />
      <TestMethod codeBase="/tmp/fsgg-sdd-944-v39tIs/tests/FS.GG.SDD.Acceptance.Tests/bin/Debug/net10.0/FS.GG.SDD.Acceptance.Tests.dll" adapterTypeName="executor://xunit/VsTestRunner3/netcore/" className="FS.GG.SDD.Acceptance.Tests.ProbeResolutionTests" name="blank declared executable resolves to the default" />
    </UnitTest>
    <UnitTest name="FS.GG.SDD.Acceptance.Tests.RegistryResolverTests.manual input path overrides dispatch and secret (precedence 1)" storage="/tmp/fsgg-sdd-944-v39tis/tests/fs.gg.sdd.acceptance.tests/bin/debug/net10.0/fs.gg.sdd.acceptance.tests.dll" id="ae3ea52b-ab3b-e014-c459-14ef02f2a942">
      <Execution id="5cd32993-fc12-4e65-9462-8617e7bb5d30" />
      <TestMethod codeBase="/tmp/fsgg-sdd-944-v39tIs/tests/FS.GG.SDD.Acceptance.Tests/bin/Debug/net10.0/FS.GG.SDD.Acceptance.Tests.dll" adapterTypeName="executor://xunit/VsTestRunner3/netcore/" className="FS.GG.SDD.Acceptance.Tests.RegistryResolverTests" name="manual input path overrides dispatch and secret (precedence 1)" />
    </UnitTest>
    <UnitTest name="FS.GG.SDD.Acceptance.Tests.ProbeResolutionTests.resolveBuildCommand declared invokes the declared command never dotnet" storage="/tmp/fsgg-sdd-944-v39tis/tests/fs.gg.sdd.acceptance.tests/bin/debug/net10.0/fs.gg.sdd.acceptance.tests.dll" id="e6b850d7-61ba-eec3-3dfb-3b81545cda03">
      <Execution id="802aa2db-7148-498d-8018-8046bb5a4603" />
      <TestMethod codeBase="/tmp/fsgg-sdd-944-v39tIs/tests/FS.GG.SDD.Acceptance.Tests/bin/Debug/net10.0/FS.GG.SDD.Acceptance.Tests.dll" adapterTypeName="executor://xunit/VsTestRunner3/netcore/" className="FS.GG.SDD.Acceptance.Tests.ProbeResolutionTests" name="resolveBuildCommand declared invokes the declared command never dotnet" />
    </UnitTest>
    <UnitTest name="FS.GG.SDD.Acceptance.Tests.ProbeResolutionTests.blank declared executable resolves to the default(blank: &quot;   &quot;)" storage="/tmp/fsgg-sdd-944-v39tis/tests/fs.gg.sdd.acceptance.tests/bin/debug/net10.0/fs.gg.sdd.acceptance.tests.dll" id="48567f3d-fd39-1642-8d18-76a73d26d804">
      <Execution id="e9f58b72-dd82-4a78-a009-be45d4069e14" />
      <TestMethod codeBase="/tmp/fsgg-sdd-944-v39tIs/tests/FS.GG.SDD.Acceptance.Tests/bin/Debug/net10.0/FS.GG.SDD.Acceptance.Tests.dll" adapterTypeName="executor://xunit/VsTestRunner3/netcore/" className="FS.GG.SDD.Acceptance.Tests.ProbeResolutionTests" name="blank declared executable resolves to the default" />
    </UnitTest>
    <UnitTest name="FS.GG.SDD.Acceptance.Tests.ProbeResolutionTests.runToCompletion is bounded when a grandchild still holds the pipes after the child exits" storage="/tmp/fsgg-sdd-944-v39tis/tests/fs.gg.sdd.acceptance.tests/bin/debug/net10.0/fs.gg.sdd.acceptance.tests.dll" id="10129ba8-ea28-c463-c457-91ed71a91b24">
      <Execution id="f65e2d75-6fa5-43be-be05-b30d54d1d93d" />
      <TestMethod codeBase="/tmp/fsgg-sdd-944-v39tIs/tests/FS.GG.SDD.Acceptance.Tests/bin/Debug/net10.0/FS.GG.SDD.Acceptance.Tests.dll" adapterTypeName="executor://xunit/VsTestRunner3/netcore/" className="FS.GG.SDD.Acceptance.Tests.ProbeResolutionTests" name="runToCompletion is bounded when a grandchild still holds the pipes after the child exits" />
    </UnitTest>
    <UnitTest name="FS.GG.SDD.Acceptance.Tests.RegistryResolverTests.dispatch whose recomputed sha differs from the advertised fails closed" storage="/tmp/fsgg-sdd-944-v39tis/tests/fs.gg.sdd.acceptance.tests/bin/debug/net10.0/fs.gg.sdd.acceptance.tests.dll" id="622329fe-6802-a47f-a835-9cc30ab115bc">
      <Execution id="8e58af82-902e-48bc-a695-672dabcb4aec" />
      <TestMethod codeBase="/tmp/fsgg-sdd-944-v39tIs/tests/FS.GG.SDD.Acceptance.Tests/bin/Debug/net10.0/FS.GG.SDD.Acceptance.Tests.dll" adapterTypeName="executor://xunit/VsTestRunner3/netcore/" className="FS.GG.SDD.Acceptance.Tests.RegistryResolverTests" name="dispatch whose recomputed sha differs from the advertised fails closed" />
    </UnitTest>
    <UnitTest name="FS.GG.SDD.Acceptance.Tests.PolyglotLifecycleAcceptanceTests.one lifecycle imports real TRX and JUnit reports without a language taxonomy" storage="/tmp/fsgg-sdd-944-v39tis/tests/fs.gg.sdd.acceptance.tests/bin/debug/net10.0/fs.gg.sdd.acceptance.tests.dll" id="44906f0b-1424-2632-ebf6-3504a3b26bae">
      <Execution id="b2109635-f6d8-4f6a-b6db-a798e8b574fb" />
      <TestMethod codeBase="/tmp/fsgg-sdd-944-v39tIs/tests/FS.GG.SDD.Acceptance.Tests/bin/Debug/net10.0/FS.GG.SDD.Acceptance.Tests.dll" adapterTypeName="executor://xunit/VsTestRunner3/netcore/" className="FS.GG.SDD.Acceptance.Tests.PolyglotLifecycleAcceptanceTests" name="one lifecycle imports real TRX and JUnit reports without a language taxonomy" />
    </UnitTest>
    <UnitTest name="FS.GG.SDD.Acceptance.Tests.CompositionAcceptanceTests.two runs with the same inputs yield byte-identical bodies" storage="/tmp/fsgg-sdd-944-v39tis/tests/fs.gg.sdd.acceptance.tests/bin/debug/net10.0/fs.gg.sdd.acceptance.tests.dll" id="ad2f4672-a91e-43cc-0123-25541dccce5b">
      <Execution id="c2bcf1f4-4db1-401d-8d7c-d7083740cd9a" />
      <TestMethod codeBase="/tmp/fsgg-sdd-944-v39tIs/tests/FS.GG.SDD.Acceptance.Tests/bin/Debug/net10.0/FS.GG.SDD.Acceptance.Tests.dll" adapterTypeName="executor://xunit/VsTestRunner3/netcore/" className="FS.GG.SDD.Acceptance.Tests.CompositionAcceptanceTests" name="two runs with the same inputs yield byte-identical bodies" />
    </UnitTest>
    <UnitTest name="FS.GG.SDD.Acceptance.Tests.RegistryResolverTests.no source at all fails closed (unchanged from today)" storage="/tmp/fsgg-sdd-944-v39tis/tests/fs.gg.sdd.acceptance.tests/bin/debug/net10.0/fs.gg.sdd.acceptance.tests.dll" id="2cbdaaf3-be3a-20cb-b6f3-da55748eaaca">
      <Execution id="700e972a-931f-4997-8f92-f4a26715bf1b" />
      <TestMethod codeBase="/tmp/fsgg-sdd-944-v39tIs/tests/FS.GG.SDD.Acceptance.Tests/bin/Debug/net10.0/FS.GG.SDD.Acceptance.Tests.dll" adapterTypeName="executor://xunit/VsTestRunner3/netcore/" className="FS.GG.SDD.Acceptance.Tests.RegistryResolverTests" name="no source at all fails closed (unchanged from today)" />
    </UnitTest>
    <UnitTest name="FS.GG.SDD.Acceptance.Tests.CompositionAcceptanceTests.descriptor resolve-and-bind selects the declared build and run commands" storage="/tmp/fsgg-sdd-944-v39tis/tests/fs.gg.sdd.acceptance.tests/bin/debug/net10.0/fs.gg.sdd.acceptance.tests.dll" id="4ff64246-bb73-c864-04aa-74e724e50022">
      <Execution id="87cbdc63-7af1-47bb-9568-128506ffda00" />
      <TestMethod codeBase="/tmp/fsgg-sdd-944-v39tIs/tests/FS.GG.SDD.Acceptance.Tests/bin/Debug/net10.0/FS.GG.SDD.Acceptance.Tests.dll" adapterTypeName="executor://xunit/VsTestRunner3/netcore/" className="FS.GG.SDD.Acceptance.Tests.CompositionAcceptanceTests" name="descriptor resolve-and-bind selects the declared build and run commands" />
    </UnitTest>
    <UnitTest name="FS.GG.SDD.Acceptance.Tests.CompositionAcceptanceTests.real rendering composition is coherent end to end" storage="/tmp/fsgg-sdd-944-v39tis/tests/fs.gg.sdd.acceptance.tests/bin/debug/net10.0/fs.gg.sdd.acceptance.tests.dll" id="cc6ddf7a-7804-c963-cddc-fb68a1fc61e2">
      <Execution id="de5ee83f-c59d-4e76-a62c-46920667c16d" />
      <TestMethod codeBase="/tmp/fsgg-sdd-944-v39tIs/tests/FS.GG.SDD.Acceptance.Tests/bin/Debug/net10.0/FS.GG.SDD.Acceptance.Tests.dll" adapterTypeName="executor://xunit/VsTestRunner3/netcore/" className="FS.GG.SDD.Acceptance.Tests.CompositionAcceptanceTests" name="real rendering composition is coherent end to end" />
    </UnitTest>
    <UnitTest name="FS.GG.SDD.Acceptance.Tests.ProbeResolutionTests.descriptor with no declared build or run resolves to the dotnet defaults" storage="/tmp/fsgg-sdd-944-v39tis/tests/fs.gg.sdd.acceptance.tests/bin/debug/net10.0/fs.gg.sdd.acceptance.tests.dll" id="afe7f316-de50-9fab-41ec-f2cb13ef69d6">
      <Execution id="0ba6ab6d-f418-4374-8e0d-8030487786c5" />
      <TestMethod codeBase="/tmp/fsgg-sdd-944-v39tIs/tests/FS.GG.SDD.Acceptance.Tests/bin/Debug/net10.0/FS.GG.SDD.Acceptance.Tests.dll" adapterTypeName="executor://xunit/VsTestRunner3/netcore/" className="FS.GG.SDD.Acceptance.Tests.ProbeResolutionTests" name="descriptor with no declared build or run resolves to the dotnet defaults" />
    </UnitTest>
    <UnitTest name="FS.GG.SDD.Acceptance.Tests.ScheduledAcceptanceWorkflowTests.offline provider facts retain an explicit capability skip" storage="/tmp/fsgg-sdd-944-v39tis/tests/fs.gg.sdd.acceptance.tests/bin/debug/net10.0/fs.gg.sdd.acceptance.tests.dll" id="d5e6fdd1-4573-08b8-e199-c030479e6812">
      <Execution id="5b705a42-1c34-4ed8-bb40-83e808e4f9c1" />
      <TestMethod codeBase="/tmp/fsgg-sdd-944-v39tIs/tests/FS.GG.SDD.Acceptance.Tests/bin/Debug/net10.0/FS.GG.SDD.Acceptance.Tests.dll" adapterTypeName="executor://xunit/VsTestRunner3/netcore/" className="FS.GG.SDD.Acceptance.Tests.ScheduledAcceptanceWorkflowTests" name="offline provider facts retain an explicit capability skip" />
    </UnitTest>
    <UnitTest name="FS.GG.SDD.Acceptance.Tests.ProbeResolutionTests.buildProbe honors the descriptor's declared command and starts no dotnet" storage="/tmp/fsgg-sdd-944-v39tis/tests/fs.gg.sdd.acceptance.tests/bin/debug/net10.0/fs.gg.sdd.acceptance.tests.dll" id="a45be463-8313-f309-e1a8-abd8100e1dec">
      <Execution id="736d46d6-54a4-4f1b-a9a5-fad507f26b1f" />
      <TestMethod codeBase="/tmp/fsgg-sdd-944-v39tIs/tests/FS.GG.SDD.Acceptance.Tests/bin/Debug/net10.0/FS.GG.SDD.Acceptance.Tests.dll" adapterTypeName="executor://xunit/VsTestRunner3/netcore/" className="FS.GG.SDD.Acceptance.Tests.ProbeResolutionTests" name="buildProbe honors the descriptor's declared command and starts no dotnet" />
    </UnitTest>
  </TestDefinitions>
  <TestEntries>
    <TestEntry testId="bdb2e49f-a09b-ddb9-fdfa-76803914ea66" executionId="2aed5311-ebf6-46df-8c54-ce7d42593421" testListId="8c84fa94-04c1-424b-9868-57a2d4851a1d" />
    <TestEntry testId="a3671615-ce7b-fbcc-6f0d-a521907048ff" executionId="4d228833-1737-46f3-9423-16f2d7af289c" testListId="8c84fa94-04c1-424b-9868-57a2d4851a1d" />
    <TestEntry testId="7fea8b39-a13a-c04e-d76e-328ac2bde15c" executionId="65b61669-bbea-4e84-a56c-56a499caede6" testListId="8c84fa94-04c1-424b-9868-57a2d4851a1d" />
    <TestEntry testId="93f44e30-3252-dbfb-baff-39798062b47b" executionId="07b8149d-a724-417e-94fd-b24790dcdf37" testListId="8c84fa94-04c1-424b-9868-57a2d4851a1d" />
    <TestEntry testId="340d97b9-4e45-e2a5-afab-ca7d18d9cc5d" executionId="80093926-5f8a-4d55-9fa4-13fa9bf7907e" testListId="8c84fa94-04c1-424b-9868-57a2d4851a1d" />
    <TestEntry testId="ac367409-e3dc-e87e-85a3-4112df45a27b" executionId="9e32cd10-63ac-4e2f-b567-9ee182d42716" testListId="8c84fa94-04c1-424b-9868-57a2d4851a1d" />
    <TestEntry testId="debb8f1e-13bb-f63f-a08b-093e0e685ee6" executionId="6e8e5c71-b73b-4235-9fe7-8199d3f25ab0" testListId="8c84fa94-04c1-424b-9868-57a2d4851a1d" />
    <TestEntry testId="ed935c2b-816e-35f0-b2c3-0d10cece218b" executionId="614ace18-e8c9-4d73-801b-43b43385a531" testListId="8c84fa94-04c1-424b-9868-57a2d4851a1d" />
    <TestEntry testId="ae3ea52b-ab3b-e014-c459-14ef02f2a942" executionId="5cd32993-fc12-4e65-9462-8617e7bb5d30" testListId="8c84fa94-04c1-424b-9868-57a2d4851a1d" />
    <TestEntry testId="89d970e3-5025-9b70-7d31-ccaa8c7687c7" executionId="0ef045fd-0c58-4f15-ba8e-bf61ac6c8310" testListId="8c84fa94-04c1-424b-9868-57a2d4851a1d" />
    <TestEntry testId="21972767-3be3-3523-c9e6-f654ba8a1beb" executionId="5fd08f3d-561d-426d-8717-9e0966146d35" testListId="8c84fa94-04c1-424b-9868-57a2d4851a1d" />
    <TestEntry testId="ac98a8b5-0a26-6f72-ad12-f395f90c6377" executionId="4397fd15-20d3-4fab-964f-a5b77c8a42bb" testListId="8c84fa94-04c1-424b-9868-57a2d4851a1d" />
    <TestEntry testId="3bd12610-6f5b-6d52-1006-7f991e63a5cb" executionId="1a776cd0-ceec-47ff-a77c-513c550c819b" testListId="8c84fa94-04c1-424b-9868-57a2d4851a1d" />
    <TestEntry testId="b81a06fb-76a1-9559-e370-b43c6d90d2a9" executionId="31a16e9c-41a4-4181-8159-e38b17dfaf8e" testListId="8c84fa94-04c1-424b-9868-57a2d4851a1d" />
    <TestEntry testId="48567f3d-fd39-1642-8d18-76a73d26d804" executionId="e9f58b72-dd82-4a78-a009-be45d4069e14" testListId="8c84fa94-04c1-424b-9868-57a2d4851a1d" />
    <TestEntry testId="d2a7e1f3-6542-cc07-8201-f60f29efe833" executionId="59ca87f9-4089-4bb5-a72a-e3f4acad1282" testListId="8c84fa94-04c1-424b-9868-57a2d4851a1d" />
    <TestEntry testId="c8f652f2-5b48-3b61-7c73-771b3df5c5e9" executionId="20b36b1b-1f31-4a6d-8309-92b0c6355fe3" testListId="8c84fa94-04c1-424b-9868-57a2d4851a1d" />
    <TestEntry testId="3f049ec7-c70a-d3c7-618e-77aadf7c04fd" executionId="8769f31b-ea15-43a8-87d8-c4c42a2d191e" testListId="8c84fa94-04c1-424b-9868-57a2d4851a1d" />
    <TestEntry testId="0e26ab4d-0e37-a0ca-ae03-7f1dc23b7444" executionId="c04e4a41-ae1f-4a57-ac87-e9b31986978c" testListId="8c84fa94-04c1-424b-9868-57a2d4851a1d" />
    <TestEntry testId="006c2aa8-f892-b1d2-072a-a9d577d66eef" executionId="5939bb0e-5b47-4e46-bb36-99bbcc8fbb78" testListId="8c84fa94-04c1-424b-9868-57a2d4851a1d" />
    <TestEntry testId="0bf7357e-ca34-2cb5-e735-a799a03d392a" executionId="8cb7712b-cf55-46cb-991e-c189c24f118e" testListId="8c84fa94-04c1-424b-9868-57a2d4851a1d" />
    <TestEntry testId="622329fe-6802-a47f-a835-9cc30ab115bc" executionId="8e58af82-902e-48bc-a695-672dabcb4aec" testListId="8c84fa94-04c1-424b-9868-57a2d4851a1d" />
    <TestEntry testId="2cbdaaf3-be3a-20cb-b6f3-da55748eaaca" executionId="700e972a-931f-4997-8f92-f4a26715bf1b" testListId="8c84fa94-04c1-424b-9868-57a2d4851a1d" />
    <TestEntry testId="92a5a20c-c9a7-e604-fdbc-53ac85b4973f" executionId="0e568d9f-152e-431e-88c3-0e45f71f5087" testListId="8c84fa94-04c1-424b-9868-57a2d4851a1d" />
    <TestEntry testId="d5e6fdd1-4573-08b8-e199-c030479e6812" executionId="5b705a42-1c34-4ed8-bb40-83e808e4f9c1" testListId="8c84fa94-04c1-424b-9868-57a2d4851a1d" />
    <TestEntry testId="ad2f4672-a91e-43cc-0123-25541dccce5b" executionId="c2bcf1f4-4db1-401d-8d7c-d7083740cd9a" testListId="8c84fa94-04c1-424b-9868-57a2d4851a1d" />
    <TestEntry testId="e07ce153-e7f5-5dcb-59c7-ccc288c3d231" executionId="715f7103-af1a-49da-b5c5-b80dea4e495c" testListId="8c84fa94-04c1-424b-9868-57a2d4851a1d" />
    <TestEntry testId="72d9c30f-4dd4-6681-e743-2a98042efe74" executionId="1846d7e9-7740-4355-a434-b5f1ab95efa4" testListId="8c84fa94-04c1-424b-9868-57a2d4851a1d" />
    <TestEntry testId="44906f0b-1424-2632-ebf6-3504a3b26bae" executionId="b2109635-f6d8-4f6a-b6db-a798e8b574fb" testListId="8c84fa94-04c1-424b-9868-57a2d4851a1d" />
    <TestEntry testId="10129ba8-ea28-c463-c457-91ed71a91b24" executionId="f65e2d75-6fa5-43be-be05-b30d54d1d93d" testListId="8c84fa94-04c1-424b-9868-57a2d4851a1d" />
    <TestEntry testId="e092d10d-77eb-6355-9500-66be19bae403" executionId="099d124f-61c9-41c1-b81c-93ae630c9ccf" testListId="8c84fa94-04c1-424b-9868-57a2d4851a1d" />
    <TestEntry testId="ca4c135d-17c6-ae7b-8375-4d1049251db5" executionId="90b783fc-7863-41a4-b25e-0b836a6357e4" testListId="8c84fa94-04c1-424b-9868-57a2d4851a1d" />
    <TestEntry testId="8204f6a4-1cb3-a597-6b25-60e7d5afb36b" executionId="1278b697-3171-4b0f-b8fe-aa7ee196b0ae" testListId="8c84fa94-04c1-424b-9868-57a2d4851a1d" />
    <TestEntry testId="d814d512-5082-e6ff-1687-56f26b4a951e" executionId="b133efb8-60ae-48d1-afa0-bc67bf74e1eb" testListId="8c84fa94-04c1-424b-9868-57a2d4851a1d" />
    <TestEntry testId="27dcddae-0cb8-acd3-27fe-de294945351c" executionId="c02c3ba8-fe8f-4643-9285-7f540444e59a" testListId="8c84fa94-04c1-424b-9868-57a2d4851a1d" />
    <TestEntry testId="855c01d1-cde7-ad8b-126a-052a5dea7412" executionId="75354d45-49f1-4a28-bbf4-e850c2b9be52" testListId="8c84fa94-04c1-424b-9868-57a2d4851a1d" />
    <TestEntry testId="a45be463-8313-f309-e1a8-abd8100e1dec" executionId="736d46d6-54a4-4f1b-a9a5-fad507f26b1f" testListId="8c84fa94-04c1-424b-9868-57a2d4851a1d" />
    <TestEntry testId="039ba848-fd47-3417-a085-845c8b41e808" executionId="db81473b-7de6-4cb1-b2c9-48b057eda707" testListId="8c84fa94-04c1-424b-9868-57a2d4851a1d" />
    <TestEntry testId="78af8ec1-beef-bfab-dab4-d2292e6aeabe" executionId="c6bb0e4a-70b1-4913-8d54-a9ad2ce8c6df" testListId="8c84fa94-04c1-424b-9868-57a2d4851a1d" />
    <TestEntry testId="4ff64246-bb73-c864-04aa-74e724e50022" executionId="87cbdc63-7af1-47bb-9568-128506ffda00" testListId="8c84fa94-04c1-424b-9868-57a2d4851a1d" />
    <TestEntry testId="afe7f316-de50-9fab-41ec-f2cb13ef69d6" executionId="0ba6ab6d-f418-4374-8e0d-8030487786c5" testListId="8c84fa94-04c1-424b-9868-57a2d4851a1d" />
    <TestEntry testId="9673926a-2b94-e57a-4999-0c92e59407b5" executionId="a665e900-ce1d-4771-8a05-1958abd099fe" testListId="8c84fa94-04c1-424b-9868-57a2d4851a1d" />
    <TestEntry testId="be16c792-d85e-d4e5-424a-eb9e5c422ffc" executionId="d1d5c971-fa9f-41af-ada0-6b11c874facd" testListId="8c84fa94-04c1-424b-9868-57a2d4851a1d" />
    <TestEntry testId="2f16cfaf-42c5-61a6-aac0-a20a3a6256fa" executionId="ea7edcc7-2c8a-43ac-94e0-558feea2f319" testListId="8c84fa94-04c1-424b-9868-57a2d4851a1d" />
    <TestEntry testId="e6b850d7-61ba-eec3-3dfb-3b81545cda03" executionId="802aa2db-7148-498d-8018-8046bb5a4603" testListId="8c84fa94-04c1-424b-9868-57a2d4851a1d" />
    <TestEntry testId="e5d86937-5c11-622d-2b1f-c0074e41844a" executionId="d1c13d84-ddeb-41b2-b3af-fa6a653fd027" testListId="8c84fa94-04c1-424b-9868-57a2d4851a1d" />
    <TestEntry testId="ba900ab2-bbd5-5c49-710e-bbd3c770dc1e" executionId="d23ba11a-b1cb-4626-a6a0-caa9092c09be" testListId="8c84fa94-04c1-424b-9868-57a2d4851a1d" />
    <TestEntry testId="a2b3bd15-b9ad-5b68-a145-e9d475c37992" executionId="a7dd83f3-e360-4535-b598-318f6e878f71" testListId="8c84fa94-04c1-424b-9868-57a2d4851a1d" />
    <TestEntry testId="aec8d945-1da8-42f5-a77a-83daa656267f" executionId="b2093ff4-a851-45a2-83e3-47c10dfa4a80" testListId="8c84fa94-04c1-424b-9868-57a2d4851a1d" />
    <TestEntry testId="cc6ddf7a-7804-c963-cddc-fb68a1fc61e2" executionId="de5ee83f-c59d-4e76-a62c-46920667c16d" testListId="8c84fa94-04c1-424b-9868-57a2d4851a1d" />
    <TestEntry testId="04136a42-e567-a294-7a17-cbf5fd8811d3" executionId="07015221-8722-4527-aeef-2d7521a65c89" testListId="8c84fa94-04c1-424b-9868-57a2d4851a1d" />
  </TestEntries>
  <TestLists>
    <TestList name="Results Not in a List" id="8c84fa94-04c1-424b-9868-57a2d4851a1d" />
    <TestList name="All Loaded Results" id="19431567-8539-422a-85d7-44ee4e166bda" />
  </TestLists>
  <ResultSummary outcome="Completed">
    <Counters total="51" executed="46" passed="46" failed="0" error="0" timeout="0" aborted="0" inconclusive="0" passedButRunAborted="0" notRunnable="0" notExecuted="0" disconnected="0" warning="0" completed="0" inProgress="0" pending="0" />
    <Output>
      <StdOut>[xUnit.net 00:00:00.00] xUnit.net VSTest Adapter v3.1.5+1b188a7b0a (64-bit .NET 10.0.11)
[xUnit.net 00:00:00.05]   Discovering: FS.GG.SDD.Acceptance.Tests
[xUnit.net 00:00:00.08]   Discovered:  FS.GG.SDD.Acceptance.Tests
[xUnit.net 00:00:00.09]   Starting:    FS.GG.SDD.Acceptance.Tests
[xUnit.net 00:00:00.12]       FSGG_SDD_ACCEPTANCE_REGISTRY is unset; the composition acceptance is opt-in and network-gated.
[xUnit.net 00:00:00.12]       FSGG_SDD_ACCEPTANCE_REGISTRY is unset; the composition acceptance is opt-in and network-gated.
[xUnit.net 00:00:00.12]       FSGG_SDD_ACCEPTANCE_REGISTRY is unset; the composition acceptance is opt-in and network-gated.
Test 'FS.GG.SDD.Acceptance.Tests.CompositionAcceptanceTests.override-free composition records the provider's sdd lifecycle default' was skipped in the test run.
Test 'FS.GG.SDD.Acceptance.Tests.CompositionAcceptanceTests.two runs with the same inputs yield byte-identical bodies' was skipped in the test run.
Test 'FS.GG.SDD.Acceptance.Tests.CompositionAcceptanceTests.real rendering composition is coherent end to end' was skipped in the test run.
[xUnit.net 00:00:03.72]       FSGG_SDD_ACCEPTANCE_REGISTRY is unset; the composition acceptance is opt-in and network-gated.
[xUnit.net 00:00:03.72]       FSGG_SDD_ACCEPTANCE_REGISTRY is unset; the composition acceptance is opt-in and network-gated.
Test 'FS.GG.SDD.Acceptance.Tests.CompositionAcceptanceTests.hyphenated scaffold name builds and tests green' was skipped in the test run.
Test 'FS.GG.SDD.Acceptance.Tests.CompositionAcceptanceTests.unavailable provider resolves to skip-unavailable' was skipped in the test run.
  VITE v7.1.0  ready in 78 ms
  ➜  Local:   http://127.0.0.1:51817/
  ➜  press h + enter to show help
[xUnit.net 00:00:29.96]   Finished:    FS.GG.SDD.Acceptance.Tests
</StdOut>
    </Output>
    <RunInfos>
      <RunInfo computerName="780ae460ce3c" outcome="Warning" timestamp="2026-08-30T10:39:57.0521987+02:00">
        <Text>[xUnit.net 00:00:00.12]     FS.GG.SDD.Acceptance.Tests.CompositionAcceptanceTests.override-free composition records the provider's sdd lifecycle default [SKIP]</Text>
      </RunInfo>
      <RunInfo computerName="780ae460ce3c" outcome="Warning" timestamp="2026-08-30T10:39:57.0526924+02:00">
        <Text>[xUnit.net 00:00:00.12]     FS.GG.SDD.Acceptance.Tests.CompositionAcceptanceTests.two runs with the same inputs yield byte-identical bodies [SKIP]</Text>
      </RunInfo>
      <RunInfo computerName="780ae460ce3c" outcome="Warning" timestamp="2026-08-30T10:39:57.0528784+02:00">
        <Text>[xUnit.net 00:00:00.12]     FS.GG.SDD.Acceptance.Tests.CompositionAcceptanceTests.real rendering composition is coherent end to end [SKIP]</Text>
      </RunInfo>
      <RunInfo computerName="780ae460ce3c" outcome="Warning" timestamp="2026-08-30T10:40:00.6486118+02:00">
        <Text>[xUnit.net 00:00:03.72]     FS.GG.SDD.Acceptance.Tests.CompositionAcceptanceTests.hyphenated scaffold name builds and tests green [SKIP]</Text>
      </RunInfo>
      <RunInfo computerName="780ae460ce3c" outcome="Warning" timestamp="2026-08-30T10:40:00.6488867+02:00">
        <Text>[xUnit.net 00:00:03.72]     FS.GG.SDD.Acceptance.Tests.CompositionAcceptanceTests.unavailable provider resolves to skip-unavailable [SKIP]</Text>
      </RunInfo>
    </RunInfos>
  </ResultSummary>
</TestRun>