<?xml version="1.0" encoding="utf-8"?>
<TestRun id="73f0608f-ef29-4391-acee-c3d962a457b2" name="@780ae460ce3c 2026-08-30 10:37:30" xmlns="http://microsoft.com/schemas/VisualStudio/TeamTest/2010">
  <Times creation="2026-08-30T10:37:30.7703517+02:00" queuing="2026-08-30T10:37:30.7703517+02:00" start="2026-08-30T10:37:29.0914834+02:00" finish="2026-08-30T10:37:31.7119276+02:00" />
  <TestSettings name="default" id="aae8c16f-f8c3-4235-8874-b3424c8a4199">
    <Deployment runDeploymentRoot="_780ae460ce3c_2026-08-30_10_37_30" />
  </TestSettings>
  <Results>
    <UnitTestResult executionId="551fdab4-e86f-41ad-871f-a3d6aa7f9e00" testId="1f15dcaf-5362-3f4f-e4a5-40b01158806c" testName="FS.GG.SDD.Validation.Tests.CoverageGapTests.an uncovered real command is a coverageGap and the run does not pass" computerName="780ae460ce3c" duration="00:00:00.0215241" startTime="2026-08-30T10:37:31.6327071+02:00" endTime="2026-08-30T10:37:31.6541748+02:00" testType="13cdc9d9-ddb5-4fa4-a97d-d965ccfc6d4b" outcome="Passed" testListId="8c84fa94-04c1-424b-9868-57a2d4851a1d" relativeResultsDirectory="551fdab4-e86f-41ad-871f-a3d6aa7f9e00" />
    <UnitTestResult executionId="db94596c-dcbc-4ebe-b997-1f933325a72e" testId="de81e502-8415-27b4-3200-fc4ffe17cb8a" testName="FS.GG.SDD.Validation.Tests.LifecycleMatrixTests.a clean run has no failing lifecycle cell" computerName="780ae460ce3c" duration="00:00:00.3271897" startTime="2026-08-30T10:37:30.1621967+02:00" endTime="2026-08-30T10:37:30.4893354+02:00" testType="13cdc9d9-ddb5-4fa4-a97d-d965ccfc6d4b" outcome="Passed" testListId="8c84fa94-04c1-424b-9868-57a2d4851a1d" relativeResultsDirectory="db94596c-dcbc-4ebe-b997-1f933325a72e" />
    <UnitTestResult executionId="29212587-19e1-4aad-8f84-2fcb304da8fb" testId="18f3d24c-0506-d91c-be74-59314662c94a" testName="FS.GG.SDD.Validation.Tests.BugGuardCheckTests.scan finds pins-bug and guards markers with their kind, issue, and line" computerName="780ae460ce3c" duration="00:00:00.0030507" startTime="2026-08-30T10:37:31.1747109+02:00" endTime="2026-08-30T10:37:31.1774001+02:00" testType="13cdc9d9-ddb5-4fa4-a97d-d965ccfc6d4b" outcome="Passed" testListId="8c84fa94-04c1-424b-9868-57a2d4851a1d" relativeResultsDirectory="29212587-19e1-4aad-8f84-2fcb304da8fb" />
    <UnitTestResult executionId="85c4a656-b633-4800-8e7e-fc9b3e07e49b" testId="290337ac-1a68-cbba-15c1-2afe9d649915" testName="FS.GG.SDD.Validation.Tests.ValidationMarkdownTests.an all-pass report renders a passed verdict and enumerates no cell" computerName="780ae460ce3c" duration="00:00:00.0000882" startTime="2026-08-30T10:37:31.1860721+02:00" endTime="2026-08-30T10:37:31.1860821+02:00" testType="13cdc9d9-ddb5-4fa4-a97d-d965ccfc6d4b" outcome="Passed" testListId="8c84fa94-04c1-424b-9868-57a2d4851a1d" relativeResultsDirectory="85c4a656-b633-4800-8e7e-fc9b3e07e49b" />
    <UnitTestResult executionId="baf6de86-0da1-45c3-91c2-33134cb7ec4a" testId="9cd7c00d-3d7f-18ad-33a2-7caa7a4eee0e" testName="FS.GG.SDD.Validation.Tests.BugGuardCheckTests.a guards marker on an OPEN issue also fires" computerName="780ae460ce3c" duration="00:00:00.0001503" startTime="2026-08-30T10:37:31.1781412+02:00" endTime="2026-08-30T10:37:31.1782460+02:00" testType="13cdc9d9-ddb5-4fa4-a97d-d965ccfc6d4b" outcome="Passed" testListId="8c84fa94-04c1-424b-9868-57a2d4851a1d" relativeResultsDirectory="baf6de86-0da1-45c3-91c2-33134cb7ec4a" />
    <UnitTestResult executionId="b421f9b9-a5e5-456d-bcac-081f3bc04d7e" testId="f7d32619-7806-1cb2-6f7f-7905a35beca2" testName="FS.GG.SDD.Validation.Tests.CoverageGapTests.a clean full-surface plan reports no coverage gaps" computerName="780ae460ce3c" duration="00:00:00.0835795" startTime="2026-08-30T10:37:31.5489448+02:00" endTime="2026-08-30T10:37:31.6325758+02:00" testType="13cdc9d9-ddb5-4fa4-a97d-d965ccfc6d4b" outcome="Passed" testListId="8c84fa94-04c1-424b-9868-57a2d4851a1d" relativeResultsDirectory="b421f9b9-a5e5-456d-bcac-081f3bc04d7e" />
    <UnitTestResult executionId="f0d8524b-9e2a-4153-8a92-0102197255ff" testId="42fb6aae-faa9-c42b-4cb0-e55ed898f1b5" testName="FS.GG.SDD.Validation.Tests.BaselineMatrixTests.baseline cells never pass by absence" computerName="780ae460ce3c" duration="00:00:00.0845225" startTime="2026-08-30T10:37:31.2991213+02:00" endTime="2026-08-30T10:37:31.3836942+02:00" testType="13cdc9d9-ddb5-4fa4-a97d-d965ccfc6d4b" outcome="Passed" testListId="8c84fa94-04c1-424b-9868-57a2d4851a1d" relativeResultsDirectory="f0d8524b-9e2a-4153-8a92-0102197255ff" />
    <UnitTestResult executionId="becd6637-55c4-4539-8e7a-2d46fdc1fff1" testId="86b32713-21d2-28de-6614-ab024299f548" testName="FS.GG.SDD.Validation.Tests.ReportDeterminismTests.the serialized report fences sensed metadata to null and carries no ANSI" computerName="780ae460ce3c" duration="00:00:00.0241744" startTime="2026-08-30T10:37:31.2088301+02:00" endTime="2026-08-30T10:37:31.2329135+02:00" testType="13cdc9d9-ddb5-4fa4-a97d-d965ccfc6d4b" outcome="Passed" testListId="8c84fa94-04c1-424b-9868-57a2d4851a1d" relativeResultsDirectory="becd6637-55c4-4539-8e7a-2d46fdc1fff1" />
    <UnitTestResult executionId="8e77c591-a66d-4b4e-8aec-4b9375e80a16" testId="dc82e0c7-fb55-d5a1-5f15-cfe37a89f23b" testName="FS.GG.SDD.Validation.Tests.DeterminismMatrixTests.every output x environment is a cell and none fails on a clean run" computerName="780ae460ce3c" duration="00:00:00.5550682" startTime="2026-08-30T10:37:29.3698591+02:00" endTime="2026-08-30T10:37:29.9279332+02:00" testType="13cdc9d9-ddb5-4fa4-a97d-d965ccfc6d4b" outcome="Passed" testListId="8c84fa94-04c1-424b-9868-57a2d4851a1d" relativeResultsDirectory="8e77c591-a66d-4b4e-8aec-4b9375e80a16" />
    <UnitTestResult executionId="283191d4-af59-4b7b-a984-87a091b15a37" testId="5d24aeb5-fddd-a807-8d5a-ab3b9716561a" testName="FS.GG.SDD.Validation.Tests.BugGuardCheckTests.scan is case-insensitive and tolerates whitespace around the hash" computerName="780ae460ce3c" duration="00:00:00.0064553" startTime="2026-08-30T10:37:31.1646937+02:00" endTime="2026-08-30T10:37:31.1711536+02:00" testType="13cdc9d9-ddb5-4fa4-a97d-d965ccfc6d4b" outcome="Passed" testListId="8c84fa94-04c1-424b-9868-57a2d4851a1d" relativeResultsDirectory="283191d4-af59-4b7b-a984-87a091b15a37" />
    <UnitTestResult executionId="a8568402-4c5c-47d8-8f89-6b7335ce477d" testId="b8b2b68c-6b03-a46f-783b-204887247ab3" testName="FS.GG.SDD.Validation.Tests.ValidationMarkdownTests.renderMarkdown emits zero ANSI" computerName="780ae460ce3c" duration="00:00:00.0003212" startTime="2026-08-30T10:37:31.1851138+02:00" endTime="2026-08-30T10:37:31.1853850+02:00" testType="13cdc9d9-ddb5-4fa4-a97d-d965ccfc6d4b" outcome="Passed" testListId="8c84fa94-04c1-424b-9868-57a2d4851a1d" relativeResultsDirectory="a8568402-4c5c-47d8-8f89-6b7335ce477d" />
    <UnitTestResult executionId="1ccb0e0f-2e1e-4827-a50f-4c7906f9c8f0" testId="0aa4c588-bbe4-bf9b-2480-4848fe066089" testName="FS.GG.SDD.Validation.Tests.DeterminismMatrixTests.produced outputs reproduce byte-identically under a perturbed host" computerName="780ae460ce3c" duration="00:00:00.2328183" startTime="2026-08-30T10:37:29.9342782+02:00" endTime="2026-08-30T10:37:30.1607093+02:00" testType="13cdc9d9-ddb5-4fa4-a97d-d965ccfc6d4b" outcome="Passed" testListId="8c84fa94-04c1-424b-9868-57a2d4851a1d" relativeResultsDirectory="1ccb0e0f-2e1e-4827-a50f-4c7906f9c8f0" />
    <UnitTestResult executionId="9d19d48e-e446-4bc6-ac92-eb299ce39c25" testId="bfa4332f-da8b-cf30-3cb0-284bc7cdb6e0" testName="FS.GG.SDD.Validation.Tests.BaselineMatrixTests.every catalog contract has a baseline and a conformance cell" computerName="780ae460ce3c" duration="00:00:00.0828165" startTime="2026-08-30T10:37:31.3841951+02:00" endTime="2026-08-30T10:37:31.4666049+02:00" testType="13cdc9d9-ddb5-4fa4-a97d-d965ccfc6d4b" outcome="Passed" testListId="8c84fa94-04c1-424b-9868-57a2d4851a1d" relativeResultsDirectory="9d19d48e-e446-4bc6-ac92-eb299ce39c25" />
    <UnitTestResult executionId="5e95b014-a53a-490a-92ef-590d0444cb1a" testId="0c516ca5-488a-0813-ca11-da73430dde8c" testName="FS.GG.SDD.Validation.Tests.IsolationTests.the Commands assembly does not depend on the Validation assembly" computerName="780ae460ce3c" duration="00:00:00.0011738" startTime="2026-08-30T10:37:31.1634653+02:00" endTime="2026-08-30T10:37:31.1645024+02:00" testType="13cdc9d9-ddb5-4fa4-a97d-d965ccfc6d4b" outcome="Passed" testListId="8c84fa94-04c1-424b-9868-57a2d4851a1d" relativeResultsDirectory="5e95b014-a53a-490a-92ef-590d0444cb1a" />
    <UnitTestResult executionId="d520a2a7-8523-4b43-848f-a0a4d07e561b" testId="332058a0-1750-afe3-690f-4f7ac7a3fdb5" testName="FS.GG.SDD.Validation.Tests.BugGuardCheckTests.fires on a test guarding an OPEN issue" computerName="780ae460ce3c" duration="00:00:00.0006587" startTime="2026-08-30T10:37:31.1737147+02:00" endTime="2026-08-30T10:37:31.1743166+02:00" testType="13cdc9d9-ddb5-4fa4-a97d-d965ccfc6d4b" outcome="Passed" testListId="8c84fa94-04c1-424b-9868-57a2d4851a1d" relativeResultsDirectory="d520a2a7-8523-4b43-848f-a0a4d07e561b" />
    <UnitTestResult executionId="63c15c90-2860-4859-80da-1ee5f476dbc3" testId="29d6fd48-124d-9b94-b692-7254fb783bbc" testName="FS.GG.SDD.Validation.Tests.ValidationMarkdownTests.an empty report still renders a well-formed document" computerName="780ae460ce3c" duration="00:00:00.0000925" startTime="2026-08-30T10:37:31.1854568+02:00" endTime="2026-08-30T10:37:31.1855023+02:00" testType="13cdc9d9-ddb5-4fa4-a97d-d965ccfc6d4b" outcome="Passed" testListId="8c84fa94-04c1-424b-9868-57a2d4851a1d" relativeResultsDirectory="63c15c90-2860-4859-80da-1ee5f476dbc3" />
    <UnitTestResult executionId="281c3396-8c38-498c-9250-4098ab42bef3" testId="f2d06985-d3fc-b42b-ae89-d8e55777984c" testName="FS.GG.SDD.Validation.Tests.LifecycleMatrixTests.every command x projection x state appears as a cell with a status" computerName="780ae460ce3c" duration="00:00:00.3224903" startTime="2026-08-30T10:37:30.4895201+02:00" endTime="2026-08-30T10:37:30.8119050+02:00" testType="13cdc9d9-ddb5-4fa4-a97d-d965ccfc6d4b" outcome="Passed" testListId="8c84fa94-04c1-424b-9868-57a2d4851a1d" relativeResultsDirectory="281c3396-8c38-498c-9250-4098ab42bef3" />
    <UnitTestResult executionId="ce69d1db-f946-47d6-b7a5-e6ad7510dcbc" testId="4696b03f-0459-1b5a-395c-155920594de5" testName="FS.GG.SDD.Validation.Tests.ValidationMarkdownTests.renderMarkdown omits envelope metadata and does not surface sensed data" computerName="780ae460ce3c" duration="00:00:00.0001117" startTime="2026-08-30T10:37:31.1858936+02:00" endTime="2026-08-30T10:37:31.1859060+02:00" testType="13cdc9d9-ddb5-4fa4-a97d-d965ccfc6d4b" outcome="Passed" testListId="8c84fa94-04c1-424b-9868-57a2d4851a1d" relativeResultsDirectory="ce69d1db-f946-47d6-b7a5-e6ad7510dcbc" />
    <UnitTestResult executionId="b00de4e8-7895-4ea4-9c4d-c9f2d2cbe763" testId="33f37822-fa7b-1025-8917-1420289060e6" testName="FS.GG.SDD.Validation.Tests.BugGuardCheckTests.an unresolvable issue is flagged as a dangling link" computerName="780ae460ce3c" duration="00:00:00.0014899" startTime="2026-08-30T10:37:31.1712722+02:00" endTime="2026-08-30T10:37:31.1726720+02:00" testType="13cdc9d9-ddb5-4fa4-a97d-d965ccfc6d4b" outcome="Passed" testListId="8c84fa94-04c1-424b-9868-57a2d4851a1d" relativeResultsDirectory="b00de4e8-7895-4ea4-9c4d-c9f2d2cbe763" />
    <UnitTestResult executionId="acc8369b-17d4-457d-be40-ba4f53ad8237" testId="86cac0cb-820c-85bf-0a77-d172e719dfac" testName="FS.GG.SDD.Validation.Tests.LifecycleMatrixTests.a seeded single-cell divergence fails exactly that cell with a diagnostic" computerName="780ae460ce3c" duration="00:00:00.3104095" startTime="2026-08-30T10:37:30.8121887+02:00" endTime="2026-08-30T10:37:31.1224222+02:00" testType="13cdc9d9-ddb5-4fa4-a97d-d965ccfc6d4b" outcome="Passed" testListId="8c84fa94-04c1-424b-9868-57a2d4851a1d" relativeResultsDirectory="acc8369b-17d4-457d-be40-ba4f53ad8237" />
    <UnitTestResult executionId="89bb9915-c89f-45b3-a2f9-6df962b21319" testId="efef7382-e3b8-5729-6bc9-c0fc1b0be26a" testName="FS.GG.SDD.Validation.Tests.BugGuardCheckTests.stays silent once the guarded issue is CLOSED" computerName="780ae460ce3c" duration="00:00:00.0001674" startTime="2026-08-30T10:37:31.1774969+02:00" endTime="2026-08-30T10:37:31.1775957+02:00" testType="13cdc9d9-ddb5-4fa4-a97d-d965ccfc6d4b" outcome="Passed" testListId="8c84fa94-04c1-424b-9868-57a2d4851a1d" relativeResultsDirectory="89bb9915-c89f-45b3-a2f9-6df962b21319" />
    <UnitTestResult executionId="ba350007-6056-4561-b261-4cfd30edeb42" testId="751abe0d-a808-5a62-065c-4d81c97ae640" testName="FS.GG.SDD.Validation.Tests.CoverageGapTests.a declared contract absent from the real catalog is a detectable failure" computerName="780ae460ce3c" duration="00:00:00.0194801" startTime="2026-08-30T10:37:31.6543088+02:00" endTime="2026-08-30T10:37:31.6737128+02:00" testType="13cdc9d9-ddb5-4fa4-a97d-d965ccfc6d4b" outcome="Passed" testListId="8c84fa94-04c1-424b-9868-57a2d4851a1d" relativeResultsDirectory="ba350007-6056-4561-b261-4cfd30edeb42" />
    <UnitTestResult executionId="c95e8844-a94e-4a8e-b7e8-81c89e39e5c2" testId="43cc4cd2-d00d-e8b5-bb7c-526ec87c5529" testName="FS.GG.SDD.Validation.Tests.ValidationMarkdownTests.renderMarkdown summarizes passing cells and invents no foreign fact" computerName="780ae460ce3c" duration="00:00:00.0060425" startTime="2026-08-30T10:37:31.1788853+02:00" endTime="2026-08-30T10:37:31.1849070+02:00" testType="13cdc9d9-ddb5-4fa4-a97d-d965ccfc6d4b" outcome="Passed" testListId="8c84fa94-04c1-424b-9868-57a2d4851a1d" relativeResultsDirectory="c95e8844-a94e-4a8e-b7e8-81c89e39e5c2" />
    <UnitTestResult executionId="a4324d88-0662-47af-98fe-25b2ed81bed3" testId="e4141d06-505e-ef24-99dd-8734cf29d757" testName="FS.GG.SDD.Validation.Tests.BugGuardCheckTests.the bare word guards without a hash-number is not a marker" computerName="780ae460ce3c" duration="00:00:00.0009149" startTime="2026-08-30T10:37:31.1727590+02:00" endTime="2026-08-30T10:37:31.1736237+02:00" testType="13cdc9d9-ddb5-4fa4-a97d-d965ccfc6d4b" outcome="Passed" testListId="8c84fa94-04c1-424b-9868-57a2d4851a1d" relativeResultsDirectory="a4324d88-0662-47af-98fe-25b2ed81bed3" />
    <UnitTestResult executionId="8f55c926-2ee2-4204-a868-b479793c4e76" testId="13e633b3-21d9-7d29-2dc9-2f7547102331" testName="FS.GG.SDD.Validation.Tests.IsolationTests.run completes and emits a report with no Governance runtime present" computerName="780ae460ce3c" duration="00:00:00.0195804" startTime="2026-08-30T10:37:31.1437876+02:00" endTime="2026-08-30T10:37:31.1633158+02:00" testType="13cdc9d9-ddb5-4fa4-a97d-d965ccfc6d4b" outcome="Passed" testListId="8c84fa94-04c1-424b-9868-57a2d4851a1d" relativeResultsDirectory="8f55c926-2ee2-4204-a868-b479793c4e76" />
    <UnitTestResult executionId="2d78dd6e-2c38-48da-b14a-1edcf570ca26" testId="905b87a3-fc4e-18d9-c227-f57fa31943ec" testName="FS.GG.SDD.Validation.Tests.BaselineMatrixTests.conformance cells are decided, never left pending" computerName="780ae460ce3c" duration="00:00:00.0820606" startTime="2026-08-30T10:37:31.4668426+02:00" endTime="2026-08-30T10:37:31.5487884+02:00" testType="13cdc9d9-ddb5-4fa4-a97d-d965ccfc6d4b" outcome="Passed" testListId="8c84fa94-04c1-424b-9868-57a2d4851a1d" relativeResultsDirectory="2d78dd6e-2c38-48da-b14a-1edcf570ca26" />
    <UnitTestResult executionId="135470da-d354-4ea1-998a-48308faa54ba" testId="76595657-cd2a-315e-09a0-ff2a66a8173c" testName="FS.GG.SDD.Validation.Tests.ReportDeterminismTests.a parsed report round-trips to the same bytes" computerName="780ae460ce3c" duration="00:00:00.0262634" startTime="2026-08-30T10:37:31.2330433+02:00" endTime="2026-08-30T10:37:31.2592878+02:00" testType="13cdc9d9-ddb5-4fa4-a97d-d965ccfc6d4b" outcome="Passed" testListId="8c84fa94-04c1-424b-9868-57a2d4851a1d" relativeResultsDirectory="135470da-d354-4ea1-998a-48308faa54ba" />
    <UnitTestResult executionId="b1111c5a-ad75-4050-a325-4f943b41190b" testId="392a5921-f456-1610-1df4-1a2cbbffa1ad" testName="FS.GG.SDD.Validation.Tests.ValidationMarkdownTests.renderMarkdown is byte-identical across runs" computerName="780ae460ce3c" duration="00:00:00.0000654" startTime="2026-08-30T10:37:31.1857948+02:00" endTime="2026-08-30T10:37:31.1858090+02:00" testType="13cdc9d9-ddb5-4fa4-a97d-d965ccfc6d4b" outcome="Passed" testListId="8c84fa94-04c1-424b-9868-57a2d4851a1d" relativeResultsDirectory="b1111c5a-ad75-4050-a325-4f943b41190b" />
    <UnitTestResult executionId="0871f23d-1877-46c9-85a4-52cbbb26c9b5" testId="3e9089a0-66cf-bf1d-a973-730b261c5097" testName="FS.GG.SDD.Validation.Tests.ValidationMarkdownTests.renderMarkdown surfaces verdict, five counts, matrices rollup, and non-passing cells" computerName="780ae460ce3c" duration="00:00:00.0001470" startTime="2026-08-30T10:37:31.1859901+02:00" endTime="2026-08-30T10:37:31.1860012+02:00" testType="13cdc9d9-ddb5-4fa4-a97d-d965ccfc6d4b" outcome="Passed" testListId="8c84fa94-04c1-424b-9868-57a2d4851a1d" relativeResultsDirectory="0871f23d-1877-46c9-85a4-52cbbb26c9b5" />
    <UnitTestResult executionId="f1bd1ff5-2d45-4a9b-8127-dfc42acc9743" testId="081e69cc-1871-7b4d-7aa4-bd2a2a8df2ca" testName="FS.GG.SDD.Validation.Tests.BugGuardCheckTests.mixed corpus: only markers whose issue is OPEN produce warnings, deterministically ordered" computerName="780ae460ce3c" duration="00:00:00.0004916" startTime="2026-08-30T10:37:31.1783339+02:00" endTime="2026-08-30T10:37:31.1787691+02:00" testType="13cdc9d9-ddb5-4fa4-a97d-d965ccfc6d4b" outcome="Passed" testListId="8c84fa94-04c1-424b-9868-57a2d4851a1d" relativeResultsDirectory="f1bd1ff5-2d45-4a9b-8127-dfc42acc9743" />
    <UnitTestResult executionId="8d7ee9a1-f5b7-41d0-9285-69888e5cc006" testId="51862f7a-de78-cbce-84dc-335a4c38939e" testName="FS.GG.SDD.Validation.Tests.SurfaceBaselineTests.Public validation surface matches baseline" computerName="780ae460ce3c" duration="00:00:00.0225189" startTime="2026-08-30T10:37:31.1861863+02:00" endTime="2026-08-30T10:37:31.2086315+02:00" testType="13cdc9d9-ddb5-4fa4-a97d-d965ccfc6d4b" outcome="Passed" testListId="8c84fa94-04c1-424b-9868-57a2d4851a1d" relativeResultsDirectory="8d7ee9a1-f5b7-41d0-9285-69888e5cc006" />
    <UnitTestResult executionId="95d049d5-631c-48fd-9979-0aa03d33f642" testId="f3b21bfc-6445-373c-efb8-9507dbc597b5" testName="FS.GG.SDD.Validation.Tests.IsolationTests.the report encodes no Governance route/profile/freshness/gate/verdict" computerName="780ae460ce3c" duration="00:00:00.0210054" startTime="2026-08-30T10:37:31.1228165+02:00" endTime="2026-08-30T10:37:31.1436422+02:00" testType="13cdc9d9-ddb5-4fa4-a97d-d965ccfc6d4b" outcome="Passed" testListId="8c84fa94-04c1-424b-9868-57a2d4851a1d" relativeResultsDirectory="95d049d5-631c-48fd-9979-0aa03d33f642" />
    <UnitTestResult executionId="6f7ccd87-561e-44d1-b394-655d03061cc0" testId="cf5de327-fa5c-4696-35c9-069b40741379" testName="FS.GG.SDD.Validation.Tests.BugGuardCheckTests.the TD1 14 scenario: scan-then-check fires while open, silent after the fix lands" computerName="780ae460ce3c" duration="00:00:00.0004402" startTime="2026-08-30T10:37:31.1776724+02:00" endTime="2026-08-30T10:37:31.1780638+02:00" testType="13cdc9d9-ddb5-4fa4-a97d-d965ccfc6d4b" outcome="Passed" testListId="8c84fa94-04c1-424b-9868-57a2d4851a1d" relativeResultsDirectory="6f7ccd87-561e-44d1-b394-655d03061cc0" />
    <UnitTestResult executionId="493ef4cb-d898-40e2-bad4-04abb5f30794" testId="106fe074-dbcb-efbf-2eb9-c59e8af1c766" testName="FS.GG.SDD.Validation.Tests.ValidationMarkdownTests.a pipe in a matrix name is escaped so the rollup table is not broken" computerName="780ae460ce3c" duration="00:00:00.0001061" startTime="2026-08-30T10:37:31.1849896+02:00" endTime="2026-08-30T10:37:31.1850377+02:00" testType="13cdc9d9-ddb5-4fa4-a97d-d965ccfc6d4b" outcome="Passed" testListId="8c84fa94-04c1-424b-9868-57a2d4851a1d" relativeResultsDirectory="493ef4cb-d898-40e2-bad4-04abb5f30794" />
    <UnitTestResult executionId="1c283cf7-3012-4c8a-9ff6-313e5ceb37a0" testId="1daf5461-bea9-accd-ab80-ebd24f98bd44" testName="FS.GG.SDD.Validation.Tests.ReportDeterminismTests.two runs serialize byte-identically" computerName="780ae460ce3c" duration="00:00:00.0395756" startTime="2026-08-30T10:37:31.2594644+02:00" endTime="2026-08-30T10:37:31.2989332+02:00" testType="13cdc9d9-ddb5-4fa4-a97d-d965ccfc6d4b" outcome="Passed" testListId="8c84fa94-04c1-424b-9868-57a2d4851a1d" relativeResultsDirectory="1c283cf7-3012-4c8a-9ff6-313e5ceb37a0" />
  </Results>
  <TestDefinitions>
    <UnitTest name="FS.GG.SDD.Validation.Tests.IsolationTests.the report encodes no Governance route/profile/freshness/gate/verdict" storage="/tmp/fsgg-sdd-944-v39tis/tests/fs.gg.sdd.validation.tests/bin/debug/net10.0/fs.gg.sdd.validation.tests.dll" id="f3b21bfc-6445-373c-efb8-9507dbc597b5">
      <Execution id="95d049d5-631c-48fd-9979-0aa03d33f642" />
      <TestMethod codeBase="/tmp/fsgg-sdd-944-v39tIs/tests/FS.GG.SDD.Validation.Tests/bin/Debug/net10.0/FS.GG.SDD.Validation.Tests.dll" adapterTypeName="executor://xunit/VsTestRunner3/netcore/" className="FS.GG.SDD.Validation.Tests.IsolationTests" name="the report encodes no Governance route/profile/freshness/gate/verdict" />
    </UnitTest>
    <UnitTest name="FS.GG.SDD.Validation.Tests.ValidationMarkdownTests.a pipe in a matrix name is escaped so the rollup table is not broken" storage="/tmp/fsgg-sdd-944-v39tis/tests/fs.gg.sdd.validation.tests/bin/debug/net10.0/fs.gg.sdd.validation.tests.dll" id="106fe074-dbcb-efbf-2eb9-c59e8af1c766">
      <Execution id="493ef4cb-d898-40e2-bad4-04abb5f30794" />
      <TestMethod codeBase="/tmp/fsgg-sdd-944-v39tIs/tests/FS.GG.SDD.Validation.Tests/bin/Debug/net10.0/FS.GG.SDD.Validation.Tests.dll" adapterTypeName="executor://xunit/VsTestRunner3/netcore/" className="FS.GG.SDD.Validation.Tests.ValidationMarkdownTests" name="a pipe in a matrix name is escaped so the rollup table is not broken" />
    </UnitTest>
    <UnitTest name="FS.GG.SDD.Validation.Tests.ValidationMarkdownTests.an empty report still renders a well-formed document" storage="/tmp/fsgg-sdd-944-v39tis/tests/fs.gg.sdd.validation.tests/bin/debug/net10.0/fs.gg.sdd.validation.tests.dll" id="29d6fd48-124d-9b94-b692-7254fb783bbc">
      <Execution id="63c15c90-2860-4859-80da-1ee5f476dbc3" />
      <TestMethod codeBase="/tmp/fsgg-sdd-944-v39tIs/tests/FS.GG.SDD.Validation.Tests/bin/Debug/net10.0/FS.GG.SDD.Validation.Tests.dll" adapterTypeName="executor://xunit/VsTestRunner3/netcore/" className="FS.GG.SDD.Validation.Tests.ValidationMarkdownTests" name="an empty report still renders a well-formed document" />
    </UnitTest>
    <UnitTest name="FS.GG.SDD.Validation.Tests.BugGuardCheckTests.stays silent once the guarded issue is CLOSED" storage="/tmp/fsgg-sdd-944-v39tis/tests/fs.gg.sdd.validation.tests/bin/debug/net10.0/fs.gg.sdd.validation.tests.dll" id="efef7382-e3b8-5729-6bc9-c0fc1b0be26a">
      <Execution id="89bb9915-c89f-45b3-a2f9-6df962b21319" />
      <TestMethod codeBase="/tmp/fsgg-sdd-944-v39tIs/tests/FS.GG.SDD.Validation.Tests/bin/Debug/net10.0/FS.GG.SDD.Validation.Tests.dll" adapterTypeName="executor://xunit/VsTestRunner3/netcore/" className="FS.GG.SDD.Validation.Tests.BugGuardCheckTests" name="stays silent once the guarded issue is CLOSED" />
    </UnitTest>
    <UnitTest name="FS.GG.SDD.Validation.Tests.BugGuardCheckTests.the bare word guards without a hash-number is not a marker" storage="/tmp/fsgg-sdd-944-v39tis/tests/fs.gg.sdd.validation.tests/bin/debug/net10.0/fs.gg.sdd.validation.tests.dll" id="e4141d06-505e-ef24-99dd-8734cf29d757">
      <Execution id="a4324d88-0662-47af-98fe-25b2ed81bed3" />
      <TestMethod codeBase="/tmp/fsgg-sdd-944-v39tIs/tests/FS.GG.SDD.Validation.Tests/bin/Debug/net10.0/FS.GG.SDD.Validation.Tests.dll" adapterTypeName="executor://xunit/VsTestRunner3/netcore/" className="FS.GG.SDD.Validation.Tests.BugGuardCheckTests" name="the bare word guards without a hash-number is not a marker" />
    </UnitTest>
    <UnitTest name="FS.GG.SDD.Validation.Tests.BaselineMatrixTests.every catalog contract has a baseline and a conformance cell" storage="/tmp/fsgg-sdd-944-v39tis/tests/fs.gg.sdd.validation.tests/bin/debug/net10.0/fs.gg.sdd.validation.tests.dll" id="bfa4332f-da8b-cf30-3cb0-284bc7cdb6e0">
      <Execution id="9d19d48e-e446-4bc6-ac92-eb299ce39c25" />
      <TestMethod codeBase="/tmp/fsgg-sdd-944-v39tIs/tests/FS.GG.SDD.Validation.Tests/bin/Debug/net10.0/FS.GG.SDD.Validation.Tests.dll" adapterTypeName="executor://xunit/VsTestRunner3/netcore/" className="FS.GG.SDD.Validation.Tests.BaselineMatrixTests" name="every catalog contract has a baseline and a conformance cell" />
    </UnitTest>
    <UnitTest name="FS.GG.SDD.Validation.Tests.ValidationMarkdownTests.renderMarkdown emits zero ANSI" storage="/tmp/fsgg-sdd-944-v39tis/tests/fs.gg.sdd.validation.tests/bin/debug/net10.0/fs.gg.sdd.validation.tests.dll" id="b8b2b68c-6b03-a46f-783b-204887247ab3">
      <Execution id="a8568402-4c5c-47d8-8f89-6b7335ce477d" />
      <TestMethod codeBase="/tmp/fsgg-sdd-944-v39tIs/tests/FS.GG.SDD.Validation.Tests/bin/Debug/net10.0/FS.GG.SDD.Validation.Tests.dll" adapterTypeName="executor://xunit/VsTestRunner3/netcore/" className="FS.GG.SDD.Validation.Tests.ValidationMarkdownTests" name="renderMarkdown emits zero ANSI" />
    </UnitTest>
    <UnitTest name="FS.GG.SDD.Validation.Tests.BaselineMatrixTests.baseline cells never pass by absence" storage="/tmp/fsgg-sdd-944-v39tis/tests/fs.gg.sdd.validation.tests/bin/debug/net10.0/fs.gg.sdd.validation.tests.dll" id="42fb6aae-faa9-c42b-4cb0-e55ed898f1b5">
      <Execution id="f0d8524b-9e2a-4153-8a92-0102197255ff" />
      <TestMethod codeBase="/tmp/fsgg-sdd-944-v39tIs/tests/FS.GG.SDD.Validation.Tests/bin/Debug/net10.0/FS.GG.SDD.Validation.Tests.dll" adapterTypeName="executor://xunit/VsTestRunner3/netcore/" className="FS.GG.SDD.Validation.Tests.BaselineMatrixTests" name="baseline cells never pass by absence" />
    </UnitTest>
    <UnitTest name="FS.GG.SDD.Validation.Tests.IsolationTests.the Commands assembly does not depend on the Validation assembly" storage="/tmp/fsgg-sdd-944-v39tis/tests/fs.gg.sdd.validation.tests/bin/debug/net10.0/fs.gg.sdd.validation.tests.dll" id="0c516ca5-488a-0813-ca11-da73430dde8c">
      <Execution id="5e95b014-a53a-490a-92ef-590d0444cb1a" />
      <TestMethod codeBase="/tmp/fsgg-sdd-944-v39tIs/tests/FS.GG.SDD.Validation.Tests/bin/Debug/net10.0/FS.GG.SDD.Validation.Tests.dll" adapterTypeName="executor://xunit/VsTestRunner3/netcore/" className="FS.GG.SDD.Validation.Tests.IsolationTests" name="the Commands assembly does not depend on the Validation assembly" />
    </UnitTest>
    <UnitTest name="FS.GG.SDD.Validation.Tests.ReportDeterminismTests.two runs serialize byte-identically" storage="/tmp/fsgg-sdd-944-v39tis/tests/fs.gg.sdd.validation.tests/bin/debug/net10.0/fs.gg.sdd.validation.tests.dll" id="1daf5461-bea9-accd-ab80-ebd24f98bd44">
      <Execution id="1c283cf7-3012-4c8a-9ff6-313e5ceb37a0" />
      <TestMethod codeBase="/tmp/fsgg-sdd-944-v39tIs/tests/FS.GG.SDD.Validation.Tests/bin/Debug/net10.0/FS.GG.SDD.Validation.Tests.dll" adapterTypeName="executor://xunit/VsTestRunner3/netcore/" className="FS.GG.SDD.Validation.Tests.ReportDeterminismTests" name="two runs serialize byte-identically" />
    </UnitTest>
    <UnitTest name="FS.GG.SDD.Validation.Tests.BugGuardCheckTests.an unresolvable issue is flagged as a dangling link" storage="/tmp/fsgg-sdd-944-v39tis/tests/fs.gg.sdd.validation.tests/bin/debug/net10.0/fs.gg.sdd.validation.tests.dll" id="33f37822-fa7b-1025-8917-1420289060e6">
      <Execution id="b00de4e8-7895-4ea4-9c4d-c9f2d2cbe763" />
      <TestMethod codeBase="/tmp/fsgg-sdd-944-v39tIs/tests/FS.GG.SDD.Validation.Tests/bin/Debug/net10.0/FS.GG.SDD.Validation.Tests.dll" adapterTypeName="executor://xunit/VsTestRunner3/netcore/" className="FS.GG.SDD.Validation.Tests.BugGuardCheckTests" name="an unresolvable issue is flagged as a dangling link" />
    </UnitTest>
    <UnitTest name="FS.GG.SDD.Validation.Tests.BugGuardCheckTests.fires on a test guarding an OPEN issue" storage="/tmp/fsgg-sdd-944-v39tis/tests/fs.gg.sdd.validation.tests/bin/debug/net10.0/fs.gg.sdd.validation.tests.dll" id="332058a0-1750-afe3-690f-4f7ac7a3fdb5">
      <Execution id="d520a2a7-8523-4b43-848f-a0a4d07e561b" />
      <TestMethod codeBase="/tmp/fsgg-sdd-944-v39tIs/tests/FS.GG.SDD.Validation.Tests/bin/Debug/net10.0/FS.GG.SDD.Validation.Tests.dll" adapterTypeName="executor://xunit/VsTestRunner3/netcore/" className="FS.GG.SDD.Validation.Tests.BugGuardCheckTests" name="fires on a test guarding an OPEN issue" />
    </UnitTest>
    <UnitTest name="FS.GG.SDD.Validation.Tests.ReportDeterminismTests.a parsed report round-trips to the same bytes" storage="/tmp/fsgg-sdd-944-v39tis/tests/fs.gg.sdd.validation.tests/bin/debug/net10.0/fs.gg.sdd.validation.tests.dll" id="76595657-cd2a-315e-09a0-ff2a66a8173c">
      <Execution id="135470da-d354-4ea1-998a-48308faa54ba" />
      <TestMethod codeBase="/tmp/fsgg-sdd-944-v39tIs/tests/FS.GG.SDD.Validation.Tests/bin/Debug/net10.0/FS.GG.SDD.Validation.Tests.dll" adapterTypeName="executor://xunit/VsTestRunner3/netcore/" className="FS.GG.SDD.Validation.Tests.ReportDeterminismTests" name="a parsed report round-trips to the same bytes" />
    </UnitTest>
    <UnitTest name="FS.GG.SDD.Validation.Tests.DeterminismMatrixTests.produced outputs reproduce byte-identically under a perturbed host" storage="/tmp/fsgg-sdd-944-v39tis/tests/fs.gg.sdd.validation.tests/bin/debug/net10.0/fs.gg.sdd.validation.tests.dll" id="0aa4c588-bbe4-bf9b-2480-4848fe066089">
      <Execution id="1ccb0e0f-2e1e-4827-a50f-4c7906f9c8f0" />
      <TestMethod codeBase="/tmp/fsgg-sdd-944-v39tIs/tests/FS.GG.SDD.Validation.Tests/bin/Debug/net10.0/FS.GG.SDD.Validation.Tests.dll" adapterTypeName="executor://xunit/VsTestRunner3/netcore/" className="FS.GG.SDD.Validation.Tests.DeterminismMatrixTests" name="produced outputs reproduce byte-identically under a perturbed host" />
    </UnitTest>
    <UnitTest name="FS.GG.SDD.Validation.Tests.ReportDeterminismTests.the serialized report fences sensed metadata to null and carries no ANSI" storage="/tmp/fsgg-sdd-944-v39tis/tests/fs.gg.sdd.validation.tests/bin/debug/net10.0/fs.gg.sdd.validation.tests.dll" id="86b32713-21d2-28de-6614-ab024299f548">
      <Execution id="becd6637-55c4-4539-8e7a-2d46fdc1fff1" />
      <TestMethod codeBase="/tmp/fsgg-sdd-944-v39tIs/tests/FS.GG.SDD.Validation.Tests/bin/Debug/net10.0/FS.GG.SDD.Validation.Tests.dll" adapterTypeName="executor://xunit/VsTestRunner3/netcore/" className="FS.GG.SDD.Validation.Tests.ReportDeterminismTests" name="the serialized report fences sensed metadata to null and carries no ANSI" />
    </UnitTest>
    <UnitTest name="FS.GG.SDD.Validation.Tests.ValidationMarkdownTests.renderMarkdown surfaces verdict, five counts, matrices rollup, and non-passing cells" storage="/tmp/fsgg-sdd-944-v39tis/tests/fs.gg.sdd.validation.tests/bin/debug/net10.0/fs.gg.sdd.validation.tests.dll" id="3e9089a0-66cf-bf1d-a973-730b261c5097">
      <Execution id="0871f23d-1877-46c9-85a4-52cbbb26c9b5" />
      <TestMethod codeBase="/tmp/fsgg-sdd-944-v39tIs/tests/FS.GG.SDD.Validation.Tests/bin/Debug/net10.0/FS.GG.SDD.Validation.Tests.dll" adapterTypeName="executor://xunit/VsTestRunner3/netcore/" className="FS.GG.SDD.Validation.Tests.ValidationMarkdownTests" name="renderMarkdown surfaces verdict, five counts, matrices rollup, and non-passing cells" />
    </UnitTest>
    <UnitTest name="FS.GG.SDD.Validation.Tests.LifecycleMatrixTests.a seeded single-cell divergence fails exactly that cell with a diagnostic" storage="/tmp/fsgg-sdd-944-v39tis/tests/fs.gg.sdd.validation.tests/bin/debug/net10.0/fs.gg.sdd.validation.tests.dll" id="86cac0cb-820c-85bf-0a77-d172e719dfac">
      <Execution id="acc8369b-17d4-457d-be40-ba4f53ad8237" />
      <TestMethod codeBase="/tmp/fsgg-sdd-944-v39tIs/tests/FS.GG.SDD.Validation.Tests/bin/Debug/net10.0/FS.GG.SDD.Validation.Tests.dll" adapterTypeName="executor://xunit/VsTestRunner3/netcore/" className="FS.GG.SDD.Validation.Tests.LifecycleMatrixTests" name="a seeded single-cell divergence fails exactly that cell with a diagnostic" />
    </UnitTest>
    <UnitTest name="FS.GG.SDD.Validation.Tests.BaselineMatrixTests.conformance cells are decided, never left pending" storage="/tmp/fsgg-sdd-944-v39tis/tests/fs.gg.sdd.validation.tests/bin/debug/net10.0/fs.gg.sdd.validation.tests.dll" id="905b87a3-fc4e-18d9-c227-f57fa31943ec">
      <Execution id="2d78dd6e-2c38-48da-b14a-1edcf570ca26" />
      <TestMethod codeBase="/tmp/fsgg-sdd-944-v39tIs/tests/FS.GG.SDD.Validation.Tests/bin/Debug/net10.0/FS.GG.SDD.Validation.Tests.dll" adapterTypeName="executor://xunit/VsTestRunner3/netcore/" className="FS.GG.SDD.Validation.Tests.BaselineMatrixTests" name="conformance cells are decided, never left pending" />
    </UnitTest>
    <UnitTest name="FS.GG.SDD.Validation.Tests.BugGuardCheckTests.scan is case-insensitive and tolerates whitespace around the hash" storage="/tmp/fsgg-sdd-944-v39tis/tests/fs.gg.sdd.validation.tests/bin/debug/net10.0/fs.gg.sdd.validation.tests.dll" id="5d24aeb5-fddd-a807-8d5a-ab3b9716561a">
      <Execution id="283191d4-af59-4b7b-a984-87a091b15a37" />
      <TestMethod codeBase="/tmp/fsgg-sdd-944-v39tIs/tests/FS.GG.SDD.Validation.Tests/bin/Debug/net10.0/FS.GG.SDD.Validation.Tests.dll" adapterTypeName="executor://xunit/VsTestRunner3/netcore/" className="FS.GG.SDD.Validation.Tests.BugGuardCheckTests" name="scan is case-insensitive and tolerates whitespace around the hash" />
    </UnitTest>
    <UnitTest name="FS.GG.SDD.Validation.Tests.CoverageGapTests.a clean full-surface plan reports no coverage gaps" storage="/tmp/fsgg-sdd-944-v39tis/tests/fs.gg.sdd.validation.tests/bin/debug/net10.0/fs.gg.sdd.validation.tests.dll" id="f7d32619-7806-1cb2-6f7f-7905a35beca2">
      <Execution id="b421f9b9-a5e5-456d-bcac-081f3bc04d7e" />
      <TestMethod codeBase="/tmp/fsgg-sdd-944-v39tIs/tests/FS.GG.SDD.Validation.Tests/bin/Debug/net10.0/FS.GG.SDD.Validation.Tests.dll" adapterTypeName="executor://xunit/VsTestRunner3/netcore/" className="FS.GG.SDD.Validation.Tests.CoverageGapTests" name="a clean full-surface plan reports no coverage gaps" />
    </UnitTest>
    <UnitTest name="FS.GG.SDD.Validation.Tests.ValidationMarkdownTests.an all-pass report renders a passed verdict and enumerates no cell" storage="/tmp/fsgg-sdd-944-v39tis/tests/fs.gg.sdd.validation.tests/bin/debug/net10.0/fs.gg.sdd.validation.tests.dll" id="290337ac-1a68-cbba-15c1-2afe9d649915">
      <Execution id="85c4a656-b633-4800-8e7e-fc9b3e07e49b" />
      <TestMethod codeBase="/tmp/fsgg-sdd-944-v39tIs/tests/FS.GG.SDD.Validation.Tests/bin/Debug/net10.0/FS.GG.SDD.Validation.Tests.dll" adapterTypeName="executor://xunit/VsTestRunner3/netcore/" className="FS.GG.SDD.Validation.Tests.ValidationMarkdownTests" name="an all-pass report renders a passed verdict and enumerates no cell" />
    </UnitTest>
    <UnitTest name="FS.GG.SDD.Validation.Tests.CoverageGapTests.a declared contract absent from the real catalog is a detectable failure" storage="/tmp/fsgg-sdd-944-v39tis/tests/fs.gg.sdd.validation.tests/bin/debug/net10.0/fs.gg.sdd.validation.tests.dll" id="751abe0d-a808-5a62-065c-4d81c97ae640">
      <Execution id="ba350007-6056-4561-b261-4cfd30edeb42" />
      <TestMethod codeBase="/tmp/fsgg-sdd-944-v39tIs/tests/FS.GG.SDD.Validation.Tests/bin/Debug/net10.0/FS.GG.SDD.Validation.Tests.dll" adapterTypeName="executor://xunit/VsTestRunner3/netcore/" className="FS.GG.SDD.Validation.Tests.CoverageGapTests" name="a declared contract absent from the real catalog is a detectable failure" />
    </UnitTest>
    <UnitTest name="FS.GG.SDD.Validation.Tests.BugGuardCheckTests.mixed corpus: only markers whose issue is OPEN produce warnings, deterministically ordered" storage="/tmp/fsgg-sdd-944-v39tis/tests/fs.gg.sdd.validation.tests/bin/debug/net10.0/fs.gg.sdd.validation.tests.dll" id="081e69cc-1871-7b4d-7aa4-bd2a2a8df2ca">
      <Execution id="f1bd1ff5-2d45-4a9b-8127-dfc42acc9743" />
      <TestMethod codeBase="/tmp/fsgg-sdd-944-v39tIs/tests/FS.GG.SDD.Validation.Tests/bin/Debug/net10.0/FS.GG.SDD.Validation.Tests.dll" adapterTypeName="executor://xunit/VsTestRunner3/netcore/" className="FS.GG.SDD.Validation.Tests.BugGuardCheckTests" name="mixed corpus: only markers whose issue is OPEN produce warnings, deterministically ordered" />
    </UnitTest>
    <UnitTest name="FS.GG.SDD.Validation.Tests.LifecycleMatrixTests.every command x projection x state appears as a cell with a status" storage="/tmp/fsgg-sdd-944-v39tis/tests/fs.gg.sdd.validation.tests/bin/debug/net10.0/fs.gg.sdd.validation.tests.dll" id="f2d06985-d3fc-b42b-ae89-d8e55777984c">
      <Execution id="281c3396-8c38-498c-9250-4098ab42bef3" />
      <TestMethod codeBase="/tmp/fsgg-sdd-944-v39tIs/tests/FS.GG.SDD.Validation.Tests/bin/Debug/net10.0/FS.GG.SDD.Validation.Tests.dll" adapterTypeName="executor://xunit/VsTestRunner3/netcore/" className="FS.GG.SDD.Validation.Tests.LifecycleMatrixTests" name="every command x projection x state appears as a cell with a status" />
    </UnitTest>
    <UnitTest name="FS.GG.SDD.Validation.Tests.ValidationMarkdownTests.renderMarkdown omits envelope metadata and does not surface sensed data" storage="/tmp/fsgg-sdd-944-v39tis/tests/fs.gg.sdd.validation.tests/bin/debug/net10.0/fs.gg.sdd.validation.tests.dll" id="4696b03f-0459-1b5a-395c-155920594de5">
      <Execution id="ce69d1db-f946-47d6-b7a5-e6ad7510dcbc" />
      <TestMethod codeBase="/tmp/fsgg-sdd-944-v39tIs/tests/FS.GG.SDD.Validation.Tests/bin/Debug/net10.0/FS.GG.SDD.Validation.Tests.dll" adapterTypeName="executor://xunit/VsTestRunner3/netcore/" className="FS.GG.SDD.Validation.Tests.ValidationMarkdownTests" name="renderMarkdown omits envelope metadata and does not surface sensed data" />
    </UnitTest>
    <UnitTest name="FS.GG.SDD.Validation.Tests.LifecycleMatrixTests.a clean run has no failing lifecycle cell" storage="/tmp/fsgg-sdd-944-v39tis/tests/fs.gg.sdd.validation.tests/bin/debug/net10.0/fs.gg.sdd.validation.tests.dll" id="de81e502-8415-27b4-3200-fc4ffe17cb8a">
      <Execution id="db94596c-dcbc-4ebe-b997-1f933325a72e" />
      <TestMethod codeBase="/tmp/fsgg-sdd-944-v39tIs/tests/FS.GG.SDD.Validation.Tests/bin/Debug/net10.0/FS.GG.SDD.Validation.Tests.dll" adapterTypeName="executor://xunit/VsTestRunner3/netcore/" className="FS.GG.SDD.Validation.Tests.LifecycleMatrixTests" name="a clean run has no failing lifecycle cell" />
    </UnitTest>
    <UnitTest name="FS.GG.SDD.Validation.Tests.ValidationMarkdownTests.renderMarkdown summarizes passing cells and invents no foreign fact" storage="/tmp/fsgg-sdd-944-v39tis/tests/fs.gg.sdd.validation.tests/bin/debug/net10.0/fs.gg.sdd.validation.tests.dll" id="43cc4cd2-d00d-e8b5-bb7c-526ec87c5529">
      <Execution id="c95e8844-a94e-4a8e-b7e8-81c89e39e5c2" />
      <TestMethod codeBase="/tmp/fsgg-sdd-944-v39tIs/tests/FS.GG.SDD.Validation.Tests/bin/Debug/net10.0/FS.GG.SDD.Validation.Tests.dll" adapterTypeName="executor://xunit/VsTestRunner3/netcore/" className="FS.GG.SDD.Validation.Tests.ValidationMarkdownTests" name="renderMarkdown summarizes passing cells and invents no foreign fact" />
    </UnitTest>
    <UnitTest name="FS.GG.SDD.Validation.Tests.IsolationTests.run completes and emits a report with no Governance runtime present" storage="/tmp/fsgg-sdd-944-v39tis/tests/fs.gg.sdd.validation.tests/bin/debug/net10.0/fs.gg.sdd.validation.tests.dll" id="13e633b3-21d9-7d29-2dc9-2f7547102331">
      <Execution id="8f55c926-2ee2-4204-a868-b479793c4e76" />
      <TestMethod codeBase="/tmp/fsgg-sdd-944-v39tIs/tests/FS.GG.SDD.Validation.Tests/bin/Debug/net10.0/FS.GG.SDD.Validation.Tests.dll" adapterTypeName="executor://xunit/VsTestRunner3/netcore/" className="FS.GG.SDD.Validation.Tests.IsolationTests" name="run completes and emits a report with no Governance runtime present" />
    </UnitTest>
    <UnitTest name="FS.GG.SDD.Validation.Tests.DeterminismMatrixTests.every output x environment is a cell and none fails on a clean run" storage="/tmp/fsgg-sdd-944-v39tis/tests/fs.gg.sdd.validation.tests/bin/debug/net10.0/fs.gg.sdd.validation.tests.dll" id="dc82e0c7-fb55-d5a1-5f15-cfe37a89f23b">
      <Execution id="8e77c591-a66d-4b4e-8aec-4b9375e80a16" />
      <TestMethod codeBase="/tmp/fsgg-sdd-944-v39tIs/tests/FS.GG.SDD.Validation.Tests/bin/Debug/net10.0/FS.GG.SDD.Validation.Tests.dll" adapterTypeName="executor://xunit/VsTestRunner3/netcore/" className="FS.GG.SDD.Validation.Tests.DeterminismMatrixTests" name="every output x environment is a cell and none fails on a clean run" />
    </UnitTest>
    <UnitTest name="FS.GG.SDD.Validation.Tests.SurfaceBaselineTests.Public validation surface matches baseline" storage="/tmp/fsgg-sdd-944-v39tis/tests/fs.gg.sdd.validation.tests/bin/debug/net10.0/fs.gg.sdd.validation.tests.dll" id="51862f7a-de78-cbce-84dc-335a4c38939e">
      <Execution id="8d7ee9a1-f5b7-41d0-9285-69888e5cc006" />
      <TestMethod codeBase="/tmp/fsgg-sdd-944-v39tIs/tests/FS.GG.SDD.Validation.Tests/bin/Debug/net10.0/FS.GG.SDD.Validation.Tests.dll" adapterTypeName="executor://xunit/VsTestRunner3/netcore/" className="FS.GG.SDD.Validation.Tests.SurfaceBaselineTests" name="Public validation surface matches baseline" />
    </UnitTest>
    <UnitTest name="FS.GG.SDD.Validation.Tests.BugGuardCheckTests.a guards marker on an OPEN issue also fires" storage="/tmp/fsgg-sdd-944-v39tis/tests/fs.gg.sdd.validation.tests/bin/debug/net10.0/fs.gg.sdd.validation.tests.dll" id="9cd7c00d-3d7f-18ad-33a2-7caa7a4eee0e">
      <Execution id="baf6de86-0da1-45c3-91c2-33134cb7ec4a" />
      <TestMethod codeBase="/tmp/fsgg-sdd-944-v39tIs/tests/FS.GG.SDD.Validation.Tests/bin/Debug/net10.0/FS.GG.SDD.Validation.Tests.dll" adapterTypeName="executor://xunit/VsTestRunner3/netcore/" className="FS.GG.SDD.Validation.Tests.BugGuardCheckTests" name="a guards marker on an OPEN issue also fires" />
    </UnitTest>
    <UnitTest name="FS.GG.SDD.Validation.Tests.CoverageGapTests.an uncovered real command is a coverageGap and the run does not pass" storage="/tmp/fsgg-sdd-944-v39tis/tests/fs.gg.sdd.validation.tests/bin/debug/net10.0/fs.gg.sdd.validation.tests.dll" id="1f15dcaf-5362-3f4f-e4a5-40b01158806c">
      <Execution id="551fdab4-e86f-41ad-871f-a3d6aa7f9e00" />
      <TestMethod codeBase="/tmp/fsgg-sdd-944-v39tIs/tests/FS.GG.SDD.Validation.Tests/bin/Debug/net10.0/FS.GG.SDD.Validation.Tests.dll" adapterTypeName="executor://xunit/VsTestRunner3/netcore/" className="FS.GG.SDD.Validation.Tests.CoverageGapTests" name="an uncovered real command is a coverageGap and the run does not pass" />
    </UnitTest>
    <UnitTest name="FS.GG.SDD.Validation.Tests.BugGuardCheckTests.scan finds pins-bug and guards markers with their kind, issue, and line" storage="/tmp/fsgg-sdd-944-v39tis/tests/fs.gg.sdd.validation.tests/bin/debug/net10.0/fs.gg.sdd.validation.tests.dll" id="18f3d24c-0506-d91c-be74-59314662c94a">
      <Execution id="29212587-19e1-4aad-8f84-2fcb304da8fb" />
      <TestMethod codeBase="/tmp/fsgg-sdd-944-v39tIs/tests/FS.GG.SDD.Validation.Tests/bin/Debug/net10.0/FS.GG.SDD.Validation.Tests.dll" adapterTypeName="executor://xunit/VsTestRunner3/netcore/" className="FS.GG.SDD.Validation.Tests.BugGuardCheckTests" name="scan finds pins-bug and guards markers with their kind, issue, and line" />
    </UnitTest>
    <UnitTest name="FS.GG.SDD.Validation.Tests.ValidationMarkdownTests.renderMarkdown is byte-identical across runs" storage="/tmp/fsgg-sdd-944-v39tis/tests/fs.gg.sdd.validation.tests/bin/debug/net10.0/fs.gg.sdd.validation.tests.dll" id="392a5921-f456-1610-1df4-1a2cbbffa1ad">
      <Execution id="b1111c5a-ad75-4050-a325-4f943b41190b" />
      <TestMethod codeBase="/tmp/fsgg-sdd-944-v39tIs/tests/FS.GG.SDD.Validation.Tests/bin/Debug/net10.0/FS.GG.SDD.Validation.Tests.dll" adapterTypeName="executor://xunit/VsTestRunner3/netcore/" className="FS.GG.SDD.Validation.Tests.ValidationMarkdownTests" name="renderMarkdown is byte-identical across runs" />
    </UnitTest>
    <UnitTest name="FS.GG.SDD.Validation.Tests.BugGuardCheckTests.the TD1 14 scenario: scan-then-check fires while open, silent after the fix lands" storage="/tmp/fsgg-sdd-944-v39tis/tests/fs.gg.sdd.validation.tests/bin/debug/net10.0/fs.gg.sdd.validation.tests.dll" id="cf5de327-fa5c-4696-35c9-069b40741379">
      <Execution id="6f7ccd87-561e-44d1-b394-655d03061cc0" />
      <TestMethod codeBase="/tmp/fsgg-sdd-944-v39tIs/tests/FS.GG.SDD.Validation.Tests/bin/Debug/net10.0/FS.GG.SDD.Validation.Tests.dll" adapterTypeName="executor://xunit/VsTestRunner3/netcore/" className="FS.GG.SDD.Validation.Tests.BugGuardCheckTests" name="the TD1 14 scenario: scan-then-check fires while open, silent after the fix lands" />
    </UnitTest>
  </TestDefinitions>
  <TestEntries>
    <TestEntry testId="1f15dcaf-5362-3f4f-e4a5-40b01158806c" executionId="551fdab4-e86f-41ad-871f-a3d6aa7f9e00" testListId="8c84fa94-04c1-424b-9868-57a2d4851a1d" />
    <TestEntry testId="de81e502-8415-27b4-3200-fc4ffe17cb8a" executionId="db94596c-dcbc-4ebe-b997-1f933325a72e" testListId="8c84fa94-04c1-424b-9868-57a2d4851a1d" />
    <TestEntry testId="18f3d24c-0506-d91c-be74-59314662c94a" executionId="29212587-19e1-4aad-8f84-2fcb304da8fb" testListId="8c84fa94-04c1-424b-9868-57a2d4851a1d" />
    <TestEntry testId="290337ac-1a68-cbba-15c1-2afe9d649915" executionId="85c4a656-b633-4800-8e7e-fc9b3e07e49b" testListId="8c84fa94-04c1-424b-9868-57a2d4851a1d" />
    <TestEntry testId="9cd7c00d-3d7f-18ad-33a2-7caa7a4eee0e" executionId="baf6de86-0da1-45c3-91c2-33134cb7ec4a" testListId="8c84fa94-04c1-424b-9868-57a2d4851a1d" />
    <TestEntry testId="f7d32619-7806-1cb2-6f7f-7905a35beca2" executionId="b421f9b9-a5e5-456d-bcac-081f3bc04d7e" testListId="8c84fa94-04c1-424b-9868-57a2d4851a1d" />
    <TestEntry testId="42fb6aae-faa9-c42b-4cb0-e55ed898f1b5" executionId="f0d8524b-9e2a-4153-8a92-0102197255ff" testListId="8c84fa94-04c1-424b-9868-57a2d4851a1d" />
    <TestEntry testId="86b32713-21d2-28de-6614-ab024299f548" executionId="becd6637-55c4-4539-8e7a-2d46fdc1fff1" testListId="8c84fa94-04c1-424b-9868-57a2d4851a1d" />
    <TestEntry testId="dc82e0c7-fb55-d5a1-5f15-cfe37a89f23b" executionId="8e77c591-a66d-4b4e-8aec-4b9375e80a16" testListId="8c84fa94-04c1-424b-9868-57a2d4851a1d" />
    <TestEntry testId="5d24aeb5-fddd-a807-8d5a-ab3b9716561a" executionId="283191d4-af59-4b7b-a984-87a091b15a37" testListId="8c84fa94-04c1-424b-9868-57a2d4851a1d" />
    <TestEntry testId="b8b2b68c-6b03-a46f-783b-204887247ab3" executionId="a8568402-4c5c-47d8-8f89-6b7335ce477d" testListId="8c84fa94-04c1-424b-9868-57a2d4851a1d" />
    <TestEntry testId="0aa4c588-bbe4-bf9b-2480-4848fe066089" executionId="1ccb0e0f-2e1e-4827-a50f-4c7906f9c8f0" testListId="8c84fa94-04c1-424b-9868-57a2d4851a1d" />
    <TestEntry testId="bfa4332f-da8b-cf30-3cb0-284bc7cdb6e0" executionId="9d19d48e-e446-4bc6-ac92-eb299ce39c25" testListId="8c84fa94-04c1-424b-9868-57a2d4851a1d" />
    <TestEntry testId="0c516ca5-488a-0813-ca11-da73430dde8c" executionId="5e95b014-a53a-490a-92ef-590d0444cb1a" testListId="8c84fa94-04c1-424b-9868-57a2d4851a1d" />
    <TestEntry testId="332058a0-1750-afe3-690f-4f7ac7a3fdb5" executionId="d520a2a7-8523-4b43-848f-a0a4d07e561b" testListId="8c84fa94-04c1-424b-9868-57a2d4851a1d" />
    <TestEntry testId="29d6fd48-124d-9b94-b692-7254fb783bbc" executionId="63c15c90-2860-4859-80da-1ee5f476dbc3" testListId="8c84fa94-04c1-424b-9868-57a2d4851a1d" />
    <TestEntry testId="f2d06985-d3fc-b42b-ae89-d8e55777984c" executionId="281c3396-8c38-498c-9250-4098ab42bef3" testListId="8c84fa94-04c1-424b-9868-57a2d4851a1d" />
    <TestEntry testId="4696b03f-0459-1b5a-395c-155920594de5" executionId="ce69d1db-f946-47d6-b7a5-e6ad7510dcbc" testListId="8c84fa94-04c1-424b-9868-57a2d4851a1d" />
    <TestEntry testId="33f37822-fa7b-1025-8917-1420289060e6" executionId="b00de4e8-7895-4ea4-9c4d-c9f2d2cbe763" testListId="8c84fa94-04c1-424b-9868-57a2d4851a1d" />
    <TestEntry testId="86cac0cb-820c-85bf-0a77-d172e719dfac" executionId="acc8369b-17d4-457d-be40-ba4f53ad8237" testListId="8c84fa94-04c1-424b-9868-57a2d4851a1d" />
    <TestEntry testId="efef7382-e3b8-5729-6bc9-c0fc1b0be26a" executionId="89bb9915-c89f-45b3-a2f9-6df962b21319" testListId="8c84fa94-04c1-424b-9868-57a2d4851a1d" />
    <TestEntry testId="751abe0d-a808-5a62-065c-4d81c97ae640" executionId="ba350007-6056-4561-b261-4cfd30edeb42" testListId="8c84fa94-04c1-424b-9868-57a2d4851a1d" />
    <TestEntry testId="43cc4cd2-d00d-e8b5-bb7c-526ec87c5529" executionId="c95e8844-a94e-4a8e-b7e8-81c89e39e5c2" testListId="8c84fa94-04c1-424b-9868-57a2d4851a1d" />
    <TestEntry testId="e4141d06-505e-ef24-99dd-8734cf29d757" executionId="a4324d88-0662-47af-98fe-25b2ed81bed3" testListId="8c84fa94-04c1-424b-9868-57a2d4851a1d" />
    <TestEntry testId="13e633b3-21d9-7d29-2dc9-2f7547102331" executionId="8f55c926-2ee2-4204-a868-b479793c4e76" testListId="8c84fa94-04c1-424b-9868-57a2d4851a1d" />
    <TestEntry testId="905b87a3-fc4e-18d9-c227-f57fa31943ec" executionId="2d78dd6e-2c38-48da-b14a-1edcf570ca26" testListId="8c84fa94-04c1-424b-9868-57a2d4851a1d" />
    <TestEntry testId="76595657-cd2a-315e-09a0-ff2a66a8173c" executionId="135470da-d354-4ea1-998a-48308faa54ba" testListId="8c84fa94-04c1-424b-9868-57a2d4851a1d" />
    <TestEntry testId="392a5921-f456-1610-1df4-1a2cbbffa1ad" executionId="b1111c5a-ad75-4050-a325-4f943b41190b" testListId="8c84fa94-04c1-424b-9868-57a2d4851a1d" />
    <TestEntry testId="3e9089a0-66cf-bf1d-a973-730b261c5097" executionId="0871f23d-1877-46c9-85a4-52cbbb26c9b5" testListId="8c84fa94-04c1-424b-9868-57a2d4851a1d" />
    <TestEntry testId="081e69cc-1871-7b4d-7aa4-bd2a2a8df2ca" executionId="f1bd1ff5-2d45-4a9b-8127-dfc42acc9743" testListId="8c84fa94-04c1-424b-9868-57a2d4851a1d" />
    <TestEntry testId="51862f7a-de78-cbce-84dc-335a4c38939e" executionId="8d7ee9a1-f5b7-41d0-9285-69888e5cc006" testListId="8c84fa94-04c1-424b-9868-57a2d4851a1d" />
    <TestEntry testId="f3b21bfc-6445-373c-efb8-9507dbc597b5" executionId="95d049d5-631c-48fd-9979-0aa03d33f642" testListId="8c84fa94-04c1-424b-9868-57a2d4851a1d" />
    <TestEntry testId="cf5de327-fa5c-4696-35c9-069b40741379" executionId="6f7ccd87-561e-44d1-b394-655d03061cc0" testListId="8c84fa94-04c1-424b-9868-57a2d4851a1d" />
    <TestEntry testId="106fe074-dbcb-efbf-2eb9-c59e8af1c766" executionId="493ef4cb-d898-40e2-bad4-04abb5f30794" testListId="8c84fa94-04c1-424b-9868-57a2d4851a1d" />
    <TestEntry testId="1daf5461-bea9-accd-ab80-ebd24f98bd44" executionId="1c283cf7-3012-4c8a-9ff6-313e5ceb37a0" testListId="8c84fa94-04c1-424b-9868-57a2d4851a1d" />
  </TestEntries>
  <TestLists>
    <TestList name="Results Not in a List" id="8c84fa94-04c1-424b-9868-57a2d4851a1d" />
    <TestList name="All Loaded Results" id="19431567-8539-422a-85d7-44ee4e166bda" />
  </TestLists>
  <ResultSummary outcome="Completed">
    <Counters total="35" executed="35" passed="35" failed="0" error="0" timeout="0" aborted="0" inconclusive="0" passedButRunAborted="0" notRunnable="0" notExecuted="0" disconnected="0" warning="0" completed="0" inProgress="0" pending="0" />
    <Output>
      <StdOut>[xUnit.net 00:00:00.00] xUnit.net VSTest Adapter v3.1.5+1b188a7b0a (64-bit .NET 10.0.11)
[xUnit.net 00:00:00.05]   Discovering: FS.GG.SDD.Validation.Tests
[xUnit.net 00:00:00.07]   Discovered:  FS.GG.SDD.Validation.Tests
[xUnit.net 00:00:00.08]   Starting:    FS.GG.SDD.Validation.Tests
[xUnit.net 00:00:02.40]   Finished:    FS.GG.SDD.Validation.Tests
</StdOut>
    </Output>
  </ResultSummary>
</TestRun>