<?xml version="1.0" encoding="utf-8"?>
<TestRun id="bb951615-ded0-4c5c-88cc-6cd56e50c237" name="@780ae460ce3c 2026-08-30 11:25:58" xmlns="http://microsoft.com/schemas/VisualStudio/TeamTest/2010">
  <Times creation="2026-08-30T11:25:58.8053638+02:00" queuing="2026-08-30T11:25:58.8053638+02:00" start="2026-08-30T11:25:58.4585137+02:00" finish="2026-08-30T11:26:12.0839430+02:00" />
  <TestSettings name="default" id="2231830c-d1c5-4637-8b29-58cd40fe4c11">
    <Deployment runDeploymentRoot="_780ae460ce3c_2026-08-30_11_25_58" />
  </TestSettings>
  <Results>
    <UnitTestResult executionId="7f494128-b294-4305-a008-7a7647ca2f0e" testId="021ae1cb-17d3-f301-f57f-f20cca10c6c8" testName="FS.GG.SDD.Cli.Tests.ScaffoldParityTests.scaffold provider-defect output facts are identical across json text and rich" computerName="780ae460ce3c" duration="00:00:00.0228462" startTime="2026-08-30T11:25:58.9641066+02:00" endTime="2026-08-30T11:25:58.9868698+02:00" testType="13cdc9d9-ddb5-4fa4-a97d-d965ccfc6d4b" outcome="Passed" testListId="8c84fa94-04c1-424b-9868-57a2d4851a1d" relativeResultsDirectory="7f494128-b294-4305-a008-7a7647ca2f0e" />
    <UnitTestResult executionId="1cec038a-d77a-49d0-b444-abebe1a7c63c" testId="7101e0d3-c1bd-c168-6882-793c5adb27bb" testName="FS.GG.SDD.Cli.Tests.SurfaceProjectionTests.surface versionBump facts appear in every projection" computerName="780ae460ce3c" duration="00:00:00.0007153" startTime="2026-08-30T11:25:58.8760405+02:00" endTime="2026-08-30T11:25:58.8766648+02:00" testType="13cdc9d9-ddb5-4fa4-a97d-d965ccfc6d4b" outcome="Passed" testListId="8c84fa94-04c1-424b-9868-57a2d4851a1d" relativeResultsDirectory="1cec038a-d77a-49d0-b444-abebe1a7c63c" />
    <UnitTestResult executionId="cc760467-b79a-4b46-b5cc-96bea212e1ac" testId="07ce9063-f1f7-a22c-dfe8-217bdda9537e" testName="FS.GG.SDD.Cli.Tests.RemediationProjectionTests.empty skillDriftPaths emits only the count line" computerName="780ae460ce3c" duration="00:00:00.0001017" startTime="2026-08-30T11:25:58.9052885+02:00" endTime="2026-08-30T11:25:58.9053038+02:00" testType="13cdc9d9-ddb5-4fa4-a97d-d965ccfc6d4b" outcome="Passed" testListId="8c84fa94-04c1-424b-9868-57a2d4851a1d" relativeResultsDirectory="cc760467-b79a-4b46-b5cc-96bea212e1ac" />
    <UnitTestResult executionId="899c90d5-01b1-4179-a27b-9fd0cf1889aa" testId="247a1d5e-f58f-b6f1-9c7d-e5c5276e864e" testName="FS.GG.SDD.Cli.Tests.LintCommandTests.lint resolves the artifact when a flag precedes it" computerName="780ae460ce3c" duration="00:00:00.1121350" startTime="2026-08-30T11:25:59.8993892+02:00" endTime="2026-08-30T11:26:00.0115405+02:00" testType="13cdc9d9-ddb5-4fa4-a97d-d965ccfc6d4b" outcome="Passed" testListId="8c84fa94-04c1-424b-9868-57a2d4851a1d" relativeResultsDirectory="899c90d5-01b1-4179-a27b-9fd0cf1889aa" />
    <UnitTestResult executionId="541884b4-766d-49a5-9d9a-716573beea72" testId="4d437ba9-f8aa-59f9-a3be-bbf5651297a0" testName="FS.GG.SDD.Cli.Tests.TypedSddCommandTests.work and source traversal are rejected without writes outside root" computerName="780ae460ce3c" duration="00:00:00.0669836" startTime="2026-08-30T11:26:03.1995407+02:00" endTime="2026-08-30T11:26:03.2664900+02:00" testType="13cdc9d9-ddb5-4fa4-a97d-d965ccfc6d4b" outcome="Passed" testListId="8c84fa94-04c1-424b-9868-57a2d4851a1d" relativeResultsDirectory="541884b4-766d-49a5-9d9a-716573beea72" />
    <UnitTestResult executionId="aec171dc-ba9b-413d-94ea-880209dfddb6" testId="d9bf4d6b-47cc-97fb-4bf9-da15dd49e4e9" testName="FS.GG.SDD.Cli.Tests.ValidationRichRenderingTests.T009 Rich degrades to exact plain text when non-interactive" computerName="780ae460ce3c" duration="00:00:00.0056662" startTime="2026-08-30T11:25:58.8609410+02:00" endTime="2026-08-30T11:25:58.8610555+02:00" testType="13cdc9d9-ddb5-4fa4-a97d-d965ccfc6d4b" outcome="Passed" testListId="8c84fa94-04c1-424b-9868-57a2d4851a1d" relativeResultsDirectory="aec171dc-ba9b-413d-94ea-880209dfddb6" />
    <UnitTestResult executionId="d8c6a085-a4f9-4c68-99f1-318286eb6a64" testId="0ea72823-9c57-bcb1-8712-43ff426bc5aa" testName="FS.GG.SDD.Cli.Tests.UnknownOptionTests.an unrelated token suggests nothing" computerName="780ae460ce3c" duration="00:00:00.0000613" startTime="2026-08-30T11:25:59.1966031+02:00" endTime="2026-08-30T11:25:59.1966118+02:00" testType="13cdc9d9-ddb5-4fa4-a97d-d965ccfc6d4b" outcome="Passed" testListId="8c84fa94-04c1-424b-9868-57a2d4851a1d" relativeResultsDirectory="d8c6a085-a4f9-4c68-99f1-318286eb6a64" />
    <UnitTestResult executionId="4bb70cb4-a4a3-458f-a676-26665faf2c84" testId="eaf0bf24-1b04-61f8-25f4-fbf5f93b9d0d" testName="FS.GG.SDD.Cli.Tests.FormatSelectionTests.T021 explicit json equals default json bytes" computerName="780ae460ce3c" duration="00:00:00.0093484" startTime="2026-08-30T11:25:58.7984283+02:00" endTime="2026-08-30T11:25:58.8002372+02:00" testType="13cdc9d9-ddb5-4fa4-a97d-d965ccfc6d4b" outcome="Passed" testListId="8c84fa94-04c1-424b-9868-57a2d4851a1d" relativeResultsDirectory="4bb70cb4-a4a3-458f-a676-26665faf2c84" />
    <UnitTestResult executionId="23a1d7f9-70cc-4c25-9cf2-1db67973dca0" testId="23418d36-881d-d034-7157-a9e5d9642f9b" testName="FS.GG.SDD.Cli.Tests.ValidateCommandTests.validate --text carries no ANSI when redirected" computerName="780ae460ce3c" duration="00:00:00.5198404" startTime="2026-08-30T11:26:04.4906928+02:00" endTime="2026-08-30T11:26:05.0104848+02:00" testType="13cdc9d9-ddb5-4fa4-a97d-d965ccfc6d4b" outcome="Passed" testListId="8c84fa94-04c1-424b-9868-57a2d4851a1d" relativeResultsDirectory="23a1d7f9-70cc-4c25-9cf2-1db67973dca0" />
    <UnitTestResult executionId="9a961fea-2772-4850-869a-fcaf281efc97" testId="02a2f783-5c3e-6231-07ea-3ceda14da0d9" testName="FS.GG.SDD.Cli.Tests.TypedSddCommandTests.accepted migration preserves semantic inventory and explicit rollback restores source" computerName="780ae460ce3c" duration="00:00:01.0278793" startTime="2026-08-30T11:26:03.2666901+02:00" endTime="2026-08-30T11:26:04.2944856+02:00" testType="13cdc9d9-ddb5-4fa4-a97d-d965ccfc6d4b" outcome="Passed" testListId="8c84fa94-04c1-424b-9868-57a2d4851a1d" relativeResultsDirectory="9a961fea-2772-4850-869a-fcaf281efc97" />
    <UnitTestResult executionId="d49de438-fe17-4e58-a517-030077e3b8be" testId="49b273d1-8d77-b874-fa0c-1d415bd3676e" testName="FS.GG.SDD.Cli.Tests.LintCommandTests.SC-006 missing artifact exits 2" computerName="780ae460ce3c" duration="00:00:00.0577268" startTime="2026-08-30T11:25:59.8417407+02:00" endTime="2026-08-30T11:25:59.8993247+02:00" testType="13cdc9d9-ddb5-4fa4-a97d-d965ccfc6d4b" outcome="Passed" testListId="8c84fa94-04c1-424b-9868-57a2d4851a1d" relativeResultsDirectory="d49de438-fe17-4e58-a517-030077e3b8be" />
    <UnitTestResult executionId="65ea2aa2-7421-4e12-920c-4fa9a59af7f2" testId="1e6d6f2d-d0aa-e224-0976-ce51281090d2" testName="FS.GG.SDD.Cli.Tests.RichRenderingTests.T012 renderRichTo mutates only the console" computerName="780ae460ce3c" duration="00:00:00.0030522" startTime="2026-08-30T11:25:59.9008664+02:00" endTime="2026-08-30T11:25:59.9039055+02:00" testType="13cdc9d9-ddb5-4fa4-a97d-d965ccfc6d4b" outcome="Passed" testListId="8c84fa94-04c1-424b-9868-57a2d4851a1d" relativeResultsDirectory="65ea2aa2-7421-4e12-920c-4fa9a59af7f2" />
    <UnitTestResult executionId="a0dbbd6b-b83c-4d44-9e12-2756503a325a" testId="2030dc57-cdab-7a9b-29bd-34849dd525c7" testName="FS.GG.SDD.Cli.Tests.UnknownOptionTests.--explain on a command with no primary artifact still reaches explainUnsupported" computerName="780ae460ce3c" duration="00:00:00.0647907" startTime="2026-08-30T11:25:59.3147634+02:00" endTime="2026-08-30T11:25:59.3795006+02:00" testType="13cdc9d9-ddb5-4fa4-a97d-d965ccfc6d4b" outcome="Passed" testListId="8c84fa94-04c1-424b-9868-57a2d4851a1d" relativeResultsDirectory="a0dbbd6b-b83c-4d44-9e12-2756503a325a" />
    <UnitTestResult executionId="6ad51382-4f2c-4f29-8c8e-a920fd476950" testId="f37b980d-0662-d0a8-7fd2-76f084bfc625" testName="FS.GG.SDD.Cli.Tests.ExceptionBackstopTests.the normal (non-throwing) path is passed through unchanged" computerName="780ae460ce3c" duration="00:00:00.0002699" startTime="2026-08-30T11:25:58.8469840+02:00" endTime="2026-08-30T11:25:58.8472139+02:00" testType="13cdc9d9-ddb5-4fa4-a97d-d965ccfc6d4b" outcome="Passed" testListId="8c84fa94-04c1-424b-9868-57a2d4851a1d" relativeResultsDirectory="6ad51382-4f2c-4f29-8c8e-a920fd476950" />
    <UnitTestResult executionId="922ee92a-23b6-4902-b03f-4d1d44a5fd21" testId="d93a4a1a-bf3e-096f-c5fe-6fec4461e5f6" testName="FS.GG.SDD.Cli.Tests.ForceColorTests.the --force-color flag forces even without the env var" computerName="780ae460ce3c" duration="00:00:00.0002618" startTime="2026-08-30T11:25:58.7985959+02:00" endTime="2026-08-30T11:25:58.7986038+02:00" testType="13cdc9d9-ddb5-4fa4-a97d-d965ccfc6d4b" outcome="Passed" testListId="8c84fa94-04c1-424b-9868-57a2d4851a1d" relativeResultsDirectory="922ee92a-23b6-4902-b03f-4d1d44a5fd21" />
    <UnitTestResult executionId="ed75bcf6-0625-4429-a8a3-aedb571e0c8c" testId="61b63479-3c6e-1d8d-30af-45a130dfbb52" testName="FS.GG.SDD.Cli.Tests.ValidateCommandTests.validate --out to a path under a missing directory fails cleanly without a stack trace" computerName="780ae460ce3c" duration="00:00:00.5322078" startTime="2026-08-30T11:25:59.3666459+02:00" endTime="2026-08-30T11:25:59.8987952+02:00" testType="13cdc9d9-ddb5-4fa4-a97d-d965ccfc6d4b" outcome="Passed" testListId="8c84fa94-04c1-424b-9868-57a2d4851a1d" relativeResultsDirectory="ed75bcf6-0625-4429-a8a3-aedb571e0c8c" />
    <UnitTestResult executionId="f5915719-7504-46fa-a4af-10a4913f1c96" testId="4e958ec3-ea80-1a14-c4ba-5af4e227d480" testName="FS.GG.SDD.Cli.Tests.UnknownOptionTests.a valid invocation is unaffected by the residue check" computerName="780ae460ce3c" duration="00:00:00.3149607" startTime="2026-08-30T11:25:58.8164514+02:00" endTime="2026-08-30T11:25:59.1311061+02:00" testType="13cdc9d9-ddb5-4fa4-a97d-d965ccfc6d4b" outcome="Passed" testListId="8c84fa94-04c1-424b-9868-57a2d4851a1d" relativeResultsDirectory="f5915719-7504-46fa-a4af-10a4913f1c96" />
    <UnitTestResult executionId="e71e7744-31de-422a-b46d-79526ec89ecb" testId="281633f7-7e75-f8e8-6a4c-ae9f0b658e5a" testName="FS.GG.SDD.Cli.Tests.DegradationTests.084 T016b each stage state maps to a distinct colour, blocked emphasized" computerName="780ae460ce3c" duration="00:00:00.0003608" startTime="2026-08-30T11:25:58.8950634+02:00" endTime="2026-08-30T11:25:58.8952566+02:00" testType="13cdc9d9-ddb5-4fa4-a97d-d965ccfc6d4b" outcome="Passed" testListId="8c84fa94-04c1-424b-9868-57a2d4851a1d" relativeResultsDirectory="e71e7744-31de-422a-b46d-79526ec89ecb" />
    <UnitTestResult executionId="1a7d4457-b76c-45bc-a1b2-262f4e8962d1" testId="14c9df6b-530b-09e6-4959-fe718fe70fcd" testName="FS.GG.SDD.Cli.Tests.TypedSddCommandTests.failed rollback restores the prior typed markdown authority" computerName="780ae460ce3c" duration="00:00:00.9869637" startTime="2026-08-30T11:26:10.7991469+02:00" endTime="2026-08-30T11:26:11.7860470+02:00" testType="13cdc9d9-ddb5-4fa4-a97d-d965ccfc6d4b" outcome="Passed" testListId="8c84fa94-04c1-424b-9868-57a2d4851a1d" relativeResultsDirectory="1a7d4457-b76c-45bc-a1b2-262f4e8962d1" />
    <UnitTestResult executionId="6084d46e-6662-46c4-8004-e902cb668424" testId="d64bf916-a3d0-fdcc-249e-32a48ad56d94" testName="FS.GG.SDD.Cli.Tests.UnknownOptionTests.an option belonging to another command is residue" computerName="780ae460ce3c" duration="00:00:00.0001216" startTime="2026-08-30T11:25:59.5378501+02:00" endTime="2026-08-30T11:25:59.5378620+02:00" testType="13cdc9d9-ddb5-4fa4-a97d-d965ccfc6d4b" outcome="Passed" testListId="8c84fa94-04c1-424b-9868-57a2d4851a1d" relativeResultsDirectory="6084d46e-6662-46c4-8004-e902cb668424" />
    <UnitTestResult executionId="bfa73215-a6b0-4b83-b9f5-57775ac5f6e7" testId="458af711-c079-4fc4-8282-cb6fcd54044e" testName="FS.GG.SDD.Cli.Tests.ValidateCommandTests.a single-matrix run reports the others as notValidated with a non-zero exit" computerName="780ae460ce3c" duration="00:00:00.5234468" startTime="2026-08-30T11:26:06.5327878+02:00" endTime="2026-08-30T11:26:07.0561750+02:00" testType="13cdc9d9-ddb5-4fa4-a97d-d965ccfc6d4b" outcome="Passed" testListId="8c84fa94-04c1-424b-9868-57a2d4851a1d" relativeResultsDirectory="bfa73215-a6b0-4b83-b9f5-57775ac5f6e7" />
    <UnitTestResult executionId="3e3e0ec5-f803-4658-88df-4efdf7dc058d" testId="9cf552bc-c7f1-a9e7-1793-9603d40efc03" testName="FS.GG.SDD.Cli.Tests.ExceptionBackstopTests.a throw in the recovery path itself never escapes and still exits 2" computerName="780ae460ce3c" duration="00:00:00.0002813" startTime="2026-08-30T11:25:58.8472762+02:00" endTime="2026-08-30T11:25:58.8475272+02:00" testType="13cdc9d9-ddb5-4fa4-a97d-d965ccfc6d4b" outcome="Passed" testListId="8c84fa94-04c1-424b-9868-57a2d4851a1d" relativeResultsDirectory="3e3e0ec5-f803-4658-88df-4efdf7dc058d" />
    <UnitTestResult executionId="474af0b5-8f53-483a-9b1a-de17b37bf546" testId="5d205471-de38-87fd-8240-4a422ec57399" testName="FS.GG.SDD.Cli.Tests.SurfaceProjectionTests.an unresolved axis projects as explicit null and (none), never an omitted key" computerName="780ae460ce3c" duration="00:00:00.0003655" startTime="2026-08-30T11:25:58.8768901+02:00" endTime="2026-08-30T11:25:58.8771902+02:00" testType="13cdc9d9-ddb5-4fa4-a97d-d965ccfc6d4b" outcome="Passed" testListId="8c84fa94-04c1-424b-9868-57a2d4851a1d" relativeResultsDirectory="474af0b5-8f53-483a-9b1a-de17b37bf546" />
    <UnitTestResult executionId="1cc9d5d0-8920-484d-89cb-70adaf038bc3" testId="6916a910-03c6-6e73-2921-4953e3eece28" testName="FS.GG.SDD.Cli.Tests.MissingOptionValueTests.a trailing global --root is missing its value" computerName="780ae460ce3c" duration="00:00:00.0000441" startTime="2026-08-30T11:25:59.3824607+02:00" endTime="2026-08-30T11:25:59.3824683+02:00" testType="13cdc9d9-ddb5-4fa4-a97d-d965ccfc6d4b" outcome="Passed" testListId="8c84fa94-04c1-424b-9868-57a2d4851a1d" relativeResultsDirectory="1cc9d5d0-8920-484d-89cb-70adaf038bc3" />
    <UnitTestResult executionId="e245464a-cdf7-473d-becb-59966fea9256" testId="c71c4752-12a9-bb76-86dd-5bcbfc5394d3" testName="FS.GG.SDD.Cli.Tests.ValidationRichRenderingTests.T006 coverageGap and notValidated render a not-passed verdict, distinct from skipped" computerName="780ae460ce3c" duration="00:00:00.0010900" startTime="2026-08-30T11:25:58.8667309+02:00" endTime="2026-08-30T11:25:58.8678422+02:00" testType="13cdc9d9-ddb5-4fa4-a97d-d965ccfc6d4b" outcome="Passed" testListId="8c84fa94-04c1-424b-9868-57a2d4851a1d" relativeResultsDirectory="e245464a-cdf7-473d-becb-59966fea9256" />
    <UnitTestResult executionId="8874884c-49e8-4041-9c46-6d0a485df783" testId="b472d7b1-974a-cc89-057f-82b16459716d" testName="FS.GG.SDD.Cli.Tests.RegistrySkillManifestContainmentTests.--root that escapes via .. is refused with exit 1(root: &quot;../escape&quot;)" computerName="780ae460ce3c" duration="00:00:00.0001227" startTime="2026-08-30T11:25:58.8000539+02:00" endTime="2026-08-30T11:25:58.8000673+02:00" testType="13cdc9d9-ddb5-4fa4-a97d-d965ccfc6d4b" outcome="Passed" testListId="8c84fa94-04c1-424b-9868-57a2d4851a1d" relativeResultsDirectory="8874884c-49e8-4041-9c46-6d0a485df783" />
    <UnitTestResult executionId="5899eb72-acff-40a8-ad86-f1cf96b93611" testId="fc9afe44-3d15-60b7-a7c8-8058340d81c3" testName="FS.GG.SDD.Cli.Tests.EarlyStageProjectionTests.early-stage agents report carries the advisory and pointer in JSON" computerName="780ae460ce3c" duration="00:00:00.0086880" startTime="2026-08-30T11:25:58.9471833+02:00" endTime="2026-08-30T11:25:58.9557970+02:00" testType="13cdc9d9-ddb5-4fa4-a97d-d965ccfc6d4b" outcome="Passed" testListId="8c84fa94-04c1-424b-9868-57a2d4851a1d" relativeResultsDirectory="5899eb72-acff-40a8-ad86-f1cf96b93611" />
    <UnitTestResult executionId="5f6bf1f5-0e9f-4949-8d90-88d43f6f7700" testId="25bdb52c-1eac-5260-8e25-222c95387e84" testName="FS.GG.SDD.Cli.Tests.ScaffoldParityTests.scaffold lifecycle produced-path facts are identical across json text and rich" computerName="780ae460ce3c" duration="00:00:00.0188669" startTime="2026-08-30T11:25:58.9010231+02:00" endTime="2026-08-30T11:25:58.9198040+02:00" testType="13cdc9d9-ddb5-4fa4-a97d-d965ccfc6d4b" outcome="Passed" testListId="8c84fa94-04c1-424b-9868-57a2d4851a1d" relativeResultsDirectory="5f6bf1f5-0e9f-4949-8d90-88d43f6f7700" />
    <UnitTestResult executionId="d2cbbdae-f3db-4a5c-8873-91fb9bc13eaf" testId="440e624c-3808-e19f-11ac-96ed126f10db" testName="FS.GG.SDD.Cli.Tests.UnknownOptionTests.positional selects the token after the end-of-options separator" computerName="780ae460ce3c" duration="00:00:00.0000505" startTime="2026-08-30T11:25:59.4701365+02:00" endTime="2026-08-30T11:25:59.4701442+02:00" testType="13cdc9d9-ddb5-4fa4-a97d-d965ccfc6d4b" outcome="Passed" testListId="8c84fa94-04c1-424b-9868-57a2d4851a1d" relativeResultsDirectory="d2cbbdae-f3db-4a5c-8873-91fb9bc13eaf" />
    <UnitTestResult executionId="30844e8b-e3f0-49b7-8877-6254374164d8" testId="9c49c5ae-28c9-55da-aadd-f32baced917d" testName="FS.GG.SDD.Cli.Tests.ValidateCommandTests.validate --out to an absolute path is refused as a root escape without writing" computerName="780ae460ce3c" duration="00:00:00.4951293" startTime="2026-08-30T11:26:10.2953448+02:00" endTime="2026-08-30T11:26:10.7903819+02:00" testType="13cdc9d9-ddb5-4fa4-a97d-d965ccfc6d4b" outcome="Passed" testListId="8c84fa94-04c1-424b-9868-57a2d4851a1d" relativeResultsDirectory="30844e8b-e3f0-49b7-8877-6254374164d8" />
    <UnitTestResult executionId="f00a7bf9-6e98-4842-abd6-a4fc0426c6e8" testId="25246fd8-0176-eba9-8f43-8a86b9bc18e1" testName="FS.GG.SDD.Cli.Tests.RegistryValidateContainmentTests.a relative in-workspace path is not treated as an escape" computerName="780ae460ce3c" duration="00:00:00.0036110" startTime="2026-08-30T11:25:58.8008292+02:00" endTime="2026-08-30T11:25:58.8044318+02:00" testType="13cdc9d9-ddb5-4fa4-a97d-d965ccfc6d4b" outcome="Passed" testListId="8c84fa94-04c1-424b-9868-57a2d4851a1d" relativeResultsDirectory="f00a7bf9-6e98-4842-abd6-a4fc0426c6e8" />
    <UnitTestResult executionId="3a2b77bd-ade6-454d-a28d-9bba5fe4b6c3" testId="7c3310c8-ba2b-9808-8089-ecaf81f8db56" testName="FS.GG.SDD.Cli.Tests.LintCommandTests.SC-006 defect-bearing artifact exits 1" computerName="780ae460ce3c" duration="00:00:00.1067136" startTime="2026-08-30T11:25:59.6695164+02:00" endTime="2026-08-30T11:25:59.7761925+02:00" testType="13cdc9d9-ddb5-4fa4-a97d-d965ccfc6d4b" outcome="Passed" testListId="8c84fa94-04c1-424b-9868-57a2d4851a1d" relativeResultsDirectory="3a2b77bd-ade6-454d-a28d-9bba5fe4b6c3" />
    <UnitTestResult executionId="2f2a7025-94ab-46c0-a21d-1814a1d23f7d" testId="407208e4-ae1d-869e-7953-19531f64d360" testName="FS.GG.SDD.Cli.Tests.UnknownOptionTests.positional is None when args carry only options and their values" computerName="780ae460ce3c" duration="00:00:00.0003261" startTime="2026-08-30T11:25:59.1314938+02:00" endTime="2026-08-30T11:25:59.1315051+02:00" testType="13cdc9d9-ddb5-4fa4-a97d-d965ccfc6d4b" outcome="Passed" testListId="8c84fa94-04c1-424b-9868-57a2d4851a1d" relativeResultsDirectory="2f2a7025-94ab-46c0-a21d-1814a1d23f7d" />
    <UnitTestResult executionId="5ccdd318-3814-4f77-a714-195d8ccf9787" testId="b94492d0-3f0b-d96f-f525-caf75fb6be10" testName="FS.GG.SDD.Cli.Tests.MissingOptionValueTests.a repeatable option is missing only when it trails without a value" computerName="780ae460ce3c" duration="00:00:00.0000844" startTime="2026-08-30T11:25:59.9973746+02:00" endTime="2026-08-30T11:25:59.9973867+02:00" testType="13cdc9d9-ddb5-4fa4-a97d-d965ccfc6d4b" outcome="Passed" testListId="8c84fa94-04c1-424b-9868-57a2d4851a1d" relativeResultsDirectory="5ccdd318-3814-4f77-a714-195d8ccf9787" />
    <UnitTestResult executionId="e5042d81-604c-44d6-8c9a-734e365ca310" testId="9837e928-ae3c-c417-a7ae-0b80928aca64" testName="FS.GG.SDD.Cli.Tests.RegistryValidateContainmentTests.a path that escapes via .. is refused with exit 1 through the stdout verdict(path: &quot;sub/../../etc/passwd&quot;)" computerName="780ae460ce3c" duration="00:00:00.0002964" startTime="2026-08-30T11:25:58.8046466+02:00" endTime="2026-08-30T11:25:58.8047534+02:00" testType="13cdc9d9-ddb5-4fa4-a97d-d965ccfc6d4b" outcome="Passed" testListId="8c84fa94-04c1-424b-9868-57a2d4851a1d" relativeResultsDirectory="e5042d81-604c-44d6-8c9a-734e365ca310" />
    <UnitTestResult executionId="9b65f676-924a-4a6e-abe1-e972fa5bbaf1" testId="bcbcbcae-c94a-4415-43eb-c55cbec20115" testName="FS.GG.SDD.Cli.Tests.ValidationRichRenderingTests.T005 missing schemaVersion or generatorVersion is not a completeness failure" computerName="780ae460ce3c" duration="00:00:00.0016858" startTime="2026-08-30T11:25:58.8509849+02:00" endTime="2026-08-30T11:25:58.8525930+02:00" testType="13cdc9d9-ddb5-4fa4-a97d-d965ccfc6d4b" outcome="Passed" testListId="8c84fa94-04c1-424b-9868-57a2d4851a1d" relativeResultsDirectory="9b65f676-924a-4a6e-abe1-e972fa5bbaf1" />
    <UnitTestResult executionId="c055f73b-24e2-4c08-b2ca-72d42f167d02" testId="b058e77f-9461-17e9-af52-dd1ced4dcc47" testName="FS.GG.SDD.Cli.Tests.ScaffoldParityTests.behind-minimum advisory is fact-identical across json text and rich" computerName="780ae460ce3c" duration="00:00:00.0218410" startTime="2026-08-30T11:25:58.9961061+02:00" endTime="2026-08-30T11:25:59.0179801+02:00" testType="13cdc9d9-ddb5-4fa4-a97d-d965ccfc6d4b" outcome="Passed" testListId="8c84fa94-04c1-424b-9868-57a2d4851a1d" relativeResultsDirectory="c055f73b-24e2-4c08-b2ca-72d42f167d02" />
    <UnitTestResult executionId="9e3d7cfd-4c29-4473-9ac4-885a01608a17" testId="a8422490-8bbe-79bc-7760-c9b36461f056" testName="FS.GG.SDD.Cli.Tests.TypedSddCommandTests.doctor and upgrade execute canonical F sharp and block a runtime failure" computerName="780ae460ce3c" duration="00:00:04.3379188" startTime="2026-08-30T11:25:58.8616680+02:00" endTime="2026-08-30T11:26:03.1993702+02:00" testType="13cdc9d9-ddb5-4fa4-a97d-d965ccfc6d4b" outcome="Passed" testListId="8c84fa94-04c1-424b-9868-57a2d4851a1d" relativeResultsDirectory="9e3d7cfd-4c29-4473-9ac4-885a01608a17" />
    <UnitTestResult executionId="a691aac9-7c34-4ff0-8b54-4419d16f2c80" testId="2c54875a-89bb-0dfb-7710-cac88fe47898" testName="FS.GG.SDD.Cli.Tests.ValidateCommandTests.validate --rich redirected carries zero ANSI and equals --text" computerName="780ae460ce3c" duration="00:00:01.0218283" startTime="2026-08-30T11:26:08.7138577+02:00" endTime="2026-08-30T11:26:09.7355796+02:00" testType="13cdc9d9-ddb5-4fa4-a97d-d965ccfc6d4b" outcome="Passed" testListId="8c84fa94-04c1-424b-9868-57a2d4851a1d" relativeResultsDirectory="a691aac9-7c34-4ff0-8b54-4419d16f2c80" />
    <UnitTestResult executionId="0cfddc87-2833-4853-b5e5-28218ddefce4" testId="ddcb2e3c-41a3-8dc2-7d75-a8ad4683a065" testName="FS.GG.SDD.Cli.Tests.ValidateCommandTests.validate --help exits successfully without executing validation" computerName="780ae460ce3c" duration="00:00:00.0479716" startTime="2026-08-30T11:26:09.7357460+02:00" endTime="2026-08-30T11:26:09.7836604+02:00" testType="13cdc9d9-ddb5-4fa4-a97d-d965ccfc6d4b" outcome="Passed" testListId="8c84fa94-04c1-424b-9868-57a2d4851a1d" relativeResultsDirectory="0cfddc87-2833-4853-b5e5-28218ddefce4" />
    <UnitTestResult executionId="18b258a6-a745-40a9-b9dd-d24facfa3e43" testId="fd79bf58-865d-a480-2a2d-088954f09345" testName="FS.GG.SDD.Cli.Tests.ForceColorTests.forceColorRequested reads FORCE_COLOR boolean-ish(value: &quot;0&quot;, expected: False)" computerName="780ae460ce3c" duration="00:00:00.0002546" startTime="2026-08-30T11:25:58.7970906+02:00" endTime="2026-08-30T11:25:58.7978685+02:00" testType="13cdc9d9-ddb5-4fa4-a97d-d965ccfc6d4b" outcome="Passed" testListId="8c84fa94-04c1-424b-9868-57a2d4851a1d" relativeResultsDirectory="18b258a6-a745-40a9-b9dd-d24facfa3e43" />
    <UnitTestResult executionId="f182144b-74ec-4412-9a91-88da51120284" testId="3a3ac6fe-2388-0507-fb02-1d3f39debca1" testName="FS.GG.SDD.Cli.Tests.LintCommandTests.SC-006 clean artifact exits 0" computerName="780ae460ce3c" duration="00:00:00.0998669" startTime="2026-08-30T11:25:59.2208753+02:00" endTime="2026-08-30T11:25:59.3206808+02:00" testType="13cdc9d9-ddb5-4fa4-a97d-d965ccfc6d4b" outcome="Passed" testListId="8c84fa94-04c1-424b-9868-57a2d4851a1d" relativeResultsDirectory="f182144b-74ec-4412-9a91-88da51120284" />
    <UnitTestResult executionId="b3abe06b-a009-4cb9-809c-6d1885aafa18" testId="ff37c0cb-2ae4-fbc3-d730-fc7dc8397ec7" testName="FS.GG.SDD.Cli.Tests.UnknownOptionTests.lint's positional artifact is not residue" computerName="780ae460ce3c" duration="00:00:00.0000359" startTime="2026-08-30T11:25:59.4694524+02:00" endTime="2026-08-30T11:25:59.4694601+02:00" testType="13cdc9d9-ddb5-4fa4-a97d-d965ccfc6d4b" outcome="Passed" testListId="8c84fa94-04c1-424b-9868-57a2d4851a1d" relativeResultsDirectory="b3abe06b-a009-4cb9-809c-6d1885aafa18" />
    <UnitTestResult executionId="17e21267-80a1-468a-8b3b-dddae619ee65" testId="4ce451df-6363-10e9-0a4f-eb736d377ca0" testName="FS.GG.SDD.Cli.Tests.ValidationRichRenderingTests.T009 Rich degrades to exact plain text when color disabled" computerName="780ae460ce3c" duration="00:00:00.0005197" startTime="2026-08-30T11:25:58.8539914+02:00" endTime="2026-08-30T11:25:58.8544470+02:00" testType="13cdc9d9-ddb5-4fa4-a97d-d965ccfc6d4b" outcome="Passed" testListId="8c84fa94-04c1-424b-9868-57a2d4851a1d" relativeResultsDirectory="17e21267-80a1-468a-8b3b-dddae619ee65" />
    <UnitTestResult executionId="1c77698d-7b9a-4e21-baad-32362b58351a" testId="450ae6db-db3a-add4-ec21-d93943c0cc46" testName="FS.GG.SDD.Cli.Tests.SurfaceProjectionTests.surface facts appear in every projection and rich redirected is zero-ANSI text" computerName="780ae460ce3c" duration="00:00:00.0924379" startTime="2026-08-30T11:25:58.7816811+02:00" endTime="2026-08-30T11:25:58.8677060+02:00" testType="13cdc9d9-ddb5-4fa4-a97d-d965ccfc6d4b" outcome="Passed" testListId="8c84fa94-04c1-424b-9868-57a2d4851a1d" relativeResultsDirectory="1c77698d-7b9a-4e21-baad-32362b58351a" />
    <UnitTestResult executionId="58617422-afd1-47a0-89ff-0da332bfc232" testId="2fe7b14c-cd4a-8663-ce6f-18b44a627338" testName="FS.GG.SDD.Cli.Tests.DegradationTests.T015 Rich degrades to plain text when color disabled" computerName="780ae460ce3c" duration="00:00:00.0000944" startTime="2026-08-30T11:25:58.8736305+02:00" endTime="2026-08-30T11:25:58.8736438+02:00" testType="13cdc9d9-ddb5-4fa4-a97d-d965ccfc6d4b" outcome="Passed" testListId="8c84fa94-04c1-424b-9868-57a2d4851a1d" relativeResultsDirectory="58617422-afd1-47a0-89ff-0da332bfc232" />
    <UnitTestResult executionId="fba7b399-eaf1-4307-bfaf-cfa45bcffdbd" testId="5cdb5903-49f4-8da7-d031-b4237e89a071" testName="FS.GG.SDD.Cli.Tests.SurfaceBaselineTests.Public CLI rendering surface matches baseline" computerName="780ae460ce3c" duration="00:00:00.0465493" startTime="2026-08-30T11:25:58.7814447+02:00" endTime="2026-08-30T11:25:58.8217020+02:00" testType="13cdc9d9-ddb5-4fa4-a97d-d965ccfc6d4b" outcome="Passed" testListId="8c84fa94-04c1-424b-9868-57a2d4851a1d" relativeResultsDirectory="fba7b399-eaf1-4307-bfaf-cfa45bcffdbd" />
    <UnitTestResult executionId="3c0cd3ce-7987-4d3d-8f2e-2f72550c8f76" testId="e97dd605-f30a-6a2b-6354-857e700e6be9" testName="FS.GG.SDD.Cli.Tests.ExceptionBackstopTests.unhandledException is a tool defect carrying the exception message" computerName="780ae460ce3c" duration="00:00:00.0001595" startTime="2026-08-30T11:25:58.8480898+02:00" endTime="2026-08-30T11:25:58.8481979+02:00" testType="13cdc9d9-ddb5-4fa4-a97d-d965ccfc6d4b" outcome="Passed" testListId="8c84fa94-04c1-424b-9868-57a2d4851a1d" relativeResultsDirectory="3c0cd3ce-7987-4d3d-8f2e-2f72550c8f76" />
    <UnitTestResult executionId="be588275-98f5-42d6-9bf3-11f617d09663" testId="305d0cf1-35a8-2d0c-e9ea-1ad42b043e83" testName="FS.GG.SDD.Cli.Tests.ValidateCommandTests.validate exit code is identical across --json, --text, and --rich" computerName="780ae460ce3c" duration="00:00:01.5336654" startTime="2026-08-30T11:26:02.9569886+02:00" endTime="2026-08-30T11:26:04.4905138+02:00" testType="13cdc9d9-ddb5-4fa4-a97d-d965ccfc6d4b" outcome="Passed" testListId="8c84fa94-04c1-424b-9868-57a2d4851a1d" relativeResultsDirectory="be588275-98f5-42d6-9bf3-11f617d09663" />
    <UnitTestResult executionId="41c99a5c-8cfb-4495-8cdc-34733cfd76aa" testId="5b6c8074-1a26-02e0-3c48-220f98995b79" testName="FS.GG.SDD.Cli.Tests.MissingOptionValueTests.CLI a valued option whose value looks like a flag is not rejected" computerName="780ae460ce3c" duration="00:00:00.2564287" startTime="2026-08-30T11:25:59.1257759+02:00" endTime="2026-08-30T11:25:59.3820946+02:00" testType="13cdc9d9-ddb5-4fa4-a97d-d965ccfc6d4b" outcome="Passed" testListId="8c84fa94-04c1-424b-9868-57a2d4851a1d" relativeResultsDirectory="41c99a5c-8cfb-4495-8cdc-34733cfd76aa" />
    <UnitTestResult executionId="36240cfb-aa64-42c4-8fea-21903b45ca05" testId="8964190a-b5d7-4544-d1d4-34c338c70683" testName="FS.GG.SDD.Cli.Tests.FormatSelectionTests.T020 no flag selects Json" computerName="780ae460ce3c" duration="00:00:00.0003763" startTime="2026-08-30T11:25:58.7983616+02:00" endTime="2026-08-30T11:25:58.7983716+02:00" testType="13cdc9d9-ddb5-4fa4-a97d-d965ccfc6d4b" outcome="Passed" testListId="8c84fa94-04c1-424b-9868-57a2d4851a1d" relativeResultsDirectory="36240cfb-aa64-42c4-8fea-21903b45ca05" />
    <UnitTestResult executionId="c33cb20e-ff24-449c-9e01-51fb7edc0e5d" testId="7a6461ec-6830-adbe-df73-e7206cdd7ac5" testName="FS.GG.SDD.Cli.Tests.HelpRenderingTests.CLI top-level --help envelope is stamped help, not init, and is not a dry run" computerName="780ae460ce3c" duration="00:00:00.0978818" startTime="2026-08-30T11:25:58.7813914+02:00" endTime="2026-08-30T11:25:58.8730662+02:00" testType="13cdc9d9-ddb5-4fa4-a97d-d965ccfc6d4b" outcome="Passed" testListId="8c84fa94-04c1-424b-9868-57a2d4851a1d" relativeResultsDirectory="c33cb20e-ff24-449c-9e01-51fb7edc0e5d" />
    <UnitTestResult executionId="94040d35-f4a3-4530-87c0-704f8c71f128" testId="294b1f01-88d5-6ccc-fe0a-669b6e4eeba7" testName="FS.GG.SDD.Cli.Tests.DegradationTests.T014 resolve Json returns the JSON projection" computerName="780ae460ce3c" duration="00:00:00.0001466" startTime="2026-08-30T11:25:58.8793698+02:00" endTime="2026-08-30T11:25:58.8795138+02:00" testType="13cdc9d9-ddb5-4fa4-a97d-d965ccfc6d4b" outcome="Passed" testListId="8c84fa94-04c1-424b-9868-57a2d4851a1d" relativeResultsDirectory="94040d35-f4a3-4530-87c0-704f8c71f128" />
    <UnitTestResult executionId="e852a4b4-726c-4758-9217-bbee8b970f59" testId="69009abe-8bb9-f75d-974f-038c548c2615" testName="FS.GG.SDD.Cli.Tests.HelpRenderingTests.CLI --help --json resolves to help and never falls through" computerName="780ae460ce3c" duration="00:00:00.0546262" startTime="2026-08-30T11:25:58.8731830+02:00" endTime="2026-08-30T11:25:58.9277886+02:00" testType="13cdc9d9-ddb5-4fa4-a97d-d965ccfc6d4b" outcome="Passed" testListId="8c84fa94-04c1-424b-9868-57a2d4851a1d" relativeResultsDirectory="e852a4b4-726c-4758-9217-bbee8b970f59" />
    <UnitTestResult executionId="82445cc1-34be-429b-8b80-057d99d97ca7" testId="4b9b0429-f599-6aa1-5120-65671e315cce" testName="FS.GG.SDD.Cli.Tests.ValidateCommandTests.validate --out with a .. segment is refused as a root escape" computerName="780ae460ce3c" duration="00:00:00.4963005" startTime="2026-08-30T11:26:06.0363939+02:00" endTime="2026-08-30T11:26:06.5326327+02:00" testType="13cdc9d9-ddb5-4fa4-a97d-d965ccfc6d4b" outcome="Passed" testListId="8c84fa94-04c1-424b-9868-57a2d4851a1d" relativeResultsDirectory="82445cc1-34be-429b-8b80-057d99d97ca7" />
    <UnitTestResult executionId="3d86cad4-dca5-433f-97b0-34bee5112dad" testId="6b9f78f6-7108-e771-5312-d67c000b0466" testName="FS.GG.SDD.Cli.Tests.ForceColorTests.forceColorRequested reads FORCE_COLOR boolean-ish(value: &quot;1&quot;, expected: True)" computerName="780ae460ce3c" duration="00:00:00.0000026" startTime="2026-08-30T11:25:58.7980442+02:00" endTime="2026-08-30T11:25:58.7980530+02:00" testType="13cdc9d9-ddb5-4fa4-a97d-d965ccfc6d4b" outcome="Passed" testListId="8c84fa94-04c1-424b-9868-57a2d4851a1d" relativeResultsDirectory="3d86cad4-dca5-433f-97b0-34bee5112dad" />
    <UnitTestResult executionId="ddb3172a-1f51-47ab-812f-74fcb66e040a" testId="7100f7d6-6633-d2b9-8fcd-2ccb7b14e359" testName="FS.GG.SDD.Cli.Tests.UnknownOptionTests.every unrecognized option is reported, in order of appearance" computerName="780ae460ce3c" duration="00:00:00.0001904" startTime="2026-08-30T11:25:59.4705008+02:00" endTime="2026-08-30T11:25:59.4706506+02:00" testType="13cdc9d9-ddb5-4fa4-a97d-d965ccfc6d4b" outcome="Passed" testListId="8c84fa94-04c1-424b-9868-57a2d4851a1d" relativeResultsDirectory="ddb3172a-1f51-47ab-812f-74fcb66e040a" />
    <UnitTestResult executionId="ad2b31fe-7409-4e8a-8d6f-3fcd3259528a" testId="96b69772-600d-03f1-07c1-18b9ab6e6009" testName="FS.GG.SDD.Cli.Tests.UnknownOptionTests.unknownOption names the token, the command, and every recognized option" computerName="780ae460ce3c" duration="00:00:00.0002944" startTime="2026-08-30T11:25:59.4698249+02:00" endTime="2026-08-30T11:25:59.4700805+02:00" testType="13cdc9d9-ddb5-4fa4-a97d-d965ccfc6d4b" outcome="Passed" testListId="8c84fa94-04c1-424b-9868-57a2d4851a1d" relativeResultsDirectory="ad2b31fe-7409-4e8a-8d6f-3fcd3259528a" />
    <UnitTestResult executionId="6126845a-dfdd-4e26-8656-4092fcd9fe1c" testId="51e055eb-429e-da0f-64ed-24af0fcf0b27" testName="FS.GG.SDD.Cli.Tests.ForceColorTests.forceColorRequested reads FORCE_COLOR boolean-ish(value: &quot;&quot;, expected: False)" computerName="780ae460ce3c" duration="00:00:00.0073496" startTime="2026-08-30T11:25:58.7804313+02:00" endTime="2026-08-30T11:25:58.7848327+02:00" testType="13cdc9d9-ddb5-4fa4-a97d-d965ccfc6d4b" outcome="Passed" testListId="8c84fa94-04c1-424b-9868-57a2d4851a1d" relativeResultsDirectory="6126845a-dfdd-4e26-8656-4092fcd9fe1c" />
    <UnitTestResult executionId="e365ac0c-5978-44f2-9c42-1851e80ece67" testId="f53ff6d9-d11c-a3be-5751-c41687da3ed0" testName="FS.GG.SDD.Cli.Tests.UnknownOptionTests.a valued option with no argument is not residue" computerName="780ae460ce3c" duration="00:00:00.0000339" startTime="2026-08-30T11:25:59.4701907+02:00" endTime="2026-08-30T11:25:59.4701986+02:00" testType="13cdc9d9-ddb5-4fa4-a97d-d965ccfc6d4b" outcome="Passed" testListId="8c84fa94-04c1-424b-9868-57a2d4851a1d" relativeResultsDirectory="e365ac0c-5978-44f2-9c42-1851e80ece67" />
    <UnitTestResult executionId="281a4273-112a-4e20-9464-c43d9a96e0dc" testId="29136168-2973-845c-7931-da3119dfe886" testName="FS.GG.SDD.Cli.Tests.MissingOptionValueTests.missingOptionValue names the option and the command" computerName="780ae460ce3c" duration="00:00:00.0121358" startTime="2026-08-30T11:25:58.7978458+02:00" endTime="2026-08-30T11:25:58.8004205+02:00" testType="13cdc9d9-ddb5-4fa4-a97d-d965ccfc6d4b" outcome="Passed" testListId="8c84fa94-04c1-424b-9868-57a2d4851a1d" relativeResultsDirectory="281a4273-112a-4e20-9464-c43d9a96e0dc" />
    <UnitTestResult executionId="b5df4b7a-8711-4b0a-9a28-76421da10f17" testId="d8868bf1-5735-2516-2014-7501efe58312" testName="FS.GG.SDD.Cli.Tests.HelpRenderingTests.command help --json names the command scope" computerName="780ae460ce3c" duration="00:00:00.0002678" startTime="2026-08-30T11:25:58.9279736+02:00" endTime="2026-08-30T11:25:58.9281761+02:00" testType="13cdc9d9-ddb5-4fa4-a97d-d965ccfc6d4b" outcome="Passed" testListId="8c84fa94-04c1-424b-9868-57a2d4851a1d" relativeResultsDirectory="b5df4b7a-8711-4b0a-9a28-76421da10f17" />
    <UnitTestResult executionId="cbfe36f0-2fce-44ab-8ace-9a8b3225833e" testId="c2cb9882-7b67-3130-de6c-a0af225dcdd6" testName="FS.GG.SDD.Cli.Tests.RichRenderingTests.T012a each report shape renders without throwing(shape: &quot;specify&quot;)" computerName="780ae460ce3c" duration="00:00:00.0139483" startTime="2026-08-30T11:25:59.6390578+02:00" endTime="2026-08-30T11:25:59.6529550+02:00" testType="13cdc9d9-ddb5-4fa4-a97d-d965ccfc6d4b" outcome="Passed" testListId="8c84fa94-04c1-424b-9868-57a2d4851a1d" relativeResultsDirectory="cbfe36f0-2fce-44ab-8ace-9a8b3225833e" />
    <UnitTestResult executionId="b3c8652c-c2e7-4834-b630-818fa2fed166" testId="6dcb1e1b-92e7-600a-a18b-5cfaf3c79091" testName="FS.GG.SDD.Cli.Tests.RemediationProjectionTests.skillDriftPaths appear in doctor text and rich, and JSON stays byte-identical" computerName="780ae460ce3c" duration="00:00:00.1042677" startTime="2026-08-30T11:25:58.7814116+02:00" endTime="2026-08-30T11:25:58.8794131+02:00" testType="13cdc9d9-ddb5-4fa4-a97d-d965ccfc6d4b" outcome="Passed" testListId="8c84fa94-04c1-424b-9868-57a2d4851a1d" relativeResultsDirectory="b3c8652c-c2e7-4834-b630-818fa2fed166" />
    <UnitTestResult executionId="0c68e801-f128-4d08-ad59-cebccdee7c2d" testId="9a69ccdc-3531-a4bd-b46b-e314af96024b" testName="FS.GG.SDD.Cli.Tests.FormatSelectionTests.T021 all three formats project the same report consistently" computerName="780ae460ce3c" duration="00:00:00.0716166" startTime="2026-08-30T11:25:58.8004085+02:00" endTime="2026-08-30T11:25:58.8669671+02:00" testType="13cdc9d9-ddb5-4fa4-a97d-d965ccfc6d4b" outcome="Passed" testListId="8c84fa94-04c1-424b-9868-57a2d4851a1d" relativeResultsDirectory="0c68e801-f128-4d08-ad59-cebccdee7c2d" />
    <UnitTestResult executionId="f537d1fd-eb18-4ea0-8585-80d8159a55ad" testId="66a23c1f-c549-ddc9-1ac0-9f4ef049b63b" testName="FS.GG.SDD.Cli.Tests.TypedSddCommandTests.shared lifecycle command blocks when typed authority projection is stale" computerName="780ae460ce3c" duration="00:00:02.4468994" startTime="2026-08-30T11:26:08.2233974+02:00" endTime="2026-08-30T11:26:10.6702039+02:00" testType="13cdc9d9-ddb5-4fa4-a97d-d965ccfc6d4b" outcome="Passed" testListId="8c84fa94-04c1-424b-9868-57a2d4851a1d" relativeResultsDirectory="f537d1fd-eb18-4ea0-8585-80d8159a55ad" />
    <UnitTestResult executionId="2324b247-498f-4a9b-bfd8-e144ec4f2188" testId="5d3d0be8-8573-1207-0862-c106fa0f2fdf" testName="FS.GG.SDD.Cli.Tests.RegistryUnknownFlagTests.skill-manifest rejects an unrecognized option with exit 1 on stderr(option: &quot;--bogus&quot;)" computerName="780ae460ce3c" duration="00:00:00.0009374" startTime="2026-08-30T11:25:58.8405001+02:00" endTime="2026-08-30T11:25:58.8414214+02:00" testType="13cdc9d9-ddb5-4fa4-a97d-d965ccfc6d4b" outcome="Passed" testListId="8c84fa94-04c1-424b-9868-57a2d4851a1d" relativeResultsDirectory="2324b247-498f-4a9b-bfd8-e144ec4f2188" />
    <UnitTestResult executionId="2823fd70-9c7f-4923-a0b2-925ba4e358d3" testId="fc9ee9ac-8019-bc60-7a15-7c01e7d7709e" testName="FS.GG.SDD.Cli.Tests.DependencySurfaceProjectionTests.dependency-surface facts appear in every projection and rich redirected is zero-ANSI text" computerName="780ae460ce3c" duration="00:00:00.0798604" startTime="2026-08-30T11:25:58.7990124+02:00" endTime="2026-08-30T11:25:58.8699583+02:00" testType="13cdc9d9-ddb5-4fa4-a97d-d965ccfc6d4b" outcome="Passed" testListId="8c84fa94-04c1-424b-9868-57a2d4851a1d" relativeResultsDirectory="2823fd70-9c7f-4923-a0b2-925ba4e358d3" />
    <UnitTestResult executionId="c6b0b050-6bf5-4efa-93cd-e7b83e4eabab" testId="97b95d80-d2fc-1fdf-3f8d-ad7a9ea129b1" testName="FS.GG.SDD.Cli.Tests.UnknownOptionTests.CLI init --root seeds the named directory and exits 0" computerName="780ae460ce3c" duration="00:00:00.0893600" startTime="2026-08-30T11:25:59.3799034+02:00" endTime="2026-08-30T11:25:59.4689398+02:00" testType="13cdc9d9-ddb5-4fa4-a97d-d965ccfc6d4b" outcome="Passed" testListId="8c84fa94-04c1-424b-9868-57a2d4851a1d" relativeResultsDirectory="c6b0b050-6bf5-4efa-93cd-e7b83e4eabab" />
    <UnitTestResult executionId="0f47d9ae-429f-409d-8c53-85e08e728570" testId="c6f8e0fa-f264-01d0-a7d1-fe70822b53b0" testName="FS.GG.SDD.Cli.Tests.HelpRenderingTests.CLI top-level --help exits 0 with top-level help on stdout" computerName="780ae460ce3c" duration="00:00:00.0494886" startTime="2026-08-30T11:25:58.9819546+02:00" endTime="2026-08-30T11:25:59.0314687+02:00" testType="13cdc9d9-ddb5-4fa4-a97d-d965ccfc6d4b" outcome="Passed" testListId="8c84fa94-04c1-424b-9868-57a2d4851a1d" relativeResultsDirectory="0f47d9ae-429f-409d-8c53-85e08e728570" />
    <UnitTestResult executionId="fa97f52d-33a9-4a51-936d-f1b58d44872b" testId="a7d14d34-139c-6955-54bf-f109982de8ae" testName="FS.GG.SDD.Cli.Tests.DegradationTests.exit code escalates to 2 for any tool-defect diagnostic without a registry" computerName="780ae460ce3c" duration="00:00:00.0003772" startTime="2026-08-30T11:25:58.8850853+02:00" endTime="2026-08-30T11:25:58.8851806+02:00" testType="13cdc9d9-ddb5-4fa4-a97d-d965ccfc6d4b" outcome="Passed" testListId="8c84fa94-04c1-424b-9868-57a2d4851a1d" relativeResultsDirectory="fa97f52d-33a9-4a51-936d-f1b58d44872b" />
    <UnitTestResult executionId="8e76c528-18e3-4810-8f32-8d596627dc80" testId="170cd17a-df50-8bde-bd69-e743fb301f87" testName="FS.GG.SDD.Cli.Tests.SurfaceProjectionTests.surface json equals serializeReport and the rich path changes no byte" computerName="780ae460ce3c" duration="00:00:00.0077330" startTime="2026-08-30T11:25:58.8684533+02:00" endTime="2026-08-30T11:25:58.8759290+02:00" testType="13cdc9d9-ddb5-4fa4-a97d-d965ccfc6d4b" outcome="Passed" testListId="8c84fa94-04c1-424b-9868-57a2d4851a1d" relativeResultsDirectory="8e76c528-18e3-4810-8f32-8d596627dc80" />
    <UnitTestResult executionId="5bb1ed12-8220-4ff0-8f82-da5b62fd188a" testId="d4553b1a-2087-fc58-939c-af960c5234d3" testName="FS.GG.SDD.Cli.Tests.MissingOptionValueTests.CLI charter --work with no value exits 1 with missingOptionValue and nothing on stdout" computerName="780ae460ce3c" duration="00:00:00.1781368" startTime="2026-08-30T11:25:58.8006872+02:00" endTime="2026-08-30T11:25:58.9755216+02:00" testType="13cdc9d9-ddb5-4fa4-a97d-d965ccfc6d4b" outcome="Passed" testListId="8c84fa94-04c1-424b-9868-57a2d4851a1d" relativeResultsDirectory="5bb1ed12-8220-4ff0-8f82-da5b62fd188a" />
    <UnitTestResult executionId="59e610d4-6d69-40c1-a5ea-416d3e3410cb" testId="b24125da-b1e7-5023-97a7-5ab7b8eab7b2" testName="FS.GG.SDD.Cli.Tests.RegistrySkillManifestContainmentTests.--root that escapes via .. is refused with exit 1(root: &quot;..&quot;)" computerName="780ae460ce3c" duration="00:00:00.0000085" startTime="2026-08-30T11:25:58.8001280+02:00" endTime="2026-08-30T11:25:58.8001419+02:00" testType="13cdc9d9-ddb5-4fa4-a97d-d965ccfc6d4b" outcome="Passed" testListId="8c84fa94-04c1-424b-9868-57a2d4851a1d" relativeResultsDirectory="59e610d4-6d69-40c1-a5ea-416d3e3410cb" />
    <UnitTestResult executionId="bd84f1b0-abd8-4842-a1be-aec8461b89ff" testId="79632226-18a2-8ac0-e58d-a7326b80327d" testName="FS.GG.SDD.Cli.Tests.RegistryValidateEncodingTests.a mis-encoded registry is NOT reported valid" computerName="780ae460ce3c" duration="00:00:00.0044374" startTime="2026-08-30T11:25:58.8635691+02:00" endTime="2026-08-30T11:25:58.8680097+02:00" testType="13cdc9d9-ddb5-4fa4-a97d-d965ccfc6d4b" outcome="Passed" testListId="8c84fa94-04c1-424b-9868-57a2d4851a1d" relativeResultsDirectory="bd84f1b0-abd8-4842-a1be-aec8461b89ff" />
    <UnitTestResult executionId="670570d6-2025-42d8-b507-c987371feb7e" testId="a556efc1-8def-a23a-4e1c-4ab46239cc57" testName="FS.GG.SDD.Cli.Tests.ExceptionBackstopTests.a throw escaping the dispatch is classified as a tool defect (exit 2)" computerName="780ae460ce3c" duration="00:00:00.0003523" startTime="2026-08-30T11:25:58.8484666+02:00" endTime="2026-08-30T11:25:58.8485838+02:00" testType="13cdc9d9-ddb5-4fa4-a97d-d965ccfc6d4b" outcome="Passed" testListId="8c84fa94-04c1-424b-9868-57a2d4851a1d" relativeResultsDirectory="670570d6-2025-42d8-b507-c987371feb7e" />
    <UnitTestResult executionId="ea31f440-0616-4820-b2ec-d10c551b6dfc" testId="397534c9-f522-1f1d-6e9c-9b5aada0d706" testName="FS.GG.SDD.Cli.Tests.ExceptionBackstopTests.the backstop honors the output-format flags and still exits 2(formatFlag: &quot;--rich&quot;)" computerName="780ae460ce3c" duration="00:00:00.0010790" startTime="2026-08-30T11:25:58.8455515+02:00" endTime="2026-08-30T11:25:58.8466198+02:00" testType="13cdc9d9-ddb5-4fa4-a97d-d965ccfc6d4b" outcome="Passed" testListId="8c84fa94-04c1-424b-9868-57a2d4851a1d" relativeResultsDirectory="ea31f440-0616-4820-b2ec-d10c551b6dfc" />
    <UnitTestResult executionId="66e9f181-a844-48c8-9ac6-19ff794297e9" testId="4cc2e074-7261-aeeb-e3a3-b8aa2a0e5726" testName="FS.GG.SDD.Cli.Tests.ValidateCommandTests.validate exit code is identical across --markdown and --json" computerName="780ae460ce3c" duration="00:00:01.0171901" startTime="2026-08-30T11:26:01.9396261+02:00" endTime="2026-08-30T11:26:02.9567577+02:00" testType="13cdc9d9-ddb5-4fa4-a97d-d965ccfc6d4b" outcome="Passed" testListId="8c84fa94-04c1-424b-9868-57a2d4851a1d" relativeResultsDirectory="66e9f181-a844-48c8-9ac6-19ff794297e9" />
    <UnitTestResult executionId="43cb0f00-068b-4380-9fa2-65103857e496" testId="71ad0a72-eead-f035-a60f-c5a524613591" testName="FS.GG.SDD.Cli.Tests.RegistryValidateWireContractTests.a malformed wire contract surfaces the wire-contract diagnostic through the CLI" computerName="780ae460ce3c" duration="00:00:00.0280507" startTime="2026-08-30T11:25:58.8094982+02:00" endTime="2026-08-30T11:25:58.8375785+02:00" testType="13cdc9d9-ddb5-4fa4-a97d-d965ccfc6d4b" outcome="Passed" testListId="8c84fa94-04c1-424b-9868-57a2d4851a1d" relativeResultsDirectory="43cb0f00-068b-4380-9fa2-65103857e496" />
    <UnitTestResult executionId="e1f8fa9c-9679-43be-b7f1-7c000501e6e9" testId="fdeae65c-1a1a-156e-58f8-d71f949dbc39" testName="FS.GG.SDD.Cli.Tests.FormatSelectionTests.T020 explicit single flags select their format" computerName="780ae460ce3c" duration="00:00:00.0001298" startTime="2026-08-30T11:25:58.8003180+02:00" endTime="2026-08-30T11:25:58.8003307+02:00" testType="13cdc9d9-ddb5-4fa4-a97d-d965ccfc6d4b" outcome="Passed" testListId="8c84fa94-04c1-424b-9868-57a2d4851a1d" relativeResultsDirectory="e1f8fa9c-9679-43be-b7f1-7c000501e6e9" />
    <UnitTestResult executionId="6da809a4-cb8c-421c-b7ad-d54096821cc8" testId="1daa7433-49d9-b0d7-0ed2-c45a0168a5ed" testName="FS.GG.SDD.Cli.Tests.FormatSelectionTests.selectValidationFormat maps each single flag" computerName="780ae460ce3c" duration="00:00:00.0085428" startTime="2026-08-30T11:25:58.7812218+02:00" endTime="2026-08-30T11:25:58.7883811+02:00" testType="13cdc9d9-ddb5-4fa4-a97d-d965ccfc6d4b" outcome="Passed" testListId="8c84fa94-04c1-424b-9868-57a2d4851a1d" relativeResultsDirectory="6da809a4-cb8c-421c-b7ad-d54096821cc8" />
    <UnitTestResult executionId="489ef628-729c-42e6-a70a-85c010c3e3c3" testId="889fe79b-a59a-86af-d3bf-7fad7e6a920a" testName="FS.GG.SDD.Cli.Tests.ValidationRichRenderingTests.T005 rich projection surfaces verdict, all five counts, matrices, and non-passing cells" computerName="780ae460ce3c" duration="00:00:00.0017842" startTime="2026-08-30T11:25:58.8625376+02:00" endTime="2026-08-30T11:25:58.8641735+02:00" testType="13cdc9d9-ddb5-4fa4-a97d-d965ccfc6d4b" outcome="Passed" testListId="8c84fa94-04c1-424b-9868-57a2d4851a1d" relativeResultsDirectory="489ef628-729c-42e6-a70a-85c010c3e3c3" />
    <UnitTestResult executionId="225229be-5543-4108-a5e4-a9463f12dd81" testId="2bd1c1de-a63e-3ec4-c772-b55cba4d9d16" testName="FS.GG.SDD.Cli.Tests.ValidateCommandTests.validate --json keeps the sensed fence normalized to null" computerName="780ae460ce3c" duration="00:00:00.5109274" startTime="2026-08-30T11:26:01.4286663+02:00" endTime="2026-08-30T11:26:01.9394431+02:00" testType="13cdc9d9-ddb5-4fa4-a97d-d965ccfc6d4b" outcome="Passed" testListId="8c84fa94-04c1-424b-9868-57a2d4851a1d" relativeResultsDirectory="225229be-5543-4108-a5e4-a9463f12dd81" />
    <UnitTestResult executionId="44f3cbb2-c99f-43c7-9ebb-c8ff2003c058" testId="33202518-3c71-352d-de74-640c2760194b" testName="FS.GG.SDD.Cli.Tests.HelpRenderingTests.help --json is canonical and byte-identical across runs" computerName="780ae460ce3c" duration="00:00:00.0004147" startTime="2026-08-30T11:25:59.1482661+02:00" endTime="2026-08-30T11:25:59.1485744+02:00" testType="13cdc9d9-ddb5-4fa4-a97d-d965ccfc6d4b" outcome="Passed" testListId="8c84fa94-04c1-424b-9868-57a2d4851a1d" relativeResultsDirectory="44f3cbb2-c99f-43c7-9ebb-c8ff2003c058" />
    <UnitTestResult executionId="317f3fa2-d238-4149-875e-06f676c81c67" testId="830d3734-c7d8-2402-d948-4b10992b63cf" testName="FS.GG.SDD.Cli.Tests.ForceColorTests.force-color overrides TERM=dumb but plain sensing does not" computerName="780ae460ce3c" duration="00:00:00.0017658" startTime="2026-08-30T11:25:58.7985407+02:00" endTime="2026-08-30T11:25:58.7985485+02:00" testType="13cdc9d9-ddb5-4fa4-a97d-d965ccfc6d4b" outcome="Passed" testListId="8c84fa94-04c1-424b-9868-57a2d4851a1d" relativeResultsDirectory="317f3fa2-d238-4149-875e-06f676c81c67" />
    <UnitTestResult executionId="5def629c-49fd-42ec-a305-f3c47530fbc4" testId="52f0d8e7-dadd-c1f6-a3e4-71a8730570af" testName="FS.GG.SDD.Cli.Tests.ValidateCommandTests.validate --markdown --out persists the card and exits on verdict only" computerName="780ae460ce3c" duration="00:00:00.5914015" startTime="2026-08-30T11:25:58.7813318+02:00" endTime="2026-08-30T11:25:59.3665411+02:00" testType="13cdc9d9-ddb5-4fa4-a97d-d965ccfc6d4b" outcome="Passed" testListId="8c84fa94-04c1-424b-9868-57a2d4851a1d" relativeResultsDirectory="5def629c-49fd-42ec-a305-f3c47530fbc4" />
    <UnitTestResult executionId="546e8910-1259-4c9c-8c53-198a8428a216" testId="2a9a23e1-aa06-1c48-750f-021e755427b9" testName="FS.GG.SDD.Cli.Tests.UnknownOptionTests.the end-of-options separator is not residue" computerName="780ae460ce3c" duration="00:00:00.0001287" startTime="2026-08-30T11:25:59.1951611+02:00" endTime="2026-08-30T11:25:59.1951724+02:00" testType="13cdc9d9-ddb5-4fa4-a97d-d965ccfc6d4b" outcome="Passed" testListId="8c84fa94-04c1-424b-9868-57a2d4851a1d" relativeResultsDirectory="546e8910-1259-4c9c-8c53-198a8428a216" />
    <UnitTestResult executionId="a1df7139-62dd-4cce-b61d-ec74cdb92935" testId="5affd849-23ab-c0cd-ca1b-c3a818114cd1" testName="FS.GG.SDD.Cli.Tests.MissingOptionValueTests.an empty argv has no missing value" computerName="780ae460ce3c" duration="00:00:00.0000316" startTime="2026-08-30T11:25:59.3823999+02:00" endTime="2026-08-30T11:25:59.3824091+02:00" testType="13cdc9d9-ddb5-4fa4-a97d-d965ccfc6d4b" outcome="Passed" testListId="8c84fa94-04c1-424b-9868-57a2d4851a1d" relativeResultsDirectory="a1df7139-62dd-4cce-b61d-ec74cdb92935" />
    <UnitTestResult executionId="d7ad71f0-5917-449f-b23e-742ecb83caf0" testId="115321dc-412b-187b-3df2-840efeff103e" testName="FS.GG.SDD.Cli.Tests.ScaffoldParityTests.scaffold effective parameters are identical across json text and rich" computerName="780ae460ce3c" duration="00:00:00.0209939" startTime="2026-08-30T11:25:58.9438111+02:00" endTime="2026-08-30T11:25:58.9637624+02:00" testType="13cdc9d9-ddb5-4fa4-a97d-d965ccfc6d4b" outcome="Passed" testListId="8c84fa94-04c1-424b-9868-57a2d4851a1d" relativeResultsDirectory="d7ad71f0-5917-449f-b23e-742ecb83caf0" />
    <UnitTestResult executionId="dc25e7e9-4ea8-4540-9713-ce21f8773550" testId="dc07539e-25c5-1240-26ba-5e17b556cbc2" testName="FS.GG.SDD.Cli.Tests.UnknownOptionTests.the reported typo suggests the real flag" computerName="780ae460ce3c" duration="00:00:00.0001275" startTime="2026-08-30T11:25:59.5375112+02:00" endTime="2026-08-30T11:25:59.5375891+02:00" testType="13cdc9d9-ddb5-4fa4-a97d-d965ccfc6d4b" outcome="Passed" testListId="8c84fa94-04c1-424b-9868-57a2d4851a1d" relativeResultsDirectory="dc25e7e9-4ea8-4540-9713-ce21f8773550" />
    <UnitTestResult executionId="6eb40a54-9805-4005-9910-dca577a96735" testId="56974eb7-0732-d9dd-e25d-e16af48b5092" testName="FS.GG.SDD.Cli.Tests.ExceptionBackstopTests.the backstop NextAction reports the tool defect rather than advising a correction" computerName="780ae460ce3c" duration="00:00:00.0004545" startTime="2026-08-30T11:25:58.8476072+02:00" endTime="2026-08-30T11:25:58.8480091+02:00" testType="13cdc9d9-ddb5-4fa4-a97d-d965ccfc6d4b" outcome="Passed" testListId="8c84fa94-04c1-424b-9868-57a2d4851a1d" relativeResultsDirectory="6eb40a54-9805-4005-9910-dca577a96735" />
    <UnitTestResult executionId="f03744f7-ee03-4088-8c92-f8443ac0291c" testId="db9ac3ca-083f-6879-c6fc-9ff8708a1a14" testName="FS.GG.SDD.Cli.Tests.MissingOptionValueTests.a trailing flag is not a missing value" computerName="780ae460ce3c" duration="00:00:00.0001297" startTime="2026-08-30T11:25:59.3821963+02:00" endTime="2026-08-30T11:25:59.3822368+02:00" testType="13cdc9d9-ddb5-4fa4-a97d-d965ccfc6d4b" outcome="Passed" testListId="8c84fa94-04c1-424b-9868-57a2d4851a1d" relativeResultsDirectory="f03744f7-ee03-4088-8c92-f8443ac0291c" />
    <UnitTestResult executionId="0b791a2f-0b75-49b2-887b-d581f1d7c2c3" testId="0d4c312d-c39d-c260-bb14-d3725809ff1a" testName="FS.GG.SDD.Cli.Tests.LintCommandTests.stage --explain with defects reports no NextAction" computerName="780ae460ce3c" duration="00:00:00.1100266" startTime="2026-08-30T11:25:59.1108556+02:00" endTime="2026-08-30T11:25:59.2207519+02:00" testType="13cdc9d9-ddb5-4fa4-a97d-d965ccfc6d4b" outcome="Passed" testListId="8c84fa94-04c1-424b-9868-57a2d4851a1d" relativeResultsDirectory="0b791a2f-0b75-49b2-887b-d581f1d7c2c3" />
    <UnitTestResult executionId="bdd6a52f-31be-4087-80b3-9aac25935da3" testId="5ef9f4fd-2302-d777-a882-9fc611b30ceb" testName="FS.GG.SDD.Cli.Tests.ValidationRichRenderingTests.T010 resolveValidation never mutates the report's JSON or text projection" computerName="780ae460ce3c" duration="00:00:00.0757578" startTime="2026-08-30T11:25:58.7812440+02:00" endTime="2026-08-30T11:25:58.8508790+02:00" testType="13cdc9d9-ddb5-4fa4-a97d-d965ccfc6d4b" outcome="Passed" testListId="8c84fa94-04c1-424b-9868-57a2d4851a1d" relativeResultsDirectory="bdd6a52f-31be-4087-80b3-9aac25935da3" />
    <UnitTestResult executionId="cf6a5959-f11f-4347-a6cb-1334bb97a67a" testId="68aed85b-9596-8b49-be4f-89415ddaa7c5" testName="FS.GG.SDD.Cli.Tests.MissingOptionValueTests.a fully satisfied argv has no missing value" computerName="780ae460ce3c" duration="00:00:00.0000547" startTime="2026-08-30T11:25:59.3823146+02:00" endTime="2026-08-30T11:25:59.3823269+02:00" testType="13cdc9d9-ddb5-4fa4-a97d-d965ccfc6d4b" outcome="Passed" testListId="8c84fa94-04c1-424b-9868-57a2d4851a1d" relativeResultsDirectory="cf6a5959-f11f-4347-a6cb-1334bb97a67a" />
    <UnitTestResult executionId="39ad0871-4736-49f7-925a-62bb3d468e97" testId="df10ab4a-c147-c81a-7e4d-7bfe1e033493" testName="FS.GG.SDD.Cli.Tests.UnknownOptionTests.the format and color flags are recognized by every command" computerName="780ae460ce3c" duration="00:00:00.0409339" startTime="2026-08-30T11:25:58.7813743+02:00" endTime="2026-08-30T11:25:58.8161100+02:00" testType="13cdc9d9-ddb5-4fa4-a97d-d965ccfc6d4b" outcome="Passed" testListId="8c84fa94-04c1-424b-9868-57a2d4851a1d" relativeResultsDirectory="39ad0871-4736-49f7-925a-62bb3d468e97" />
    <UnitTestResult executionId="d78a7c8c-6f21-4fa3-9e18-270ca3b47207" testId="5b00dfdf-a55d-1195-a299-54bfdc3570f0" testName="FS.GG.SDD.Cli.Tests.MissingOptionValueTests.CLI charter --work with a value is unaffected by the guard" computerName="780ae460ce3c" duration="00:00:00.2451438" startTime="2026-08-30T11:25:59.7521271+02:00" endTime="2026-08-30T11:25:59.9969811+02:00" testType="13cdc9d9-ddb5-4fa4-a97d-d965ccfc6d4b" outcome="Passed" testListId="8c84fa94-04c1-424b-9868-57a2d4851a1d" relativeResultsDirectory="d78a7c8c-6f21-4fa3-9e18-270ca3b47207" />
    <UnitTestResult executionId="25cfb160-7d2e-4411-910b-d68c32e973a3" testId="b4a713ef-88b5-2257-585f-7c74fe405c48" testName="FS.GG.SDD.Cli.Tests.LintCommandTests.FR-010 json projection carries the lint block with the defect class" computerName="780ae460ce3c" duration="00:00:00.1103673" startTime="2026-08-30T11:25:59.4328842+02:00" endTime="2026-08-30T11:25:59.5431336+02:00" testType="13cdc9d9-ddb5-4fa4-a97d-d965ccfc6d4b" outcome="Passed" testListId="8c84fa94-04c1-424b-9868-57a2d4851a1d" relativeResultsDirectory="25cfb160-7d2e-4411-910b-d68c32e973a3" />
    <UnitTestResult executionId="8d5afb01-9bc2-47cf-86a0-94ff4812d42a" testId="bbff205f-2df8-f805-094d-952f208bb318" testName="FS.GG.SDD.Cli.Tests.UnknownOptionTests.a recognized option is not residue" computerName="780ae460ce3c" duration="00:00:00.0000981" startTime="2026-08-30T11:25:59.4692622+02:00" endTime="2026-08-30T11:25:59.4692748+02:00" testType="13cdc9d9-ddb5-4fa4-a97d-d965ccfc6d4b" outcome="Passed" testListId="8c84fa94-04c1-424b-9868-57a2d4851a1d" relativeResultsDirectory="8d5afb01-9bc2-47cf-86a0-94ff4812d42a" />
    <UnitTestResult executionId="e062fbc8-68a6-4692-8ed8-d568edfc5a0a" testId="efd3897f-6496-ec1d-67de-999ee050620e" testName="FS.GG.SDD.Cli.Tests.DegradationTests.T015 Rich degrades to plain text when non-interactive" computerName="780ae460ce3c" duration="00:00:00.0000779" startTime="2026-08-30T11:25:58.8953780+02:00" endTime="2026-08-30T11:25:58.8953930+02:00" testType="13cdc9d9-ddb5-4fa4-a97d-d965ccfc6d4b" outcome="Passed" testListId="8c84fa94-04c1-424b-9868-57a2d4851a1d" relativeResultsDirectory="e062fbc8-68a6-4692-8ed8-d568edfc5a0a" />
    <UnitTestResult executionId="e9dadad5-09c7-414b-85a4-52596636381d" testId="d25436c4-0fe9-f929-bd19-fac353c7c817" testName="FS.GG.SDD.Cli.Tests.HelpRenderingTests.CLI command --help exits 0 with that command's help" computerName="780ae460ce3c" duration="00:00:00.0528859" startTime="2026-08-30T11:25:58.9285774+02:00" endTime="2026-08-30T11:25:58.9814648+02:00" testType="13cdc9d9-ddb5-4fa4-a97d-d965ccfc6d4b" outcome="Passed" testListId="8c84fa94-04c1-424b-9868-57a2d4851a1d" relativeResultsDirectory="e9dadad5-09c7-414b-85a4-52596636381d" />
    <UnitTestResult executionId="4f88eeb6-0dd0-413b-9bbf-1c50850350ab" testId="65775945-9ff9-55ed-752a-8d97e79df669" testName="FS.GG.SDD.Cli.Tests.ValidateCommandTests.validate --markdown emits a capture-safe report card with zero ANSI" computerName="780ae460ce3c" duration="00:00:00.5114090" startTime="2026-08-30T11:26:09.7838344+02:00" endTime="2026-08-30T11:26:10.2951765+02:00" testType="13cdc9d9-ddb5-4fa4-a97d-d965ccfc6d4b" outcome="Passed" testListId="8c84fa94-04c1-424b-9868-57a2d4851a1d" relativeResultsDirectory="4f88eeb6-0dd0-413b-9bbf-1c50850350ab" />
    <UnitTestResult executionId="34d1e6a2-f82a-4c6d-8eb7-5275401d6f6c" testId="43a05c90-9e7d-5796-ca0c-635b4f5a4baa" testName="FS.GG.SDD.Cli.Tests.RichRenderingTests.T011 a report with no diagnostics renders without inventing facts" computerName="780ae460ce3c" duration="00:00:00.0027583" startTime="2026-08-30T11:25:59.9039772+02:00" endTime="2026-08-30T11:25:59.9066875+02:00" testType="13cdc9d9-ddb5-4fa4-a97d-d965ccfc6d4b" outcome="Passed" testListId="8c84fa94-04c1-424b-9868-57a2d4851a1d" relativeResultsDirectory="34d1e6a2-f82a-4c6d-8eb7-5275401d6f6c" />
    <UnitTestResult executionId="301ee7c9-8431-4fe4-ae8a-46fe6fb03596" testId="e0e4fdb9-5978-7499-bb7e-fe2879136bc4" testName="FS.GG.SDD.Cli.Tests.HelpRenderingTests.help --rich degrades to zero-ANSI plain text when color disabled" computerName="780ae460ce3c" duration="00:00:00.0003498" startTime="2026-08-30T11:25:59.0315769+02:00" endTime="2026-08-30T11:25:59.0318550+02:00" testType="13cdc9d9-ddb5-4fa4-a97d-d965ccfc6d4b" outcome="Passed" testListId="8c84fa94-04c1-424b-9868-57a2d4851a1d" relativeResultsDirectory="301ee7c9-8431-4fe4-ae8a-46fe6fb03596" />
    <UnitTestResult executionId="d4581a2e-3491-4bb4-b4c1-bb68d4f5462e" testId="0640973f-e12a-ce45-37cd-274d36b00e2d" testName="FS.GG.SDD.Cli.Tests.ValidateCommandTests.validate --markdown is byte-identical across runs" computerName="780ae460ce3c" duration="00:00:01.0256400" startTime="2026-08-30T11:26:05.0110177+02:00" endTime="2026-08-30T11:26:06.0362344+02:00" testType="13cdc9d9-ddb5-4fa4-a97d-d965ccfc6d4b" outcome="Passed" testListId="8c84fa94-04c1-424b-9868-57a2d4851a1d" relativeResultsDirectory="d4581a2e-3491-4bb4-b4c1-bb68d4f5462e" />
    <UnitTestResult executionId="f9e6b2d1-47f6-484e-86fd-93932b612b07" testId="d8b63f76-ecd8-85c0-6544-e2d7465d26af" testName="FS.GG.SDD.Cli.Tests.TypedSddCommandTests.unknown typed option fails closed" computerName="780ae460ce3c" duration="00:00:00.1287252" startTime="2026-08-30T11:26:10.6703300+02:00" endTime="2026-08-30T11:26:10.7990377+02:00" testType="13cdc9d9-ddb5-4fa4-a97d-d965ccfc6d4b" outcome="Passed" testListId="8c84fa94-04c1-424b-9868-57a2d4851a1d" relativeResultsDirectory="f9e6b2d1-47f6-484e-86fd-93932b612b07" />
    <UnitTestResult executionId="839438a7-3066-40ba-8787-ca95e34403e2" testId="097a1aa9-c5ce-8e3a-b97d-2a783c1d746d" testName="FS.GG.SDD.Cli.Tests.ValidationRichRenderingTests.T005 pass cells are summarized, not enumerated, and no foreign fact appears" computerName="780ae460ce3c" duration="00:00:00.0012169" startTime="2026-08-30T11:25:58.8611582+02:00" endTime="2026-08-30T11:25:58.8623803+02:00" testType="13cdc9d9-ddb5-4fa4-a97d-d965ccfc6d4b" outcome="Passed" testListId="8c84fa94-04c1-424b-9868-57a2d4851a1d" relativeResultsDirectory="839438a7-3066-40ba-8787-ca95e34403e2" />
    <UnitTestResult executionId="d13524f8-18f6-4d18-b5e5-add76052e58b" testId="d857efb9-08db-b071-0628-54eab36ad358" testName="FS.GG.SDD.Cli.Tests.RegistryValidateEncodingTests.the untouched canonical fixture still validates clean at exit 0" computerName="780ae460ce3c" duration="00:00:00.0882590" startTime="2026-08-30T11:25:58.7813147+02:00" endTime="2026-08-30T11:25:58.8634351+02:00" testType="13cdc9d9-ddb5-4fa4-a97d-d965ccfc6d4b" outcome="Passed" testListId="8c84fa94-04c1-424b-9868-57a2d4851a1d" relativeResultsDirectory="d13524f8-18f6-4d18-b5e5-add76052e58b" />
    <UnitTestResult executionId="af0b6690-66bd-42fb-96c1-12daf9d4cc6b" testId="5e3de613-4617-00b6-9971-e72b5cc467de" testName="FS.GG.SDD.Cli.Tests.DegradationTests.088 force-color renders a command report richly on a redirected sink (uniform gate)" computerName="780ae460ce3c" duration="00:00:00.0095980" startTime="2026-08-30T11:25:58.8852713+02:00" endTime="2026-08-30T11:25:58.8948798+02:00" testType="13cdc9d9-ddb5-4fa4-a97d-d965ccfc6d4b" outcome="Passed" testListId="8c84fa94-04c1-424b-9868-57a2d4851a1d" relativeResultsDirectory="af0b6690-66bd-42fb-96c1-12daf9d4cc6b" />
    <UnitTestResult executionId="034992c1-f27a-471a-928f-a0264cddfe50" testId="2a41895c-0626-77f1-1919-669ba9ea99f2" testName="FS.GG.SDD.Cli.Tests.FormatSelectionTests.selectValidationFormat defaults to Standard Json with no flag" computerName="780ae460ce3c" duration="00:00:00.0000534" startTime="2026-08-30T11:25:58.8674740+02:00" endTime="2026-08-30T11:25:58.8674902+02:00" testType="13cdc9d9-ddb5-4fa4-a97d-d965ccfc6d4b" outcome="Passed" testListId="8c84fa94-04c1-424b-9868-57a2d4851a1d" relativeResultsDirectory="034992c1-f27a-471a-928f-a0264cddfe50" />
    <UnitTestResult executionId="b2ece569-ae4c-4ad5-9d20-005b9186d7d2" testId="dbc80e8f-e5c2-e4de-ff07-fd7522ff4a94" testName="FS.GG.SDD.Cli.Tests.RichRenderingTests.T011 a report with many diagnostics renders them all" computerName="780ae460ce3c" duration="00:00:00.0066066" startTime="2026-08-30T11:25:58.8676899+02:00" endTime="2026-08-30T11:25:58.8741165+02:00" testType="13cdc9d9-ddb5-4fa4-a97d-d965ccfc6d4b" outcome="Passed" testListId="8c84fa94-04c1-424b-9868-57a2d4851a1d" relativeResultsDirectory="b2ece569-ae4c-4ad5-9d20-005b9186d7d2" />
    <UnitTestResult executionId="3e3a72ff-6ace-4108-84cf-d62f4045b651" testId="1c0babdc-69cf-d6dd-d97b-5ad3188d57f2" testName="FS.GG.SDD.Cli.Tests.UnknownOptionTests.the unknownOption correction cannot drift from the parser" computerName="780ae460ce3c" duration="00:00:00.0001325" startTime="2026-08-30T11:25:59.4704483+02:00" endTime="2026-08-30T11:25:59.4704556+02:00" testType="13cdc9d9-ddb5-4fa4-a97d-d965ccfc6d4b" outcome="Passed" testListId="8c84fa94-04c1-424b-9868-57a2d4851a1d" relativeResultsDirectory="3e3a72ff-6ace-4108-84cf-d62f4045b651" />
    <UnitTestResult executionId="7359481c-a635-48b2-a7c9-026537993ddd" testId="2ee33503-f442-d116-3505-aba5dd95284e" testName="FS.GG.SDD.Cli.Tests.HelpRenderingTests.CLI unknown command with --help still resolves to unknownCommand exit 1" computerName="780ae460ce3c" duration="00:00:00.0574828" startTime="2026-08-30T11:25:59.0906761+02:00" endTime="2026-08-30T11:25:59.1481337+02:00" testType="13cdc9d9-ddb5-4fa4-a97d-d965ccfc6d4b" outcome="Passed" testListId="8c84fa94-04c1-424b-9868-57a2d4851a1d" relativeResultsDirectory="7359481c-a635-48b2-a7c9-026537993ddd" />
    <UnitTestResult executionId="de62c498-e394-4524-8069-c68e800ffbb8" testId="8f08e104-b264-a2c1-360b-b6c5a194c688" testName="FS.GG.SDD.Cli.Tests.ForceColorTests.forceColorRequested reads FORCE_COLOR boolean-ish(value: &quot;always&quot;, expected: True)" computerName="780ae460ce3c" duration="00:00:00.0000049" startTime="2026-08-30T11:25:58.7979923+02:00" endTime="2026-08-30T11:25:58.7980014+02:00" testType="13cdc9d9-ddb5-4fa4-a97d-d965ccfc6d4b" outcome="Passed" testListId="8c84fa94-04c1-424b-9868-57a2d4851a1d" relativeResultsDirectory="de62c498-e394-4524-8069-c68e800ffbb8" />
    <UnitTestResult executionId="0c91ac80-9c9f-40c2-8ad7-e80a82d15950" testId="936931c6-b32e-a0e4-cf1d-0d514069a367" testName="FS.GG.SDD.Cli.Tests.MissingOptionValueTests.CLI a trailing valued option is not masked by --help" computerName="780ae460ce3c" duration="00:00:00.1548368" startTime="2026-08-30T11:25:59.3825168+02:00" endTime="2026-08-30T11:25:59.5374483+02:00" testType="13cdc9d9-ddb5-4fa4-a97d-d965ccfc6d4b" outcome="Passed" testListId="8c84fa94-04c1-424b-9868-57a2d4851a1d" relativeResultsDirectory="0c91ac80-9c9f-40c2-8ad7-e80a82d15950" />
    <UnitTestResult executionId="31cf72ad-e15d-47a1-8b4a-751b1ddcb178" testId="3c06bf6e-18ec-bb97-ea25-1bf42101f051" testName="FS.GG.SDD.Cli.Tests.EarlyStageProjectionTests.early-stage agents report surfaces the disposition and next action in text" computerName="780ae460ce3c" duration="00:00:00.0086178" startTime="2026-08-30T11:25:58.9558981+02:00" endTime="2026-08-30T11:25:58.9644470+02:00" testType="13cdc9d9-ddb5-4fa4-a97d-d965ccfc6d4b" outcome="Passed" testListId="8c84fa94-04c1-424b-9868-57a2d4851a1d" relativeResultsDirectory="31cf72ad-e15d-47a1-8b4a-751b1ddcb178" />
    <UnitTestResult executionId="b6e0fdef-25f1-428e-8917-a5f94e06235d" testId="2e266af4-035f-145f-9e82-82600ee6ca3b" testName="FS.GG.SDD.Cli.Tests.HelpRenderingTests.help --text is a portable plain-text projection" computerName="780ae460ce3c" duration="00:00:00.0003133" startTime="2026-08-30T11:25:58.9282302+02:00" endTime="2026-08-30T11:25:58.9285210+02:00" testType="13cdc9d9-ddb5-4fa4-a97d-d965ccfc6d4b" outcome="Passed" testListId="8c84fa94-04c1-424b-9868-57a2d4851a1d" relativeResultsDirectory="b6e0fdef-25f1-428e-8917-a5f94e06235d" />
    <UnitTestResult executionId="15b9c483-2ebb-470b-90e5-09308183292d" testId="a75b2a47-4f61-3e89-2102-a4645a7f10ce" testName="FS.GG.SDD.Cli.Tests.ValidateCommandTests.validate --rich --out persists deterministic text with zero ANSI" computerName="780ae460ce3c" duration="00:00:01.0118133" startTime="2026-08-30T11:26:00.4166816+02:00" endTime="2026-08-30T11:26:01.4284406+02:00" testType="13cdc9d9-ddb5-4fa4-a97d-d965ccfc6d4b" outcome="Passed" testListId="8c84fa94-04c1-424b-9868-57a2d4851a1d" relativeResultsDirectory="15b9c483-2ebb-470b-90e5-09308183292d" />
    <UnitTestResult executionId="3e0d7ae2-3f14-4169-a0e5-30cf93e92964" testId="116b8b92-65e4-1138-98cc-dbd79851b6cd" testName="FS.GG.SDD.Cli.Tests.RegistryUnknownFlagTests.skill-manifest rejects an unrecognized option even after recognized ones" computerName="780ae460ce3c" duration="00:00:00.0002547" startTime="2026-08-30T11:25:58.8421924+02:00" endTime="2026-08-30T11:25:58.8422041+02:00" testType="13cdc9d9-ddb5-4fa4-a97d-d965ccfc6d4b" outcome="Passed" testListId="8c84fa94-04c1-424b-9868-57a2d4851a1d" relativeResultsDirectory="3e0d7ae2-3f14-4169-a0e5-30cf93e92964" />
    <UnitTestResult executionId="d8435d12-ca2f-4b99-a9bb-fb36449e6341" testId="c29ce090-9206-a319-10af-7bd39df6a03c" testName="FS.GG.SDD.Cli.Tests.UnknownOptionTests.CLI unknown option with --help still resolves to unknownOption exit 1" computerName="780ae460ce3c" duration="00:00:00.0634677" startTime="2026-08-30T11:25:59.1315704+02:00" endTime="2026-08-30T11:25:59.1950308+02:00" testType="13cdc9d9-ddb5-4fa4-a97d-d965ccfc6d4b" outcome="Passed" testListId="8c84fa94-04c1-424b-9868-57a2d4851a1d" relativeResultsDirectory="d8435d12-ca2f-4b99-a9bb-fb36449e6341" />
    <UnitTestResult executionId="82f6d2a1-d4f3-4278-81fb-311a463fdd88" testId="a03d97a7-4689-950c-f065-a47a2d28ab81" testName="FS.GG.SDD.Cli.Tests.ValidationRichRenderingTests.T007 a single failing cell is isolated; passing siblings are not listed" computerName="780ae460ce3c" duration="00:00:00.0010344" startTime="2026-08-30T11:25:58.8526952+02:00" endTime="2026-08-30T11:25:58.8536462+02:00" testType="13cdc9d9-ddb5-4fa4-a97d-d965ccfc6d4b" outcome="Passed" testListId="8c84fa94-04c1-424b-9868-57a2d4851a1d" relativeResultsDirectory="82f6d2a1-d4f3-4278-81fb-311a463fdd88" />
    <UnitTestResult executionId="63373f0b-2d9f-42da-a4d1-aa68bfcb4918" testId="8210f557-fa9a-0d46-17d8-625b0ca2514e" testName="FS.GG.SDD.Cli.Tests.DegradationTests.T016 exit code depends only on the report not the format" computerName="780ae460ce3c" duration="00:00:00.0979825" startTime="2026-08-30T11:25:58.7813564+02:00" endTime="2026-08-30T11:25:58.8731994+02:00" testType="13cdc9d9-ddb5-4fa4-a97d-d965ccfc6d4b" outcome="Passed" testListId="8c84fa94-04c1-424b-9868-57a2d4851a1d" relativeResultsDirectory="63373f0b-2d9f-42da-a4d1-aa68bfcb4918" />
    <UnitTestResult executionId="9661c5e8-6b0a-4a81-9e62-a8631c826a6e" testId="3e2827c1-9b6d-916f-2276-954de32507b0" testName="FS.GG.SDD.Cli.Tests.UnknownOptionTests.a valued option's argument is never residue even when it looks like a flag" computerName="780ae460ce3c" duration="00:00:00.0000529" startTime="2026-08-30T11:25:59.1966642+02:00" endTime="2026-08-30T11:25:59.1966721+02:00" testType="13cdc9d9-ddb5-4fa4-a97d-d965ccfc6d4b" outcome="Passed" testListId="8c84fa94-04c1-424b-9868-57a2d4851a1d" relativeResultsDirectory="9661c5e8-6b0a-4a81-9e62-a8631c826a6e" />
    <UnitTestResult executionId="32ad8c9c-29dc-4303-a440-e29d31cdebff" testId="47f89341-20cc-01e6-fe60-51d647029147" testName="FS.GG.SDD.Cli.Tests.RegistrySkillManifestContainmentTests.--root absolute is refused with exit 1 and writes nothing" computerName="780ae460ce3c" duration="00:00:00.0155608" startTime="2026-08-30T11:25:58.7814609+02:00" endTime="2026-08-30T11:25:58.7994393+02:00" testType="13cdc9d9-ddb5-4fa4-a97d-d965ccfc6d4b" outcome="Passed" testListId="8c84fa94-04c1-424b-9868-57a2d4851a1d" relativeResultsDirectory="32ad8c9c-29dc-4303-a440-e29d31cdebff" />
    <UnitTestResult executionId="d207aa3b-49e4-488f-b292-d70f491cc11f" testId="e680269a-63c4-97ee-56b9-6d74aa1a8956" testName="FS.GG.SDD.Cli.Tests.ForceColorTests.forceColorRequested is false when FORCE_COLOR is unset and no flag" computerName="780ae460ce3c" duration="00:00:00.0002092" startTime="2026-08-30T11:25:58.7987785+02:00" endTime="2026-08-30T11:25:58.7987863+02:00" testType="13cdc9d9-ddb5-4fa4-a97d-d965ccfc6d4b" outcome="Passed" testListId="8c84fa94-04c1-424b-9868-57a2d4851a1d" relativeResultsDirectory="d207aa3b-49e4-488f-b292-d70f491cc11f" />
    <UnitTestResult executionId="3e7a3a86-b61a-4599-b1ae-943ed5902039" testId="de246dd0-766f-a18a-49a2-fb5de3db4eae" testName="FS.GG.SDD.Cli.Tests.LintCommandTests.FR-010 text projection carries the lint facts (kind, outcome, pointer)" computerName="780ae460ce3c" duration="00:00:00.1128969" startTime="2026-08-30T11:25:58.9296532+02:00" endTime="2026-08-30T11:25:59.0421822+02:00" testType="13cdc9d9-ddb5-4fa4-a97d-d965ccfc6d4b" outcome="Passed" testListId="8c84fa94-04c1-424b-9868-57a2d4851a1d" relativeResultsDirectory="3e7a3a86-b61a-4599-b1ae-943ed5902039" />
    <UnitTestResult executionId="11397b60-74b8-4ab1-ad27-8d8c0fd0f7e9" testId="2467c571-d727-1f65-3f42-6dde7a1d6b8b" testName="FS.GG.SDD.Cli.Tests.ScaffoldParityTests.behind-minimum advisory rich redirected equals the text projection with zero ANSI" computerName="780ae460ce3c" duration="00:00:00.0002518" startTime="2026-08-30T11:25:58.9425881+02:00" endTime="2026-08-30T11:25:58.9427237+02:00" testType="13cdc9d9-ddb5-4fa4-a97d-d965ccfc6d4b" outcome="Passed" testListId="8c84fa94-04c1-424b-9868-57a2d4851a1d" relativeResultsDirectory="11397b60-74b8-4ab1-ad27-8d8c0fd0f7e9" />
    <UnitTestResult executionId="8f18e0db-2114-4b43-b454-74ae198aea2d" testId="93d5f3a8-69d2-5890-7428-ab83308f27b0" testName="FS.GG.SDD.Cli.Tests.UnknownOptionTests.the suggestion is deterministic" computerName="780ae460ce3c" duration="00:00:00.0001009" startTime="2026-08-30T11:25:59.5379366+02:00" endTime="2026-08-30T11:25:59.5379446+02:00" testType="13cdc9d9-ddb5-4fa4-a97d-d965ccfc6d4b" outcome="Passed" testListId="8c84fa94-04c1-424b-9868-57a2d4851a1d" relativeResultsDirectory="8f18e0db-2114-4b43-b454-74ae198aea2d" />
    <UnitTestResult executionId="dc6591cd-4778-4d2e-845e-b65d29d24654" testId="bb736b15-6f4a-6e8b-dad9-e64a520211c0" testName="FS.GG.SDD.Cli.Tests.DegradationTests.T015 Rich renders richly when interactive and color enabled" computerName="780ae460ce3c" duration="00:00:00.0052303" startTime="2026-08-30T11:25:58.8960159+02:00" endTime="2026-08-30T11:25:58.9007890+02:00" testType="13cdc9d9-ddb5-4fa4-a97d-d965ccfc6d4b" outcome="Passed" testListId="8c84fa94-04c1-424b-9868-57a2d4851a1d" relativeResultsDirectory="dc6591cd-4778-4d2e-845e-b65d29d24654" />
    <UnitTestResult executionId="316de3e6-2288-4e8e-ae5a-36e2b37d4ba4" testId="d5c8dbbc-2ee9-00d2-d330-c2333f7c4fc2" testName="FS.GG.SDD.Cli.Tests.DegradationTests.T016 stream routing is identical across formats" computerName="780ae460ce3c" duration="00:00:00.0001116" startTime="2026-08-30T11:25:58.9009050+02:00" endTime="2026-08-30T11:25:58.9010372+02:00" testType="13cdc9d9-ddb5-4fa4-a97d-d965ccfc6d4b" outcome="Passed" testListId="8c84fa94-04c1-424b-9868-57a2d4851a1d" relativeResultsDirectory="316de3e6-2288-4e8e-ae5a-36e2b37d4ba4" />
    <UnitTestResult executionId="9cf1e5fc-e414-470a-9958-e2ff8e93441e" testId="b0420ef5-c352-f6f1-688d-395ab5eecf29" testName="FS.GG.SDD.Cli.Tests.ScaffoldParityTests.scaffold provider-defect output rich redirected equals the text projection with zero ANSI" computerName="780ae460ce3c" duration="00:00:00.0001763" startTime="2026-08-30T11:25:58.9959335+02:00" endTime="2026-08-30T11:25:58.9960468+02:00" testType="13cdc9d9-ddb5-4fa4-a97d-d965ccfc6d4b" outcome="Passed" testListId="8c84fa94-04c1-424b-9868-57a2d4851a1d" relativeResultsDirectory="9cf1e5fc-e414-470a-9958-e2ff8e93441e" />
    <UnitTestResult executionId="1e85b504-aa75-4ca3-b430-6d5f00e6ce5d" testId="39dadb55-f14a-070b-b25a-df47767358c0" testName="FS.GG.SDD.Cli.Tests.UnknownOptionTests.a near-miss prefers the closest flag over a contained shorter one" computerName="780ae460ce3c" duration="00:00:00.0004001" startTime="2026-08-30T11:25:59.4695610+02:00" endTime="2026-08-30T11:25:59.4697595+02:00" testType="13cdc9d9-ddb5-4fa4-a97d-d965ccfc6d4b" outcome="Passed" testListId="8c84fa94-04c1-424b-9868-57a2d4851a1d" relativeResultsDirectory="1e85b504-aa75-4ca3-b430-6d5f00e6ce5d" />
    <UnitTestResult executionId="f30131d6-7ffe-4143-9816-f9935090c932" testId="b56cdcd8-7b00-3944-d49e-c0beaa2facce" testName="FS.GG.SDD.Cli.Tests.RegistryUnknownFlagTests.validate rejects an unrecognized option with exit 1 through its stdout verdict(option: &quot;-x&quot;)" computerName="780ae460ce3c" duration="00:00:00.0001444" startTime="2026-08-30T11:25:58.8397590+02:00" endTime="2026-08-30T11:25:58.8398197+02:00" testType="13cdc9d9-ddb5-4fa4-a97d-d965ccfc6d4b" outcome="Passed" testListId="8c84fa94-04c1-424b-9868-57a2d4851a1d" relativeResultsDirectory="f30131d6-7ffe-4143-9816-f9935090c932" />
    <UnitTestResult executionId="07e7f29a-239b-4a92-b6d3-238c392475c3" testId="32d3bd23-bdf5-a0de-d17f-dd20fb6d1176" testName="FS.GG.SDD.Cli.Tests.MissingOptionValueTests.a trailing valued option is missing its value" computerName="780ae460ce3c" duration="00:00:00.0082904" startTime="2026-08-30T11:25:58.7812626+02:00" endTime="2026-08-30T11:25:58.7883023+02:00" testType="13cdc9d9-ddb5-4fa4-a97d-d965ccfc6d4b" outcome="Passed" testListId="8c84fa94-04c1-424b-9868-57a2d4851a1d" relativeResultsDirectory="07e7f29a-239b-4a92-b6d3-238c392475c3" />
    <UnitTestResult executionId="8463ac60-ee4c-4790-be89-fc7d1f5f4792" testId="41407235-a4a4-4510-19ae-d3a816841dd9" testName="FS.GG.SDD.Cli.Tests.ExceptionBackstopTests.the backstop honors the output-format flags and still exits 2(formatFlag: &quot;--json&quot;)" computerName="780ae460ce3c" duration="00:00:00.0000837" startTime="2026-08-30T11:25:58.8468922+02:00" endTime="2026-08-30T11:25:58.8469204+02:00" testType="13cdc9d9-ddb5-4fa4-a97d-d965ccfc6d4b" outcome="Passed" testListId="8c84fa94-04c1-424b-9868-57a2d4851a1d" relativeResultsDirectory="8463ac60-ee4c-4790-be89-fc7d1f5f4792" />
    <UnitTestResult executionId="382a88a9-4f82-4762-bf36-f60e4f11fffc" testId="6b9b0d0f-4f45-a00a-09dc-8d1f7622db65" testName="FS.GG.SDD.Cli.Tests.ForceColorTests.forceColorRequested reads FORCE_COLOR boolean-ish(value: &quot;true&quot;, expected: True)" computerName="780ae460ce3c" duration="00:00:00.0000023" startTime="2026-08-30T11:25:58.7980886+02:00" endTime="2026-08-30T11:25:58.7980962+02:00" testType="13cdc9d9-ddb5-4fa4-a97d-d965ccfc6d4b" outcome="Passed" testListId="8c84fa94-04c1-424b-9868-57a2d4851a1d" relativeResultsDirectory="382a88a9-4f82-4762-bf36-f60e4f11fffc" />
    <UnitTestResult executionId="f11b5861-9664-4de9-a1e4-97489bc83d5f" testId="b2461411-433f-5a8c-a0a2-98a4aaa13208" testName="FS.GG.SDD.Cli.Tests.HelpRenderingTests.help --rich renders richly when interactive and color enabled and adds no facts" computerName="780ae460ce3c" duration="00:00:00.0078726" startTime="2026-08-30T11:25:59.0826767+02:00" endTime="2026-08-30T11:25:59.0905719+02:00" testType="13cdc9d9-ddb5-4fa4-a97d-d965ccfc6d4b" outcome="Passed" testListId="8c84fa94-04c1-424b-9868-57a2d4851a1d" relativeResultsDirectory="f11b5861-9664-4de9-a1e4-97489bc83d5f" />
    <UnitTestResult executionId="d487548b-85cf-4281-9a09-b7216c10cbdf" testId="972eb3b6-52eb-3727-f842-2ca80a5163bd" testName="FS.GG.SDD.Cli.Tests.DegradationTests.084 T016 the lifecycle footer degrades with the report: present, zero ANSI, byte-identical" computerName="780ae460ce3c" duration="00:00:00.0000894" startTime="2026-08-30T11:25:58.8959125+02:00" endTime="2026-08-30T11:25:58.8959271+02:00" testType="13cdc9d9-ddb5-4fa4-a97d-d965ccfc6d4b" outcome="Passed" testListId="8c84fa94-04c1-424b-9868-57a2d4851a1d" relativeResultsDirectory="d487548b-85cf-4281-9a09-b7216c10cbdf" />
    <UnitTestResult executionId="7fc6fff0-c0dd-48a0-995c-935ee0593f32" testId="92a499ac-0638-0afe-6c25-9ef69e9a1c4e" testName="FS.GG.SDD.Cli.Tests.RichRenderingTests.T012a each report shape renders without throwing(shape: &quot;refresh&quot;)" computerName="780ae460ce3c" duration="00:00:00.2365416" startTime="2026-08-30T11:25:59.6530517+02:00" endTime="2026-08-30T11:25:59.8895746+02:00" testType="13cdc9d9-ddb5-4fa4-a97d-d965ccfc6d4b" outcome="Passed" testListId="8c84fa94-04c1-424b-9868-57a2d4851a1d" relativeResultsDirectory="7fc6fff0-c0dd-48a0-995c-935ee0593f32" />
    <UnitTestResult executionId="7596859d-729a-4a09-bb34-fa41c3cc7041" testId="dadc7ea5-b63d-4dcd-5408-e0e62315f987" testName="FS.GG.SDD.Cli.Tests.MissingOptionValueTests.CLI charter --work with no value writes no work artifact" computerName="780ae460ce3c" duration="00:00:00.1500167" startTime="2026-08-30T11:25:58.9776298+02:00" endTime="2026-08-30T11:25:59.1256358+02:00" testType="13cdc9d9-ddb5-4fa4-a97d-d965ccfc6d4b" outcome="Passed" testListId="8c84fa94-04c1-424b-9868-57a2d4851a1d" relativeResultsDirectory="7596859d-729a-4a09-bb34-fa41c3cc7041" />
    <UnitTestResult executionId="29ebe026-15e4-4486-be01-d4a9615c9476" testId="beb600c2-593c-327d-1cb1-1eefb6757380" testName="FS.GG.SDD.Cli.Tests.ForceColorTests.without force-color a redirected sink is non-interactive" computerName="780ae460ce3c" duration="00:00:00.0002076" startTime="2026-08-30T11:25:58.7986503+02:00" endTime="2026-08-30T11:25:58.7986603+02:00" testType="13cdc9d9-ddb5-4fa4-a97d-d965ccfc6d4b" outcome="Passed" testListId="8c84fa94-04c1-424b-9868-57a2d4851a1d" relativeResultsDirectory="29ebe026-15e4-4486-be01-d4a9615c9476" />
[...]
    <TestEntry testId="936931c6-b32e-a0e4-cf1d-0d514069a367" executionId="0c91ac80-9c9f-40c2-8ad7-e80a82d15950" testListId="8c84fa94-04c1-424b-9868-57a2d4851a1d" />
    <TestEntry testId="3c06bf6e-18ec-bb97-ea25-1bf42101f051" executionId="31cf72ad-e15d-47a1-8b4a-751b1ddcb178" testListId="8c84fa94-04c1-424b-9868-57a2d4851a1d" />
    <TestEntry testId="2e266af4-035f-145f-9e82-82600ee6ca3b" executionId="b6e0fdef-25f1-428e-8917-a5f94e06235d" testListId="8c84fa94-04c1-424b-9868-57a2d4851a1d" />
    <TestEntry testId="a75b2a47-4f61-3e89-2102-a4645a7f10ce" executionId="15b9c483-2ebb-470b-90e5-09308183292d" testListId="8c84fa94-04c1-424b-9868-57a2d4851a1d" />
    <TestEntry testId="116b8b92-65e4-1138-98cc-dbd79851b6cd" executionId="3e0d7ae2-3f14-4169-a0e5-30cf93e92964" testListId="8c84fa94-04c1-424b-9868-57a2d4851a1d" />
    <TestEntry testId="c29ce090-9206-a319-10af-7bd39df6a03c" executionId="d8435d12-ca2f-4b99-a9bb-fb36449e6341" testListId="8c84fa94-04c1-424b-9868-57a2d4851a1d" />
    <TestEntry testId="a03d97a7-4689-950c-f065-a47a2d28ab81" executionId="82f6d2a1-d4f3-4278-81fb-311a463fdd88" testListId="8c84fa94-04c1-424b-9868-57a2d4851a1d" />
    <TestEntry testId="8210f557-fa9a-0d46-17d8-625b0ca2514e" executionId="63373f0b-2d9f-42da-a4d1-aa68bfcb4918" testListId="8c84fa94-04c1-424b-9868-57a2d4851a1d" />
    <TestEntry testId="3e2827c1-9b6d-916f-2276-954de32507b0" executionId="9661c5e8-6b0a-4a81-9e62-a8631c826a6e" testListId="8c84fa94-04c1-424b-9868-57a2d4851a1d" />
    <TestEntry testId="47f89341-20cc-01e6-fe60-51d647029147" executionId="32ad8c9c-29dc-4303-a440-e29d31cdebff" testListId="8c84fa94-04c1-424b-9868-57a2d4851a1d" />
    <TestEntry testId="e680269a-63c4-97ee-56b9-6d74aa1a8956" executionId="d207aa3b-49e4-488f-b292-d70f491cc11f" testListId="8c84fa94-04c1-424b-9868-57a2d4851a1d" />
    <TestEntry testId="de246dd0-766f-a18a-49a2-fb5de3db4eae" executionId="3e7a3a86-b61a-4599-b1ae-943ed5902039" testListId="8c84fa94-04c1-424b-9868-57a2d4851a1d" />
    <TestEntry testId="2467c571-d727-1f65-3f42-6dde7a1d6b8b" executionId="11397b60-74b8-4ab1-ad27-8d8c0fd0f7e9" testListId="8c84fa94-04c1-424b-9868-57a2d4851a1d" />
    <TestEntry testId="93d5f3a8-69d2-5890-7428-ab83308f27b0" executionId="8f18e0db-2114-4b43-b454-74ae198aea2d" testListId="8c84fa94-04c1-424b-9868-57a2d4851a1d" />
    <TestEntry testId="bb736b15-6f4a-6e8b-dad9-e64a520211c0" executionId="dc6591cd-4778-4d2e-845e-b65d29d24654" testListId="8c84fa94-04c1-424b-9868-57a2d4851a1d" />
    <TestEntry testId="d5c8dbbc-2ee9-00d2-d330-c2333f7c4fc2" executionId="316de3e6-2288-4e8e-ae5a-36e2b37d4ba4" testListId="8c84fa94-04c1-424b-9868-57a2d4851a1d" />
    <TestEntry testId="b0420ef5-c352-f6f1-688d-395ab5eecf29" executionId="9cf1e5fc-e414-470a-9958-e2ff8e93441e" testListId="8c84fa94-04c1-424b-9868-57a2d4851a1d" />
    <TestEntry testId="39dadb55-f14a-070b-b25a-df47767358c0" executionId="1e85b504-aa75-4ca3-b430-6d5f00e6ce5d" testListId="8c84fa94-04c1-424b-9868-57a2d4851a1d" />
    <TestEntry testId="b56cdcd8-7b00-3944-d49e-c0beaa2facce" executionId="f30131d6-7ffe-4143-9816-f9935090c932" testListId="8c84fa94-04c1-424b-9868-57a2d4851a1d" />
    <TestEntry testId="32d3bd23-bdf5-a0de-d17f-dd20fb6d1176" executionId="07e7f29a-239b-4a92-b6d3-238c392475c3" testListId="8c84fa94-04c1-424b-9868-57a2d4851a1d" />
    <TestEntry testId="41407235-a4a4-4510-19ae-d3a816841dd9" executionId="8463ac60-ee4c-4790-be89-fc7d1f5f4792" testListId="8c84fa94-04c1-424b-9868-57a2d4851a1d" />
    <TestEntry testId="6b9b0d0f-4f45-a00a-09dc-8d1f7622db65" executionId="382a88a9-4f82-4762-bf36-f60e4f11fffc" testListId="8c84fa94-04c1-424b-9868-57a2d4851a1d" />
    <TestEntry testId="b2461411-433f-5a8c-a0a2-98a4aaa13208" executionId="f11b5861-9664-4de9-a1e4-97489bc83d5f" testListId="8c84fa94-04c1-424b-9868-57a2d4851a1d" />
    <TestEntry testId="972eb3b6-52eb-3727-f842-2ca80a5163bd" executionId="d487548b-85cf-4281-9a09-b7216c10cbdf" testListId="8c84fa94-04c1-424b-9868-57a2d4851a1d" />
    <TestEntry testId="92a499ac-0638-0afe-6c25-9ef69e9a1c4e" executionId="7fc6fff0-c0dd-48a0-995c-935ee0593f32" testListId="8c84fa94-04c1-424b-9868-57a2d4851a1d" />
    <TestEntry testId="dadc7ea5-b63d-4dcd-5408-e0e62315f987" executionId="7596859d-729a-4a09-bb34-fa41c3cc7041" testListId="8c84fa94-04c1-424b-9868-57a2d4851a1d" />
    <TestEntry testId="beb600c2-593c-327d-1cb1-1eefb6757380" executionId="29ebe026-15e4-4486-be01-d4a9615c9476" testListId="8c84fa94-04c1-424b-9868-57a2d4851a1d" />
    <TestEntry testId="49285c78-d65c-4c79-8070-1a65f21f9744" executionId="0a968a6c-65b3-4ab4-8740-d14881f3e69e" testListId="8c84fa94-04c1-424b-9868-57a2d4851a1d" />
    <TestEntry testId="a1d121eb-04d1-c176-a16a-6cd9cdc9a930" executionId="0d93c484-c64c-4013-95a8-54a5e4e6f65c" testListId="8c84fa94-04c1-424b-9868-57a2d4851a1d" />
    <TestEntry testId="69062bd1-eb88-1939-d218-d1e9f2cef89c" executionId="e12d3b98-243a-4321-822e-141a600f3f13" testListId="8c84fa94-04c1-424b-9868-57a2d4851a1d" />
    <TestEntry testId="db92b0b0-ecc3-6754-2836-9f5d069c179f" executionId="4318c1bf-208a-4c61-b81c-5606a8101a44" testListId="8c84fa94-04c1-424b-9868-57a2d4851a1d" />
    <TestEntry testId="53b9ba72-f5f4-a12d-d2eb-8e43aa2f51ea" executionId="b012dda0-876c-44cc-b46f-f745b3b1adae" testListId="8c84fa94-04c1-424b-9868-57a2d4851a1d" />
    <TestEntry testId="e335aba5-fbe0-3cc4-fb3c-46eaed5eba1d" executionId="e999f819-595c-4ca4-8051-604a325ea7eb" testListId="8c84fa94-04c1-424b-9868-57a2d4851a1d" />
    <TestEntry testId="80c39096-e67d-0082-af50-8d8421ea3275" executionId="b66e170e-906a-460a-ac3b-5f0d2e30058e" testListId="8c84fa94-04c1-424b-9868-57a2d4851a1d" />
    <TestEntry testId="d64fcbc5-d9f4-ad38-5be6-674dff621f2f" executionId="e0320b42-be65-48c4-b244-b1a4233c2fda" testListId="8c84fa94-04c1-424b-9868-57a2d4851a1d" />
    <TestEntry testId="7efdaff2-3a34-d971-4b82-ea2170d2b15e" executionId="77ddaad7-e5e0-456a-b839-afe38556f83a" testListId="8c84fa94-04c1-424b-9868-57a2d4851a1d" />
    <TestEntry testId="0ad3fb3e-94eb-6c39-1edb-2f72a32ad9c5" executionId="d9182a5a-9d53-4595-9c7b-7ae43a7353fe" testListId="8c84fa94-04c1-424b-9868-57a2d4851a1d" />
    <TestEntry testId="926d9205-a852-2329-fa80-ce2aa2f9f78c" executionId="4a846a21-adf1-4b04-b452-255e2f2f5a01" testListId="8c84fa94-04c1-424b-9868-57a2d4851a1d" />
    <TestEntry testId="fa213826-b598-bf10-ca26-27af13445688" executionId="63189953-4c0c-4875-86b7-ed4a7f649cb3" testListId="8c84fa94-04c1-424b-9868-57a2d4851a1d" />
    <TestEntry testId="4b21f696-1903-2d80-aa73-20bd4bf187df" executionId="5314228c-334a-41ec-9142-298d38120aa6" testListId="8c84fa94-04c1-424b-9868-57a2d4851a1d" />
    <TestEntry testId="4e2f4e0a-f398-30aa-5ce8-9efc063f8b42" executionId="686267d8-e9bf-495a-83bb-10146ec3e632" testListId="8c84fa94-04c1-424b-9868-57a2d4851a1d" />
    <TestEntry testId="a18b094b-85c2-830a-2029-0432d70e7fd0" executionId="5032a3c8-b3de-4273-8d91-1334871fcf5d" testListId="8c84fa94-04c1-424b-9868-57a2d4851a1d" />
    <TestEntry testId="24041b33-28c8-6412-cf2d-727b45c662d2" executionId="c756e69d-7115-4a4a-987e-f8140221ceb3" testListId="8c84fa94-04c1-424b-9868-57a2d4851a1d" />
    <TestEntry testId="95f19b10-a9ed-8fff-601f-18b28946461f" executionId="9ca64cce-bd5e-4345-9b8a-1254c926eeb7" testListId="8c84fa94-04c1-424b-9868-57a2d4851a1d" />
    <TestEntry testId="ecb4347c-7596-4e44-fe6c-7555f402fb6b" executionId="25463414-4be4-43a9-9cc7-4a0f59ab3928" testListId="8c84fa94-04c1-424b-9868-57a2d4851a1d" />
    <TestEntry testId="5feb3e31-fc87-d7ca-5ae0-a5d96453d562" executionId="8ac3c61e-9330-48e7-bea2-e069672c10f7" testListId="8c84fa94-04c1-424b-9868-57a2d4851a1d" />
    <TestEntry testId="655d20f2-9190-7b1e-aa93-21045cf4a09a" executionId="67669cc6-bdbc-4680-b7ff-4f9554c6586f" testListId="8c84fa94-04c1-424b-9868-57a2d4851a1d" />
    <TestEntry testId="988bf651-af0d-db7c-9c63-fb3af2cee67d" executionId="a82456d4-7114-4794-8f02-68b69d71acb0" testListId="8c84fa94-04c1-424b-9868-57a2d4851a1d" />
    <TestEntry testId="12e58d36-d81f-8503-1dc8-a1eec073c885" executionId="0c0cdfd3-3089-4484-89ac-334ba9e061a8" testListId="8c84fa94-04c1-424b-9868-57a2d4851a1d" />
    <TestEntry testId="7789c185-b741-9a07-533c-bf39b9c882ff" executionId="221e8384-b5a0-4afc-aa16-cc7fdae4ca00" testListId="8c84fa94-04c1-424b-9868-57a2d4851a1d" />
    <TestEntry testId="d8ae4d62-6e99-1b01-3e7e-ac647e417cc3" executionId="feb6000d-7623-4462-b207-59c2f56fccac" testListId="8c84fa94-04c1-424b-9868-57a2d4851a1d" />
    <TestEntry testId="4a9a37ae-3df4-0e7e-4928-80cc05497120" executionId="9c4b24ad-ef77-471a-ac8e-9083b9f2ea7d" testListId="8c84fa94-04c1-424b-9868-57a2d4851a1d" />
    <TestEntry testId="327f3f47-399d-d243-0973-72919d6564cd" executionId="3f594520-9d22-4d6a-b753-5c00b3e923b4" testListId="8c84fa94-04c1-424b-9868-57a2d4851a1d" />
    <TestEntry testId="51c73cb2-f36f-a641-3ef0-dec6bdb6fcf5" executionId="017c86f3-ca62-426d-a9eb-c7544b04f758" testListId="8c84fa94-04c1-424b-9868-57a2d4851a1d" />
    <TestEntry testId="4d25d075-0dac-869e-78dc-47cf8989d33d" executionId="15a9d27d-e8da-45c7-95c3-8fe773051b25" testListId="8c84fa94-04c1-424b-9868-57a2d4851a1d" />
    <TestEntry testId="a82ae64b-ad89-70cf-e376-31be51999518" executionId="0d31d308-88ac-44b7-b91f-af0349f61182" testListId="8c84fa94-04c1-424b-9868-57a2d4851a1d" />
    <TestEntry testId="3472bcd9-c225-d984-250e-e2166bc66237" executionId="ca6ee69f-5140-4215-b9e6-047ca55fc37c" testListId="8c84fa94-04c1-424b-9868-57a2d4851a1d" />
    <TestEntry testId="4ba638fd-1825-7f42-6fff-f991fab15c30" executionId="ff2606f9-35c3-4c25-b09c-913cb325538e" testListId="8c84fa94-04c1-424b-9868-57a2d4851a1d" />
    <TestEntry testId="4de94fa4-f6fd-da19-84a6-410d144d0333" executionId="7586dedd-6316-4a64-a79d-b62e01fcf221" testListId="8c84fa94-04c1-424b-9868-57a2d4851a1d" />
    <TestEntry testId="a9d07bcb-3013-f0e0-0109-3179df1f9693" executionId="ceccbbaa-49bd-45b3-afaf-16fabdf5f3de" testListId="8c84fa94-04c1-424b-9868-57a2d4851a1d" />
    <TestEntry testId="30c2a29e-0204-c237-0028-a7c69aca2c42" executionId="6bc8d2c7-d372-405e-954d-5b074b9b8180" testListId="8c84fa94-04c1-424b-9868-57a2d4851a1d" />
    <TestEntry testId="dac52b96-45c7-1c8e-6a48-1da93cdd497a" executionId="e0981718-2058-41d6-8013-2289580f23af" testListId="8c84fa94-04c1-424b-9868-57a2d4851a1d" />
    <TestEntry testId="c6ee38ee-82e8-0a54-4e4a-bd6d3285eef5" executionId="53696a98-d873-4109-8965-65b244e816e8" testListId="8c84fa94-04c1-424b-9868-57a2d4851a1d" />
    <TestEntry testId="900440d4-6a29-7954-c780-39d5ae19bfa7" executionId="85931254-7dbd-4d1f-85a6-51ce724c14a8" testListId="8c84fa94-04c1-424b-9868-57a2d4851a1d" />
    <TestEntry testId="f49ad48e-f71f-2fa5-f49b-2d55b705b67d" executionId="672d3841-71fc-4241-b1ae-a7e2303a0f13" testListId="8c84fa94-04c1-424b-9868-57a2d4851a1d" />
    <TestEntry testId="785370fb-2a7e-3437-0d19-9bec65b7318b" executionId="83236cb5-d770-4d7f-9dcd-3f0fdac7efef" testListId="8c84fa94-04c1-424b-9868-57a2d4851a1d" />
    <TestEntry testId="32ea6a97-24c8-643d-fe72-588970ddd602" executionId="337c963d-3783-456c-900d-7f94a1472b23" testListId="8c84fa94-04c1-424b-9868-57a2d4851a1d" />
    <TestEntry testId="7ba1631b-8f63-1594-d4b6-e75524c07887" executionId="2bc0d850-64bb-430f-b196-78df936ec405" testListId="8c84fa94-04c1-424b-9868-57a2d4851a1d" />
    <TestEntry testId="e2764151-67e9-fe2c-5423-05eb12545611" executionId="031389bf-edfd-4f2b-9b2f-160c2bcbca00" testListId="8c84fa94-04c1-424b-9868-57a2d4851a1d" />
    <TestEntry testId="41b9e34e-784f-d6aa-6281-e69bc02dcf66" executionId="ec1001e0-a954-4146-b18e-9149f73a4976" testListId="8c84fa94-04c1-424b-9868-57a2d4851a1d" />
    <TestEntry testId="03a18720-3a69-b8d7-f1c2-9e1779bd138b" executionId="f93f54ae-27f3-45a2-8cf3-b4c36324e878" testListId="8c84fa94-04c1-424b-9868-57a2d4851a1d" />
    <TestEntry testId="bcd905a8-48a9-2549-8ada-382ca656aa90" executionId="8f89adf2-6541-4378-8a79-4a8e624c81b5" testListId="8c84fa94-04c1-424b-9868-57a2d4851a1d" />
    <TestEntry testId="397dc6a1-07e6-4759-024c-9c2320549fc6" executionId="dbc74d0c-da67-4c92-94a6-b73f1a6db2c9" testListId="8c84fa94-04c1-424b-9868-57a2d4851a1d" />
    <TestEntry testId="60fca5d1-09ea-b706-5e33-0141ee4ae326" executionId="f191ac02-4430-4e22-b9a6-118deb1038c3" testListId="8c84fa94-04c1-424b-9868-57a2d4851a1d" />
    <TestEntry testId="7e837d32-0dd9-20f3-39a4-b95aa6a35f44" executionId="43d07a57-6c1c-4b39-a7e1-883156a321bb" testListId="8c84fa94-04c1-424b-9868-57a2d4851a1d" />
    <TestEntry testId="02318e37-6bd6-aa6e-cc7a-0004ca50de35" executionId="dca0a874-ea65-4695-984c-7968bc41a8ee" testListId="8c84fa94-04c1-424b-9868-57a2d4851a1d" />
    <TestEntry testId="7af7ed76-5d47-07b1-549c-cdd932c4ea45" executionId="bc8ac78c-1dd2-4e20-816c-d94eb5a83d6f" testListId="8c84fa94-04c1-424b-9868-57a2d4851a1d" />
    <TestEntry testId="203b7453-ca4d-a25b-db71-b35e5079a831" executionId="7d4a086e-dc25-4d3c-80cf-efbca56446ea" testListId="8c84fa94-04c1-424b-9868-57a2d4851a1d" />
    <TestEntry testId="bb6a968e-4030-8d82-cf9a-71ae6f3d9c1c" executionId="4c9d872b-a9bb-4617-b8ff-a3f240af32db" testListId="8c84fa94-04c1-424b-9868-57a2d4851a1d" />
    <TestEntry testId="d350613f-4fbe-ca19-2a97-c4dd9c5f6fe9" executionId="6d2f53f8-6847-44b8-b79a-f1f3ab32730a" testListId="8c84fa94-04c1-424b-9868-57a2d4851a1d" />
    <TestEntry testId="6ff55573-cc52-571f-6728-66434e496c49" executionId="6a2d5114-457e-4cc8-9e93-250dc5e7bbf1" testListId="8c84fa94-04c1-424b-9868-57a2d4851a1d" />
    <TestEntry testId="21f82c58-85b0-e61a-6ba9-c635eac292c0" executionId="e6d2e80a-f09b-4043-a708-dd2cb6f6f576" testListId="8c84fa94-04c1-424b-9868-57a2d4851a1d" />
    <TestEntry testId="6266ded1-8b97-194a-9317-56bb02c57433" executionId="5bc4053a-aa18-40d0-8dd9-74e95a089406" testListId="8c84fa94-04c1-424b-9868-57a2d4851a1d" />
    <TestEntry testId="917c88fe-2f97-3b8f-3bbb-cfdd96a4cb91" executionId="39a2ea10-c7c8-4c65-ba1b-8c95df6cec2b" testListId="8c84fa94-04c1-424b-9868-57a2d4851a1d" />
    <TestEntry testId="dea4d4e4-108d-de87-5d58-5b7299d6d480" executionId="f9c4b93a-b780-4e8a-ab81-9cc60177df9d" testListId="8c84fa94-04c1-424b-9868-57a2d4851a1d" />
    <TestEntry testId="8cf99616-cc99-99ed-e81d-fc598e8a3423" executionId="eba94e7d-3fa2-4756-8e70-2616059a10ad" testListId="8c84fa94-04c1-424b-9868-57a2d4851a1d" />
    <TestEntry testId="f6a58928-d7b7-6778-4fe1-c809cbb73a26" executionId="fb05f244-b1a1-4e6d-b297-2781b095a1b7" testListId="8c84fa94-04c1-424b-9868-57a2d4851a1d" />
    <TestEntry testId="97a6ca45-ff84-62ce-5697-1ea8811a8c5c" executionId="ba12815a-2f43-45cb-8c6c-ec6219f0a9ef" testListId="8c84fa94-04c1-424b-9868-57a2d4851a1d" />
    <TestEntry testId="fd0a11f1-1fe1-72d1-da64-15abfd6e05f4" executionId="1b337a54-10d5-48b3-8fd9-90d0ad1c7203" testListId="8c84fa94-04c1-424b-9868-57a2d4851a1d" />
    <TestEntry testId="faa2ce43-f5f4-a044-75a3-9cafba6323ff" executionId="cd7c0ff1-3f46-4c15-accf-619341151c1f" testListId="8c84fa94-04c1-424b-9868-57a2d4851a1d" />
    <TestEntry testId="816247f0-1329-4429-e289-7be04c1b167f" executionId="7ff911d9-e890-415f-8e40-2294ec151ca1" testListId="8c84fa94-04c1-424b-9868-57a2d4851a1d" />
    <TestEntry testId="5ed550f4-f1e9-6b83-a81c-16d07db66624" executionId="949edd84-cce7-4cd5-a7b1-8379d8f942d5" testListId="8c84fa94-04c1-424b-9868-57a2d4851a1d" />
    <TestEntry testId="903f0098-4a87-9fa0-96b4-f5f603ee780f" executionId="8ed7710c-7682-477f-b9ce-52c29eeafddc" testListId="8c84fa94-04c1-424b-9868-57a2d4851a1d" />
    <TestEntry testId="871be442-1385-d579-ba5c-4f27cbd0a69b" executionId="22ce1430-6791-471c-9e55-3862150189d6" testListId="8c84fa94-04c1-424b-9868-57a2d4851a1d" />
    <TestEntry testId="1e3e8814-57c4-5ccd-0a10-a5a92a14ca3c" executionId="ad770c53-4cfb-4cc4-b519-6a9c75e0c9e9" testListId="8c84fa94-04c1-424b-9868-57a2d4851a1d" />
    <TestEntry testId="e99b692a-300e-7268-a792-6019235b59c3" executionId="72118436-4a17-44bf-b730-131a233ee244" testListId="8c84fa94-04c1-424b-9868-57a2d4851a1d" />
    <TestEntry testId="48068daf-0ecb-a18e-d73c-4c67373058b8" executionId="88a02750-41ca-46ed-9222-8eb36813e6c2" testListId="8c84fa94-04c1-424b-9868-57a2d4851a1d" />
    <TestEntry testId="765ef568-a026-9b37-3a92-29d213ff3666" executionId="1afd9cfd-51c2-472c-bf57-b049f06300e2" testListId="8c84fa94-04c1-424b-9868-57a2d4851a1d" />
    <TestEntry testId="e2c44e4c-b58c-8b3f-5391-e6c39337daea" executionId="747271c1-240b-4493-8b14-f75a7f228890" testListId="8c84fa94-04c1-424b-9868-57a2d4851a1d" />
    <TestEntry testId="8a45045b-1cc0-2956-4687-fe07d7e558b8" executionId="024d6f4c-33de-4249-9890-efb7def5f132" testListId="8c84fa94-04c1-424b-9868-57a2d4851a1d" />
    <TestEntry testId="e84774bb-94a8-e7b2-09ba-77b0e67016fb" executionId="c66dec90-25ab-4726-9a61-996396be79bb" testListId="8c84fa94-04c1-424b-9868-57a2d4851a1d" />
    <TestEntry testId="d8ccd62d-3b21-f28e-acd2-dbf11e26f5da" executionId="fd6bd1cc-2055-42e6-83f3-16d074e046f3" testListId="8c84fa94-04c1-424b-9868-57a2d4851a1d" />
    <TestEntry testId="b3475a07-4fcb-e11d-af74-5c81800001f6" executionId="3dd5f9b8-759c-488b-9263-25f7cd2ed5bd" testListId="8c84fa94-04c1-424b-9868-57a2d4851a1d" />
    <TestEntry testId="0cc2f69a-031e-174f-f365-40874c0b07fb" executionId="85bf7b60-c197-4788-86df-e810f3035bf1" testListId="8c84fa94-04c1-424b-9868-57a2d4851a1d" />
    <TestEntry testId="89a07979-1441-c479-91a7-cd31c95d93a4" executionId="3a81f914-5aff-444a-ba59-871c127d4fdb" testListId="8c84fa94-04c1-424b-9868-57a2d4851a1d" />
    <TestEntry testId="0660e406-6bf9-35ac-3141-b5b4a8cdc2f0" executionId="6ac4fc49-85c5-4baa-8e59-58aeca0b5665" testListId="8c84fa94-04c1-424b-9868-57a2d4851a1d" />
    <TestEntry testId="fd05c287-84b5-6c6c-d94b-1cfb4d5a5be2" executionId="d222efba-b5cf-40fa-b0a5-8be9726974e6" testListId="8c84fa94-04c1-424b-9868-57a2d4851a1d" />
    <TestEntry testId="ca786cc3-36b8-04a6-7fdc-86254812c177" executionId="a8f132ba-11c7-4c43-904c-d4adfc426738" testListId="8c84fa94-04c1-424b-9868-57a2d4851a1d" />
    <TestEntry testId="b2be5964-9472-d8b8-f990-7c8ad10e53ba" executionId="aaec6f6c-c59c-4f2e-825a-a40ef197f2c3" testListId="8c84fa94-04c1-424b-9868-57a2d4851a1d" />
    <TestEntry testId="85fcd89b-fd1e-0a91-5f94-c291bb0aba64" executionId="fbc94945-c73a-47ec-9ef9-d4e86fa0e3b4" testListId="8c84fa94-04c1-424b-9868-57a2d4851a1d" />
    <TestEntry testId="8c305ce8-6557-15e3-15b2-7ed69754d0c3" executionId="76195ebc-82d6-4503-8036-26024ffe6bc9" testListId="8c84fa94-04c1-424b-9868-57a2d4851a1d" />
    <TestEntry testId="84e1303c-1fe0-8c6c-f8d9-ba39a9b2518b" executionId="1aa3bddf-a000-49b5-8507-c01e57ef80e2" testListId="8c84fa94-04c1-424b-9868-57a2d4851a1d" />
    <TestEntry testId="2721e222-30f3-0b21-b932-5c1048b9b55c" executionId="38f82639-744d-4508-996e-06c969f89de4" testListId="8c84fa94-04c1-424b-9868-57a2d4851a1d" />
    <TestEntry testId="eacbb71c-5d09-5473-4ac2-f2d58349d3d1" executionId="1d85aec3-91e7-41c3-81b4-cc56b715cb27" testListId="8c84fa94-04c1-424b-9868-57a2d4851a1d" />
    <TestEntry testId="59e03544-c232-efaf-2e4d-32973742b6be" executionId="bad17924-81b4-4ba5-b588-6624ca17f136" testListId="8c84fa94-04c1-424b-9868-57a2d4851a1d" />
  </TestEntries>
  <TestLists>
    <TestList name="Results Not in a List" id="8c84fa94-04c1-424b-9868-57a2d4851a1d" />
    <TestList name="All Loaded Results" id="19431567-8539-422a-85d7-44ee4e166bda" />
  </TestLists>
  <ResultSummary outcome="Completed">
    <Counters total="229" executed="229" passed="229" failed="0" error="0" timeout="0" aborted="0" inconclusive="0" passedButRunAborted="0" notRunnable="0" notExecuted="0" disconnected="0" warning="0" completed="0" inProgress="0" pending="0" />
    <Output>
      <StdOut>[xUnit.net 00:00:00.00] xUnit.net VSTest Adapter v3.1.5+1b188a7b0a (64-bit .NET 10.0.11)
[xUnit.net 00:00:00.05]   Discovering: FS.GG.SDD.Cli.Tests
[xUnit.net 00:00:00.09]   Discovered:  FS.GG.SDD.Cli.Tests
[xUnit.net 00:00:00.11]   Starting:    FS.GG.SDD.Cli.Tests
[xUnit.net 00:00:13.37]   Finished:    FS.GG.SDD.Cli.Tests
</StdOut>
    </Output>
  </ResultSummary>
</TestRun>