<?xml version="1.0" encoding="utf-8"?>
<TestRun id="83e85b6c-2320-49a9-bbbd-157770d0bcc4" name="@780ae460ce3c 2026-08-30 11:51:20" xmlns="http://microsoft.com/schemas/VisualStudio/TeamTest/2010">
  <Times creation="2026-08-30T11:51:20.3818593+02:00" queuing="2026-08-30T11:51:20.3818593+02:00" start="2026-08-30T11:51:06.2973899+02:00" finish="2026-08-30T11:51:35.4575985+02:00" />
  <TestSettings name="default" id="6a61e0b7-6b93-4f26-b853-a8771202d851">
    <Deployment runDeploymentRoot="_780ae460ce3c_2026-08-30_11_51_20" />
  </TestSettings>
  <Results>
    <UnitTestResult executionId="bae44e38-d902-4137-a656-15a9726100ec" testId="340d97b9-4e45-e2a5-afab-ca7d18d9cc5d" testName="FS.GG.SDD.Acceptance.Tests.RegistryResolverTests.default mode appends the registry path to GITHUB_ENV and the drift sha to the step summary" computerName="780ae460ce3c" duration="00:00:00.0068004" startTime="2026-08-30T11:51:31.1904024+02:00" endTime="2026-08-30T11:51:31.1971402+02:00" testType="13cdc9d9-ddb5-4fa4-a97d-d965ccfc6d4b" outcome="Passed" testListId="8c84fa94-04c1-424b-9868-57a2d4851a1d" relativeResultsDirectory="bae44e38-d902-4137-a656-15a9726100ec" />
    <UnitTestResult executionId="e22d52d6-d351-4a35-a098-0355c8d5ed49" testId="10129ba8-ea28-c463-c457-91ed71a91b24" testName="FS.GG.SDD.Acceptance.Tests.ProbeResolutionTests.runToCompletion is bounded when a grandchild still holds the pipes after the child exits" computerName="780ae460ce3c" duration="00:00:05.0029611" startTime="2026-08-30T11:51:26.1588103+02:00" endTime="2026-08-30T11:51:31.1617558+02:00" testType="13cdc9d9-ddb5-4fa4-a97d-d965ccfc6d4b" outcome="Passed" testListId="8c84fa94-04c1-424b-9868-57a2d4851a1d" relativeResultsDirectory="e22d52d6-d351-4a35-a098-0355c8d5ed49" />
    <UnitTestResult executionId="767e97a6-3d70-4638-b3b5-b8d0220754f4" testId="debb8f1e-13bb-f63f-a08b-093e0e685ee6" testName="FS.GG.SDD.Acceptance.Tests.WorkBoardScaffoldAcceptanceTests.the shipped padd-item skill targets only the configured board and fails without mutation when wiring is missing" computerName="780ae460ce3c" duration="00:00:00.0001406" startTime="2026-08-30T11:51:34.0185087+02:00" endTime="2026-08-30T11:51:34.0185198+02:00" testType="13cdc9d9-ddb5-4fa4-a97d-d965ccfc6d4b" outcome="Passed" testListId="8c84fa94-04c1-424b-9868-57a2d4851a1d" relativeResultsDirectory="767e97a6-3d70-4638-b3b5-b8d0220754f4" />
    <UnitTestResult executionId="865f3d8f-aec0-4d6d-ad0f-44d3a877c26a" testId="aec8d945-1da8-42f5-a77a-83daa656267f" testName="FS.GG.SDD.Acceptance.Tests.RegistryResolverTests.dispatch source materializes content verbatim and the file sha matches the advertised" computerName="780ae460ce3c" duration="00:00:00.0068431" startTime="2026-08-30T11:51:31.1680644+02:00" endTime="2026-08-30T11:51:31.1748413+02:00" testType="13cdc9d9-ddb5-4fa4-a97d-d965ccfc6d4b" outcome="Passed" testListId="8c84fa94-04c1-424b-9868-57a2d4851a1d" relativeResultsDirectory="865f3d8f-aec0-4d6d-ad0f-44d3a877c26a" />
    <UnitTestResult executionId="50c22d78-a00d-47cf-96ec-29a21abbbdf5" testId="93f44e30-3252-dbfb-baff-39798062b47b" testName="FS.GG.SDD.Acceptance.Tests.CompositionAcceptanceTests.providerFailed splits into skip and fail by diagnostic" computerName="780ae460ce3c" duration="00:00:00.0008826" startTime="2026-08-30T11:51:20.3748960+02:00" endTime="2026-08-30T11:51:20.3749065+02:00" testType="13cdc9d9-ddb5-4fa4-a97d-d965ccfc6d4b" outcome="Passed" testListId="8c84fa94-04c1-424b-9868-57a2d4851a1d" relativeResultsDirectory="50c22d78-a00d-47cf-96ec-29a21abbbdf5" />
    <UnitTestResult executionId="b5dda53d-fbe1-40c3-9580-d62c870d8a77" testId="9673926a-2b94-e57a-4999-0c92e59407b5" testName="FS.GG.SDD.Acceptance.Tests.ProbeResolutionTests.resolveRunCommand declared is Some of the declared command at root" computerName="780ae460ce3c" duration="00:00:00.0002433" startTime="2026-08-30T11:51:31.1621712+02:00" endTime="2026-08-30T11:51:31.1621904+02:00" testType="13cdc9d9-ddb5-4fa4-a97d-d965ccfc6d4b" outcome="Passed" testListId="8c84fa94-04c1-424b-9868-57a2d4851a1d" relativeResultsDirectory="b5dda53d-fbe1-40c3-9580-d62c870d8a77" />
    <UnitTestResult executionId="0ac74ce3-1770-4ab1-b112-6d825d5a5a73" testId="b81a06fb-76a1-9559-e370-b43c6d90d2a9" testName="FS.GG.SDD.Acceptance.Tests.CompositionAcceptanceTests.env-unset registry skips with no document" computerName="780ae460ce3c" duration="00:00:00.0003624" startTime="2026-08-30T11:51:20.3779070+02:00" endTime="2026-08-30T11:51:20.3779240+02:00" testType="13cdc9d9-ddb5-4fa4-a97d-d965ccfc6d4b" outcome="Passed" testListId="8c84fa94-04c1-424b-9868-57a2d4851a1d" relativeResultsDirectory="0ac74ce3-1770-4ab1-b112-6d825d5a5a73" />
    <UnitTestResult executionId="fa815151-cdbc-4052-a7f3-9265f61c387e" testId="a3671615-ce7b-fbcc-6f0d-a521907048ff" testName="FS.GG.SDD.Acceptance.Tests.WorkBoardScaffoldAcceptanceTests.a fresh product scaffold carries each routed work-board body byte-identically in both runtime roots(id: &quot;work-board-best&quot;)" computerName="780ae460ce3c" duration="00:00:01.3950603" startTime="2026-08-30T11:51:32.6233835+02:00" endTime="2026-08-30T11:51:34.0183809+02:00" testType="13cdc9d9-ddb5-4fa4-a97d-d965ccfc6d4b" outcome="Passed" testListId="8c84fa94-04c1-424b-9868-57a2d4851a1d" relativeResultsDirectory="fa815151-cdbc-4052-a7f3-9265f61c387e" />
    <UnitTestResult executionId="d7faa80b-5f09-4857-93db-7e86a4284e2b" testId="039ba848-fd47-3417-a085-845c8b41e808" testName="FS.GG.SDD.Acceptance.Tests.ProbeResolutionTests.runProbe does not report a child that exited holding pipes as a healthy running app" computerName="780ae460ce3c" duration="00:00:05.0027419" startTime="2026-08-30T11:51:21.1553768+02:00" endTime="2026-08-30T11:51:26.1580991+02:00" testType="13cdc9d9-ddb5-4fa4-a97d-d965ccfc6d4b" outcome="Passed" testListId="8c84fa94-04c1-424b-9868-57a2d4851a1d" relativeResultsDirectory="d7faa80b-5f09-4857-93db-7e86a4284e2b" />
    <UnitTestResult executionId="ff91f33a-1b97-4f8b-8c0a-791f0b43ac8b" testId="e07ce153-e7f5-5dcb-59c7-ccc288c3d231" testName="FS.GG.SDD.Acceptance.Tests.ProbeResolutionTests.resolveBuildCommand None is dotnet build at root" computerName="780ae460ce3c" duration="00:00:00.0001289" startTime="2026-08-30T11:51:31.1630020+02:00" endTime="2026-08-30T11:51:31.1630608+02:00" testType="13cdc9d9-ddb5-4fa4-a97d-d965ccfc6d4b" outcome="Passed" testListId="8c84fa94-04c1-424b-9868-57a2d4851a1d" relativeResultsDirectory="ff91f33a-1b97-4f8b-8c0a-791f0b43ac8b" />
    <UnitTestResult executionId="17527aae-9c54-4e8b-b3d7-e2d5b9e03974" testId="afe7f316-de50-9fab-41ec-f2cb13ef69d6" testName="FS.GG.SDD.Acceptance.Tests.ProbeResolutionTests.descriptor with no declared build or run resolves to the dotnet defaults" computerName="780ae460ce3c" duration="00:00:00.0005888" startTime="2026-08-30T11:51:20.3825912+02:00" endTime="2026-08-30T11:51:20.3831021+02:00" testType="13cdc9d9-ddb5-4fa4-a97d-d965ccfc6d4b" outcome="Passed" testListId="8c84fa94-04c1-424b-9868-57a2d4851a1d" relativeResultsDirectory="17527aae-9c54-4e8b-b3d7-e2d5b9e03974" />
    <UnitTestResult executionId="87ec6e11-dea8-4e89-9ae5-5463e5d76bd6" testId="ad2f4672-a91e-43cc-0123-25541dccce5b" testName="FS.GG.SDD.Acceptance.Tests.CompositionAcceptanceTests.two runs with the same inputs yield byte-identical bodies" computerName="780ae460ce3c" duration="00:00:00.0010000" startTime="2026-08-30T11:51:20.3743195+02:00" endTime="2026-08-30T11:51:20.3743903+02:00" testType="13cdc9d9-ddb5-4fa4-a97d-d965ccfc6d4b" outcome="NotExecuted" testListId="8c84fa94-04c1-424b-9868-57a2d4851a1d" relativeResultsDirectory="87ec6e11-dea8-4e89-9ae5-5463e5d76bd6">
      <Output>
        <ErrorInfo>
          <Message>FSGG_SDD_ACCEPTANCE_REGISTRY is unset; the composition acceptance is opt-in and network-gated.</Message>
        </ErrorInfo>
      </Output>
    </UnitTestResult>
    <UnitTestResult executionId="73233331-6af6-408d-9039-b4e8ef16acea" testId="89d970e3-5025-9b70-7d31-ccaa8c7687c7" testName="FS.GG.SDD.Acceptance.Tests.RegistryResolverTests.secret content is materialized when it is the only source (precedence 3)" computerName="780ae460ce3c" duration="00:00:00.0037560" startTime="2026-08-30T11:51:31.1749469+02:00" endTime="2026-08-30T11:51:31.1786439+02:00" testType="13cdc9d9-ddb5-4fa4-a97d-d965ccfc6d4b" outcome="Passed" testListId="8c84fa94-04c1-424b-9868-57a2d4851a1d" relativeResultsDirectory="73233331-6af6-408d-9039-b4e8ef16acea" />
    <UnitTestResult executionId="b215697c-4d8d-4dd0-b8e1-8a1bd856e32b" testId="cc6ddf7a-7804-c963-cddc-fb68a1fc61e2" testName="FS.GG.SDD.Acceptance.Tests.CompositionAcceptanceTests.real rendering composition is coherent end to end" computerName="780ae460ce3c" duration="00:00:00.0010000" startTime="2026-08-30T11:51:20.3746029+02:00" endTime="2026-08-30T11:51:20.3746162+02:00" testType="13cdc9d9-ddb5-4fa4-a97d-d965ccfc6d4b" outcome="NotExecuted" testListId="8c84fa94-04c1-424b-9868-57a2d4851a1d" relativeResultsDirectory="b215697c-4d8d-4dd0-b8e1-8a1bd856e32b">
      <Output>
        <ErrorInfo>
          <Message>FSGG_SDD_ACCEPTANCE_REGISTRY is unset; the composition acceptance is opt-in and network-gated.</Message>
        </ErrorInfo>
      </Output>
    </UnitTestResult>
    <UnitTestResult executionId="0e0ec300-a1ec-4bbe-a443-02a2bbcf6f66" testId="d5e6fdd1-4573-08b8-e199-c030479e6812" testName="FS.GG.SDD.Acceptance.Tests.ScheduledAcceptanceWorkflowTests.offline provider facts retain an explicit capability skip" computerName="780ae460ce3c" duration="00:00:00.0000657" startTime="2026-08-30T11:51:31.1642658+02:00" endTime="2026-08-30T11:51:31.1642779+02:00" testType="13cdc9d9-ddb5-4fa4-a97d-d965ccfc6d4b" outcome="Passed" testListId="8c84fa94-04c1-424b-9868-57a2d4851a1d" relativeResultsDirectory="0e0ec300-a1ec-4bbe-a443-02a2bbcf6f66" />
    <UnitTestResult executionId="5e954454-8af4-49db-a491-fd3ee8e5835a" testId="2cbdaaf3-be3a-20cb-b6f3-da55748eaaca" testName="FS.GG.SDD.Acceptance.Tests.RegistryResolverTests.no source at all fails closed (unchanged from today)" computerName="780ae460ce3c" duration="00:00:00.0019811" startTime="2026-08-30T11:51:31.1972092+02:00" endTime="2026-08-30T11:51:31.1991385+02:00" testType="13cdc9d9-ddb5-4fa4-a97d-d965ccfc6d4b" outcome="Passed" testListId="8c84fa94-04c1-424b-9868-57a2d4851a1d" relativeResultsDirectory="5e954454-8af4-49db-a491-fd3ee8e5835a" />
    <UnitTestResult executionId="25b28e40-e1fa-4cec-81b5-457a0130d2cd" testId="a2b3bd15-b9ad-5b68-a145-e9d475c37992" testName="FS.GG.SDD.Acceptance.Tests.WorkBoardScaffoldAcceptanceTests.a fresh product scaffold carries each routed work-board body byte-identically in both runtime roots(id: &quot;work-board-normal&quot;)" computerName="780ae460ce3c" duration="00:00:01.4234408" startTime="2026-08-30T11:51:31.1997763+02:00" endTime="2026-08-30T11:51:32.6232586+02:00" testType="13cdc9d9-ddb5-4fa4-a97d-d965ccfc6d4b" outcome="Passed" testListId="8c84fa94-04c1-424b-9868-57a2d4851a1d" relativeResultsDirectory="25b28e40-e1fa-4cec-81b5-457a0130d2cd" />
    <UnitTestResult executionId="b74c7253-ee4e-4d06-85ef-f5d8f1c415da" testId="be16c792-d85e-d4e5-424a-eb9e5c422ffc" testName="FS.GG.SDD.Acceptance.Tests.RegistryResolverTests.dispatch with empty content fails closed" computerName="780ae460ce3c" duration="00:00:00.0022070" startTime="2026-08-30T11:51:31.1882983+02:00" endTime="2026-08-30T11:51:31.1903054+02:00" testType="13cdc9d9-ddb5-4fa4-a97d-d965ccfc6d4b" outcome="Passed" testListId="8c84fa94-04c1-424b-9868-57a2d4851a1d" relativeResultsDirectory="b74c7253-ee4e-4d06-85ef-f5d8f1c415da" />
    <UnitTestResult executionId="63280daf-43cd-41e5-8643-df78316cef87" testId="ac367409-e3dc-e87e-85a3-4112df45a27b" testName="FS.GG.SDD.Acceptance.Tests.CompositionAcceptanceTests.unavailable provider resolves to skip-unavailable" computerName="780ae460ce3c" duration="00:00:00.0010000" startTime="2026-08-30T11:51:20.3781495+02:00" endTime="2026-08-30T11:51:20.3781608+02:00" testType="13cdc9d9-ddb5-4fa4-a97d-d965ccfc6d4b" outcome="NotExecuted" testListId="8c84fa94-04c1-424b-9868-57a2d4851a1d" relativeResultsDirectory="63280daf-43cd-41e5-8643-df78316cef87">
      <Output>
        <ErrorInfo>
          <Message>FSGG_SDD_ACCEPTANCE_REGISTRY is unset; the composition acceptance is opt-in and network-gated.</Message>
        </ErrorInfo>
      </Output>
    </UnitTestResult>
    <UnitTestResult executionId="ef45fa49-8f56-4548-be83-fa7b8bef3585" testId="e6b850d7-61ba-eec3-3dfb-3b81545cda03" testName="FS.GG.SDD.Acceptance.Tests.ProbeResolutionTests.resolveBuildCommand declared invokes the declared command never dotnet" computerName="780ae460ce3c" duration="00:00:00.0001588" startTime="2026-08-30T11:51:20.3855994+02:00" endTime="2026-08-30T11:51:20.3857185+02:00" testType="13cdc9d9-ddb5-4fa4-a97d-d965ccfc6d4b" outcome="Passed" testListId="8c84fa94-04c1-424b-9868-57a2d4851a1d" relativeResultsDirectory="ef45fa49-8f56-4548-be83-fa7b8bef3585" />
    <UnitTestResult executionId="4496cd67-1037-4ea7-9975-36628170694d" testId="27dcddae-0cb8-acd3-27fe-de294945351c" testName="FS.GG.SDD.Acceptance.Tests.ProbeResolutionTests.buildProbe declared executes the Synthetic command and reflects its exit" computerName="780ae460ce3c" duration="00:00:00.0007750" startTime="2026-08-30T11:51:31.1622753+02:00" endTime="2026-08-30T11:51:31.1628824+02:00" testType="13cdc9d9-ddb5-4fa4-a97d-d965ccfc6d4b" outcome="Passed" testListId="8c84fa94-04c1-424b-9868-57a2d4851a1d" relativeResultsDirectory="4496cd67-1037-4ea7-9975-36628170694d" />
    <UnitTestResult executionId="3edf4e51-3ad5-4d19-9601-ecc409763e3c" testId="44906f0b-1424-2632-ebf6-3504a3b26bae" testName="FS.GG.SDD.Acceptance.Tests.PolyglotLifecycleAcceptanceTests.one lifecycle imports real TRX and JUnit reports without a language taxonomy" computerName="780ae460ce3c" duration="00:00:13.7505359" startTime="2026-08-30T11:51:06.6090400+02:00" endTime="2026-08-30T11:51:20.3632772+02:00" testType="13cdc9d9-ddb5-4fa4-a97d-d965ccfc6d4b" outcome="Passed" testListId="8c84fa94-04c1-424b-9868-57a2d4851a1d" relativeResultsDirectory="3edf4e51-3ad5-4d19-9601-ecc409763e3c" />
    <UnitTestResult executionId="1813b70e-be05-44bc-82e4-e562926a4ca8" testId="4ff64246-bb73-c864-04aa-74e724e50022" testName="FS.GG.SDD.Acceptance.Tests.CompositionAcceptanceTests.descriptor resolve-and-bind selects the declared build and run commands" computerName="780ae460ce3c" duration="00:00:00.0010367" startTime="2026-08-30T11:51:20.3749757+02:00" endTime="2026-08-30T11:51:20.3749886+02:00" testType="13cdc9d9-ddb5-4fa4-a97d-d965ccfc6d4b" outcome="Passed" testListId="8c84fa94-04c1-424b-9868-57a2d4851a1d" relativeResultsDirectory="1813b70e-be05-44bc-82e4-e562926a4ca8" />
    <UnitTestResult executionId="42675e54-7c71-4880-9165-cbb624540762" testId="e092d10d-77eb-6355-9500-66be19bae403" testName="FS.GG.SDD.Acceptance.Tests.CompositionAcceptanceTests.override-free composition records the provider's sdd lifecycle default" computerName="780ae460ce3c" duration="00:00:00.0010000" startTime="2026-08-30T11:51:20.3725050+02:00" endTime="2026-08-30T11:51:20.3726909+02:00" testType="13cdc9d9-ddb5-4fa4-a97d-d965ccfc6d4b" outcome="NotExecuted" testListId="8c84fa94-04c1-424b-9868-57a2d4851a1d" relativeResultsDirectory="42675e54-7c71-4880-9165-cbb624540762">
      <Output>
        <ErrorInfo>
          <Message>FSGG_SDD_ACCEPTANCE_REGISTRY is unset; the composition acceptance is opt-in and network-gated.</Message>
        </ErrorInfo>
      </Output>
    </UnitTestResult>
    <UnitTestResult executionId="9619f26d-9a8a-4f9f-a7ed-9eadf9e07c6f" testId="bdb2e49f-a09b-ddb9-fdfa-76803914ea66" testName="FS.GG.SDD.Acceptance.Tests.ProbeResolutionTests.Synthetic missing executable yields a could-not-start ProbeResult" computerName="780ae460ce3c" duration="00:00:00.0005038" startTime="2026-08-30T11:51:26.1584419+02:00" endTime="2026-08-30T11:51:26.1586771+02:00" testType="13cdc9d9-ddb5-4fa4-a97d-d965ccfc6d4b" outcome="Passed" testListId="8c84fa94-04c1-424b-9868-57a2d4851a1d" relativeResultsDirectory="9619f26d-9a8a-4f9f-a7ed-9eadf9e07c6f" />
    <UnitTestResult executionId="55295410-e5c0-4e25-bea1-ab3187fa1d78" testId="006c2aa8-f892-b1d2-072a-a9d577d66eef" testName="FS.GG.SDD.Acceptance.Tests.ProbeResolutionTests.discoverRunnableProject is deterministic ordinal-first" computerName="780ae460ce3c" duration="00:00:00.0010481" startTime="2026-08-30T11:51:20.3805905+02:00" endTime="2026-08-30T11:51:20.3815787+02:00" testType="13cdc9d9-ddb5-4fa4-a97d-d965ccfc6d4b" outcome="Passed" testListId="8c84fa94-04c1-424b-9868-57a2d4851a1d" relativeResultsDirectory="55295410-e5c0-4e25-bea1-ab3187fa1d78" />
    <UnitTestResult executionId="cfb8ff57-7016-46d8-8d3b-c1bf6913a1b7" testId="3bd12610-6f5b-6d52-1006-7f991e63a5cb" testName="FS.GG.SDD.Acceptance.Tests.ProbeResolutionTests.default ProbeCommand tokens are the generic dotnet set only" computerName="780ae460ce3c" duration="00:00:00.0017370" startTime="2026-08-30T11:51:20.3831767+02:00" endTime="2026-08-30T11:51:20.3848810+02:00" testType="13cdc9d9-ddb5-4fa4-a97d-d965ccfc6d4b" outcome="Passed" testListId="8c84fa94-04c1-424b-9868-57a2d4851a1d" relativeResultsDirectory="cfb8ff57-7016-46d8-8d3b-c1bf6913a1b7" />
    <UnitTestResult executionId="bcb6e7ad-deff-4509-b2bd-2417c8648c1e" testId="ae3ea52b-ab3b-e014-c459-14ef02f2a942" testName="FS.GG.SDD.Acceptance.Tests.RegistryResolverTests.manual input path overrides dispatch and secret (precedence 1)" computerName="780ae460ce3c" duration="00:00:00.0035584" startTime="2026-08-30T11:51:31.1643788+02:00" endTime="2026-08-30T11:51:31.1679420+02:00" testType="13cdc9d9-ddb5-4fa4-a97d-d965ccfc6d4b" outcome="Passed" testListId="8c84fa94-04c1-424b-9868-57a2d4851a1d" relativeResultsDirectory="bcb6e7ad-deff-4509-b2bd-2417c8648c1e" />
    <UnitTestResult executionId="cb0b46c0-b7e8-4827-b310-e439e3a6f03a" testId="04136a42-e567-a294-7a17-cbf5fd8811d3" testName="FS.GG.SDD.Acceptance.Tests.CompositionAcceptanceTests.the hyphenated smoke request forwards the descriptor-resolved name key" computerName="780ae460ce3c" duration="00:00:00.0024559" startTime="2026-08-30T11:51:20.3747260+02:00" endTime="2026-08-30T11:51:20.3747455+02:00" testType="13cdc9d9-ddb5-4fa4-a97d-d965ccfc6d4b" outcome="Passed" testListId="8c84fa94-04c1-424b-9868-57a2d4851a1d" relativeResultsDirectory="cb0b46c0-b7e8-4827-b310-e439e3a6f03a" />
    <UnitTestResult executionId="ba6feaaf-ba93-4507-ba34-cb406ffefebf" testId="3f049ec7-c70a-d3c7-618e-77aadf7c04fd" testName="FS.GG.SDD.Acceptance.Tests.CompositionAcceptanceTests.omitted registry maps to a config-error fail" computerName="780ae460ce3c" duration="00:00:00.0032802" startTime="2026-08-30T11:51:20.3782644+02:00" endTime="2026-08-30T11:51:20.3782760+02:00" testType="13cdc9d9-ddb5-4fa4-a97d-d965ccfc6d4b" outcome="Passed" testListId="8c84fa94-04c1-424b-9868-57a2d4851a1d" relativeResultsDirectory="ba6feaaf-ba93-4507-ba34-cb406ffefebf" />
    <UnitTestResult executionId="beeadb97-c0eb-4d27-aca6-cebd9556cdbe" testId="ac98a8b5-0a26-6f72-ad12-f395f90c6377" testName="FS.GG.SDD.Acceptance.Tests.ScheduledAcceptanceWorkflowTests.scheduled lane always reaches the fail-closed registry resolver and provider facts" computerName="780ae460ce3c" duration="00:00:00.0006104" startTime="2026-08-30T11:51:31.1635752+02:00" endTime="2026-08-30T11:51:31.1641668+02:00" testType="13cdc9d9-ddb5-4fa4-a97d-d965ccfc6d4b" outcome="Passed" testListId="8c84fa94-04c1-424b-9868-57a2d4851a1d" relativeResultsDirectory="beeadb97-c0eb-4d27-aca6-cebd9556cdbe" />
    <UnitTestResult executionId="1f799922-a8f4-4944-a09d-0cac585d0297" testId="78af8ec1-beef-bfab-dab4-d2292e6aeabe" testName="FS.GG.SDD.Acceptance.Tests.ProbeResolutionTests.Synthetic non-zero exit yields a started non-zero ProbeResult" computerName="780ae460ce3c" duration="00:00:00.0013937" startTime="2026-08-30T11:51:20.3793182+02:00" endTime="2026-08-30T11:51:20.3805043+02:00" testType="13cdc9d9-ddb5-4fa4-a97d-d965ccfc6d4b" outcome="Passed" testListId="8c84fa94-04c1-424b-9868-57a2d4851a1d" relativeResultsDirectory="1f799922-a8f4-4944-a09d-0cac585d0297" />
    <UnitTestResult executionId="1b8559cd-57b1-49ab-93b0-fbae694349ae" testId="ed935c2b-816e-35f0-b2c3-0d10cece218b" testName="FS.GG.SDD.Acceptance.Tests.CompositionAcceptanceTests.the skeleton-shape surface accounts for all seeded skill files" computerName="780ae460ce3c" duration="00:00:00.0014101" startTime="2026-08-30T11:51:20.3717977+02:00" endTime="2026-08-30T11:51:20.3718514+02:00" testType="13cdc9d9-ddb5-4fa4-a97d-d965ccfc6d4b" outcome="Passed" testListId="8c84fa94-04c1-424b-9868-57a2d4851a1d" relativeResultsDirectory="1b8559cd-57b1-49ab-93b0-fbae694349ae" />
    <UnitTestResult executionId="80616ad2-3ab4-441b-8f24-3de915970375" testId="72d9c30f-4dd4-6681-e743-2a98042efe74" testName="FS.GG.SDD.Acceptance.Tests.ProbeResolutionTests.runProbe honors the descriptor's declared command and starts no dotnet" computerName="780ae460ce3c" duration="00:00:00.0006283" startTime="2026-08-30T11:51:20.3849687+02:00" endTime="2026-08-30T11:51:20.3855296+02:00" testType="13cdc9d9-ddb5-4fa4-a97d-d965ccfc6d4b" outcome="Passed" testListId="8c84fa94-04c1-424b-9868-57a2d4851a1d" relativeResultsDirectory="80616ad2-3ab4-441b-8f24-3de915970375" />
    <UnitTestResult executionId="4ea6361b-7040-4893-a86c-28b75298cf63" testId="d814d512-5082-e6ff-1687-56f26b4a951e" testName="FS.GG.SDD.Acceptance.Tests.CompositionAcceptanceTests.the override-free composition request carries no parameter" computerName="780ae460ce3c" duration="00:00:00.0001981" startTime="2026-08-30T11:51:20.3748174+02:00" endTime="2026-08-30T11:51:20.3748288+02:00" testType="13cdc9d9-ddb5-4fa4-a97d-d965ccfc6d4b" outcome="Passed" testListId="8c84fa94-04c1-424b-9868-57a2d4851a1d" relativeResultsDirectory="4ea6361b-7040-4893-a86c-28b75298cf63" />
    <UnitTestResult executionId="720cb6e6-6d07-4e02-8e63-8f5293b60f01" testId="0bf7357e-ca34-2cb5-e735-a799a03d392a" testName="FS.GG.SDD.Acceptance.Tests.CompositionAcceptanceTests.hyphenated scaffold name builds and tests green" computerName="780ae460ce3c" duration="00:00:00.0010000" startTime="2026-08-30T11:51:20.3780152+02:00" endTime="2026-08-30T11:51:20.3780279+02:00" testType="13cdc9d9-ddb5-4fa4-a97d-d965ccfc6d4b" outcome="NotExecuted" testListId="8c84fa94-04c1-424b-9868-57a2d4851a1d" relativeResultsDirectory="720cb6e6-6d07-4e02-8e63-8f5293b60f01">
      <Output>
        <ErrorInfo>
          <Message>FSGG_SDD_ACCEPTANCE_REGISTRY is unset; the composition acceptance is opt-in and network-gated.</Message>
        </ErrorInfo>
      </Output>
    </UnitTestResult>
    <UnitTestResult executionId="f49e9afa-a0d9-43e0-98df-999eac11218c" testId="d2a7e1f3-6542-cc07-8201-f60f29efe833" testName="FS.GG.SDD.Acceptance.Tests.ProbeResolutionTests.resolveRunCommand None is dotnet run --project discovered at root" computerName="780ae460ce3c" duration="00:00:00.0003326" startTime="2026-08-30T11:51:21.1550869+02:00" endTime="2026-08-30T11:51:21.1552346+02:00" testType="13cdc9d9-ddb5-4fa4-a97d-d965ccfc6d4b" outcome="Passed" testListId="8c84fa94-04c1-424b-9868-57a2d4851a1d" relativeResultsDirectory="f49e9afa-a0d9-43e0-98df-999eac11218c" />
    <UnitTestResult executionId="a3e12ef3-6422-43b3-ad7f-14c2031e3838" testId="c8f652f2-5b48-3b61-7c73-771b3df5c5e9" testName="FS.GG.SDD.Acceptance.Tests.CompositionAcceptanceTests.verdict resolution keys on the outcome+diagnostic pair" computerName="780ae460ce3c" duration="00:00:00.0004179" startTime="2026-08-30T11:51:20.3783451+02:00" endTime="2026-08-30T11:51:20.3783560+02:00" testType="13cdc9d9-ddb5-4fa4-a97d-d965ccfc6d4b" outcome="Passed" testListId="8c84fa94-04c1-424b-9868-57a2d4851a1d" relativeResultsDirectory="a3e12ef3-6422-43b3-ad7f-14c2031e3838" />
    <UnitTestResult executionId="a013f28c-14bb-433d-972b-aa40f475eaed" testId="855c01d1-cde7-ad8b-126a-052a5dea7412" testName="FS.GG.SDD.Acceptance.Tests.WorkBoardScaffoldAcceptanceTests.a fresh product scaffold carries the exact package-delivered padd-item body in both runtime roots" computerName="780ae460ce3c" duration="00:00:01.3794017" startTime="2026-08-30T11:51:34.0185818+02:00" endTime="2026-08-30T11:51:35.3979994+02:00" testType="13cdc9d9-ddb5-4fa4-a97d-d965ccfc6d4b" outcome="Passed" testListId="8c84fa94-04c1-424b-9868-57a2d4851a1d" relativeResultsDirectory="a013f28c-14bb-433d-972b-aa40f475eaed" />
    <UnitTestResult executionId="dc70f175-b21e-4ccd-9361-1d00ff0d7537" testId="48567f3d-fd39-1642-8d18-76a73d26d804" testName="FS.GG.SDD.Acceptance.Tests.ProbeResolutionTests.blank declared executable resolves to the default(blank: &quot;   &quot;)" computerName="780ae460ce3c" duration="00:00:00.0002374" startTime="2026-08-30T11:51:20.3860557+02:00" endTime="2026-08-30T11:51:20.3862657+02:00" testType="13cdc9d9-ddb5-4fa4-a97d-d965ccfc6d4b" outcome="Passed" testListId="8c84fa94-04c1-424b-9868-57a2d4851a1d" relativeResultsDirectory="dc70f175-b21e-4ccd-9361-1d00ff0d7537" />
    <UnitTestResult executionId="33e3758e-ac31-4baf-ac0a-2a67374eaa98" testId="92a5a20c-c9a7-e604-fdbc-53ac85b4973f" testName="FS.GG.SDD.Acceptance.Tests.ProbeResolutionTests.Synthetic hanging command is killed at its bound with a timeout diagnostic" computerName="780ae460ce3c" duration="00:00:00.7684210" startTime="2026-08-30T11:51:20.3865641+02:00" endTime="2026-08-30T11:51:21.1548509+02:00" testType="13cdc9d9-ddb5-4fa4-a97d-d965ccfc6d4b" outcome="Passed" testListId="8c84fa94-04c1-424b-9868-57a2d4851a1d" relativeResultsDirectory="33e3758e-ac31-4baf-ac0a-2a67374eaa98" />
    <UnitTestResult executionId="dc07c10e-bbb5-46f3-a362-45a07a454c8c" testId="622329fe-6802-a47f-a835-9cc30ab115bc" testName="FS.GG.SDD.Acceptance.Tests.RegistryResolverTests.dispatch whose recomputed sha differs from the advertised fails closed" computerName="780ae460ce3c" duration="00:00:00.0081362" startTime="2026-08-30T11:51:31.1789257+02:00" endTime="2026-08-30T11:51:31.1868313+02:00" testType="13cdc9d9-ddb5-4fa4-a97d-d965ccfc6d4b" outcome="Passed" testListId="8c84fa94-04c1-424b-9868-57a2d4851a1d" relativeResultsDirectory="dc07c10e-bbb5-46f3-a362-45a07a454c8c" />
    <UnitTestResult executionId="4267be04-653b-4ca4-861b-c856427462dc" testId="e5d86937-5c11-622d-2b1f-c0074e41844a" testName="FS.GG.SDD.Acceptance.Tests.ProbeResolutionTests.blank declared executable resolves to the default(blank: &quot;&quot;)" computerName="780ae460ce3c" duration="00:00:00.0002573" startTime="2026-08-30T11:51:20.3857940+02:00" endTime="2026-08-30T11:51:20.3860060+02:00" testType="13cdc9d9-ddb5-4fa4-a97d-d965ccfc6d4b" outcome="Passed" testListId="8c84fa94-04c1-424b-9868-57a2d4851a1d" relativeResultsDirectory="4267be04-653b-4ca4-861b-c856427462dc" />
    <UnitTestResult executionId="a89cce5e-460a-4760-b7a0-ad09fd616a75" testId="2f16cfaf-42c5-61a6-aac0-a20a3a6256fa" testName="FS.GG.SDD.Acceptance.Tests.ScheduledAcceptanceWorkflowTests.default real-provider product root is a stable valid identifier shape" computerName="780ae460ce3c" duration="00:00:00.0002279" startTime="2026-08-30T11:51:31.1633002+02:00" endTime="2026-08-30T11:51:31.1635129+02:00" testType="13cdc9d9-ddb5-4fa4-a97d-d965ccfc6d4b" outcome="Passed" testListId="8c84fa94-04c1-424b-9868-57a2d4851a1d" relativeResultsDirectory="a89cce5e-460a-4760-b7a0-ad09fd616a75" />
    <UnitTestResult executionId="84c84e3b-38f7-419c-ab36-3ea86853ac07" testId="0e26ab4d-0e37-a0ca-ae03-7f1dc23b7444" testName="FS.GG.SDD.Acceptance.Tests.WorkBoardScaffoldAcceptanceTests.the shipped work-board skill documents its host loop and immediate status reporting" computerName="780ae460ce3c" duration="00:00:00.0003310" startTime="2026-08-30T11:51:31.1993836+02:00" endTime="2026-08-30T11:51:31.1997146+02:00" testType="13cdc9d9-ddb5-4fa4-a97d-d965ccfc6d4b" outcome="Passed" testListId="8c84fa94-04c1-424b-9868-57a2d4851a1d" relativeResultsDirectory="84c84e3b-38f7-419c-ab36-3ea86853ac07" />
    <UnitTestResult executionId="5bd17fa2-c919-4546-b4e3-ebb5299180ad" testId="ba900ab2-bbd5-5c49-710e-bbd3c770dc1e" testName="FS.GG.SDD.Acceptance.Tests.CompositionAcceptanceTests.acceptance project carries no Governance reference" computerName="780ae460ce3c" duration="00:00:00.0002888" startTime="2026-08-30T11:51:20.3785068+02:00" endTime="2026-08-30T11:51:20.3785179+02:00" testType="13cdc9d9-ddb5-4fa4-a97d-d965ccfc6d4b" outcome="Passed" testListId="8c84fa94-04c1-424b-9868-57a2d4851a1d" relativeResultsDirectory="5bd17fa2-c919-4546-b4e3-ebb5299180ad" />
    <UnitTestResult executionId="29e50add-c8b8-494c-a0ca-84bd5f83d48f" testId="21972767-3be3-3523-c9e6-f654ba8a1beb" testName="FS.GG.SDD.Acceptance.Tests.ProbeResolutionTests.runProbe declared executes the Synthetic command and reflects its exit" computerName="780ae460ce3c" duration="00:00:00.0008658" startTime="2026-08-30T11:51:20.3816526+02:00" endTime="2026-08-30T11:51:20.3824957+02:00" testType="13cdc9d9-ddb5-4fa4-a97d-d965ccfc6d4b" outcome="Passed" testListId="8c84fa94-04c1-424b-9868-57a2d4851a1d" relativeResultsDirectory="29e50add-c8b8-494c-a0ca-84bd5f83d48f" />
    <UnitTestResult executionId="caa9848b-f7b2-4506-91f7-a97d4a8a26c1" testId="a45be463-8313-f309-e1a8-abd8100e1dec" testName="FS.GG.SDD.Acceptance.Tests.ProbeResolutionTests.buildProbe honors the descriptor's declared command and starts no dotnet" computerName="780ae460ce3c" duration="00:00:00.0010825" startTime="2026-08-30T11:51:20.3787158+02:00" endTime="2026-08-30T11:51:20.3790754+02:00" testType="13cdc9d9-ddb5-4fa4-a97d-d965ccfc6d4b" outcome="Passed" testListId="8c84fa94-04c1-424b-9868-57a2d4851a1d" relativeResultsDirectory="caa9848b-f7b2-4506-91f7-a97d4a8a26c1" />
    <UnitTestResult executionId="2b9b57b0-1916-47c2-997e-23db79bd7ce0" testId="7fea8b39-a13a-c04e-d76e-328ac2bde15c" testName="FS.GG.SDD.Acceptance.Tests.CompositionAcceptanceTests.result schema golden is byte-exact with the sensed block normalized" computerName="780ae460ce3c" duration="00:00:00.0009513" startTime="2026-08-30T11:51:20.3723334+02:00" endTime="2026-08-30T11:51:20.3723466+02:00" testType="13cdc9d9-ddb5-4fa4-a97d-d965ccfc6d4b" outcome="Passed" testListId="8c84fa94-04c1-424b-9868-57a2d4851a1d" relativeResultsDirectory="2b9b57b0-1916-47c2-997e-23db79bd7ce0" />
    <UnitTestResult executionId="7251dfab-5507-475f-bd49-c835dbef0031" testId="ca4c135d-17c6-ae7b-8375-4d1049251db5" testName="FS.GG.SDD.Acceptance.Tests.CompositionAcceptanceTests.the fixed composition request passes no explicit starter parameter" computerName="780ae460ce3c" duration="00:00:00.0001586" startTime="2026-08-30T11:51:20.3784261+02:00" endTime="2026-08-30T11:51:20.3784402+02:00" testType="13cdc9d9-ddb5-4fa4-a97d-d965ccfc6d4b" outcome="Passed" testListId="8c84fa94-04c1-424b-9868-57a2d4851a1d" relativeResultsDirectory="7251dfab-5507-475f-bd49-c835dbef0031" />
    <UnitTestResult executionId="17294c96-f364-49b9-b48f-13ad114f0157" testId="8204f6a4-1cb3-a597-6b25-60e7d5afb36b" testName="FS.GG.SDD.Acceptance.Tests.ProbeResolutionTests.empty product discovers no project and run default is None" computerName="780ae460ce3c" duration="00:00:00.0011869" startTime="2026-08-30T11:51:20.3786384+02:00" endTime="2026-08-30T11:51:20.3786495+02:00" testType="13cdc9d9-ddb5-4fa4-a97d-d965ccfc6d4b" outcome="Passed" testListId="8c84fa94-04c1-424b-9868-57a2d4851a1d" relativeResultsDirectory="17294c96-f364-49b9-b48f-13ad114f0157" />
  </Results>
  <TestDefinitions>
    <UnitTest name="FS.GG.SDD.Acceptance.Tests.ProbeResolutionTests.resolveBuildCommand None is dotnet build at root" storage="/tmp/fsgg-sdd-944-v39tis/tests/fs.gg.sdd.acceptance.tests/bin/release/net10.0/fs.gg.sdd.acceptance.tests.dll" id="e07ce153-e7f5-5dcb-59c7-ccc288c3d231">
      <Execution id="ff91f33a-1b97-4f8b-8c0a-791f0b43ac8b" />
      <TestMethod codeBase="/tmp/fsgg-sdd-944-v39tIs/tests/FS.GG.SDD.Acceptance.Tests/bin/Release/net10.0/FS.GG.SDD.Acceptance.Tests.dll" adapterTypeName="executor://xunit/VsTestRunner3/netcore/" className="FS.GG.SDD.Acceptance.Tests.ProbeResolutionTests" name="resolveBuildCommand None is dotnet build at root" />
    </UnitTest>
    <UnitTest name="FS.GG.SDD.Acceptance.Tests.CompositionAcceptanceTests.env-unset registry skips with no document" storage="/tmp/fsgg-sdd-944-v39tis/tests/fs.gg.sdd.acceptance.tests/bin/release/net10.0/fs.gg.sdd.acceptance.tests.dll" id="b81a06fb-76a1-9559-e370-b43c6d90d2a9">
      <Execution id="0ac74ce3-1770-4ab1-b112-6d825d5a5a73" />
      <TestMethod codeBase="/tmp/fsgg-sdd-944-v39tIs/tests/FS.GG.SDD.Acceptance.Tests/bin/Release/net10.0/FS.GG.SDD.Acceptance.Tests.dll" adapterTypeName="executor://xunit/VsTestRunner3/netcore/" className="FS.GG.SDD.Acceptance.Tests.CompositionAcceptanceTests" name="env-unset registry skips with no document" />
    </UnitTest>
    <UnitTest name="FS.GG.SDD.Acceptance.Tests.RegistryResolverTests.dispatch with empty content fails closed" storage="/tmp/fsgg-sdd-944-v39tis/tests/fs.gg.sdd.acceptance.tests/bin/release/net10.0/fs.gg.sdd.acceptance.tests.dll" id="be16c792-d85e-d4e5-424a-eb9e5c422ffc">
      <Execution id="b74c7253-ee4e-4d06-85ef-f5d8f1c415da" />
      <TestMethod codeBase="/tmp/fsgg-sdd-944-v39tIs/tests/FS.GG.SDD.Acceptance.Tests/bin/Release/net10.0/FS.GG.SDD.Acceptance.Tests.dll" adapterTypeName="executor://xunit/VsTestRunner3/netcore/" className="FS.GG.SDD.Acceptance.Tests.RegistryResolverTests" name="dispatch with empty content fails closed" />
    </UnitTest>
    <UnitTest name="FS.GG.SDD.Acceptance.Tests.WorkBoardScaffoldAcceptanceTests.a fresh product scaffold carries the exact package-delivered padd-item body in both runtime roots" storage="/tmp/fsgg-sdd-944-v39tis/tests/fs.gg.sdd.acceptance.tests/bin/release/net10.0/fs.gg.sdd.acceptance.tests.dll" id="855c01d1-cde7-ad8b-126a-052a5dea7412">
      <Execution id="a013f28c-14bb-433d-972b-aa40f475eaed" />
      <TestMethod codeBase="/tmp/fsgg-sdd-944-v39tIs/tests/FS.GG.SDD.Acceptance.Tests/bin/Release/net10.0/FS.GG.SDD.Acceptance.Tests.dll" adapterTypeName="executor://xunit/VsTestRunner3/netcore/" className="FS.GG.SDD.Acceptance.Tests.WorkBoardScaffoldAcceptanceTests" name="a fresh product scaffold carries the exact package-delivered padd-item body in both runtime roots" />
    </UnitTest>
    <UnitTest name="FS.GG.SDD.Acceptance.Tests.CompositionAcceptanceTests.unavailable provider resolves to skip-unavailable" storage="/tmp/fsgg-sdd-944-v39tis/tests/fs.gg.sdd.acceptance.tests/bin/release/net10.0/fs.gg.sdd.acceptance.tests.dll" id="ac367409-e3dc-e87e-85a3-4112df45a27b">
      <Execution id="63280daf-43cd-41e5-8643-df78316cef87" />
      <TestMethod codeBase="/tmp/fsgg-sdd-944-v39tIs/tests/FS.GG.SDD.Acceptance.Tests/bin/Release/net10.0/FS.GG.SDD.Acceptance.Tests.dll" adapterTypeName="executor://xunit/VsTestRunner3/netcore/" className="FS.GG.SDD.Acceptance.Tests.CompositionAcceptanceTests" name="unavailable provider resolves to skip-unavailable" />
    </UnitTest>
    <UnitTest name="FS.GG.SDD.Acceptance.Tests.CompositionAcceptanceTests.the hyphenated smoke request forwards the descriptor-resolved name key" storage="/tmp/fsgg-sdd-944-v39tis/tests/fs.gg.sdd.acceptance.tests/bin/release/net10.0/fs.gg.sdd.acceptance.tests.dll" id="04136a42-e567-a294-7a17-cbf5fd8811d3">
      <Execution id="cb0b46c0-b7e8-4827-b310-e439e3a6f03a" />
      <TestMethod codeBase="/tmp/fsgg-sdd-944-v39tIs/tests/FS.GG.SDD.Acceptance.Tests/bin/Release/net10.0/FS.GG.SDD.Acceptance.Tests.dll" adapterTypeName="executor://xunit/VsTestRunner3/netcore/" className="FS.GG.SDD.Acceptance.Tests.CompositionAcceptanceTests" name="the hyphenated smoke request forwards the descriptor-resolved name key" />
    </UnitTest>
    <UnitTest name="FS.GG.SDD.Acceptance.Tests.ScheduledAcceptanceWorkflowTests.default real-provider product root is a stable valid identifier shape" storage="/tmp/fsgg-sdd-944-v39tis/tests/fs.gg.sdd.acceptance.tests/bin/release/net10.0/fs.gg.sdd.acceptance.tests.dll" id="2f16cfaf-42c5-61a6-aac0-a20a3a6256fa">
      <Execution id="a89cce5e-460a-4760-b7a0-ad09fd616a75" />
      <TestMethod codeBase="/tmp/fsgg-sdd-944-v39tIs/tests/FS.GG.SDD.Acceptance.Tests/bin/Release/net10.0/FS.GG.SDD.Acceptance.Tests.dll" adapterTypeName="executor://xunit/VsTestRunner3/netcore/" className="FS.GG.SDD.Acceptance.Tests.ScheduledAcceptanceWorkflowTests" name="default real-provider product root is a stable valid identifier shape" />
    </UnitTest>
    <UnitTest name="FS.GG.SDD.Acceptance.Tests.CompositionAcceptanceTests.override-free composition records the provider's sdd lifecycle default" storage="/tmp/fsgg-sdd-944-v39tis/tests/fs.gg.sdd.acceptance.tests/bin/release/net10.0/fs.gg.sdd.acceptance.tests.dll" id="e092d10d-77eb-6355-9500-66be19bae403">
      <Execution id="42675e54-7c71-4880-9165-cbb624540762" />
      <TestMethod codeBase="/tmp/fsgg-sdd-944-v39tIs/tests/FS.GG.SDD.Acceptance.Tests/bin/Release/net10.0/FS.GG.SDD.Acceptance.Tests.dll" adapterTypeName="executor://xunit/VsTestRunner3/netcore/" className="FS.GG.SDD.Acceptance.Tests.CompositionAcceptanceTests" name="override-free composition records the provider's sdd lifecycle default" />
    </UnitTest>
    <UnitTest name="FS.GG.SDD.Acceptance.Tests.CompositionAcceptanceTests.the skeleton-shape surface accounts for all seeded skill files" storage="/tmp/fsgg-sdd-944-v39tis/tests/fs.gg.sdd.acceptance.tests/bin/release/net10.0/fs.gg.sdd.acceptance.tests.dll" id="ed935c2b-816e-35f0-b2c3-0d10cece218b">
      <Execution id="1b8559cd-57b1-49ab-93b0-fbae694349ae" />
      <TestMethod codeBase="/tmp/fsgg-sdd-944-v39tIs/tests/FS.GG.SDD.Acceptance.Tests/bin/Release/net10.0/FS.GG.SDD.Acceptance.Tests.dll" adapterTypeName="executor://xunit/VsTestRunner3/netcore/" className="FS.GG.SDD.Acceptance.Tests.CompositionAcceptanceTests" name="the skeleton-shape surface accounts for all seeded skill files" />
    </UnitTest>
    <UnitTest name="FS.GG.SDD.Acceptance.Tests.ProbeResolutionTests.Synthetic non-zero exit yields a started non-zero ProbeResult" storage="/tmp/fsgg-sdd-944-v39tis/tests/fs.gg.sdd.acceptance.tests/bin/release/net10.0/fs.gg.sdd.acceptance.tests.dll" id="78af8ec1-beef-bfab-dab4-d2292e6aeabe">
      <Execution id="1f799922-a8f4-4944-a09d-0cac585d0297" />
      <TestMethod codeBase="/tmp/fsgg-sdd-944-v39tIs/tests/FS.GG.SDD.Acceptance.Tests/bin/Release/net10.0/FS.GG.SDD.Acceptance.Tests.dll" adapterTypeName="executor://xunit/VsTestRunner3/netcore/" className="FS.GG.SDD.Acceptance.Tests.ProbeResolutionTests" name="Synthetic non-zero exit yields a started non-zero ProbeResult" />
    </UnitTest>
    <UnitTest name="FS.GG.SDD.Acceptance.Tests.RegistryResolverTests.secret content is materialized when it is the only source (precedence 3)" storage="/tmp/fsgg-sdd-944-v39tis/tests/fs.gg.sdd.acceptance.tests/bin/release/net10.0/fs.gg.sdd.acceptance.tests.dll" id="89d970e3-5025-9b70-7d31-ccaa8c7687c7">
      <Execution id="73233331-6af6-408d-9039-b4e8ef16acea" />
      <TestMethod codeBase="/tmp/fsgg-sdd-944-v39tIs/tests/FS.GG.SDD.Acceptance.Tests/bin/Release/net10.0/FS.GG.SDD.Acceptance.Tests.dll" adapterTypeName="executor://xunit/VsTestRunner3/netcore/" className="FS.GG.SDD.Acceptance.Tests.RegistryResolverTests" name="secret content is materialized when it is the only source (precedence 3)" />
    </UnitTest>
    <UnitTest name="FS.GG.SDD.Acceptance.Tests.ProbeResolutionTests.runProbe honors the descriptor's declared command and starts no dotnet" storage="/tmp/fsgg-sdd-944-v39tis/tests/fs.gg.sdd.acceptance.tests/bin/release/net10.0/fs.gg.sdd.acceptance.tests.dll" id="72d9c30f-4dd4-6681-e743-2a98042efe74">
      <Execution id="80616ad2-3ab4-441b-8f24-3de915970375" />
      <TestMethod codeBase="/tmp/fsgg-sdd-944-v39tIs/tests/FS.GG.SDD.Acceptance.Tests/bin/Release/net10.0/FS.GG.SDD.Acceptance.Tests.dll" adapterTypeName="executor://xunit/VsTestRunner3/netcore/" className="FS.GG.SDD.Acceptance.Tests.ProbeResolutionTests" name="runProbe honors the descriptor's declared command and starts no dotnet" />
    </UnitTest>
    <UnitTest name="FS.GG.SDD.Acceptance.Tests.CompositionAcceptanceTests.acceptance project carries no Governance reference" storage="/tmp/fsgg-sdd-944-v39tis/tests/fs.gg.sdd.acceptance.tests/bin/release/net10.0/fs.gg.sdd.acceptance.tests.dll" id="ba900ab2-bbd5-5c49-710e-bbd3c770dc1e">
      <Execution id="5bd17fa2-c919-4546-b4e3-ebb5299180ad" />
      <TestMethod codeBase="/tmp/fsgg-sdd-944-v39tIs/tests/FS.GG.SDD.Acceptance.Tests/bin/Release/net10.0/FS.GG.SDD.Acceptance.Tests.dll" adapterTypeName="executor://xunit/VsTestRunner3/netcore/" className="FS.GG.SDD.Acceptance.Tests.CompositionAcceptanceTests" name="acceptance project carries no Governance reference" />
    </UnitTest>
    <UnitTest name="FS.GG.SDD.Acceptance.Tests.ProbeResolutionTests.default ProbeCommand tokens are the generic dotnet set only" storage="/tmp/fsgg-sdd-944-v39tis/tests/fs.gg.sdd.acceptance.tests/bin/release/net10.0/fs.gg.sdd.acceptance.tests.dll" id="3bd12610-6f5b-6d52-1006-7f991e63a5cb">
      <Execution id="cfb8ff57-7016-46d8-8d3b-c1bf6913a1b7" />
      <TestMethod codeBase="/tmp/fsgg-sdd-944-v39tIs/tests/FS.GG.SDD.Acceptance.Tests/bin/Release/net10.0/FS.GG.SDD.Acceptance.Tests.dll" adapterTypeName="executor://xunit/VsTestRunner3/netcore/" className="FS.GG.SDD.Acceptance.Tests.ProbeResolutionTests" name="default ProbeCommand tokens are the generic dotnet set only" />
    </UnitTest>
    <UnitTest name="FS.GG.SDD.Acceptance.Tests.RegistryResolverTests.default mode appends the registry path to GITHUB_ENV and the drift sha to the step summary" storage="/tmp/fsgg-sdd-944-v39tis/tests/fs.gg.sdd.acceptance.tests/bin/release/net10.0/fs.gg.sdd.acceptance.tests.dll" id="340d97b9-4e45-e2a5-afab-ca7d18d9cc5d">
      <Execution id="bae44e38-d902-4137-a656-15a9726100ec" />
      <TestMethod codeBase="/tmp/fsgg-sdd-944-v39tIs/tests/FS.GG.SDD.Acceptance.Tests/bin/Release/net10.0/FS.GG.SDD.Acceptance.Tests.dll" adapterTypeName="executor://xunit/VsTestRunner3/netcore/" className="FS.GG.SDD.Acceptance.Tests.RegistryResolverTests" name="default mode appends the registry path to GITHUB_ENV and the drift sha to the step summary" />
    </UnitTest>
    <UnitTest name="FS.GG.SDD.Acceptance.Tests.ProbeResolutionTests.resolveRunCommand None is dotnet run --project discovered at root" storage="/tmp/fsgg-sdd-944-v39tis/tests/fs.gg.sdd.acceptance.tests/bin/release/net10.0/fs.gg.sdd.acceptance.tests.dll" id="d2a7e1f3-6542-cc07-8201-f60f29efe833">
      <Execution id="f49e9afa-a0d9-43e0-98df-999eac11218c" />
      <TestMethod codeBase="/tmp/fsgg-sdd-944-v39tIs/tests/FS.GG.SDD.Acceptance.Tests/bin/Release/net10.0/FS.GG.SDD.Acceptance.Tests.dll" adapterTypeName="executor://xunit/VsTestRunner3/netcore/" className="FS.GG.SDD.Acceptance.Tests.ProbeResolutionTests" name="resolveRunCommand None is dotnet run --project discovered at root" />
    </UnitTest>
    <UnitTest name="FS.GG.SDD.Acceptance.Tests.ProbeResolutionTests.discoverRunnableProject is deterministic ordinal-first" storage="/tmp/fsgg-sdd-944-v39tis/tests/fs.gg.sdd.acceptance.tests/bin/release/net10.0/fs.gg.sdd.acceptance.tests.dll" id="006c2aa8-f892-b1d2-072a-a9d577d66eef">
      <Execution id="55295410-e5c0-4e25-bea1-ab3187fa1d78" />
      <TestMethod codeBase="/tmp/fsgg-sdd-944-v39tIs/tests/FS.GG.SDD.Acceptance.Tests/bin/Release/net10.0/FS.GG.SDD.Acceptance.Tests.dll" adapterTypeName="executor://xunit/VsTestRunner3/netcore/" className="FS.GG.SDD.Acceptance.Tests.ProbeResolutionTests" name="discoverRunnableProject is deterministic ordinal-first" />
    </UnitTest>
    <UnitTest name="FS.GG.SDD.Acceptance.Tests.CompositionAcceptanceTests.hyphenated scaffold name builds and tests green" storage="/tmp/fsgg-sdd-944-v39tis/tests/fs.gg.sdd.acceptance.tests/bin/release/net10.0/fs.gg.sdd.acceptance.tests.dll" id="0bf7357e-ca34-2cb5-e735-a799a03d392a">
      <Execution id="720cb6e6-6d07-4e02-8e63-8f5293b60f01" />
      <TestMethod codeBase="/tmp/fsgg-sdd-944-v39tIs/tests/FS.GG.SDD.Acceptance.Tests/bin/Release/net10.0/FS.GG.SDD.Acceptance.Tests.dll" adapterTypeName="executor://xunit/VsTestRunner3/netcore/" className="FS.GG.SDD.Acceptance.Tests.CompositionAcceptanceTests" name="hyphenated scaffold name builds and tests green" />
    </UnitTest>
    <UnitTest name="FS.GG.SDD.Acceptance.Tests.CompositionAcceptanceTests.providerFailed splits into skip and fail by diagnostic" storage="/tmp/fsgg-sdd-944-v39tis/tests/fs.gg.sdd.acceptance.tests/bin/release/net10.0/fs.gg.sdd.acceptance.tests.dll" id="93f44e30-3252-dbfb-baff-39798062b47b">
      <Execution id="50c22d78-a00d-47cf-96ec-29a21abbbdf5" />
      <TestMethod codeBase="/tmp/fsgg-sdd-944-v39tIs/tests/FS.GG.SDD.Acceptance.Tests/bin/Release/net10.0/FS.GG.SDD.Acceptance.Tests.dll" adapterTypeName="executor://xunit/VsTestRunner3/netcore/" className="FS.GG.SDD.Acceptance.Tests.CompositionAcceptanceTests" name="providerFailed splits into skip and fail by diagnostic" />
    </UnitTest>
    <UnitTest name="FS.GG.SDD.Acceptance.Tests.CompositionAcceptanceTests.result schema golden is byte-exact with the sensed block normalized" storage="/tmp/fsgg-sdd-944-v39tis/tests/fs.gg.sdd.acceptance.tests/bin/release/net10.0/fs.gg.sdd.acceptance.tests.dll" id="7fea8b39-a13a-c04e-d76e-328ac2bde15c">
      <Execution id="2b9b57b0-1916-47c2-997e-23db79bd7ce0" />
      <TestMethod codeBase="/tmp/fsgg-sdd-944-v39tIs/tests/FS.GG.SDD.Acceptance.Tests/bin/Release/net10.0/FS.GG.SDD.Acceptance.Tests.dll" adapterTypeName="executor://xunit/VsTestRunner3/netcore/" className="FS.GG.SDD.Acceptance.Tests.CompositionAcceptanceTests" name="result schema golden is byte-exact with the sensed block normalized" />
    </UnitTest>
    <UnitTest name="FS.GG.SDD.Acceptance.Tests.WorkBoardScaffoldAcceptanceTests.the shipped padd-item skill targets only the configured board and fails without mutation when wiring is missing" storage="/tmp/fsgg-sdd-944-v39tis/tests/fs.gg.sdd.acceptance.tests/bin/release/net10.0/fs.gg.sdd.acceptance.tests.dll" id="debb8f1e-13bb-f63f-a08b-093e0e685ee6">
      <Execution id="767e97a6-3d70-4638-b3b5-b8d0220754f4" />
      <TestMethod codeBase="/tmp/fsgg-sdd-944-v39tIs/tests/FS.GG.SDD.Acceptance.Tests/bin/Release/net10.0/FS.GG.SDD.Acceptance.Tests.dll" adapterTypeName="executor://xunit/VsTestRunner3/netcore/" className="FS.GG.SDD.Acceptance.Tests.WorkBoardScaffoldAcceptanceTests" name="the shipped padd-item skill targets only the configured board and fails without mutation when wiring is missing" />
    </UnitTest>
    <UnitTest name="FS.GG.SDD.Acceptance.Tests.ProbeResolutionTests.buildProbe declared executes the Synthetic command and reflects its exit" storage="/tmp/fsgg-sdd-944-v39tis/tests/fs.gg.sdd.acceptance.tests/bin/release/net10.0/fs.gg.sdd.acceptance.tests.dll" id="27dcddae-0cb8-acd3-27fe-de294945351c">
      <Execution id="4496cd67-1037-4ea7-9975-36628170694d" />
      <TestMethod codeBase="/tmp/fsgg-sdd-944-v39tIs/tests/FS.GG.SDD.Acceptance.Tests/bin/Release/net10.0/FS.GG.SDD.Acceptance.Tests.dll" adapterTypeName="executor://xunit/VsTestRunner3/netcore/" className="FS.GG.SDD.Acceptance.Tests.ProbeResolutionTests" name="buildProbe declared executes the Synthetic command and reflects its exit" />
    </UnitTest>
    <UnitTest name="FS.GG.SDD.Acceptance.Tests.CompositionAcceptanceTests.omitted registry maps to a config-error fail" storage="/tmp/fsgg-sdd-944-v39tis/tests/fs.gg.sdd.acceptance.tests/bin/release/net10.0/fs.gg.sdd.acceptance.tests.dll" id="3f049ec7-c70a-d3c7-618e-77aadf7c04fd">
      <Execution id="ba6feaaf-ba93-4507-ba34-cb406ffefebf" />
      <TestMethod codeBase="/tmp/fsgg-sdd-944-v39tIs/tests/FS.GG.SDD.Acceptance.Tests/bin/Release/net10.0/FS.GG.SDD.Acceptance.Tests.dll" adapterTypeName="executor://xunit/VsTestRunner3/netcore/" className="FS.GG.SDD.Acceptance.Tests.CompositionAcceptanceTests" name="omitted registry maps to a config-error fail" />
    </UnitTest>
    <UnitTest name="FS.GG.SDD.Acceptance.Tests.CompositionAcceptanceTests.verdict resolution keys on the outcome+diagnostic pair" storage="/tmp/fsgg-sdd-944-v39tis/tests/fs.gg.sdd.acceptance.tests/bin/release/net10.0/fs.gg.sdd.acceptance.tests.dll" id="c8f652f2-5b48-3b61-7c73-771b3df5c5e9">
      <Execution id="a3e12ef3-6422-43b3-ad7f-14c2031e3838" />
      <TestMethod codeBase="/tmp/fsgg-sdd-944-v39tIs/tests/FS.GG.SDD.Acceptance.Tests/bin/Release/net10.0/FS.GG.SDD.Acceptance.Tests.dll" adapterTypeName="executor://xunit/VsTestRunner3/netcore/" className="FS.GG.SDD.Acceptance.Tests.CompositionAcceptanceTests" name="verdict resolution keys on the outcome+diagnostic pair" />
    </UnitTest>
    <UnitTest name="FS.GG.SDD.Acceptance.Tests.RegistryResolverTests.dispatch source materializes content verbatim and the file sha matches the advertised" storage="/tmp/fsgg-sdd-944-v39tis/tests/fs.gg.sdd.acceptance.tests/bin/release/net10.0/fs.gg.sdd.acceptance.tests.dll" id="aec8d945-1da8-42f5-a77a-83daa656267f">
      <Execution id="865f3d8f-aec0-4d6d-ad0f-44d3a877c26a" />
      <TestMethod codeBase="/tmp/fsgg-sdd-944-v39tIs/tests/FS.GG.SDD.Acceptance.Tests/bin/Release/net10.0/FS.GG.SDD.Acceptance.Tests.dll" adapterTypeName="executor://xunit/VsTestRunner3/netcore/" className="FS.GG.SDD.Acceptance.Tests.RegistryResolverTests" name="dispatch source materializes content verbatim and the file sha matches the advertised" />
    </UnitTest>
    <UnitTest name="FS.GG.SDD.Acceptance.Tests.ProbeResolutionTests.resolveRunCommand declared is Some of the declared command at root" storage="/tmp/fsgg-sdd-944-v39tis/tests/fs.gg.sdd.acceptance.tests/bin/release/net10.0/fs.gg.sdd.acceptance.tests.dll" id="9673926a-2b94-e57a-4999-0c92e59407b5">
      <Execution id="b5dda53d-fbe1-40c3-9580-d62c870d8a77" />
      <TestMethod codeBase="/tmp/fsgg-sdd-944-v39tIs/tests/FS.GG.SDD.Acceptance.Tests/bin/Release/net10.0/FS.GG.SDD.Acceptance.Tests.dll" adapterTypeName="executor://xunit/VsTestRunner3/netcore/" className="FS.GG.SDD.Acceptance.Tests.ProbeResolutionTests" name="resolveRunCommand declared is Some of the declared command at root" />
    </UnitTest>
    <UnitTest name="FS.GG.SDD.Acceptance.Tests.CompositionAcceptanceTests.the fixed composition request passes no explicit starter parameter" storage="/tmp/fsgg-sdd-944-v39tis/tests/fs.gg.sdd.acceptance.tests/bin/release/net10.0/fs.gg.sdd.acceptance.tests.dll" id="ca4c135d-17c6-ae7b-8375-4d1049251db5">
      <Execution id="7251dfab-5507-475f-bd49-c835dbef0031" />
      <TestMethod codeBase="/tmp/fsgg-sdd-944-v39tIs/tests/FS.GG.SDD.Acceptance.Tests/bin/Release/net10.0/FS.GG.SDD.Acceptance.Tests.dll" adapterTypeName="executor://xunit/VsTestRunner3/netcore/" className="FS.GG.SDD.Acceptance.Tests.CompositionAcceptanceTests" name="the fixed composition request passes no explicit starter parameter" />
    </UnitTest>
    <UnitTest name="FS.GG.SDD.Acceptance.Tests.ProbeResolutionTests.runProbe does not report a child that exited holding pipes as a healthy running app" storage="/tmp/fsgg-sdd-944-v39tis/tests/fs.gg.sdd.acceptance.tests/bin/release/net10.0/fs.gg.sdd.acceptance.tests.dll" id="039ba848-fd47-3417-a085-845c8b41e808">
      <Execution id="d7faa80b-5f09-4857-93db-7e86a4284e2b" />
      <TestMethod codeBase="/tmp/fsgg-sdd-944-v39tIs/tests/FS.GG.SDD.Acceptance.Tests/bin/Release/net10.0/FS.GG.SDD.Acceptance.Tests.dll" adapterTypeName="executor://xunit/VsTestRunner3/netcore/" className="FS.GG.SDD.Acceptance.Tests.ProbeResolutionTests" name="runProbe does not report a child that exited holding pipes as a healthy running app" />
    </UnitTest>
    <UnitTest name="FS.GG.SDD.Acceptance.Tests.WorkBoardScaffoldAcceptanceTests.a fresh product scaffold carries each routed work-board body byte-identically in both runtime roots(id: &quot;work-board-best&quot;)" storage="/tmp/fsgg-sdd-944-v39tis/tests/fs.gg.sdd.acceptance.tests/bin/release/net10.0/fs.gg.sdd.acceptance.tests.dll" id="a3671615-ce7b-fbcc-6f0d-a521907048ff">
      <Execution id="fa815151-cdbc-4052-a7f3-9265f61c387e" />
      <TestMethod codeBase="/tmp/fsgg-sdd-944-v39tIs/tests/FS.GG.SDD.Acceptance.Tests/bin/Release/net10.0/FS.GG.SDD.Acceptance.Tests.dll" adapterTypeName="executor://xunit/VsTestRunner3/netcore/" className="FS.GG.SDD.Acceptance.Tests.WorkBoardScaffoldAcceptanceTests" name="a fresh product scaffold carries each routed work-board body byte-identically in both runtime roots" />
    </UnitTest>
    <UnitTest name="FS.GG.SDD.Acceptance.Tests.ProbeResolutionTests.Synthetic missing executable yields a could-not-start ProbeResult" storage="/tmp/fsgg-sdd-944-v39tis/tests/fs.gg.sdd.acceptance.tests/bin/release/net10.0/fs.gg.sdd.acceptance.tests.dll" id="bdb2e49f-a09b-ddb9-fdfa-76803914ea66">
      <Execution id="9619f26d-9a8a-4f9f-a7ed-9eadf9e07c6f" />
      <TestMethod codeBase="/tmp/fsgg-sdd-944-v39tIs/tests/FS.GG.SDD.Acceptance.Tests/bin/Release/net10.0/FS.GG.SDD.Acceptance.Tests.dll" adapterTypeName="executor://xunit/VsTestRunner3/netcore/" className="FS.GG.SDD.Acceptance.Tests.ProbeResolutionTests" name="Synthetic missing executable yields a could-not-start ProbeResult" />
    </UnitTest>
    <UnitTest name="FS.GG.SDD.Acceptance.Tests.CompositionAcceptanceTests.the override-free composition request carries no parameter" storage="/tmp/fsgg-sdd-944-v39tis/tests/fs.gg.sdd.acceptance.tests/bin/release/net10.0/fs.gg.sdd.acceptance.tests.dll" id="d814d512-5082-e6ff-1687-56f26b4a951e">
      <Execution id="4ea6361b-7040-4893-a86c-28b75298cf63" />
      <TestMethod codeBase="/tmp/fsgg-sdd-944-v39tIs/tests/FS.GG.SDD.Acceptance.Tests/bin/Release/net10.0/FS.GG.SDD.Acceptance.Tests.dll" adapterTypeName="executor://xunit/VsTestRunner3/netcore/" className="FS.GG.SDD.Acceptance.Tests.CompositionAcceptanceTests" name="the override-free composition request carries no parameter" />
    </UnitTest>
    <UnitTest name="FS.GG.SDD.Acceptance.Tests.ProbeResolutionTests.Synthetic hanging command is killed at its bound with a timeout diagnostic" storage="/tmp/fsgg-sdd-944-v39tis/tests/fs.gg.sdd.acceptance.tests/bin/release/net10.0/fs.gg.sdd.acceptance.tests.dll" id="92a5a20c-c9a7-e604-fdbc-53ac85b4973f">
      <Execution id="33e3758e-ac31-4baf-ac0a-2a67374eaa98" />
      <TestMethod codeBase="/tmp/fsgg-sdd-944-v39tIs/tests/FS.GG.SDD.Acceptance.Tests/bin/Release/net10.0/FS.GG.SDD.Acceptance.Tests.dll" adapterTypeName="executor://xunit/VsTestRunner3/netcore/" className="FS.GG.SDD.Acceptance.Tests.ProbeResolutionTests" name="Synthetic hanging command is killed at its bound with a timeout diagnostic" />
    </UnitTest>
    <UnitTest name="FS.GG.SDD.Acceptance.Tests.WorkBoardScaffoldAcceptanceTests.a fresh product scaffold carries each routed work-board body byte-identically in both runtime roots(id: &quot;work-board-normal&quot;)" storage="/tmp/fsgg-sdd-944-v39tis/tests/fs.gg.sdd.acceptance.tests/bin/release/net10.0/fs.gg.sdd.acceptance.tests.dll" id="a2b3bd15-b9ad-5b68-a145-e9d475c37992">
      <Execution id="25b28e40-e1fa-4cec-81b5-457a0130d2cd" />
      <TestMethod codeBase="/tmp/fsgg-sdd-944-v39tIs/tests/FS.GG.SDD.Acceptance.Tests/bin/Release/net10.0/FS.GG.SDD.Acceptance.Tests.dll" adapterTypeName="executor://xunit/VsTestRunner3/netcore/" className="FS.GG.SDD.Acceptance.Tests.WorkBoardScaffoldAcceptanceTests" name="a fresh product scaffold carries each routed work-board body byte-identically in both runtime roots" />
    </UnitTest>
    <UnitTest name="FS.GG.SDD.Acceptance.Tests.WorkBoardScaffoldAcceptanceTests.the shipped work-board skill documents its host loop and immediate status reporting" storage="/tmp/fsgg-sdd-944-v39tis/tests/fs.gg.sdd.acceptance.tests/bin/release/net10.0/fs.gg.sdd.acceptance.tests.dll" id="0e26ab4d-0e37-a0ca-ae03-7f1dc23b7444">
      <Execution id="84c84e3b-38f7-419c-ab36-3ea86853ac07" />
      <TestMethod codeBase="/tmp/fsgg-sdd-944-v39tIs/tests/FS.GG.SDD.Acceptance.Tests/bin/Release/net10.0/FS.GG.SDD.Acceptance.Tests.dll" adapterTypeName="executor://xunit/VsTestRunner3/netcore/" className="FS.GG.SDD.Acceptance.Tests.WorkBoardScaffoldAcceptanceTests" name="the shipped work-board skill documents its host loop and immediate status reporting" />
    </UnitTest>
    <UnitTest name="FS.GG.SDD.Acceptance.Tests.ProbeResolutionTests.runProbe declared executes the Synthetic command and reflects its exit" storage="/tmp/fsgg-sdd-944-v39tis/tests/fs.gg.sdd.acceptance.tests/bin/release/net10.0/fs.gg.sdd.acceptance.tests.dll" id="21972767-3be3-3523-c9e6-f654ba8a1beb">
      <Execution id="29e50add-c8b8-494c-a0ca-84bd5f83d48f" />
      <TestMethod codeBase="/tmp/fsgg-sdd-944-v39tIs/tests/FS.GG.SDD.Acceptance.Tests/bin/Release/net10.0/FS.GG.SDD.Acceptance.Tests.dll" adapterTypeName="executor://xunit/VsTestRunner3/netcore/" className="FS.GG.SDD.Acceptance.Tests.ProbeResolutionTests" name="runProbe declared executes the Synthetic command and reflects its exit" />
    </UnitTest>
    <UnitTest name="FS.GG.SDD.Acceptance.Tests.ProbeResolutionTests.empty product discovers no project and run default is None" storage="/tmp/fsgg-sdd-944-v39tis/tests/fs.gg.sdd.acceptance.tests/bin/release/net10.0/fs.gg.sdd.acceptance.tests.dll" id="8204f6a4-1cb3-a597-6b25-60e7d5afb36b">
      <Execution id="17294c96-f364-49b9-b48f-13ad114f0157" />
      <TestMethod codeBase="/tmp/fsgg-sdd-944-v39tIs/tests/FS.GG.SDD.Acceptance.Tests/bin/Release/net10.0/FS.GG.SDD.Acceptance.Tests.dll" adapterTypeName="executor://xunit/VsTestRunner3/netcore/" className="FS.GG.SDD.Acceptance.Tests.ProbeResolutionTests" name="empty product discovers no project and run default is None" />
    </UnitTest>
    <UnitTest name="FS.GG.SDD.Acceptance.Tests.ScheduledAcceptanceWorkflowTests.scheduled lane always reaches the fail-closed registry resolver and provider facts" storage="/tmp/fsgg-sdd-944-v39tis/tests/fs.gg.sdd.acceptance.tests/bin/release/net10.0/fs.gg.sdd.acceptance.tests.dll" id="ac98a8b5-0a26-6f72-ad12-f395f90c6377">
      <Execution id="beeadb97-c0eb-4d27-aca6-cebd9556cdbe" />
      <TestMethod codeBase="/tmp/fsgg-sdd-944-v39tIs/tests/FS.GG.SDD.Acceptance.Tests/bin/Release/net10.0/FS.GG.SDD.Acceptance.Tests.dll" adapterTypeName="executor://xunit/VsTestRunner3/netcore/" className="FS.GG.SDD.Acceptance.Tests.ScheduledAcceptanceWorkflowTests" name="scheduled lane always reaches the fail-closed registry resolver and provider facts" />
    </UnitTest>
    <UnitTest name="FS.GG.SDD.Acceptance.Tests.ProbeResolutionTests.blank declared executable resolves to the default(blank: &quot;&quot;)" storage="/tmp/fsgg-sdd-944-v39tis/tests/fs.gg.sdd.acceptance.tests/bin/release/net10.0/fs.gg.sdd.acceptance.tests.dll" id="e5d86937-5c11-622d-2b1f-c0074e41844a">
      <Execution id="4267be04-653b-4ca4-861b-c856427462dc" />
      <TestMethod codeBase="/tmp/fsgg-sdd-944-v39tIs/tests/FS.GG.SDD.Acceptance.Tests/bin/Release/net10.0/FS.GG.SDD.Acceptance.Tests.dll" adapterTypeName="executor://xunit/VsTestRunner3/netcore/" className="FS.GG.SDD.Acceptance.Tests.ProbeResolutionTests" name="blank declared executable resolves to the default" />
    </UnitTest>
    <UnitTest name="FS.GG.SDD.Acceptance.Tests.RegistryResolverTests.manual input path overrides dispatch and secret (precedence 1)" storage="/tmp/fsgg-sdd-944-v39tis/tests/fs.gg.sdd.acceptance.tests/bin/release/net10.0/fs.gg.sdd.acceptance.tests.dll" id="ae3ea52b-ab3b-e014-c459-14ef02f2a942">
      <Execution id="bcb6e7ad-deff-4509-b2bd-2417c8648c1e" />
      <TestMethod codeBase="/tmp/fsgg-sdd-944-v39tIs/tests/FS.GG.SDD.Acceptance.Tests/bin/Release/net10.0/FS.GG.SDD.Acceptance.Tests.dll" adapterTypeName="executor://xunit/VsTestRunner3/netcore/" className="FS.GG.SDD.Acceptance.Tests.RegistryResolverTests" name="manual input path overrides dispatch and secret (precedence 1)" />
    </UnitTest>
    <UnitTest name="FS.GG.SDD.Acceptance.Tests.ProbeResolutionTests.resolveBuildCommand declared invokes the declared command never dotnet" storage="/tmp/fsgg-sdd-944-v39tis/tests/fs.gg.sdd.acceptance.tests/bin/release/net10.0/fs.gg.sdd.acceptance.tests.dll" id="e6b850d7-61ba-eec3-3dfb-3b81545cda03">
      <Execution id="ef45fa49-8f56-4548-be83-fa7b8bef3585" />
      <TestMethod codeBase="/tmp/fsgg-sdd-944-v39tIs/tests/FS.GG.SDD.Acceptance.Tests/bin/Release/net10.0/FS.GG.SDD.Acceptance.Tests.dll" adapterTypeName="executor://xunit/VsTestRunner3/netcore/" className="FS.GG.SDD.Acceptance.Tests.ProbeResolutionTests" name="resolveBuildCommand declared invokes the declared command never dotnet" />
    </UnitTest>
    <UnitTest name="FS.GG.SDD.Acceptance.Tests.ProbeResolutionTests.blank declared executable resolves to the default(blank: &quot;   &quot;)" storage="/tmp/fsgg-sdd-944-v39tis/tests/fs.gg.sdd.acceptance.tests/bin/release/net10.0/fs.gg.sdd.acceptance.tests.dll" id="48567f3d-fd39-1642-8d18-76a73d26d804">
      <Execution id="dc70f175-b21e-4ccd-9361-1d00ff0d7537" />
      <TestMethod codeBase="/tmp/fsgg-sdd-944-v39tIs/tests/FS.GG.SDD.Acceptance.Tests/bin/Release/net10.0/FS.GG.SDD.Acceptance.Tests.dll" adapterTypeName="executor://xunit/VsTestRunner3/netcore/" className="FS.GG.SDD.Acceptance.Tests.ProbeResolutionTests" name="blank declared executable resolves to the default" />
    </UnitTest>
    <UnitTest name="FS.GG.SDD.Acceptance.Tests.ProbeResolutionTests.runToCompletion is bounded when a grandchild still holds the pipes after the child exits" storage="/tmp/fsgg-sdd-944-v39tis/tests/fs.gg.sdd.acceptance.tests/bin/release/net10.0/fs.gg.sdd.acceptance.tests.dll" id="10129ba8-ea28-c463-c457-91ed71a91b24">
      <Execution id="e22d52d6-d351-4a35-a098-0355c8d5ed49" />
      <TestMethod codeBase="/tmp/fsgg-sdd-944-v39tIs/tests/FS.GG.SDD.Acceptance.Tests/bin/Release/net10.0/FS.GG.SDD.Acceptance.Tests.dll" adapterTypeName="executor://xunit/VsTestRunner3/netcore/" className="FS.GG.SDD.Acceptance.Tests.ProbeResolutionTests" name="runToCompletion is bounded when a grandchild still holds the pipes after the child exits" />
    </UnitTest>
    <UnitTest name="FS.GG.SDD.Acceptance.Tests.RegistryResolverTests.dispatch whose recomputed sha differs from the advertised fails closed" storage="/tmp/fsgg-sdd-944-v39tis/tests/fs.gg.sdd.acceptance.tests/bin/release/net10.0/fs.gg.sdd.acceptance.tests.dll" id="622329fe-6802-a47f-a835-9cc30ab115bc">
      <Execution id="dc07c10e-bbb5-46f3-a362-45a07a454c8c" />
      <TestMethod codeBase="/tmp/fsgg-sdd-944-v39tIs/tests/FS.GG.SDD.Acceptance.Tests/bin/Release/net10.0/FS.GG.SDD.Acceptance.Tests.dll" adapterTypeName="executor://xunit/VsTestRunner3/netcore/" className="FS.GG.SDD.Acceptance.Tests.RegistryResolverTests" name="dispatch whose recomputed sha differs from the advertised fails closed" />
    </UnitTest>
    <UnitTest name="FS.GG.SDD.Acceptance.Tests.PolyglotLifecycleAcceptanceTests.one lifecycle imports real TRX and JUnit reports without a language taxonomy" storage="/tmp/fsgg-sdd-944-v39tis/tests/fs.gg.sdd.acceptance.tests/bin/release/net10.0/fs.gg.sdd.acceptance.tests.dll" id="44906f0b-1424-2632-ebf6-3504a3b26bae">
      <Execution id="3edf4e51-3ad5-4d19-9601-ecc409763e3c" />
      <TestMethod codeBase="/tmp/fsgg-sdd-944-v39tIs/tests/FS.GG.SDD.Acceptance.Tests/bin/Release/net10.0/FS.GG.SDD.Acceptance.Tests.dll" adapterTypeName="executor://xunit/VsTestRunner3/netcore/" className="FS.GG.SDD.Acceptance.Tests.PolyglotLifecycleAcceptanceTests" name="one lifecycle imports real TRX and JUnit reports without a language taxonomy" />
    </UnitTest>
    <UnitTest name="FS.GG.SDD.Acceptance.Tests.CompositionAcceptanceTests.two runs with the same inputs yield byte-identical bodies" storage="/tmp/fsgg-sdd-944-v39tis/tests/fs.gg.sdd.acceptance.tests/bin/release/net10.0/fs.gg.sdd.acceptance.tests.dll" id="ad2f4672-a91e-43cc-0123-25541dccce5b">
      <Execution id="87ec6e11-dea8-4e89-9ae5-5463e5d76bd6" />
      <TestMethod codeBase="/tmp/fsgg-sdd-944-v39tIs/tests/FS.GG.SDD.Acceptance.Tests/bin/Release/net10.0/FS.GG.SDD.Acceptance.Tests.dll" adapterTypeName="executor://xunit/VsTestRunner3/netcore/" className="FS.GG.SDD.Acceptance.Tests.CompositionAcceptanceTests" name="two runs with the same inputs yield byte-identical bodies" />
    </UnitTest>
    <UnitTest name="FS.GG.SDD.Acceptance.Tests.RegistryResolverTests.no source at all fails closed (unchanged from today)" storage="/tmp/fsgg-sdd-944-v39tis/tests/fs.gg.sdd.acceptance.tests/bin/release/net10.0/fs.gg.sdd.acceptance.tests.dll" id="2cbdaaf3-be3a-20cb-b6f3-da55748eaaca">
      <Execution id="5e954454-8af4-49db-a491-fd3ee8e5835a" />
      <TestMethod codeBase="/tmp/fsgg-sdd-944-v39tIs/tests/FS.GG.SDD.Acceptance.Tests/bin/Release/net10.0/FS.GG.SDD.Acceptance.Tests.dll" adapterTypeName="executor://xunit/VsTestRunner3/netcore/" className="FS.GG.SDD.Acceptance.Tests.RegistryResolverTests" name="no source at all fails closed (unchanged from today)" />
    </UnitTest>
    <UnitTest name="FS.GG.SDD.Acceptance.Tests.CompositionAcceptanceTests.descriptor resolve-and-bind selects the declared build and run commands" storage="/tmp/fsgg-sdd-944-v39tis/tests/fs.gg.sdd.acceptance.tests/bin/release/net10.0/fs.gg.sdd.acceptance.tests.dll" id="4ff64246-bb73-c864-04aa-74e724e50022">
      <Execution id="1813b70e-be05-44bc-82e4-e562926a4ca8" />
      <TestMethod codeBase="/tmp/fsgg-sdd-944-v39tIs/tests/FS.GG.SDD.Acceptance.Tests/bin/Release/net10.0/FS.GG.SDD.Acceptance.Tests.dll" adapterTypeName="executor://xunit/VsTestRunner3/netcore/" className="FS.GG.SDD.Acceptance.Tests.CompositionAcceptanceTests" name="descriptor resolve-and-bind selects the declared build and run commands" />
    </UnitTest>
    <UnitTest name="FS.GG.SDD.Acceptance.Tests.CompositionAcceptanceTests.real rendering composition is coherent end to end" storage="/tmp/fsgg-sdd-944-v39tis/tests/fs.gg.sdd.acceptance.tests/bin/release/net10.0/fs.gg.sdd.acceptance.tests.dll" id="cc6ddf7a-7804-c963-cddc-fb68a1fc61e2">
      <Execution id="b215697c-4d8d-4dd0-b8e1-8a1bd856e32b" />
      <TestMethod codeBase="/tmp/fsgg-sdd-944-v39tIs/tests/FS.GG.SDD.Acceptance.Tests/bin/Release/net10.0/FS.GG.SDD.Acceptance.Tests.dll" adapterTypeName="executor://xunit/VsTestRunner3/netcore/" className="FS.GG.SDD.Acceptance.Tests.CompositionAcceptanceTests" name="real rendering composition is coherent end to end" />
    </UnitTest>
    <UnitTest name="FS.GG.SDD.Acceptance.Tests.ProbeResolutionTests.descriptor with no declared build or run resolves to the dotnet defaults" storage="/tmp/fsgg-sdd-944-v39tis/tests/fs.gg.sdd.acceptance.tests/bin/release/net10.0/fs.gg.sdd.acceptance.tests.dll" id="afe7f316-de50-9fab-41ec-f2cb13ef69d6">
      <Execution id="17527aae-9c54-4e8b-b3d7-e2d5b9e03974" />
      <TestMethod codeBase="/tmp/fsgg-sdd-944-v39tIs/tests/FS.GG.SDD.Acceptance.Tests/bin/Release/net10.0/FS.GG.SDD.Acceptance.Tests.dll" adapterTypeName="executor://xunit/VsTestRunner3/netcore/" className="FS.GG.SDD.Acceptance.Tests.ProbeResolutionTests" name="descriptor with no declared build or run resolves to the dotnet defaults" />
    </UnitTest>
    <UnitTest name="FS.GG.SDD.Acceptance.Tests.ScheduledAcceptanceWorkflowTests.offline provider facts retain an explicit capability skip" storage="/tmp/fsgg-sdd-944-v39tis/tests/fs.gg.sdd.acceptance.tests/bin/release/net10.0/fs.gg.sdd.acceptance.tests.dll" id="d5e6fdd1-4573-08b8-e199-c030479e6812">
      <Execution id="0e0ec300-a1ec-4bbe-a443-02a2bbcf6f66" />
      <TestMethod codeBase="/tmp/fsgg-sdd-944-v39tIs/tests/FS.GG.SDD.Acceptance.Tests/bin/Release/net10.0/FS.GG.SDD.Acceptance.Tests.dll" adapterTypeName="executor://xunit/VsTestRunner3/netcore/" className="FS.GG.SDD.Acceptance.Tests.ScheduledAcceptanceWorkflowTests" name="offline provider facts retain an explicit capability skip" />
    </UnitTest>
    <UnitTest name="FS.GG.SDD.Acceptance.Tests.ProbeResolutionTests.buildProbe honors the descriptor's declared command and starts no dotnet" storage="/tmp/fsgg-sdd-944-v39tis/tests/fs.gg.sdd.acceptance.tests/bin/release/net10.0/fs.gg.sdd.acceptance.tests.dll" id="a45be463-8313-f309-e1a8-abd8100e1dec">
      <Execution id="caa9848b-f7b2-4506-91f7-a97d4a8a26c1" />
      <TestMethod codeBase="/tmp/fsgg-sdd-944-v39tIs/tests/FS.GG.SDD.Acceptance.Tests/bin/Release/net10.0/FS.GG.SDD.Acceptance.Tests.dll" adapterTypeName="executor://xunit/VsTestRunner3/netcore/" className="FS.GG.SDD.Acceptance.Tests.ProbeResolutionTests" name="buildProbe honors the descriptor's declared command and starts no dotnet" />
    </UnitTest>
  </TestDefinitions>
  <TestEntries>
    <TestEntry testId="340d97b9-4e45-e2a5-afab-ca7d18d9cc5d" executionId="bae44e38-d902-4137-a656-15a9726100ec" testListId="8c84fa94-04c1-424b-9868-57a2d4851a1d" />
    <TestEntry testId="10129ba8-ea28-c463-c457-91ed71a91b24" executionId="e22d52d6-d351-4a35-a098-0355c8d5ed49" testListId="8c84fa94-04c1-424b-9868-57a2d4851a1d" />
    <TestEntry testId="debb8f1e-13bb-f63f-a08b-093e0e685ee6" executionId="767e97a6-3d70-4638-b3b5-b8d0220754f4" testListId="8c84fa94-04c1-424b-9868-57a2d4851a1d" />
    <TestEntry testId="aec8d945-1da8-42f5-a77a-83daa656267f" executionId="865f3d8f-aec0-4d6d-ad0f-44d3a877c26a" testListId="8c84fa94-04c1-424b-9868-57a2d4851a1d" />
    <TestEntry testId="93f44e30-3252-dbfb-baff-39798062b47b" executionId="50c22d78-a00d-47cf-96ec-29a21abbbdf5" testListId="8c84fa94-04c1-424b-9868-57a2d4851a1d" />
    <TestEntry testId="9673926a-2b94-e57a-4999-0c92e59407b5" executionId="b5dda53d-fbe1-40c3-9580-d62c870d8a77" testListId="8c84fa94-04c1-424b-9868-57a2d4851a1d" />
    <TestEntry testId="b81a06fb-76a1-9559-e370-b43c6d90d2a9" executionId="0ac74ce3-1770-4ab1-b112-6d825d5a5a73" testListId="8c84fa94-04c1-424b-9868-57a2d4851a1d" />
    <TestEntry testId="a3671615-ce7b-fbcc-6f0d-a521907048ff" executionId="fa815151-cdbc-4052-a7f3-9265f61c387e" testListId="8c84fa94-04c1-424b-9868-57a2d4851a1d" />
    <TestEntry testId="039ba848-fd47-3417-a085-845c8b41e808" executionId="d7faa80b-5f09-4857-93db-7e86a4284e2b" testListId="8c84fa94-04c1-424b-9868-57a2d4851a1d" />
    <TestEntry testId="e07ce153-e7f5-5dcb-59c7-ccc288c3d231" executionId="ff91f33a-1b97-4f8b-8c0a-791f0b43ac8b" testListId="8c84fa94-04c1-424b-9868-57a2d4851a1d" />
    <TestEntry testId="afe7f316-de50-9fab-41ec-f2cb13ef69d6" executionId="17527aae-9c54-4e8b-b3d7-e2d5b9e03974" testListId="8c84fa94-04c1-424b-9868-57a2d4851a1d" />
    <TestEntry testId="ad2f4672-a91e-43cc-0123-25541dccce5b" executionId="87ec6e11-dea8-4e89-9ae5-5463e5d76bd6" testListId="8c84fa94-04c1-424b-9868-57a2d4851a1d" />
    <TestEntry testId="89d970e3-5025-9b70-7d31-ccaa8c7687c7" executionId="73233331-6af6-408d-9039-b4e8ef16acea" testListId="8c84fa94-04c1-424b-9868-57a2d4851a1d" />
    <TestEntry testId="cc6ddf7a-7804-c963-cddc-fb68a1fc61e2" executionId="b215697c-4d8d-4dd0-b8e1-8a1bd856e32b" testListId="8c84fa94-04c1-424b-9868-57a2d4851a1d" />
    <TestEntry testId="d5e6fdd1-4573-08b8-e199-c030479e6812" executionId="0e0ec300-a1ec-4bbe-a443-02a2bbcf6f66" testListId="8c84fa94-04c1-424b-9868-57a2d4851a1d" />
    <TestEntry testId="2cbdaaf3-be3a-20cb-b6f3-da55748eaaca" executionId="5e954454-8af4-49db-a491-fd3ee8e5835a" testListId="8c84fa94-04c1-424b-9868-57a2d4851a1d" />
    <TestEntry testId="a2b3bd15-b9ad-5b68-a145-e9d475c37992" executionId="25b28e40-e1fa-4cec-81b5-457a0130d2cd" testListId="8c84fa94-04c1-424b-9868-57a2d4851a1d" />
    <TestEntry testId="be16c792-d85e-d4e5-424a-eb9e5c422ffc" executionId="b74c7253-ee4e-4d06-85ef-f5d8f1c415da" testListId="8c84fa94-04c1-424b-9868-57a2d4851a1d" />
    <TestEntry testId="ac367409-e3dc-e87e-85a3-4112df45a27b" executionId="63280daf-43cd-41e5-8643-df78316cef87" testListId="8c84fa94-04c1-424b-9868-57a2d4851a1d" />
    <TestEntry testId="e6b850d7-61ba-eec3-3dfb-3b81545cda03" executionId="ef45fa49-8f56-4548-be83-fa7b8bef3585" testListId="8c84fa94-04c1-424b-9868-57a2d4851a1d" />
    <TestEntry testId="27dcddae-0cb8-acd3-27fe-de294945351c" executionId="4496cd67-1037-4ea7-9975-36628170694d" testListId="8c84fa94-04c1-424b-9868-57a2d4851a1d" />
    <TestEntry testId="44906f0b-1424-2632-ebf6-3504a3b26bae" executionId="3edf4e51-3ad5-4d19-9601-ecc409763e3c" testListId="8c84fa94-04c1-424b-9868-57a2d4851a1d" />
    <TestEntry testId="4ff64246-bb73-c864-04aa-74e724e50022" executionId="1813b70e-be05-44bc-82e4-e562926a4ca8" testListId="8c84fa94-04c1-424b-9868-57a2d4851a1d" />
    <TestEntry testId="e092d10d-77eb-6355-9500-66be19bae403" executionId="42675e54-7c71-4880-9165-cbb624540762" testListId="8c84fa94-04c1-424b-9868-57a2d4851a1d" />
    <TestEntry testId="bdb2e49f-a09b-ddb9-fdfa-76803914ea66" executionId="9619f26d-9a8a-4f9f-a7ed-9eadf9e07c6f" testListId="8c84fa94-04c1-424b-9868-57a2d4851a1d" />
    <TestEntry testId="006c2aa8-f892-b1d2-072a-a9d577d66eef" executionId="55295410-e5c0-4e25-bea1-ab3187fa1d78" testListId="8c84fa94-04c1-424b-9868-57a2d4851a1d" />
    <TestEntry testId="3bd12610-6f5b-6d52-1006-7f991e63a5cb" executionId="cfb8ff57-7016-46d8-8d3b-c1bf6913a1b7" testListId="8c84fa94-04c1-424b-9868-57a2d4851a1d" />
    <TestEntry testId="ae3ea52b-ab3b-e014-c459-14ef02f2a942" executionId="bcb6e7ad-deff-4509-b2bd-2417c8648c1e" testListId="8c84fa94-04c1-424b-9868-57a2d4851a1d" />
    <TestEntry testId="04136a42-e567-a294-7a17-cbf5fd8811d3" executionId="cb0b46c0-b7e8-4827-b310-e439e3a6f03a" testListId="8c84fa94-04c1-424b-9868-57a2d4851a1d" />
    <TestEntry testId="3f049ec7-c70a-d3c7-618e-77aadf7c04fd" executionId="ba6feaaf-ba93-4507-ba34-cb406ffefebf" testListId="8c84fa94-04c1-424b-9868-57a2d4851a1d" />
    <TestEntry testId="ac98a8b5-0a26-6f72-ad12-f395f90c6377" executionId="beeadb97-c0eb-4d27-aca6-cebd9556cdbe" testListId="8c84fa94-04c1-424b-9868-57a2d4851a1d" />
    <TestEntry testId="78af8ec1-beef-bfab-dab4-d2292e6aeabe" executionId="1f799922-a8f4-4944-a09d-0cac585d0297" testListId="8c84fa94-04c1-424b-9868-57a2d4851a1d" />
    <TestEntry testId="ed935c2b-816e-35f0-b2c3-0d10cece218b" executionId="1b8559cd-57b1-49ab-93b0-fbae694349ae" testListId="8c84fa94-04c1-424b-9868-57a2d4851a1d" />
    <TestEntry testId="72d9c30f-4dd4-6681-e743-2a98042efe74" executionId="80616ad2-3ab4-441b-8f24-3de915970375" testListId="8c84fa94-04c1-424b-9868-57a2d4851a1d" />
    <TestEntry testId="d814d512-5082-e6ff-1687-56f26b4a951e" executionId="4ea6361b-7040-4893-a86c-28b75298cf63" testListId="8c84fa94-04c1-424b-9868-57a2d4851a1d" />
    <TestEntry testId="0bf7357e-ca34-2cb5-e735-a799a03d392a" executionId="720cb6e6-6d07-4e02-8e63-8f5293b60f01" testListId="8c84fa94-04c1-424b-9868-57a2d4851a1d" />
    <TestEntry testId="d2a7e1f3-6542-cc07-8201-f60f29efe833" executionId="f49e9afa-a0d9-43e0-98df-999eac11218c" testListId="8c84fa94-04c1-424b-9868-57a2d4851a1d" />
    <TestEntry testId="c8f652f2-5b48-3b61-7c73-771b3df5c5e9" executionId="a3e12ef3-6422-43b3-ad7f-14c2031e3838" testListId="8c84fa94-04c1-424b-9868-57a2d4851a1d" />
    <TestEntry testId="855c01d1-cde7-ad8b-126a-052a5dea7412" executionId="a013f28c-14bb-433d-972b-aa40f475eaed" testListId="8c84fa94-04c1-424b-9868-57a2d4851a1d" />
    <TestEntry testId="48567f3d-fd39-1642-8d18-76a73d26d804" executionId="dc70f175-b21e-4ccd-9361-1d00ff0d7537" testListId="8c84fa94-04c1-424b-9868-57a2d4851a1d" />
    <TestEntry testId="92a5a20c-c9a7-e604-fdbc-53ac85b4973f" executionId="33e3758e-ac31-4baf-ac0a-2a67374eaa98" testListId="8c84fa94-04c1-424b-9868-57a2d4851a1d" />
    <TestEntry testId="622329fe-6802-a47f-a835-9cc30ab115bc" executionId="dc07c10e-bbb5-46f3-a362-45a07a454c8c" testListId="8c84fa94-04c1-424b-9868-57a2d4851a1d" />
    <TestEntry testId="e5d86937-5c11-622d-2b1f-c0074e41844a" executionId="4267be04-653b-4ca4-861b-c856427462dc" testListId="8c84fa94-04c1-424b-9868-57a2d4851a1d" />
    <TestEntry testId="2f16cfaf-42c5-61a6-aac0-a20a3a6256fa" executionId="a89cce5e-460a-4760-b7a0-ad09fd616a75" testListId="8c84fa94-04c1-424b-9868-57a2d4851a1d" />
    <TestEntry testId="0e26ab4d-0e37-a0ca-ae03-7f1dc23b7444" executionId="84c84e3b-38f7-419c-ab36-3ea86853ac07" testListId="8c84fa94-04c1-424b-9868-57a2d4851a1d" />
    <TestEntry testId="ba900ab2-bbd5-5c49-710e-bbd3c770dc1e" executionId="5bd17fa2-c919-4546-b4e3-ebb5299180ad" testListId="8c84fa94-04c1-424b-9868-57a2d4851a1d" />
    <TestEntry testId="21972767-3be3-3523-c9e6-f654ba8a1beb" executionId="29e50add-c8b8-494c-a0ca-84bd5f83d48f" testListId="8c84fa94-04c1-424b-9868-57a2d4851a1d" />
    <TestEntry testId="a45be463-8313-f309-e1a8-abd8100e1dec" executionId="caa9848b-f7b2-4506-91f7-a97d4a8a26c1" testListId="8c84fa94-04c1-424b-9868-57a2d4851a1d" />
    <TestEntry testId="7fea8b39-a13a-c04e-d76e-328ac2bde15c" executionId="2b9b57b0-1916-47c2-997e-23db79bd7ce0" testListId="8c84fa94-04c1-424b-9868-57a2d4851a1d" />
    <TestEntry testId="ca4c135d-17c6-ae7b-8375-4d1049251db5" executionId="7251dfab-5507-475f-bd49-c835dbef0031" testListId="8c84fa94-04c1-424b-9868-57a2d4851a1d" />
    <TestEntry testId="8204f6a4-1cb3-a597-6b25-60e7d5afb36b" executionId="17294c96-f364-49b9-b48f-13ad114f0157" testListId="8c84fa94-04c1-424b-9868-57a2d4851a1d" />
  </TestEntries>
  <TestLists>
    <TestList name="Results Not in a List" id="8c84fa94-04c1-424b-9868-57a2d4851a1d" />
    <TestList name="All Loaded Results" id="19431567-8539-422a-85d7-44ee4e166bda" />
  </TestLists>
  <ResultSummary outcome="Completed">
    <Counters total="51" executed="46" passed="46" failed="0" error="0" timeout="0" aborted="0" inconclusive="0" passedButRunAborted="0" notRunnable="0" notExecuted="0" disconnected="0" warning="0" completed="0" inProgress="0" pending="0" />
    <Output>
      <StdOut>[xUnit.net 00:00:00.00] xUnit.net VSTest Adapter v3.1.5+1b188a7b0a (64-bit .NET 10.0.11)
[xUnit.net 00:00:00.05]   Discovering: FS.GG.SDD.Acceptance.Tests
[xUnit.net 00:00:00.09]   Discovered:  FS.GG.SDD.Acceptance.Tests
[xUnit.net 00:00:00.10]   Starting:    FS.GG.SDD.Acceptance.Tests
  VITE v7.1.0  ready in 80 ms
  ➜  Local:   http://127.0.0.1:51817/
[xUnit.net 00:00:13.88]       FSGG_SDD_ACCEPTANCE_REGISTRY is unset; the composition acceptance is opt-in and network-gated.
[xUnit.net 00:00:13.88]       FSGG_SDD_ACCEPTANCE_REGISTRY is unset; the composition acceptance is opt-in and network-gated.
[xUnit.net 00:00:13.88]       FSGG_SDD_ACCEPTANCE_REGISTRY is unset; the composition acceptance is opt-in and network-gated.
Test 'FS.GG.SDD.Acceptance.Tests.CompositionAcceptanceTests.override-free composition records the provider's sdd lifecycle default' was skipped in the test run.
Test 'FS.GG.SDD.Acceptance.Tests.CompositionAcceptanceTests.two runs with the same inputs yield byte-identical bodies' was skipped in the test run.
Test 'FS.GG.SDD.Acceptance.Tests.CompositionAcceptanceTests.real rendering composition is coherent end to end' was skipped in the test run.
[xUnit.net 00:00:13.89]       FSGG_SDD_ACCEPTANCE_REGISTRY is unset; the composition acceptance is opt-in and network-gated.
[xUnit.net 00:00:13.89]       FSGG_SDD_ACCEPTANCE_REGISTRY is unset; the composition acceptance is opt-in and network-gated.
Test 'FS.GG.SDD.Acceptance.Tests.CompositionAcceptanceTests.hyphenated scaffold name builds and tests green' was skipped in the test run.
Test 'FS.GG.SDD.Acceptance.Tests.CompositionAcceptanceTests.unavailable provider resolves to skip-unavailable' was skipped in the test run.
[xUnit.net 00:00:28.91]   Finished:    FS.GG.SDD.Acceptance.Tests
</StdOut>
    </Output>
    <RunInfos>
      <RunInfo computerName="780ae460ce3c" outcome="Warning" timestamp="2026-08-30T11:51:20.3845967+02:00">
        <Text>[xUnit.net 00:00:13.88]     FS.GG.SDD.Acceptance.Tests.CompositionAcceptanceTests.override-free composition records the provider's sdd lifecycle default [SKIP]</Text>
      </RunInfo>
      <RunInfo computerName="780ae460ce3c" outcome="Warning" timestamp="2026-08-30T11:51:20.3847380+02:00">
        <Text>[xUnit.net 00:00:13.88]     FS.GG.SDD.Acceptance.Tests.CompositionAcceptanceTests.two runs with the same inputs yield byte-identical bodies [SKIP]</Text>
      </RunInfo>
      <RunInfo computerName="780ae460ce3c" outcome="Warning" timestamp="2026-08-30T11:51:20.3847561+02:00">
        <Text>[xUnit.net 00:00:13.88]     FS.GG.SDD.Acceptance.Tests.CompositionAcceptanceTests.real rendering composition is coherent end to end [SKIP]</Text>
      </RunInfo>
      <RunInfo computerName="780ae460ce3c" outcome="Warning" timestamp="2026-08-30T11:51:20.3894105+02:00">
        <Text>[xUnit.net 00:00:13.89]     FS.GG.SDD.Acceptance.Tests.CompositionAcceptanceTests.hyphenated scaffold name builds and tests green [SKIP]</Text>
      </RunInfo>
      <RunInfo computerName="780ae460ce3c" outcome="Warning" timestamp="2026-08-30T11:51:20.3894195+02:00">
        <Text>[xUnit.net 00:00:13.89]     FS.GG.SDD.Acceptance.Tests.CompositionAcceptanceTests.unavailable provider resolves to skip-unavailable [SKIP]</Text>
      </RunInfo>
    </RunInfos>
  </ResultSummary>
</TestRun>