<?xml version="1.0" encoding="utf-8"?>
<TestRun id="e7782744-35fb-4d07-908a-288849466ebd" name="@780ae460ce3c 2026-08-30 10:23:56" xmlns="http://microsoft.com/schemas/VisualStudio/TeamTest/2010">
  <Times creation="2026-08-30T10:23:56.7254592+02:00" queuing="2026-08-30T10:23:56.7254592+02:00" start="2026-08-30T10:23:52.8367854+02:00" finish="2026-08-30T10:24:19.4159053+02:00" />
  <TestSettings name="default" id="6f40b92f-03f2-477f-ac01-222a6c520e42">
    <Deployment runDeploymentRoot="_780ae460ce3c_2026-08-30_10_23_56" />
  </TestSettings>
  <Results>
    <UnitTestResult executionId="67c8f4b1-09b9-4d52-98fc-be96ccb3dbf4" testId="ae3ea52b-ab3b-e014-c459-14ef02f2a942" testName="FS.GG.SDD.Acceptance.Tests.RegistryResolverTests.manual input path overrides dispatch and secret (precedence 1)" computerName="780ae460ce3c" duration="00:00:00.0102380" startTime="2026-08-30T10:23:56.7167762+02:00" endTime="2026-08-30T10:23:56.7260436+02:00" testType="13cdc9d9-ddb5-4fa4-a97d-d965ccfc6d4b" outcome="Passed" testListId="8c84fa94-04c1-424b-9868-57a2d4851a1d" relativeResultsDirectory="67c8f4b1-09b9-4d52-98fc-be96ccb3dbf4" />
    <UnitTestResult executionId="98d16322-8c62-4786-958d-8895202e288c" testId="e5d86937-5c11-622d-2b1f-c0074e41844a" testName="FS.GG.SDD.Acceptance.Tests.ProbeResolutionTests.blank declared executable resolves to the default(blank: &quot;&quot;)" computerName="780ae460ce3c" duration="00:00:00.0002944" startTime="2026-08-30T10:24:08.5780393+02:00" endTime="2026-08-30T10:24:08.5781021+02:00" testType="13cdc9d9-ddb5-4fa4-a97d-d965ccfc6d4b" outcome="Passed" testListId="8c84fa94-04c1-424b-9868-57a2d4851a1d" relativeResultsDirectory="98d16322-8c62-4786-958d-8895202e288c" />
    <UnitTestResult executionId="65d706c3-535b-48e6-a5c6-b5508a9ab69c" testId="89d970e3-5025-9b70-7d31-ccaa8c7687c7" testName="FS.GG.SDD.Acceptance.Tests.RegistryResolverTests.secret content is materialized when it is the only source (precedence 3)" computerName="780ae460ce3c" duration="00:00:00.0045526" startTime="2026-08-30T10:23:56.7344987+02:00" endTime="2026-08-30T10:23:56.7389895+02:00" testType="13cdc9d9-ddb5-4fa4-a97d-d965ccfc6d4b" outcome="Passed" testListId="8c84fa94-04c1-424b-9868-57a2d4851a1d" relativeResultsDirectory="65d706c3-535b-48e6-a5c6-b5508a9ab69c" />
    <UnitTestResult executionId="5146e519-3112-410f-9a78-bb713d630a3d" testId="622329fe-6802-a47f-a835-9cc30ab115bc" testName="FS.GG.SDD.Acceptance.Tests.RegistryResolverTests.dispatch whose recomputed sha differs from the advertised fails closed" computerName="780ae460ce3c" duration="00:00:00.0086621" startTime="2026-08-30T10:23:56.7391213+02:00" endTime="2026-08-30T10:23:56.7477074+02:00" testType="13cdc9d9-ddb5-4fa4-a97d-d965ccfc6d4b" outcome="Passed" testListId="8c84fa94-04c1-424b-9868-57a2d4851a1d" relativeResultsDirectory="5146e519-3112-410f-9a78-bb713d630a3d" />
    <UnitTestResult executionId="6e1193af-e9f0-4179-9114-9be6bfea6976" testId="006c2aa8-f892-b1d2-072a-a9d577d66eef" testName="FS.GG.SDD.Acceptance.Tests.ProbeResolutionTests.discoverRunnableProject is deterministic ordinal-first" computerName="780ae460ce3c" duration="00:00:00.0007625" startTime="2026-08-30T10:24:08.5733563+02:00" endTime="2026-08-30T10:24:08.5741530+02:00" testType="13cdc9d9-ddb5-4fa4-a97d-d965ccfc6d4b" outcome="Passed" testListId="8c84fa94-04c1-424b-9868-57a2d4851a1d" relativeResultsDirectory="6e1193af-e9f0-4179-9114-9be6bfea6976" />
    <UnitTestResult executionId="8ddab5da-41c9-488c-a965-a75846bdb202" testId="3f049ec7-c70a-d3c7-618e-77aadf7c04fd" testName="FS.GG.SDD.Acceptance.Tests.CompositionAcceptanceTests.omitted registry maps to a config-error fail" computerName="780ae460ce3c" duration="00:00:00.0187545" startTime="2026-08-30T10:23:56.7951072+02:00" endTime="2026-08-30T10:23:56.8109382+02:00" testType="13cdc9d9-ddb5-4fa4-a97d-d965ccfc6d4b" outcome="Passed" testListId="8c84fa94-04c1-424b-9868-57a2d4851a1d" relativeResultsDirectory="8ddab5da-41c9-488c-a965-a75846bdb202" />
    <UnitTestResult executionId="b3852c39-2c6d-4bd3-b55a-1d1a0922d775" testId="7fea8b39-a13a-c04e-d76e-328ac2bde15c" testName="FS.GG.SDD.Acceptance.Tests.CompositionAcceptanceTests.result schema golden is byte-exact with the sensed block normalized" computerName="780ae460ce3c" duration="00:00:00.0011341" startTime="2026-08-30T10:23:56.7629410+02:00" endTime="2026-08-30T10:23:56.7640078+02:00" testType="13cdc9d9-ddb5-4fa4-a97d-d965ccfc6d4b" outcome="Passed" testListId="8c84fa94-04c1-424b-9868-57a2d4851a1d" relativeResultsDirectory="b3852c39-2c6d-4bd3-b55a-1d1a0922d775" />
    <UnitTestResult executionId="0baf5bc6-b810-4ee5-bc27-cbbf42b15e72" testId="ca4c135d-17c6-ae7b-8375-4d1049251db5" testName="FS.GG.SDD.Acceptance.Tests.CompositionAcceptanceTests.the fixed composition request passes no explicit starter parameter" computerName="780ae460ce3c" duration="00:00:00.0001635" startTime="2026-08-30T10:23:56.8113560+02:00" endTime="2026-08-30T10:23:56.8114711+02:00" testType="13cdc9d9-ddb5-4fa4-a97d-d965ccfc6d4b" outcome="Passed" testListId="8c84fa94-04c1-424b-9868-57a2d4851a1d" relativeResultsDirectory="0baf5bc6-b810-4ee5-bc27-cbbf42b15e72" />
    <UnitTestResult executionId="48e028d5-a2e7-4aef-820a-e42de2ab8d61" testId="72d9c30f-4dd4-6681-e743-2a98042efe74" testName="FS.GG.SDD.Acceptance.Tests.ProbeResolutionTests.runProbe honors the descriptor's declared command and starts no dotnet" computerName="780ae460ce3c" duration="00:00:00.0006322" startTime="2026-08-30T10:24:08.5769983+02:00" endTime="2026-08-30T10:24:08.5775783+02:00" testType="13cdc9d9-ddb5-4fa4-a97d-d965ccfc6d4b" outcome="Passed" testListId="8c84fa94-04c1-424b-9868-57a2d4851a1d" relativeResultsDirectory="48e028d5-a2e7-4aef-820a-e42de2ab8d61" />
    <UnitTestResult executionId="a134f05a-dbc9-45ef-9d2e-af4baa3cec6b" testId="3bd12610-6f5b-6d52-1006-7f991e63a5cb" testName="FS.GG.SDD.Acceptance.Tests.ProbeResolutionTests.default ProbeCommand tokens are the generic dotnet set only" computerName="780ae460ce3c" duration="00:00:00.0013420" startTime="2026-08-30T10:24:08.5756276+02:00" endTime="2026-08-30T10:24:08.5769181+02:00" testType="13cdc9d9-ddb5-4fa4-a97d-d965ccfc6d4b" outcome="Passed" testListId="8c84fa94-04c1-424b-9868-57a2d4851a1d" relativeResultsDirectory="a134f05a-dbc9-45ef-9d2e-af4baa3cec6b" />
    <UnitTestResult executionId="859565eb-eb94-4533-aaf8-ade63534e0f9" testId="ac98a8b5-0a26-6f72-ad12-f395f90c6377" testName="FS.GG.SDD.Acceptance.Tests.ScheduledAcceptanceWorkflowTests.scheduled lane always reaches the fail-closed registry resolver and provider facts" computerName="780ae460ce3c" duration="00:00:00.0064342" startTime="2026-08-30T10:23:56.7154503+02:00" endTime="2026-08-30T10:23:56.7154950+02:00" testType="13cdc9d9-ddb5-4fa4-a97d-d965ccfc6d4b" outcome="Passed" testListId="8c84fa94-04c1-424b-9868-57a2d4851a1d" relativeResultsDirectory="859565eb-eb94-4533-aaf8-ade63534e0f9" />
    <UnitTestResult executionId="1071cc88-08b3-4da3-bbde-adb256730981" testId="be16c792-d85e-d4e5-424a-eb9e5c422ffc" testName="FS.GG.SDD.Acceptance.Tests.RegistryResolverTests.dispatch with empty content fails closed" computerName="780ae460ce3c" duration="00:00:00.0023338" startTime="2026-08-30T10:23:56.7478506+02:00" endTime="2026-08-30T10:23:56.7500935+02:00" testType="13cdc9d9-ddb5-4fa4-a97d-d965ccfc6d4b" outcome="Passed" testListId="8c84fa94-04c1-424b-9868-57a2d4851a1d" relativeResultsDirectory="1071cc88-08b3-4da3-bbde-adb256730981" />
    <UnitTestResult executionId="dd4bc9f5-c950-431d-99d5-2b4fc0ecf4ad" testId="e092d10d-77eb-6355-9500-66be19bae403" testName="FS.GG.SDD.Acceptance.Tests.CompositionAcceptanceTests.override-free composition records the provider's sdd lifecycle default" computerName="780ae460ce3c" duration="00:00:00.0010000" startTime="2026-08-30T10:23:56.7640936+02:00" endTime="2026-08-30T10:23:56.7643766+02:00" testType="13cdc9d9-ddb5-4fa4-a97d-d965ccfc6d4b" outcome="NotExecuted" testListId="8c84fa94-04c1-424b-9868-57a2d4851a1d" relativeResultsDirectory="dd4bc9f5-c950-431d-99d5-2b4fc0ecf4ad">
      <Output>
        <ErrorInfo>
          <Message>FSGG_SDD_ACCEPTANCE_REGISTRY is unset; the composition acceptance is opt-in and network-gated.</Message>
        </ErrorInfo>
      </Output>
    </UnitTestResult>
    <UnitTestResult executionId="73b122c6-e33b-4090-a6b3-936f942e668b" testId="e6b850d7-61ba-eec3-3dfb-3b81545cda03" testName="FS.GG.SDD.Acceptance.Tests.ProbeResolutionTests.resolveBuildCommand declared invokes the declared command never dotnet" computerName="780ae460ce3c" duration="00:00:00.0001739" startTime="2026-08-30T10:24:08.5776542+02:00" endTime="2026-08-30T10:24:08.5777819+02:00" testType="13cdc9d9-ddb5-4fa4-a97d-d965ccfc6d4b" outcome="Passed" testListId="8c84fa94-04c1-424b-9868-57a2d4851a1d" relativeResultsDirectory="73b122c6-e33b-4090-a6b3-936f942e668b" />
    <UnitTestResult executionId="deb5036b-c191-4928-9e07-6ef60800ddf5" testId="27dcddae-0cb8-acd3-27fe-de294945351c" testName="FS.GG.SDD.Acceptance.Tests.ProbeResolutionTests.buildProbe declared executes the Synthetic command and reflects its exit" computerName="780ae460ce3c" duration="00:00:00.0009863" startTime="2026-08-30T10:24:19.3441763+02:00" endTime="2026-08-30T10:24:19.3451615+02:00" testType="13cdc9d9-ddb5-4fa4-a97d-d965ccfc6d4b" outcome="Passed" testListId="8c84fa94-04c1-424b-9868-57a2d4851a1d" relativeResultsDirectory="deb5036b-c191-4928-9e07-6ef60800ddf5" />
    <UnitTestResult executionId="15877a14-f7ea-4d62-8bf4-fe0f4ae475d8" testId="a45be463-8313-f309-e1a8-abd8100e1dec" testName="FS.GG.SDD.Acceptance.Tests.ProbeResolutionTests.buildProbe honors the descriptor's declared command and starts no dotnet" computerName="780ae460ce3c" duration="00:00:00.0011431" startTime="2026-08-30T10:24:08.5714321+02:00" endTime="2026-08-30T10:24:08.5725405+02:00" testType="13cdc9d9-ddb5-4fa4-a97d-d965ccfc6d4b" outcome="Passed" testListId="8c84fa94-04c1-424b-9868-57a2d4851a1d" relativeResultsDirectory="15877a14-f7ea-4d62-8bf4-fe0f4ae475d8" />
    <UnitTestResult executionId="61c7896d-82b3-4363-a4bf-070412e6d73b" testId="d814d512-5082-e6ff-1687-56f26b4a951e" testName="FS.GG.SDD.Acceptance.Tests.CompositionAcceptanceTests.the override-free composition request carries no parameter" computerName="780ae460ce3c" duration="00:00:00.0002291" startTime="2026-08-30T10:23:56.7871494+02:00" endTime="2026-08-30T10:23:56.7872748+02:00" testType="13cdc9d9-ddb5-4fa4-a97d-d965ccfc6d4b" outcome="Passed" testListId="8c84fa94-04c1-424b-9868-57a2d4851a1d" relativeResultsDirectory="61c7896d-82b3-4363-a4bf-070412e6d73b" />
    <UnitTestResult executionId="34263704-207e-455c-89a2-65c941902c89" testId="a2b3bd15-b9ad-5b68-a145-e9d475c37992" testName="FS.GG.SDD.Acceptance.Tests.WorkBoardScaffoldAcceptanceTests.a fresh product scaffold carries each routed work-board body byte-identically in both runtime roots(id: &quot;work-board-normal&quot;)" computerName="780ae460ce3c" duration="00:00:00.6841019" startTime="2026-08-30T10:23:56.8126717+02:00" endTime="2026-08-30T10:23:57.4968308+02:00" testType="13cdc9d9-ddb5-4fa4-a97d-d965ccfc6d4b" outcome="Passed" testListId="8c84fa94-04c1-424b-9868-57a2d4851a1d" relativeResultsDirectory="34263704-207e-455c-89a2-65c941902c89" />
    <UnitTestResult executionId="ee8fdf53-8c8d-479c-a53a-6ab01201087e" testId="9673926a-2b94-e57a-4999-0c92e59407b5" testName="FS.GG.SDD.Acceptance.Tests.ProbeResolutionTests.resolveRunCommand declared is Some of the declared command at root" computerName="780ae460ce3c" duration="00:00:00.0002665" startTime="2026-08-30T10:24:19.3440795+02:00" endTime="2026-08-30T10:24:19.3441241+02:00" testType="13cdc9d9-ddb5-4fa4-a97d-d965ccfc6d4b" outcome="Passed" testListId="8c84fa94-04c1-424b-9868-57a2d4851a1d" relativeResultsDirectory="ee8fdf53-8c8d-479c-a53a-6ab01201087e" />
    <UnitTestResult executionId="93114dbe-d774-4651-b542-ac39b5001b67" testId="44906f0b-1424-2632-ebf6-3504a3b26bae" testName="FS.GG.SDD.Acceptance.Tests.PolyglotLifecycleAcceptanceTests.one lifecycle imports real TRX and JUnit reports without a language taxonomy" computerName="780ae460ce3c" duration="00:00:09.8146253" startTime="2026-08-30T10:23:58.7550100+02:00" endTime="2026-08-30T10:24:08.5696749+02:00" testType="13cdc9d9-ddb5-4fa4-a97d-d965ccfc6d4b" outcome="Passed" testListId="8c84fa94-04c1-424b-9868-57a2d4851a1d" relativeResultsDirectory="93114dbe-d774-4651-b542-ac39b5001b67" />
    <UnitTestResult executionId="668262b5-d3ce-45bc-9ac5-29fc51b0ba60" testId="21972767-3be3-3523-c9e6-f654ba8a1beb" testName="FS.GG.SDD.Acceptance.Tests.ProbeResolutionTests.runProbe declared executes the Synthetic command and reflects its exit" computerName="780ae460ce3c" duration="00:00:00.0007980" startTime="2026-08-30T10:24:08.5741989+02:00" endTime="2026-08-30T10:24:08.5749886+02:00" testType="13cdc9d9-ddb5-4fa4-a97d-d965ccfc6d4b" outcome="Passed" testListId="8c84fa94-04c1-424b-9868-57a2d4851a1d" relativeResultsDirectory="668262b5-d3ce-45bc-9ac5-29fc51b0ba60" />
    <UnitTestResult executionId="fc39e063-c917-4c49-98d9-3dca7684c5c1" testId="2cbdaaf3-be3a-20cb-b6f3-da55748eaaca" testName="FS.GG.SDD.Acceptance.Tests.RegistryResolverTests.no source at all fails closed (unchanged from today)" computerName="780ae460ce3c" duration="00:00:00.0020481" startTime="2026-08-30T10:23:56.7568822+02:00" endTime="2026-08-30T10:23:56.7588755+02:00" testType="13cdc9d9-ddb5-4fa4-a97d-d965ccfc6d4b" outcome="Passed" testListId="8c84fa94-04c1-424b-9868-57a2d4851a1d" relativeResultsDirectory="fc39e063-c917-4c49-98d9-3dca7684c5c1" />
    <UnitTestResult executionId="68c01ea5-0099-4118-9ae5-f2976eadeef8" testId="bdb2e49f-a09b-ddb9-fdfa-76803914ea66" testName="FS.GG.SDD.Acceptance.Tests.ProbeResolutionTests.Synthetic missing executable yields a could-not-start ProbeResult" computerName="780ae460ce3c" duration="00:00:00.0005547" startTime="2026-08-30T10:24:14.3403432+02:00" endTime="2026-08-30T10:24:14.3407034+02:00" testType="13cdc9d9-ddb5-4fa4-a97d-d965ccfc6d4b" outcome="Passed" testListId="8c84fa94-04c1-424b-9868-57a2d4851a1d" relativeResultsDirectory="68c01ea5-0099-4118-9ae5-f2976eadeef8" />
    <UnitTestResult executionId="9e553363-c37a-449d-82b5-7a36c64b7ca9" testId="d2a7e1f3-6542-cc07-8201-f60f29efe833" testName="FS.GG.SDD.Acceptance.Tests.ProbeResolutionTests.resolveRunCommand None is dotnet run --project discovered at root" computerName="780ae460ce3c" duration="00:00:00.0002748" startTime="2026-08-30T10:24:09.3370740+02:00" endTime="2026-08-30T10:24:09.3372508+02:00" testType="13cdc9d9-ddb5-4fa4-a97d-d965ccfc6d4b" outcome="Passed" testListId="8c84fa94-04c1-424b-9868-57a2d4851a1d" relativeResultsDirectory="9e553363-c37a-449d-82b5-7a36c64b7ca9" />
    <UnitTestResult executionId="d2d22d99-873b-40e5-9d2a-ef26cc1f45c3" testId="92a5a20c-c9a7-e604-fdbc-53ac85b4973f" testName="FS.GG.SDD.Acceptance.Tests.ProbeResolutionTests.Synthetic hanging command is killed at its bound with a timeout diagnostic" computerName="780ae460ce3c" duration="00:00:00.7584980" startTime="2026-08-30T10:24:08.5784659+02:00" endTime="2026-08-30T10:24:09.3369447+02:00" testType="13cdc9d9-ddb5-4fa4-a97d-d965ccfc6d4b" outcome="Passed" testListId="8c84fa94-04c1-424b-9868-57a2d4851a1d" relativeResultsDirectory="d2d22d99-873b-40e5-9d2a-ef26cc1f45c3" />
    <UnitTestResult executionId="b02a332a-29dc-4518-b470-72b303972eea" testId="039ba848-fd47-3417-a085-845c8b41e808" testName="FS.GG.SDD.Acceptance.Tests.ProbeResolutionTests.runProbe does not report a child that exited holding pipes as a healthy running app" computerName="780ae460ce3c" duration="00:00:05.0027996" startTime="2026-08-30T10:24:09.3372956+02:00" endTime="2026-08-30T10:24:14.3401156+02:00" testType="13cdc9d9-ddb5-4fa4-a97d-d965ccfc6d4b" outcome="Passed" testListId="8c84fa94-04c1-424b-9868-57a2d4851a1d" relativeResultsDirectory="b02a332a-29dc-4518-b470-72b303972eea" />
    <UnitTestResult executionId="1d7ba0c6-11fb-48ca-a8bf-cadad445cbec" testId="debb8f1e-13bb-f63f-a08b-093e0e685ee6" testName="FS.GG.SDD.Acceptance.Tests.WorkBoardScaffoldAcceptanceTests.the shipped padd-item skill targets only the configured board and fails without mutation when wiring is missing" computerName="780ae460ce3c" duration="00:00:00.0001699" startTime="2026-08-30T10:23:58.1273462+02:00" endTime="2026-08-30T10:23:58.1273625+02:00" testType="13cdc9d9-ddb5-4fa4-a97d-d965ccfc6d4b" outcome="Passed" testListId="8c84fa94-04c1-424b-9868-57a2d4851a1d" relativeResultsDirectory="1d7ba0c6-11fb-48ca-a8bf-cadad445cbec" />
    <UnitTestResult executionId="b5b80033-d4d9-4c6d-8c6c-401a44a6bcf9" testId="cc6ddf7a-7804-c963-cddc-fb68a1fc61e2" testName="FS.GG.SDD.Acceptance.Tests.CompositionAcceptanceTests.real rendering composition is coherent end to end" computerName="780ae460ce3c" duration="00:00:00.0010000" startTime="2026-08-30T10:23:56.7660505+02:00" endTime="2026-08-30T10:23:56.7660609+02:00" testType="13cdc9d9-ddb5-4fa4-a97d-d965ccfc6d4b" outcome="NotExecuted" testListId="8c84fa94-04c1-424b-9868-57a2d4851a1d" relativeResultsDirectory="b5b80033-d4d9-4c6d-8c6c-401a44a6bcf9">
      <Output>
        <ErrorInfo>
          <Message>FSGG_SDD_ACCEPTANCE_REGISTRY is unset; the composition acceptance is opt-in and network-gated.</Message>
        </ErrorInfo>
      </Output>
    </UnitTestResult>
    <UnitTestResult executionId="bbdad95b-0e6f-424a-9988-d6c8bc478ebe" testId="d5e6fdd1-4573-08b8-e199-c030479e6812" testName="FS.GG.SDD.Acceptance.Tests.ScheduledAcceptanceWorkflowTests.offline provider facts retain an explicit capability skip" computerName="780ae460ce3c" duration="00:00:00.0000834" startTime="2026-08-30T10:23:56.7159381+02:00" endTime="2026-08-30T10:23:56.7159502+02:00" testType="13cdc9d9-ddb5-4fa4-a97d-d965ccfc6d4b" outcome="Passed" testListId="8c84fa94-04c1-424b-9868-57a2d4851a1d" relativeResultsDirectory="bbdad95b-0e6f-424a-9988-d6c8bc478ebe" />
    <UnitTestResult executionId="9152d6d0-966a-48f1-8ef4-63099bc9b81e" testId="c8f652f2-5b48-3b61-7c73-771b3df5c5e9" testName="FS.GG.SDD.Acceptance.Tests.CompositionAcceptanceTests.verdict resolution keys on the outcome+diagnostic pair" computerName="780ae460ce3c" duration="00:00:00.0003186" startTime="2026-08-30T10:23:56.8110528+02:00" endTime="2026-08-30T10:23:56.8112796+02:00" testType="13cdc9d9-ddb5-4fa4-a97d-d965ccfc6d4b" outcome="Passed" testListId="8c84fa94-04c1-424b-9868-57a2d4851a1d" relativeResultsDirectory="9152d6d0-966a-48f1-8ef4-63099bc9b81e" />
    <UnitTestResult executionId="bbd0141d-03ec-4f88-a49a-40b23d0b248c" testId="0e26ab4d-0e37-a0ca-ae03-7f1dc23b7444" testName="FS.GG.SDD.Acceptance.Tests.WorkBoardScaffoldAcceptanceTests.the shipped work-board skill documents its host loop and immediate status reporting" computerName="780ae460ce3c" duration="00:00:00.0005130" startTime="2026-08-30T10:23:56.8120877+02:00" endTime="2026-08-30T10:23:56.8125972+02:00" testType="13cdc9d9-ddb5-4fa4-a97d-d965ccfc6d4b" outcome="Passed" testListId="8c84fa94-04c1-424b-9868-57a2d4851a1d" relativeResultsDirectory="bbd0141d-03ec-4f88-a49a-40b23d0b248c" />
    <UnitTestResult executionId="035ca306-ed19-41f2-a504-4affa6e1765d" testId="a3671615-ce7b-fbcc-6f0d-a521907048ff" testName="FS.GG.SDD.Acceptance.Tests.WorkBoardScaffoldAcceptanceTests.a fresh product scaffold carries each routed work-board body byte-identically in both runtime roots(id: &quot;work-board-best&quot;)" computerName="780ae460ce3c" duration="00:00:00.6297774" startTime="2026-08-30T10:23:57.4972434+02:00" endTime="2026-08-30T10:23:58.1266619+02:00" testType="13cdc9d9-ddb5-4fa4-a97d-d965ccfc6d4b" outcome="Passed" testListId="8c84fa94-04c1-424b-9868-57a2d4851a1d" relativeResultsDirectory="035ca306-ed19-41f2-a504-4affa6e1765d" />
    <UnitTestResult executionId="ca019736-64d8-4643-87e4-8ee993763cb6" testId="855c01d1-cde7-ad8b-126a-052a5dea7412" testName="FS.GG.SDD.Acceptance.Tests.WorkBoardScaffoldAcceptanceTests.a fresh product scaffold carries the exact package-delivered padd-item body in both runtime roots" computerName="780ae460ce3c" duration="00:00:00.6277504" startTime="2026-08-30T10:23:58.1274831+02:00" endTime="2026-08-30T10:23:58.7548207+02:00" testType="13cdc9d9-ddb5-4fa4-a97d-d965ccfc6d4b" outcome="Passed" testListId="8c84fa94-04c1-424b-9868-57a2d4851a1d" relativeResultsDirectory="ca019736-64d8-4643-87e4-8ee993763cb6" />
    <UnitTestResult executionId="15f3f25b-523b-40fe-9886-70fba635cf9d" testId="78af8ec1-beef-bfab-dab4-d2292e6aeabe" testName="FS.GG.SDD.Acceptance.Tests.ProbeResolutionTests.Synthetic non-zero exit yields a started non-zero ProbeResult" computerName="780ae460ce3c" duration="00:00:00.0007154" startTime="2026-08-30T10:24:08.5725981+02:00" endTime="2026-08-30T10:24:08.5733022+02:00" testType="13cdc9d9-ddb5-4fa4-a97d-d965ccfc6d4b" outcome="Passed" testListId="8c84fa94-04c1-424b-9868-57a2d4851a1d" relativeResultsDirectory="15f3f25b-523b-40fe-9886-70fba635cf9d" />
    <UnitTestResult executionId="a550e6cc-0b58-4415-81cf-132fc660db88" testId="ac367409-e3dc-e87e-85a3-4112df45a27b" testName="FS.GG.SDD.Acceptance.Tests.CompositionAcceptanceTests.unavailable provider resolves to skip-unavailable" computerName="780ae460ce3c" duration="00:00:00.0010000" startTime="2026-08-30T10:23:56.7949938+02:00" endTime="2026-08-30T10:23:56.7950045+02:00" testType="13cdc9d9-ddb5-4fa4-a97d-d965ccfc6d4b" outcome="NotExecuted" testListId="8c84fa94-04c1-424b-9868-57a2d4851a1d" relativeResultsDirectory="a550e6cc-0b58-4415-81cf-132fc660db88">
      <Output>
        <ErrorInfo>
          <Message>FSGG_SDD_ACCEPTANCE_REGISTRY is unset; the composition acceptance is opt-in and network-gated.</Message>
        </ErrorInfo>
      </Output>
    </UnitTestResult>
    <UnitTestResult executionId="9027e20a-3b01-4e8e-a5d8-1c35713d2f49" testId="93f44e30-3252-dbfb-baff-39798062b47b" testName="FS.GG.SDD.Acceptance.Tests.CompositionAcceptanceTests.providerFailed splits into skip and fail by diagnostic" computerName="780ae460ce3c" duration="00:00:00.0008488" startTime="2026-08-30T10:23:56.7873650+02:00" endTime="2026-08-30T10:23:56.7881687+02:00" testType="13cdc9d9-ddb5-4fa4-a97d-d965ccfc6d4b" outcome="Passed" testListId="8c84fa94-04c1-424b-9868-57a2d4851a1d" relativeResultsDirectory="9027e20a-3b01-4e8e-a5d8-1c35713d2f49" />
    <UnitTestResult executionId="95e1df8d-bdab-4d11-a68c-931d0662542c" testId="04136a42-e567-a294-7a17-cbf5fd8811d3" testName="FS.GG.SDD.Acceptance.Tests.CompositionAcceptanceTests.the hyphenated smoke request forwards the descriptor-resolved name key" computerName="780ae460ce3c" duration="00:00:00.0228504" startTime="2026-08-30T10:23:56.7661711+02:00" endTime="2026-08-30T10:23:56.7870229+02:00" testType="13cdc9d9-ddb5-4fa4-a97d-d965ccfc6d4b" outcome="Passed" testListId="8c84fa94-04c1-424b-9868-57a2d4851a1d" relativeResultsDirectory="95e1df8d-bdab-4d11-a68c-931d0662542c" />
    <UnitTestResult executionId="803ec96a-5ab2-4fb3-baec-9269e634a180" testId="ed935c2b-816e-35f0-b2c3-0d10cece218b" testName="FS.GG.SDD.Acceptance.Tests.CompositionAcceptanceTests.the skeleton-shape surface accounts for all seeded skill files" computerName="780ae460ce3c" duration="00:00:00.0037849" startTime="2026-08-30T10:23:56.7593978+02:00" endTime="2026-08-30T10:23:56.7628509+02:00" testType="13cdc9d9-ddb5-4fa4-a97d-d965ccfc6d4b" outcome="Passed" testListId="8c84fa94-04c1-424b-9868-57a2d4851a1d" relativeResultsDirectory="803ec96a-5ab2-4fb3-baec-9269e634a180" />
    <UnitTestResult executionId="8a22ee27-32c7-46db-a91e-895bc26ad584" testId="e07ce153-e7f5-5dcb-59c7-ccc288c3d231" testName="FS.GG.SDD.Acceptance.Tests.ProbeResolutionTests.resolveBuildCommand None is dotnet build at root" computerName="780ae460ce3c" duration="00:00:00.0001443" startTime="2026-08-30T10:24:19.3452255+02:00" endTime="2026-08-30T10:24:19.3453227+02:00" testType="13cdc9d9-ddb5-4fa4-a97d-d965ccfc6d4b" outcome="Passed" testListId="8c84fa94-04c1-424b-9868-57a2d4851a1d" relativeResultsDirectory="8a22ee27-32c7-46db-a91e-895bc26ad584" />
    <UnitTestResult executionId="e9348ea9-509b-4b9b-85ae-5082562edc58" testId="ad2f4672-a91e-43cc-0123-25541dccce5b" testName="FS.GG.SDD.Acceptance.Tests.CompositionAcceptanceTests.two runs with the same inputs yield byte-identical bodies" computerName="780ae460ce3c" duration="00:00:00.0010000" startTime="2026-08-30T10:23:56.7658964+02:00" endTime="2026-08-30T10:23:56.7659164+02:00" testType="13cdc9d9-ddb5-4fa4-a97d-d965ccfc6d4b" outcome="NotExecuted" testListId="8c84fa94-04c1-424b-9868-57a2d4851a1d" relativeResultsDirectory="e9348ea9-509b-4b9b-85ae-5082562edc58">
      <Output>
        <ErrorInfo>
          <Message>FSGG_SDD_ACCEPTANCE_REGISTRY is unset; the composition acceptance is opt-in and network-gated.</Message>
        </ErrorInfo>
      </Output>
    </UnitTestResult>
    <UnitTestResult executionId="84bdda44-c675-4704-bfbf-e36b1a818006" testId="8204f6a4-1cb3-a597-6b25-60e7d5afb36b" testName="FS.GG.SDD.Acceptance.Tests.ProbeResolutionTests.empty product discovers no project and run default is None" computerName="780ae460ce3c" duration="00:00:00.0013931" startTime="2026-08-30T10:24:08.5701316+02:00" endTime="2026-08-30T10:24:08.5713633+02:00" testType="13cdc9d9-ddb5-4fa4-a97d-d965ccfc6d4b" outcome="Passed" testListId="8c84fa94-04c1-424b-9868-57a2d4851a1d" relativeResultsDirectory="84bdda44-c675-4704-bfbf-e36b1a818006" />
    <UnitTestResult executionId="2406e665-866b-4d6b-80ce-78de687630a4" testId="afe7f316-de50-9fab-41ec-f2cb13ef69d6" testName="FS.GG.SDD.Acceptance.Tests.ProbeResolutionTests.descriptor with no declared build or run resolves to the dotnet defaults" computerName="780ae460ce3c" duration="00:00:00.0005151" startTime="2026-08-30T10:24:08.5750607+02:00" endTime="2026-08-30T10:24:08.5755434+02:00" testType="13cdc9d9-ddb5-4fa4-a97d-d965ccfc6d4b" outcome="Passed" testListId="8c84fa94-04c1-424b-9868-57a2d4851a1d" relativeResultsDirectory="2406e665-866b-4d6b-80ce-78de687630a4" />
    <UnitTestResult executionId="c2541e67-5bb3-4d23-98d6-5513bc473dda" testId="4ff64246-bb73-c864-04aa-74e724e50022" testName="FS.GG.SDD.Acceptance.Tests.CompositionAcceptanceTests.descriptor resolve-and-bind selects the declared build and run commands" computerName="780ae460ce3c" duration="00:00:00.0035560" startTime="2026-08-30T10:23:56.7882686+02:00" endTime="2026-08-30T10:23:56.7917693+02:00" testType="13cdc9d9-ddb5-4fa4-a97d-d965ccfc6d4b" outcome="Passed" testListId="8c84fa94-04c1-424b-9868-57a2d4851a1d" relativeResultsDirectory="c2541e67-5bb3-4d23-98d6-5513bc473dda" />
    <UnitTestResult executionId="cd4d06d0-d25f-4758-84cf-a1a89f4ac48c" testId="10129ba8-ea28-c463-c457-91ed71a91b24" testName="FS.GG.SDD.Acceptance.Tests.ProbeResolutionTests.runToCompletion is bounded when a grandchild still holds the pipes after the child exits" computerName="780ae460ce3c" duration="00:00:05.0030431" startTime="2026-08-30T10:24:14.3407733+02:00" endTime="2026-08-30T10:24:19.3438679+02:00" testType="13cdc9d9-ddb5-4fa4-a97d-d965ccfc6d4b" outcome="Passed" testListId="8c84fa94-04c1-424b-9868-57a2d4851a1d" relativeResultsDirectory="cd4d06d0-d25f-4758-84cf-a1a89f4ac48c" />
    <UnitTestResult executionId="6176e8b2-e416-44d2-8478-b2460e6fbaae" testId="340d97b9-4e45-e2a5-afab-ca7d18d9cc5d" testName="FS.GG.SDD.Acceptance.Tests.RegistryResolverTests.default mode appends the registry path to GITHUB_ENV and the drift sha to the step summary" computerName="780ae460ce3c" duration="00:00:00.0065920" startTime="2026-08-30T10:23:56.7502202+02:00" endTime="2026-08-30T10:23:56.7567481+02:00" testType="13cdc9d9-ddb5-4fa4-a97d-d965ccfc6d4b" outcome="Passed" testListId="8c84fa94-04c1-424b-9868-57a2d4851a1d" relativeResultsDirectory="6176e8b2-e416-44d2-8478-b2460e6fbaae" />
    <UnitTestResult executionId="d5896b98-9c0e-4100-8f8a-10c7ccffcc4f" testId="2f16cfaf-42c5-61a6-aac0-a20a3a6256fa" testName="FS.GG.SDD.Acceptance.Tests.ScheduledAcceptanceWorkflowTests.default real-provider product root is a stable valid identifier shape" computerName="780ae460ce3c" duration="00:00:03.5686198" startTime="2026-08-30T10:23:53.1361423+02:00" endTime="2026-08-30T10:23:56.7079943+02:00" testType="13cdc9d9-ddb5-4fa4-a97d-d965ccfc6d4b" outcome="Passed" testListId="8c84fa94-04c1-424b-9868-57a2d4851a1d" relativeResultsDirectory="d5896b98-9c0e-4100-8f8a-10c7ccffcc4f" />
    <UnitTestResult executionId="8e95266a-7514-4832-9c91-ed75416817e5" testId="0bf7357e-ca34-2cb5-e735-a799a03d392a" testName="FS.GG.SDD.Acceptance.Tests.CompositionAcceptanceTests.hyphenated scaffold name builds and tests green" computerName="780ae460ce3c" duration="00:00:00.0010000" startTime="2026-08-30T10:23:56.7948525+02:00" endTime="2026-08-30T10:23:56.7948633+02:00" testType="13cdc9d9-ddb5-4fa4-a97d-d965ccfc6d4b" outcome="NotExecuted" testListId="8c84fa94-04c1-424b-9868-57a2d4851a1d" relativeResultsDirectory="8e95266a-7514-4832-9c91-ed75416817e5">
      <Output>
        <ErrorInfo>
          <Message>FSGG_SDD_ACCEPTANCE_REGISTRY is unset; the composition acceptance is opt-in and network-gated.</Message>
        </ErrorInfo>
      </Output>
    </UnitTestResult>
    <UnitTestResult executionId="14e933ed-a83a-4c58-b9e1-1fa266df4d4b" testId="aec8d945-1da8-42f5-a77a-83daa656267f" testName="FS.GG.SDD.Acceptance.Tests.RegistryResolverTests.dispatch source materializes content verbatim and the file sha matches the advertised" computerName="780ae460ce3c" duration="00:00:00.0082735" startTime="2026-08-30T10:23:56.7262698+02:00" endTime="2026-08-30T10:23:56.7343693+02:00" testType="13cdc9d9-ddb5-4fa4-a97d-d965ccfc6d4b" outcome="Passed" testListId="8c84fa94-04c1-424b-9868-57a2d4851a1d" relativeResultsDirectory="14e933ed-a83a-4c58-b9e1-1fa266df4d4b" />
    <UnitTestResult executionId="143a1764-6bd7-48b2-b6b1-9ba6463a51c3" testId="48567f3d-fd39-1642-8d18-76a73d26d804" testName="FS.GG.SDD.Acceptance.Tests.ProbeResolutionTests.blank declared executable resolves to the default(blank: &quot;   &quot;)" computerName="780ae460ce3c" duration="00:00:00.0002486" startTime="2026-08-30T10:24:08.5781684+02:00" endTime="2026-08-30T10:24:08.5783804+02:00" testType="13cdc9d9-ddb5-4fa4-a97d-d965ccfc6d4b" outcome="Passed" testListId="8c84fa94-04c1-424b-9868-57a2d4851a1d" relativeResultsDirectory="143a1764-6bd7-48b2-b6b1-9ba6463a51c3" />
    <UnitTestResult executionId="7be5900d-8d9c-44fa-bc73-ba70407240a9" testId="b81a06fb-76a1-9559-e370-b43c6d90d2a9" testName="FS.GG.SDD.Acceptance.Tests.CompositionAcceptanceTests.env-unset registry skips with no document" computerName="780ae460ce3c" duration="00:00:00.0003128" startTime="2026-08-30T10:23:56.7947571+02:00" endTime="2026-08-30T10:23:56.7947728+02:00" testType="13cdc9d9-ddb5-4fa4-a97d-d965ccfc6d4b" outcome="Passed" testListId="8c84fa94-04c1-424b-9868-57a2d4851a1d" relativeResultsDirectory="7be5900d-8d9c-44fa-bc73-ba70407240a9" />
    <UnitTestResult executionId="e83eb4ef-885f-4f1d-94d0-d1c420f4378f" testId="ba900ab2-bbd5-5c49-710e-bbd3c770dc1e" testName="FS.GG.SDD.Acceptance.Tests.CompositionAcceptanceTests.acceptance project carries no Governance reference" computerName="780ae460ce3c" duration="00:00:00.0003999" startTime="2026-08-30T10:23:56.8115456+02:00" endTime="2026-08-30T10:23:56.8118979+02:00" testType="13cdc9d9-ddb5-4fa4-a97d-d965ccfc6d4b" outcome="Passed" testListId="8c84fa94-04c1-424b-9868-57a2d4851a1d" relativeResultsDirectory="e83eb4ef-885f-4f1d-94d0-d1c420f4378f" />
  </Results>
  <TestDefinitions>
    <UnitTest name="FS.GG.SDD.Acceptance.Tests.ProbeResolutionTests.blank declared executable resolves to the default(blank: &quot;   &quot;)" storage="/tmp/fsgg-sdd-944-v39tis/tests/fs.gg.sdd.acceptance.tests/bin/release/net10.0/fs.gg.sdd.acceptance.tests.dll" id="48567f3d-fd39-1642-8d18-76a73d26d804">
      <Execution id="143a1764-6bd7-48b2-b6b1-9ba6463a51c3" />
      <TestMethod codeBase="/tmp/fsgg-sdd-944-v39tIs/tests/FS.GG.SDD.Acceptance.Tests/bin/Release/net10.0/FS.GG.SDD.Acceptance.Tests.dll" adapterTypeName="executor://xunit/VsTestRunner3/netcore/" className="FS.GG.SDD.Acceptance.Tests.ProbeResolutionTests" name="blank declared executable resolves to the default" />
    </UnitTest>
    <UnitTest name="FS.GG.SDD.Acceptance.Tests.ProbeResolutionTests.Synthetic missing executable yields a could-not-start ProbeResult" storage="/tmp/fsgg-sdd-944-v39tis/tests/fs.gg.sdd.acceptance.tests/bin/release/net10.0/fs.gg.sdd.acceptance.tests.dll" id="bdb2e49f-a09b-ddb9-fdfa-76803914ea66">
      <Execution id="68c01ea5-0099-4118-9ae5-f2976eadeef8" />
      <TestMethod codeBase="/tmp/fsgg-sdd-944-v39tIs/tests/FS.GG.SDD.Acceptance.Tests/bin/Release/net10.0/FS.GG.SDD.Acceptance.Tests.dll" adapterTypeName="executor://xunit/VsTestRunner3/netcore/" className="FS.GG.SDD.Acceptance.Tests.ProbeResolutionTests" name="Synthetic missing executable yields a could-not-start ProbeResult" />
    </UnitTest>
    <UnitTest name="FS.GG.SDD.Acceptance.Tests.CompositionAcceptanceTests.env-unset registry skips with no document" storage="/tmp/fsgg-sdd-944-v39tis/tests/fs.gg.sdd.acceptance.tests/bin/release/net10.0/fs.gg.sdd.acceptance.tests.dll" id="b81a06fb-76a1-9559-e370-b43c6d90d2a9">
      <Execution id="7be5900d-8d9c-44fa-bc73-ba70407240a9" />
      <TestMethod codeBase="/tmp/fsgg-sdd-944-v39tIs/tests/FS.GG.SDD.Acceptance.Tests/bin/Release/net10.0/FS.GG.SDD.Acceptance.Tests.dll" adapterTypeName="executor://xunit/VsTestRunner3/netcore/" className="FS.GG.SDD.Acceptance.Tests.CompositionAcceptanceTests" name="env-unset registry skips with no document" />
    </UnitTest>
    <UnitTest name="FS.GG.SDD.Acceptance.Tests.ProbeResolutionTests.runProbe honors the descriptor's declared command and starts no dotnet" storage="/tmp/fsgg-sdd-944-v39tis/tests/fs.gg.sdd.acceptance.tests/bin/release/net10.0/fs.gg.sdd.acceptance.tests.dll" id="72d9c30f-4dd4-6681-e743-2a98042efe74">
      <Execution id="48e028d5-a2e7-4aef-820a-e42de2ab8d61" />
      <TestMethod codeBase="/tmp/fsgg-sdd-944-v39tIs/tests/FS.GG.SDD.Acceptance.Tests/bin/Release/net10.0/FS.GG.SDD.Acceptance.Tests.dll" adapterTypeName="executor://xunit/VsTestRunner3/netcore/" className="FS.GG.SDD.Acceptance.Tests.ProbeResolutionTests" name="runProbe honors the descriptor's declared command and starts no dotnet" />
    </UnitTest>
    <UnitTest name="FS.GG.SDD.Acceptance.Tests.CompositionAcceptanceTests.the fixed composition request passes no explicit starter parameter" storage="/tmp/fsgg-sdd-944-v39tis/tests/fs.gg.sdd.acceptance.tests/bin/release/net10.0/fs.gg.sdd.acceptance.tests.dll" id="ca4c135d-17c6-ae7b-8375-4d1049251db5">
      <Execution id="0baf5bc6-b810-4ee5-bc27-cbbf42b15e72" />
      <TestMethod codeBase="/tmp/fsgg-sdd-944-v39tIs/tests/FS.GG.SDD.Acceptance.Tests/bin/Release/net10.0/FS.GG.SDD.Acceptance.Tests.dll" adapterTypeName="executor://xunit/VsTestRunner3/netcore/" className="FS.GG.SDD.Acceptance.Tests.CompositionAcceptanceTests" name="the fixed composition request passes no explicit starter parameter" />
    </UnitTest>
    <UnitTest name="FS.GG.SDD.Acceptance.Tests.ProbeResolutionTests.blank declared executable resolves to the default(blank: &quot;&quot;)" storage="/tmp/fsgg-sdd-944-v39tis/tests/fs.gg.sdd.acceptance.tests/bin/release/net10.0/fs.gg.sdd.acceptance.tests.dll" id="e5d86937-5c11-622d-2b1f-c0074e41844a">
      <Execution id="98d16322-8c62-4786-958d-8895202e288c" />
      <TestMethod codeBase="/tmp/fsgg-sdd-944-v39tIs/tests/FS.GG.SDD.Acceptance.Tests/bin/Release/net10.0/FS.GG.SDD.Acceptance.Tests.dll" adapterTypeName="executor://xunit/VsTestRunner3/netcore/" className="FS.GG.SDD.Acceptance.Tests.ProbeResolutionTests" name="blank declared executable resolves to the default" />
    </UnitTest>
    <UnitTest name="FS.GG.SDD.Acceptance.Tests.CompositionAcceptanceTests.two runs with the same inputs yield byte-identical bodies" storage="/tmp/fsgg-sdd-944-v39tis/tests/fs.gg.sdd.acceptance.tests/bin/release/net10.0/fs.gg.sdd.acceptance.tests.dll" id="ad2f4672-a91e-43cc-0123-25541dccce5b">
      <Execution id="e9348ea9-509b-4b9b-85ae-5082562edc58" />
      <TestMethod codeBase="/tmp/fsgg-sdd-944-v39tIs/tests/FS.GG.SDD.Acceptance.Tests/bin/Release/net10.0/FS.GG.SDD.Acceptance.Tests.dll" adapterTypeName="executor://xunit/VsTestRunner3/netcore/" className="FS.GG.SDD.Acceptance.Tests.CompositionAcceptanceTests" name="two runs with the same inputs yield byte-identical bodies" />
    </UnitTest>
    <UnitTest name="FS.GG.SDD.Acceptance.Tests.CompositionAcceptanceTests.the override-free composition request carries no parameter" storage="/tmp/fsgg-sdd-944-v39tis/tests/fs.gg.sdd.acceptance.tests/bin/release/net10.0/fs.gg.sdd.acceptance.tests.dll" id="d814d512-5082-e6ff-1687-56f26b4a951e">
      <Execution id="61c7896d-82b3-4363-a4bf-070412e6d73b" />
      <TestMethod codeBase="/tmp/fsgg-sdd-944-v39tIs/tests/FS.GG.SDD.Acceptance.Tests/bin/Release/net10.0/FS.GG.SDD.Acceptance.Tests.dll" adapterTypeName="executor://xunit/VsTestRunner3/netcore/" className="FS.GG.SDD.Acceptance.Tests.CompositionAcceptanceTests" name="the override-free composition request carries no parameter" />
    </UnitTest>
    <UnitTest name="FS.GG.SDD.Acceptance.Tests.CompositionAcceptanceTests.the skeleton-shape surface accounts for all seeded skill files" storage="/tmp/fsgg-sdd-944-v39tis/tests/fs.gg.sdd.acceptance.tests/bin/release/net10.0/fs.gg.sdd.acceptance.tests.dll" id="ed935c2b-816e-35f0-b2c3-0d10cece218b">
      <Execution id="803ec96a-5ab2-4fb3-baec-9269e634a180" />
      <TestMethod codeBase="/tmp/fsgg-sdd-944-v39tIs/tests/FS.GG.SDD.Acceptance.Tests/bin/Release/net10.0/FS.GG.SDD.Acceptance.Tests.dll" adapterTypeName="executor://xunit/VsTestRunner3/netcore/" className="FS.GG.SDD.Acceptance.Tests.CompositionAcceptanceTests" name="the skeleton-shape surface accounts for all seeded skill files" />
    </UnitTest>
    <UnitTest name="FS.GG.SDD.Acceptance.Tests.WorkBoardScaffoldAcceptanceTests.the shipped work-board skill documents its host loop and immediate status reporting" storage="/tmp/fsgg-sdd-944-v39tis/tests/fs.gg.sdd.acceptance.tests/bin/release/net10.0/fs.gg.sdd.acceptance.tests.dll" id="0e26ab4d-0e37-a0ca-ae03-7f1dc23b7444">
      <Execution id="bbd0141d-03ec-4f88-a49a-40b23d0b248c" />
      <TestMethod codeBase="/tmp/fsgg-sdd-944-v39tIs/tests/FS.GG.SDD.Acceptance.Tests/bin/Release/net10.0/FS.GG.SDD.Acceptance.Tests.dll" adapterTypeName="executor://xunit/VsTestRunner3/netcore/" className="FS.GG.SDD.Acceptance.Tests.WorkBoardScaffoldAcceptanceTests" name="the shipped work-board skill documents its host loop and immediate status reporting" />
    </UnitTest>
    <UnitTest name="FS.GG.SDD.Acceptance.Tests.RegistryResolverTests.default mode appends the registry path to GITHUB_ENV and the drift sha to the step summary" storage="/tmp/fsgg-sdd-944-v39tis/tests/fs.gg.sdd.acceptance.tests/bin/release/net10.0/fs.gg.sdd.acceptance.tests.dll" id="340d97b9-4e45-e2a5-afab-ca7d18d9cc5d">
      <Execution id="6176e8b2-e416-44d2-8478-b2460e6fbaae" />
      <TestMethod codeBase="/tmp/fsgg-sdd-944-v39tIs/tests/FS.GG.SDD.Acceptance.Tests/bin/Release/net10.0/FS.GG.SDD.Acceptance.Tests.dll" adapterTypeName="executor://xunit/VsTestRunner3/netcore/" className="FS.GG.SDD.Acceptance.Tests.RegistryResolverTests" name="default mode appends the registry path to GITHUB_ENV and the drift sha to the step summary" />
    </UnitTest>
    <UnitTest name="FS.GG.SDD.Acceptance.Tests.ScheduledAcceptanceWorkflowTests.offline provider facts retain an explicit capability skip" storage="/tmp/fsgg-sdd-944-v39tis/tests/fs.gg.sdd.acceptance.tests/bin/release/net10.0/fs.gg.sdd.acceptance.tests.dll" id="d5e6fdd1-4573-08b8-e199-c030479e6812">
      <Execution id="bbdad95b-0e6f-424a-9988-d6c8bc478ebe" />
      <TestMethod codeBase="/tmp/fsgg-sdd-944-v39tIs/tests/FS.GG.SDD.Acceptance.Tests/bin/Release/net10.0/FS.GG.SDD.Acceptance.Tests.dll" adapterTypeName="executor://xunit/VsTestRunner3/netcore/" className="FS.GG.SDD.Acceptance.Tests.ScheduledAcceptanceWorkflowTests" name="offline provider facts retain an explicit capability skip" />
    </UnitTest>
    <UnitTest name="FS.GG.SDD.Acceptance.Tests.RegistryResolverTests.no source at all fails closed (unchanged from today)" storage="/tmp/fsgg-sdd-944-v39tis/tests/fs.gg.sdd.acceptance.tests/bin/release/net10.0/fs.gg.sdd.acceptance.tests.dll" id="2cbdaaf3-be3a-20cb-b6f3-da55748eaaca">
      <Execution id="fc39e063-c917-4c49-98d9-3dca7684c5c1" />
      <TestMethod codeBase="/tmp/fsgg-sdd-944-v39tIs/tests/FS.GG.SDD.Acceptance.Tests/bin/Release/net10.0/FS.GG.SDD.Acceptance.Tests.dll" adapterTypeName="executor://xunit/VsTestRunner3/netcore/" className="FS.GG.SDD.Acceptance.Tests.RegistryResolverTests" name="no source at all fails closed (unchanged from today)" />
    </UnitTest>
    <UnitTest name="FS.GG.SDD.Acceptance.Tests.RegistryResolverTests.dispatch with empty content fails closed" storage="/tmp/fsgg-sdd-944-v39tis/tests/fs.gg.sdd.acceptance.tests/bin/release/net10.0/fs.gg.sdd.acceptance.tests.dll" id="be16c792-d85e-d4e5-424a-eb9e5c422ffc">
      <Execution id="1071cc88-08b3-4da3-bbde-adb256730981" />
      <TestMethod codeBase="/tmp/fsgg-sdd-944-v39tIs/tests/FS.GG.SDD.Acceptance.Tests/bin/Release/net10.0/FS.GG.SDD.Acceptance.Tests.dll" adapterTypeName="executor://xunit/VsTestRunner3/netcore/" className="FS.GG.SDD.Acceptance.Tests.RegistryResolverTests" name="dispatch with empty content fails closed" />
    </UnitTest>
    <UnitTest name="FS.GG.SDD.Acceptance.Tests.ProbeResolutionTests.default ProbeCommand tokens are the generic dotnet set only" storage="/tmp/fsgg-sdd-944-v39tis/tests/fs.gg.sdd.acceptance.tests/bin/release/net10.0/fs.gg.sdd.acceptance.tests.dll" id="3bd12610-6f5b-6d52-1006-7f991e63a5cb">
      <Execution id="a134f05a-dbc9-45ef-9d2e-af4baa3cec6b" />
      <TestMethod codeBase="/tmp/fsgg-sdd-944-v39tIs/tests/FS.GG.SDD.Acceptance.Tests/bin/Release/net10.0/FS.GG.SDD.Acceptance.Tests.dll" adapterTypeName="executor://xunit/VsTestRunner3/netcore/" className="FS.GG.SDD.Acceptance.Tests.ProbeResolutionTests" name="default ProbeCommand tokens are the generic dotnet set only" />
    </UnitTest>
    <UnitTest name="FS.GG.SDD.Acceptance.Tests.ProbeResolutionTests.resolveRunCommand None is dotnet run --project discovered at root" storage="/tmp/fsgg-sdd-944-v39tis/tests/fs.gg.sdd.acceptance.tests/bin/release/net10.0/fs.gg.sdd.acceptance.tests.dll" id="d2a7e1f3-6542-cc07-8201-f60f29efe833">
      <Execution id="9e553363-c37a-449d-82b5-7a36c64b7ca9" />
      <TestMethod codeBase="/tmp/fsgg-sdd-944-v39tIs/tests/FS.GG.SDD.Acceptance.Tests/bin/Release/net10.0/FS.GG.SDD.Acceptance.Tests.dll" adapterTypeName="executor://xunit/VsTestRunner3/netcore/" className="FS.GG.SDD.Acceptance.Tests.ProbeResolutionTests" name="resolveRunCommand None is dotnet run --project discovered at root" />
    </UnitTest>
    <UnitTest name="FS.GG.SDD.Acceptance.Tests.RegistryResolverTests.secret content is materialized when it is the only source (precedence 3)" storage="/tmp/fsgg-sdd-944-v39tis/tests/fs.gg.sdd.acceptance.tests/bin/release/net10.0/fs.gg.sdd.acceptance.tests.dll" id="89d970e3-5025-9b70-7d31-ccaa8c7687c7">
      <Execution id="65d706c3-535b-48e6-a5c6-b5508a9ab69c" />
      <TestMethod codeBase="/tmp/fsgg-sdd-944-v39tIs/tests/FS.GG.SDD.Acceptance.Tests/bin/Release/net10.0/FS.GG.SDD.Acceptance.Tests.dll" adapterTypeName="executor://xunit/VsTestRunner3/netcore/" className="FS.GG.SDD.Acceptance.Tests.RegistryResolverTests" name="secret content is materialized when it is the only source (precedence 3)" />
    </UnitTest>
    <UnitTest name="FS.GG.SDD.Acceptance.Tests.RegistryResolverTests.dispatch whose recomputed sha differs from the advertised fails closed" storage="/tmp/fsgg-sdd-944-v39tis/tests/fs.gg.sdd.acceptance.tests/bin/release/net10.0/fs.gg.sdd.acceptance.tests.dll" id="622329fe-6802-a47f-a835-9cc30ab115bc">
      <Execution id="5146e519-3112-410f-9a78-bb713d630a3d" />
      <TestMethod codeBase="/tmp/fsgg-sdd-944-v39tIs/tests/FS.GG.SDD.Acceptance.Tests/bin/Release/net10.0/FS.GG.SDD.Acceptance.Tests.dll" adapterTypeName="executor://xunit/VsTestRunner3/netcore/" className="FS.GG.SDD.Acceptance.Tests.RegistryResolverTests" name="dispatch whose recomputed sha differs from the advertised fails closed" />
    </UnitTest>
    <UnitTest name="FS.GG.SDD.Acceptance.Tests.ScheduledAcceptanceWorkflowTests.scheduled lane always reaches the fail-closed registry resolver and provider facts" storage="/tmp/fsgg-sdd-944-v39tis/tests/fs.gg.sdd.acceptance.tests/bin/release/net10.0/fs.gg.sdd.acceptance.tests.dll" id="ac98a8b5-0a26-6f72-ad12-f395f90c6377">
      <Execution id="859565eb-eb94-4533-aaf8-ade63534e0f9" />
      <TestMethod codeBase="/tmp/fsgg-sdd-944-v39tIs/tests/FS.GG.SDD.Acceptance.Tests/bin/Release/net10.0/FS.GG.SDD.Acceptance.Tests.dll" adapterTypeName="executor://xunit/VsTestRunner3/netcore/" className="FS.GG.SDD.Acceptance.Tests.ScheduledAcceptanceWorkflowTests" name="scheduled lane always reaches the fail-closed registry resolver and provider facts" />
    </UnitTest>
    <UnitTest name="FS.GG.SDD.Acceptance.Tests.CompositionAcceptanceTests.omitted registry maps to a config-error fail" storage="/tmp/fsgg-sdd-944-v39tis/tests/fs.gg.sdd.acceptance.tests/bin/release/net10.0/fs.gg.sdd.acceptance.tests.dll" id="3f049ec7-c70a-d3c7-618e-77aadf7c04fd">
      <Execution id="8ddab5da-41c9-488c-a965-a75846bdb202" />
      <TestMethod codeBase="/tmp/fsgg-sdd-944-v39tIs/tests/FS.GG.SDD.Acceptance.Tests/bin/Release/net10.0/FS.GG.SDD.Acceptance.Tests.dll" adapterTypeName="executor://xunit/VsTestRunner3/netcore/" className="FS.GG.SDD.Acceptance.Tests.CompositionAcceptanceTests" name="omitted registry maps to a config-error fail" />
    </UnitTest>
    <UnitTest name="FS.GG.SDD.Acceptance.Tests.CompositionAcceptanceTests.result schema golden is byte-exact with the sensed block normalized" storage="/tmp/fsgg-sdd-944-v39tis/tests/fs.gg.sdd.acceptance.tests/bin/release/net10.0/fs.gg.sdd.acceptance.tests.dll" id="7fea8b39-a13a-c04e-d76e-328ac2bde15c">
      <Execution id="b3852c39-2c6d-4bd3-b55a-1d1a0922d775" />
      <TestMethod codeBase="/tmp/fsgg-sdd-944-v39tIs/tests/FS.GG.SDD.Acceptance.Tests/bin/Release/net10.0/FS.GG.SDD.Acceptance.Tests.dll" adapterTypeName="executor://xunit/VsTestRunner3/netcore/" className="FS.GG.SDD.Acceptance.Tests.CompositionAcceptanceTests" name="result schema golden is byte-exact with the sensed block normalized" />
    </UnitTest>
    <UnitTest name="FS.GG.SDD.Acceptance.Tests.WorkBoardScaffoldAcceptanceTests.a fresh product scaffold carries each routed work-board body byte-identically in both runtime roots(id: &quot;work-board-normal&quot;)" storage="/tmp/fsgg-sdd-944-v39tis/tests/fs.gg.sdd.acceptance.tests/bin/release/net10.0/fs.gg.sdd.acceptance.tests.dll" id="a2b3bd15-b9ad-5b68-a145-e9d475c37992">
      <Execution id="34263704-207e-455c-89a2-65c941902c89" />
      <TestMethod codeBase="/tmp/fsgg-sdd-944-v39tIs/tests/FS.GG.SDD.Acceptance.Tests/bin/Release/net10.0/FS.GG.SDD.Acceptance.Tests.dll" adapterTypeName="executor://xunit/VsTestRunner3/netcore/" className="FS.GG.SDD.Acceptance.Tests.WorkBoardScaffoldAcceptanceTests" name="a fresh product scaffold carries each routed work-board body byte-identically in both runtime roots" />
    </UnitTest>
    <UnitTest name="FS.GG.SDD.Acceptance.Tests.ProbeResolutionTests.buildProbe declared executes the Synthetic command and reflects its exit" storage="/tmp/fsgg-sdd-944-v39tis/tests/fs.gg.sdd.acceptance.tests/bin/release/net10.0/fs.gg.sdd.acceptance.tests.dll" id="27dcddae-0cb8-acd3-27fe-de294945351c">
      <Execution id="deb5036b-c191-4928-9e07-6ef60800ddf5" />
      <TestMethod codeBase="/tmp/fsgg-sdd-944-v39tIs/tests/FS.GG.SDD.Acceptance.Tests/bin/Release/net10.0/FS.GG.SDD.Acceptance.Tests.dll" adapterTypeName="executor://xunit/VsTestRunner3/netcore/" className="FS.GG.SDD.Acceptance.Tests.ProbeResolutionTests" name="buildProbe declared executes the Synthetic command and reflects its exit" />
    </UnitTest>
    <UnitTest name="FS.GG.SDD.Acceptance.Tests.ProbeResolutionTests.runToCompletion is bounded when a grandchild still holds the pipes after the child exits" storage="/tmp/fsgg-sdd-944-v39tis/tests/fs.gg.sdd.acceptance.tests/bin/release/net10.0/fs.gg.sdd.acceptance.tests.dll" id="10129ba8-ea28-c463-c457-91ed71a91b24">
      <Execution id="cd4d06d0-d25f-4758-84cf-a1a89f4ac48c" />
      <TestMethod codeBase="/tmp/fsgg-sdd-944-v39tIs/tests/FS.GG.SDD.Acceptance.Tests/bin/Release/net10.0/FS.GG.SDD.Acceptance.Tests.dll" adapterTypeName="executor://xunit/VsTestRunner3/netcore/" className="FS.GG.SDD.Acceptance.Tests.ProbeResolutionTests" name="runToCompletion is bounded when a grandchild still holds the pipes after the child exits" />
    </UnitTest>
    <UnitTest name="FS.GG.SDD.Acceptance.Tests.WorkBoardScaffoldAcceptanceTests.a fresh product scaffold carries each routed work-board body byte-identically in both runtime roots(id: &quot;work-board-best&quot;)" storage="/tmp/fsgg-sdd-944-v39tis/tests/fs.gg.sdd.acceptance.tests/bin/release/net10.0/fs.gg.sdd.acceptance.tests.dll" id="a3671615-ce7b-fbcc-6f0d-a521907048ff">
      <Execution id="035ca306-ed19-41f2-a504-4affa6e1765d" />
      <TestMethod codeBase="/tmp/fsgg-sdd-944-v39tIs/tests/FS.GG.SDD.Acceptance.Tests/bin/Release/net10.0/FS.GG.SDD.Acceptance.Tests.dll" adapterTypeName="executor://xunit/VsTestRunner3/netcore/" className="FS.GG.SDD.Acceptance.Tests.WorkBoardScaffoldAcceptanceTests" name="a fresh product scaffold carries each routed work-board body byte-identically in both runtime roots" />
    </UnitTest>
    <UnitTest name="FS.GG.SDD.Acceptance.Tests.RegistryResolverTests.dispatch source materializes content verbatim and the file sha matches the advertised" storage="/tmp/fsgg-sdd-944-v39tis/tests/fs.gg.sdd.acceptance.tests/bin/release/net10.0/fs.gg.sdd.acceptance.tests.dll" id="aec8d945-1da8-42f5-a77a-83daa656267f">
      <Execution id="14e933ed-a83a-4c58-b9e1-1fa266df4d4b" />
      <TestMethod codeBase="/tmp/fsgg-sdd-944-v39tIs/tests/FS.GG.SDD.Acceptance.Tests/bin/Release/net10.0/FS.GG.SDD.Acceptance.Tests.dll" adapterTypeName="executor://xunit/VsTestRunner3/netcore/" className="FS.GG.SDD.Acceptance.Tests.RegistryResolverTests" name="dispatch source materializes content verbatim and the file sha matches the advertised" />
    </UnitTest>
    <UnitTest name="FS.GG.SDD.Acceptance.Tests.CompositionAcceptanceTests.unavailable provider resolves to skip-unavailable" storage="/tmp/fsgg-sdd-944-v39tis/tests/fs.gg.sdd.acceptance.tests/bin/release/net10.0/fs.gg.sdd.acceptance.tests.dll" id="ac367409-e3dc-e87e-85a3-4112df45a27b">
      <Execution id="a550e6cc-0b58-4415-81cf-132fc660db88" />
      <TestMethod codeBase="/tmp/fsgg-sdd-944-v39tIs/tests/FS.GG.SDD.Acceptance.Tests/bin/Release/net10.0/FS.GG.SDD.Acceptance.Tests.dll" adapterTypeName="executor://xunit/VsTestRunner3/netcore/" className="FS.GG.SDD.Acceptance.Tests.CompositionAcceptanceTests" name="unavailable provider resolves to skip-unavailable" />
    </UnitTest>
    <UnitTest name="FS.GG.SDD.Acceptance.Tests.WorkBoardScaffoldAcceptanceTests.the shipped padd-item skill targets only the configured board and fails without mutation when wiring is missing" storage="/tmp/fsgg-sdd-944-v39tis/tests/fs.gg.sdd.acceptance.tests/bin/release/net10.0/fs.gg.sdd.acceptance.tests.dll" id="debb8f1e-13bb-f63f-a08b-093e0e685ee6">
      <Execution id="1d7ba0c6-11fb-48ca-a8bf-cadad445cbec" />
      <TestMethod codeBase="/tmp/fsgg-sdd-944-v39tIs/tests/FS.GG.SDD.Acceptance.Tests/bin/Release/net10.0/FS.GG.SDD.Acceptance.Tests.dll" adapterTypeName="executor://xunit/VsTestRunner3/netcore/" className="FS.GG.SDD.Acceptance.Tests.WorkBoardScaffoldAcceptanceTests" name="the shipped padd-item skill targets only the configured board and fails without mutation when wiring is missing" />
    </UnitTest>
    <UnitTest name="FS.GG.SDD.Acceptance.Tests.CompositionAcceptanceTests.override-free composition records the provider's sdd lifecycle default" storage="/tmp/fsgg-sdd-944-v39tis/tests/fs.gg.sdd.acceptance.tests/bin/release/net10.0/fs.gg.sdd.acceptance.tests.dll" id="e092d10d-77eb-6355-9500-66be19bae403">
      <Execution id="dd4bc9f5-c950-431d-99d5-2b4fc0ecf4ad" />
      <TestMethod codeBase="/tmp/fsgg-sdd-944-v39tIs/tests/FS.GG.SDD.Acceptance.Tests/bin/Release/net10.0/FS.GG.SDD.Acceptance.Tests.dll" adapterTypeName="executor://xunit/VsTestRunner3/netcore/" className="FS.GG.SDD.Acceptance.Tests.CompositionAcceptanceTests" name="override-free composition records the provider's sdd lifecycle default" />
    </UnitTest>
    <UnitTest name="FS.GG.SDD.Acceptance.Tests.ProbeResolutionTests.empty product discovers no project and run default is None" storage="/tmp/fsgg-sdd-944-v39tis/tests/fs.gg.sdd.acceptance.tests/bin/release/net10.0/fs.gg.sdd.acceptance.tests.dll" id="8204f6a4-1cb3-a597-6b25-60e7d5afb36b">
      <Execution id="84bdda44-c675-4704-bfbf-e36b1a818006" />
      <TestMethod codeBase="/tmp/fsgg-sdd-944-v39tIs/tests/FS.GG.SDD.Acceptance.Tests/bin/Release/net10.0/FS.GG.SDD.Acceptance.Tests.dll" adapterTypeName="executor://xunit/VsTestRunner3/netcore/" className="FS.GG.SDD.Acceptance.Tests.ProbeResolutionTests" name="empty product discovers no project and run default is None" />
    </UnitTest>
    <UnitTest name="FS.GG.SDD.Acceptance.Tests.ProbeResolutionTests.Synthetic non-zero exit yields a started non-zero ProbeResult" storage="/tmp/fsgg-sdd-944-v39tis/tests/fs.gg.sdd.acceptance.tests/bin/release/net10.0/fs.gg.sdd.acceptance.tests.dll" id="78af8ec1-beef-bfab-dab4-d2292e6aeabe">
      <Execution id="15f3f25b-523b-40fe-9886-70fba635cf9d" />
      <TestMethod codeBase="/tmp/fsgg-sdd-944-v39tIs/tests/FS.GG.SDD.Acceptance.Tests/bin/Release/net10.0/FS.GG.SDD.Acceptance.Tests.dll" adapterTypeName="executor://xunit/VsTestRunner3/netcore/" className="FS.GG.SDD.Acceptance.Tests.ProbeResolutionTests" name="Synthetic non-zero exit yields a started non-zero ProbeResult" />
    </UnitTest>
    <UnitTest name="FS.GG.SDD.Acceptance.Tests.ProbeResolutionTests.resolveRunCommand declared is Some of the declared command at root" storage="/tmp/fsgg-sdd-944-v39tis/tests/fs.gg.sdd.acceptance.tests/bin/release/net10.0/fs.gg.sdd.acceptance.tests.dll" id="9673926a-2b94-e57a-4999-0c92e59407b5">
      <Execution id="ee8fdf53-8c8d-479c-a53a-6ab01201087e" />
      <TestMethod codeBase="/tmp/fsgg-sdd-944-v39tIs/tests/FS.GG.SDD.Acceptance.Tests/bin/Release/net10.0/FS.GG.SDD.Acceptance.Tests.dll" adapterTypeName="executor://xunit/VsTestRunner3/netcore/" className="FS.GG.SDD.Acceptance.Tests.ProbeResolutionTests" name="resolveRunCommand declared is Some of the declared command at root" />
    </UnitTest>
    <UnitTest name="FS.GG.SDD.Acceptance.Tests.ProbeResolutionTests.runProbe declared executes the Synthetic command and reflects its exit" storage="/tmp/fsgg-sdd-944-v39tis/tests/fs.gg.sdd.acceptance.tests/bin/release/net10.0/fs.gg.sdd.acceptance.tests.dll" id="21972767-3be3-3523-c9e6-f654ba8a1beb">
      <Execution id="668262b5-d3ce-45bc-9ac5-29fc51b0ba60" />
      <TestMethod codeBase="/tmp/fsgg-sdd-944-v39tIs/tests/FS.GG.SDD.Acceptance.Tests/bin/Release/net10.0/FS.GG.SDD.Acceptance.Tests.dll" adapterTypeName="executor://xunit/VsTestRunner3/netcore/" className="FS.GG.SDD.Acceptance.Tests.ProbeResolutionTests" name="runProbe declared executes the Synthetic command and reflects its exit" />
    </UnitTest>
    <UnitTest name="FS.GG.SDD.Acceptance.Tests.ProbeResolutionTests.discoverRunnableProject is deterministic ordinal-first" storage="/tmp/fsgg-sdd-944-v39tis/tests/fs.gg.sdd.acceptance.tests/bin/release/net10.0/fs.gg.sdd.acceptance.tests.dll" id="006c2aa8-f892-b1d2-072a-a9d577d66eef">
      <Execution id="6e1193af-e9f0-4179-9114-9be6bfea6976" />
      <TestMethod codeBase="/tmp/fsgg-sdd-944-v39tIs/tests/FS.GG.SDD.Acceptance.Tests/bin/Release/net10.0/FS.GG.SDD.Acceptance.Tests.dll" adapterTypeName="executor://xunit/VsTestRunner3/netcore/" className="FS.GG.SDD.Acceptance.Tests.ProbeResolutionTests" name="discoverRunnableProject is deterministic ordinal-first" />
    </UnitTest>
    <UnitTest name="FS.GG.SDD.Acceptance.Tests.CompositionAcceptanceTests.the hyphenated smoke request forwards the descriptor-resolved name key" storage="/tmp/fsgg-sdd-944-v39tis/tests/fs.gg.sdd.acceptance.tests/bin/release/net10.0/fs.gg.sdd.acceptance.tests.dll" id="04136a42-e567-a294-7a17-cbf5fd8811d3">
      <Execution id="95e1df8d-bdab-4d11-a68c-931d0662542c" />
      <TestMethod codeBase="/tmp/fsgg-sdd-944-v39tIs/tests/FS.GG.SDD.Acceptance.Tests/bin/Release/net10.0/FS.GG.SDD.Acceptance.Tests.dll" adapterTypeName="executor://xunit/VsTestRunner3/netcore/" className="FS.GG.SDD.Acceptance.Tests.CompositionAcceptanceTests" name="the hyphenated smoke request forwards the descriptor-resolved name key" />
    </UnitTest>
    <UnitTest name="FS.GG.SDD.Acceptance.Tests.PolyglotLifecycleAcceptanceTests.one lifecycle imports real TRX and JUnit reports without a language taxonomy" storage="/tmp/fsgg-sdd-944-v39tis/tests/fs.gg.sdd.acceptance.tests/bin/release/net10.0/fs.gg.sdd.acceptance.tests.dll" id="44906f0b-1424-2632-ebf6-3504a3b26bae">
      <Execution id="93114dbe-d774-4651-b542-ac39b5001b67" />
      <TestMethod codeBase="/tmp/fsgg-sdd-944-v39tIs/tests/FS.GG.SDD.Acceptance.Tests/bin/Release/net10.0/FS.GG.SDD.Acceptance.Tests.dll" adapterTypeName="executor://xunit/VsTestRunner3/netcore/" className="FS.GG.SDD.Acceptance.Tests.PolyglotLifecycleAcceptanceTests" name="one lifecycle imports real TRX and JUnit reports without a language taxonomy" />
    </UnitTest>
    <UnitTest name="FS.GG.SDD.Acceptance.Tests.WorkBoardScaffoldAcceptanceTests.a fresh product scaffold carries the exact package-delivered padd-item body in both runtime roots" storage="/tmp/fsgg-sdd-944-v39tis/tests/fs.gg.sdd.acceptance.tests/bin/release/net10.0/fs.gg.sdd.acceptance.tests.dll" id="855c01d1-cde7-ad8b-126a-052a5dea7412">
      <Execution id="ca019736-64d8-4643-87e4-8ee993763cb6" />
      <TestMethod codeBase="/tmp/fsgg-sdd-944-v39tIs/tests/FS.GG.SDD.Acceptance.Tests/bin/Release/net10.0/FS.GG.SDD.Acceptance.Tests.dll" adapterTypeName="executor://xunit/VsTestRunner3/netcore/" className="FS.GG.SDD.Acceptance.Tests.WorkBoardScaffoldAcceptanceTests" name="a fresh product scaffold carries the exact package-delivered padd-item body in both runtime roots" />
    </UnitTest>
    <UnitTest name="FS.GG.SDD.Acceptance.Tests.CompositionAcceptanceTests.hyphenated scaffold name builds and tests green" storage="/tmp/fsgg-sdd-944-v39tis/tests/fs.gg.sdd.acceptance.tests/bin/release/net10.0/fs.gg.sdd.acceptance.tests.dll" id="0bf7357e-ca34-2cb5-e735-a799a03d392a">
      <Execution id="8e95266a-7514-4832-9c91-ed75416817e5" />
      <TestMethod codeBase="/tmp/fsgg-sdd-944-v39tIs/tests/FS.GG.SDD.Acceptance.Tests/bin/Release/net10.0/FS.GG.SDD.Acceptance.Tests.dll" adapterTypeName="executor://xunit/VsTestRunner3/netcore/" className="FS.GG.SDD.Acceptance.Tests.CompositionAcceptanceTests" name="hyphenated scaffold name builds and tests green" />
    </UnitTest>
    <UnitTest name="FS.GG.SDD.Acceptance.Tests.ScheduledAcceptanceWorkflowTests.default real-provider product root is a stable valid identifier shape" storage="/tmp/fsgg-sdd-944-v39tis/tests/fs.gg.sdd.acceptance.tests/bin/release/net10.0/fs.gg.sdd.acceptance.tests.dll" id="2f16cfaf-42c5-61a6-aac0-a20a3a6256fa">
      <Execution id="d5896b98-9c0e-4100-8f8a-10c7ccffcc4f" />
      <TestMethod codeBase="/tmp/fsgg-sdd-944-v39tIs/tests/FS.GG.SDD.Acceptance.Tests/bin/Release/net10.0/FS.GG.SDD.Acceptance.Tests.dll" adapterTypeName="executor://xunit/VsTestRunner3/netcore/" className="FS.GG.SDD.Acceptance.Tests.ScheduledAcceptanceWorkflowTests" name="default real-provider product root is a stable valid identifier shape" />
    </UnitTest>
    <UnitTest name="FS.GG.SDD.Acceptance.Tests.ProbeResolutionTests.resolveBuildCommand None is dotnet build at root" storage="/tmp/fsgg-sdd-944-v39tis/tests/fs.gg.sdd.acceptance.tests/bin/release/net10.0/fs.gg.sdd.acceptance.tests.dll" id="e07ce153-e7f5-5dcb-59c7-ccc288c3d231">
      <Execution id="8a22ee27-32c7-46db-a91e-895bc26ad584" />
      <TestMethod codeBase="/tmp/fsgg-sdd-944-v39tIs/tests/FS.GG.SDD.Acceptance.Tests/bin/Release/net10.0/FS.GG.SDD.Acceptance.Tests.dll" adapterTypeName="executor://xunit/VsTestRunner3/netcore/" className="FS.GG.SDD.Acceptance.Tests.ProbeResolutionTests" name="resolveBuildCommand None is dotnet build at root" />
    </UnitTest>
    <UnitTest name="FS.GG.SDD.Acceptance.Tests.CompositionAcceptanceTests.descriptor resolve-and-bind selects the declared build and run commands" storage="/tmp/fsgg-sdd-944-v39tis/tests/fs.gg.sdd.acceptance.tests/bin/release/net10.0/fs.gg.sdd.acceptance.tests.dll" id="4ff64246-bb73-c864-04aa-74e724e50022">
      <Execution id="c2541e67-5bb3-4d23-98d6-5513bc473dda" />
      <TestMethod codeBase="/tmp/fsgg-sdd-944-v39tIs/tests/FS.GG.SDD.Acceptance.Tests/bin/Release/net10.0/FS.GG.SDD.Acceptance.Tests.dll" adapterTypeName="executor://xunit/VsTestRunner3/netcore/" className="FS.GG.SDD.Acceptance.Tests.CompositionAcceptanceTests" name="descriptor resolve-and-bind selects the declared build and run commands" />
    </UnitTest>
    <UnitTest name="FS.GG.SDD.Acceptance.Tests.ProbeResolutionTests.descriptor with no declared build or run resolves to the dotnet defaults" storage="/tmp/fsgg-sdd-944-v39tis/tests/fs.gg.sdd.acceptance.tests/bin/release/net10.0/fs.gg.sdd.acceptance.tests.dll" id="afe7f316-de50-9fab-41ec-f2cb13ef69d6">
      <Execution id="2406e665-866b-4d6b-80ce-78de687630a4" />
      <TestMethod codeBase="/tmp/fsgg-sdd-944-v39tIs/tests/FS.GG.SDD.Acceptance.Tests/bin/Release/net10.0/FS.GG.SDD.Acceptance.Tests.dll" adapterTypeName="executor://xunit/VsTestRunner3/netcore/" className="FS.GG.SDD.Acceptance.Tests.ProbeResolutionTests" name="descriptor with no declared build or run resolves to the dotnet defaults" />
    </UnitTest>
    <UnitTest name="FS.GG.SDD.Acceptance.Tests.CompositionAcceptanceTests.verdict resolution keys on the outcome+diagnostic pair" storage="/tmp/fsgg-sdd-944-v39tis/tests/fs.gg.sdd.acceptance.tests/bin/release/net10.0/fs.gg.sdd.acceptance.tests.dll" id="c8f652f2-5b48-3b61-7c73-771b3df5c5e9">
      <Execution id="9152d6d0-966a-48f1-8ef4-63099bc9b81e" />
      <TestMethod codeBase="/tmp/fsgg-sdd-944-v39tIs/tests/FS.GG.SDD.Acceptance.Tests/bin/Release/net10.0/FS.GG.SDD.Acceptance.Tests.dll" adapterTypeName="executor://xunit/VsTestRunner3/netcore/" className="FS.GG.SDD.Acceptance.Tests.CompositionAcceptanceTests" name="verdict resolution keys on the outcome+diagnostic pair" />
    </UnitTest>
    <UnitTest name="FS.GG.SDD.Acceptance.Tests.RegistryResolverTests.manual input path overrides dispatch and secret (precedence 1)" storage="/tmp/fsgg-sdd-944-v39tis/tests/fs.gg.sdd.acceptance.tests/bin/release/net10.0/fs.gg.sdd.acceptance.tests.dll" id="ae3ea52b-ab3b-e014-c459-14ef02f2a942">
      <Execution id="67c8f4b1-09b9-4d52-98fc-be96ccb3dbf4" />
      <TestMethod codeBase="/tmp/fsgg-sdd-944-v39tIs/tests/FS.GG.SDD.Acceptance.Tests/bin/Release/net10.0/FS.GG.SDD.Acceptance.Tests.dll" adapterTypeName="executor://xunit/VsTestRunner3/netcore/" className="FS.GG.SDD.Acceptance.Tests.RegistryResolverTests" name="manual input path overrides dispatch and secret (precedence 1)" />
    </UnitTest>
    <UnitTest name="FS.GG.SDD.Acceptance.Tests.ProbeResolutionTests.Synthetic hanging command is killed at its bound with a timeout diagnostic" storage="/tmp/fsgg-sdd-944-v39tis/tests/fs.gg.sdd.acceptance.tests/bin/release/net10.0/fs.gg.sdd.acceptance.tests.dll" id="92a5a20c-c9a7-e604-fdbc-53ac85b4973f">
      <Execution id="d2d22d99-873b-40e5-9d2a-ef26cc1f45c3" />
      <TestMethod codeBase="/tmp/fsgg-sdd-944-v39tIs/tests/FS.GG.SDD.Acceptance.Tests/bin/Release/net10.0/FS.GG.SDD.Acceptance.Tests.dll" adapterTypeName="executor://xunit/VsTestRunner3/netcore/" className="FS.GG.SDD.Acceptance.Tests.ProbeResolutionTests" name="Synthetic hanging command is killed at its bound with a timeout diagnostic" />
    </UnitTest>
    <UnitTest name="FS.GG.SDD.Acceptance.Tests.ProbeResolutionTests.buildProbe honors the descriptor's declared command and starts no dotnet" storage="/tmp/fsgg-sdd-944-v39tis/tests/fs.gg.sdd.acceptance.tests/bin/release/net10.0/fs.gg.sdd.acceptance.tests.dll" id="a45be463-8313-f309-e1a8-abd8100e1dec">
      <Execution id="15877a14-f7ea-4d62-8bf4-fe0f4ae475d8" />
      <TestMethod codeBase="/tmp/fsgg-sdd-944-v39tIs/tests/FS.GG.SDD.Acceptance.Tests/bin/Release/net10.0/FS.GG.SDD.Acceptance.Tests.dll" adapterTypeName="executor://xunit/VsTestRunner3/netcore/" className="FS.GG.SDD.Acceptance.Tests.ProbeResolutionTests" name="buildProbe honors the descriptor's declared command and starts no dotnet" />
    </UnitTest>
    <UnitTest name="FS.GG.SDD.Acceptance.Tests.ProbeResolutionTests.resolveBuildCommand declared invokes the declared command never dotnet" storage="/tmp/fsgg-sdd-944-v39tis/tests/fs.gg.sdd.acceptance.tests/bin/release/net10.0/fs.gg.sdd.acceptance.tests.dll" id="e6b850d7-61ba-eec3-3dfb-3b81545cda03">
      <Execution id="73b122c6-e33b-4090-a6b3-936f942e668b" />
      <TestMethod codeBase="/tmp/fsgg-sdd-944-v39tIs/tests/FS.GG.SDD.Acceptance.Tests/bin/Release/net10.0/FS.GG.SDD.Acceptance.Tests.dll" adapterTypeName="executor://xunit/VsTestRunner3/netcore/" className="FS.GG.SDD.Acceptance.Tests.ProbeResolutionTests" name="resolveBuildCommand declared invokes the declared command never dotnet" />
    </UnitTest>
    <UnitTest name="FS.GG.SDD.Acceptance.Tests.ProbeResolutionTests.runProbe does not report a child that exited holding pipes as a healthy running app" storage="/tmp/fsgg-sdd-944-v39tis/tests/fs.gg.sdd.acceptance.tests/bin/release/net10.0/fs.gg.sdd.acceptance.tests.dll" id="039ba848-fd47-3417-a085-845c8b41e808">
      <Execution id="b02a332a-29dc-4518-b470-72b303972eea" />
      <TestMethod codeBase="/tmp/fsgg-sdd-944-v39tIs/tests/FS.GG.SDD.Acceptance.Tests/bin/Release/net10.0/FS.GG.SDD.Acceptance.Tests.dll" adapterTypeName="executor://xunit/VsTestRunner3/netcore/" className="FS.GG.SDD.Acceptance.Tests.ProbeResolutionTests" name="runProbe does not report a child that exited holding pipes as a healthy running app" />
    </UnitTest>
    <UnitTest name="FS.GG.SDD.Acceptance.Tests.CompositionAcceptanceTests.real rendering composition is coherent end to end" storage="/tmp/fsgg-sdd-944-v39tis/tests/fs.gg.sdd.acceptance.tests/bin/release/net10.0/fs.gg.sdd.acceptance.tests.dll" id="cc6ddf7a-7804-c963-cddc-fb68a1fc61e2">
      <Execution id="b5b80033-d4d9-4c6d-8c6c-401a44a6bcf9" />
      <TestMethod codeBase="/tmp/fsgg-sdd-944-v39tIs/tests/FS.GG.SDD.Acceptance.Tests/bin/Release/net10.0/FS.GG.SDD.Acceptance.Tests.dll" adapterTypeName="executor://xunit/VsTestRunner3/netcore/" className="FS.GG.SDD.Acceptance.Tests.CompositionAcceptanceTests" name="real rendering composition is coherent end to end" />
    </UnitTest>
    <UnitTest name="FS.GG.SDD.Acceptance.Tests.CompositionAcceptanceTests.providerFailed splits into skip and fail by diagnostic" storage="/tmp/fsgg-sdd-944-v39tis/tests/fs.gg.sdd.acceptance.tests/bin/release/net10.0/fs.gg.sdd.acceptance.tests.dll" id="93f44e30-3252-dbfb-baff-39798062b47b">
      <Execution id="9027e20a-3b01-4e8e-a5d8-1c35713d2f49" />
      <TestMethod codeBase="/tmp/fsgg-sdd-944-v39tIs/tests/FS.GG.SDD.Acceptance.Tests/bin/Release/net10.0/FS.GG.SDD.Acceptance.Tests.dll" adapterTypeName="executor://xunit/VsTestRunner3/netcore/" className="FS.GG.SDD.Acceptance.Tests.CompositionAcceptanceTests" name="providerFailed splits into skip and fail by diagnostic" />
    </UnitTest>
    <UnitTest name="FS.GG.SDD.Acceptance.Tests.CompositionAcceptanceTests.acceptance project carries no Governance reference" storage="/tmp/fsgg-sdd-944-v39tis/tests/fs.gg.sdd.acceptance.tests/bin/release/net10.0/fs.gg.sdd.acceptance.tests.dll" id="ba900ab2-bbd5-5c49-710e-bbd3c770dc1e">
      <Execution id="e83eb4ef-885f-4f1d-94d0-d1c420f4378f" />
      <TestMethod codeBase="/tmp/fsgg-sdd-944-v39tIs/tests/FS.GG.SDD.Acceptance.Tests/bin/Release/net10.0/FS.GG.SDD.Acceptance.Tests.dll" adapterTypeName="executor://xunit/VsTestRunner3/netcore/" className="FS.GG.SDD.Acceptance.Tests.CompositionAcceptanceTests" name="acceptance project carries no Governance reference" />
    </UnitTest>
  </TestDefinitions>
  <TestEntries>
    <TestEntry testId="ae3ea52b-ab3b-e014-c459-14ef02f2a942" executionId="67c8f4b1-09b9-4d52-98fc-be96ccb3dbf4" testListId="8c84fa94-04c1-424b-9868-57a2d4851a1d" />
    <TestEntry testId="e5d86937-5c11-622d-2b1f-c0074e41844a" executionId="98d16322-8c62-4786-958d-8895202e288c" testListId="8c84fa94-04c1-424b-9868-57a2d4851a1d" />
    <TestEntry testId="89d970e3-5025-9b70-7d31-ccaa8c7687c7" executionId="65d706c3-535b-48e6-a5c6-b5508a9ab69c" testListId="8c84fa94-04c1-424b-9868-57a2d4851a1d" />
    <TestEntry testId="622329fe-6802-a47f-a835-9cc30ab115bc" executionId="5146e519-3112-410f-9a78-bb713d630a3d" testListId="8c84fa94-04c1-424b-9868-57a2d4851a1d" />
    <TestEntry testId="006c2aa8-f892-b1d2-072a-a9d577d66eef" executionId="6e1193af-e9f0-4179-9114-9be6bfea6976" testListId="8c84fa94-04c1-424b-9868-57a2d4851a1d" />
    <TestEntry testId="3f049ec7-c70a-d3c7-618e-77aadf7c04fd" executionId="8ddab5da-41c9-488c-a965-a75846bdb202" testListId="8c84fa94-04c1-424b-9868-57a2d4851a1d" />
    <TestEntry testId="7fea8b39-a13a-c04e-d76e-328ac2bde15c" executionId="b3852c39-2c6d-4bd3-b55a-1d1a0922d775" testListId="8c84fa94-04c1-424b-9868-57a2d4851a1d" />
    <TestEntry testId="ca4c135d-17c6-ae7b-8375-4d1049251db5" executionId="0baf5bc6-b810-4ee5-bc27-cbbf42b15e72" testListId="8c84fa94-04c1-424b-9868-57a2d4851a1d" />
    <TestEntry testId="72d9c30f-4dd4-6681-e743-2a98042efe74" executionId="48e028d5-a2e7-4aef-820a-e42de2ab8d61" testListId="8c84fa94-04c1-424b-9868-57a2d4851a1d" />
    <TestEntry testId="3bd12610-6f5b-6d52-1006-7f991e63a5cb" executionId="a134f05a-dbc9-45ef-9d2e-af4baa3cec6b" testListId="8c84fa94-04c1-424b-9868-57a2d4851a1d" />
    <TestEntry testId="ac98a8b5-0a26-6f72-ad12-f395f90c6377" executionId="859565eb-eb94-4533-aaf8-ade63534e0f9" testListId="8c84fa94-04c1-424b-9868-57a2d4851a1d" />
    <TestEntry testId="be16c792-d85e-d4e5-424a-eb9e5c422ffc" executionId="1071cc88-08b3-4da3-bbde-adb256730981" testListId="8c84fa94-04c1-424b-9868-57a2d4851a1d" />
    <TestEntry testId="e092d10d-77eb-6355-9500-66be19bae403" executionId="dd4bc9f5-c950-431d-99d5-2b4fc0ecf4ad" testListId="8c84fa94-04c1-424b-9868-57a2d4851a1d" />
    <TestEntry testId="e6b850d7-61ba-eec3-3dfb-3b81545cda03" executionId="73b122c6-e33b-4090-a6b3-936f942e668b" testListId="8c84fa94-04c1-424b-9868-57a2d4851a1d" />
    <TestEntry testId="27dcddae-0cb8-acd3-27fe-de294945351c" executionId="deb5036b-c191-4928-9e07-6ef60800ddf5" testListId="8c84fa94-04c1-424b-9868-57a2d4851a1d" />
    <TestEntry testId="a45be463-8313-f309-e1a8-abd8100e1dec" executionId="15877a14-f7ea-4d62-8bf4-fe0f4ae475d8" testListId="8c84fa94-04c1-424b-9868-57a2d4851a1d" />
    <TestEntry testId="d814d512-5082-e6ff-1687-56f26b4a951e" executionId="61c7896d-82b3-4363-a4bf-070412e6d73b" testListId="8c84fa94-04c1-424b-9868-57a2d4851a1d" />
    <TestEntry testId="a2b3bd15-b9ad-5b68-a145-e9d475c37992" executionId="34263704-207e-455c-89a2-65c941902c89" testListId="8c84fa94-04c1-424b-9868-57a2d4851a1d" />
    <TestEntry testId="9673926a-2b94-e57a-4999-0c92e59407b5" executionId="ee8fdf53-8c8d-479c-a53a-6ab01201087e" testListId="8c84fa94-04c1-424b-9868-57a2d4851a1d" />
    <TestEntry testId="44906f0b-1424-2632-ebf6-3504a3b26bae" executionId="93114dbe-d774-4651-b542-ac39b5001b67" testListId="8c84fa94-04c1-424b-9868-57a2d4851a1d" />
    <TestEntry testId="21972767-3be3-3523-c9e6-f654ba8a1beb" executionId="668262b5-d3ce-45bc-9ac5-29fc51b0ba60" testListId="8c84fa94-04c1-424b-9868-57a2d4851a1d" />
    <TestEntry testId="2cbdaaf3-be3a-20cb-b6f3-da55748eaaca" executionId="fc39e063-c917-4c49-98d9-3dca7684c5c1" testListId="8c84fa94-04c1-424b-9868-57a2d4851a1d" />
    <TestEntry testId="bdb2e49f-a09b-ddb9-fdfa-76803914ea66" executionId="68c01ea5-0099-4118-9ae5-f2976eadeef8" testListId="8c84fa94-04c1-424b-9868-57a2d4851a1d" />
    <TestEntry testId="d2a7e1f3-6542-cc07-8201-f60f29efe833" executionId="9e553363-c37a-449d-82b5-7a36c64b7ca9" testListId="8c84fa94-04c1-424b-9868-57a2d4851a1d" />
    <TestEntry testId="92a5a20c-c9a7-e604-fdbc-53ac85b4973f" executionId="d2d22d99-873b-40e5-9d2a-ef26cc1f45c3" testListId="8c84fa94-04c1-424b-9868-57a2d4851a1d" />
    <TestEntry testId="039ba848-fd47-3417-a085-845c8b41e808" executionId="b02a332a-29dc-4518-b470-72b303972eea" testListId="8c84fa94-04c1-424b-9868-57a2d4851a1d" />
    <TestEntry testId="debb8f1e-13bb-f63f-a08b-093e0e685ee6" executionId="1d7ba0c6-11fb-48ca-a8bf-cadad445cbec" testListId="8c84fa94-04c1-424b-9868-57a2d4851a1d" />
    <TestEntry testId="cc6ddf7a-7804-c963-cddc-fb68a1fc61e2" executionId="b5b80033-d4d9-4c6d-8c6c-401a44a6bcf9" testListId="8c84fa94-04c1-424b-9868-57a2d4851a1d" />
    <TestEntry testId="d5e6fdd1-4573-08b8-e199-c030479e6812" executionId="bbdad95b-0e6f-424a-9988-d6c8bc478ebe" testListId="8c84fa94-04c1-424b-9868-57a2d4851a1d" />
    <TestEntry testId="c8f652f2-5b48-3b61-7c73-771b3df5c5e9" executionId="9152d6d0-966a-48f1-8ef4-63099bc9b81e" testListId="8c84fa94-04c1-424b-9868-57a2d4851a1d" />
    <TestEntry testId="0e26ab4d-0e37-a0ca-ae03-7f1dc23b7444" executionId="bbd0141d-03ec-4f88-a49a-40b23d0b248c" testListId="8c84fa94-04c1-424b-9868-57a2d4851a1d" />
    <TestEntry testId="a3671615-ce7b-fbcc-6f0d-a521907048ff" executionId="035ca306-ed19-41f2-a504-4affa6e1765d" testListId="8c84fa94-04c1-424b-9868-57a2d4851a1d" />
    <TestEntry testId="855c01d1-cde7-ad8b-126a-052a5dea7412" executionId="ca019736-64d8-4643-87e4-8ee993763cb6" testListId="8c84fa94-04c1-424b-9868-57a2d4851a1d" />
    <TestEntry testId="78af8ec1-beef-bfab-dab4-d2292e6aeabe" executionId="15f3f25b-523b-40fe-9886-70fba635cf9d" testListId="8c84fa94-04c1-424b-9868-57a2d4851a1d" />
    <TestEntry testId="ac367409-e3dc-e87e-85a3-4112df45a27b" executionId="a550e6cc-0b58-4415-81cf-132fc660db88" testListId="8c84fa94-04c1-424b-9868-57a2d4851a1d" />
    <TestEntry testId="93f44e30-3252-dbfb-baff-39798062b47b" executionId="9027e20a-3b01-4e8e-a5d8-1c35713d2f49" testListId="8c84fa94-04c1-424b-9868-57a2d4851a1d" />
    <TestEntry testId="04136a42-e567-a294-7a17-cbf5fd8811d3" executionId="95e1df8d-bdab-4d11-a68c-931d0662542c" testListId="8c84fa94-04c1-424b-9868-57a2d4851a1d" />
    <TestEntry testId="ed935c2b-816e-35f0-b2c3-0d10cece218b" executionId="803ec96a-5ab2-4fb3-baec-9269e634a180" testListId="8c84fa94-04c1-424b-9868-57a2d4851a1d" />
    <TestEntry testId="e07ce153-e7f5-5dcb-59c7-ccc288c3d231" executionId="8a22ee27-32c7-46db-a91e-895bc26ad584" testListId="8c84fa94-04c1-424b-9868-57a2d4851a1d" />
    <TestEntry testId="ad2f4672-a91e-43cc-0123-25541dccce5b" executionId="e9348ea9-509b-4b9b-85ae-5082562edc58" testListId="8c84fa94-04c1-424b-9868-57a2d4851a1d" />
    <TestEntry testId="8204f6a4-1cb3-a597-6b25-60e7d5afb36b" executionId="84bdda44-c675-4704-bfbf-e36b1a818006" testListId="8c84fa94-04c1-424b-9868-57a2d4851a1d" />
    <TestEntry testId="afe7f316-de50-9fab-41ec-f2cb13ef69d6" executionId="2406e665-866b-4d6b-80ce-78de687630a4" testListId="8c84fa94-04c1-424b-9868-57a2d4851a1d" />
    <TestEntry testId="4ff64246-bb73-c864-04aa-74e724e50022" executionId="c2541e67-5bb3-4d23-98d6-5513bc473dda" testListId="8c84fa94-04c1-424b-9868-57a2d4851a1d" />
    <TestEntry testId="10129ba8-ea28-c463-c457-91ed71a91b24" executionId="cd4d06d0-d25f-4758-84cf-a1a89f4ac48c" testListId="8c84fa94-04c1-424b-9868-57a2d4851a1d" />
    <TestEntry testId="340d97b9-4e45-e2a5-afab-ca7d18d9cc5d" executionId="6176e8b2-e416-44d2-8478-b2460e6fbaae" testListId="8c84fa94-04c1-424b-9868-57a2d4851a1d" />
    <TestEntry testId="2f16cfaf-42c5-61a6-aac0-a20a3a6256fa" executionId="d5896b98-9c0e-4100-8f8a-10c7ccffcc4f" testListId="8c84fa94-04c1-424b-9868-57a2d4851a1d" />
    <TestEntry testId="0bf7357e-ca34-2cb5-e735-a799a03d392a" executionId="8e95266a-7514-4832-9c91-ed75416817e5" testListId="8c84fa94-04c1-424b-9868-57a2d4851a1d" />
    <TestEntry testId="aec8d945-1da8-42f5-a77a-83daa656267f" executionId="14e933ed-a83a-4c58-b9e1-1fa266df4d4b" testListId="8c84fa94-04c1-424b-9868-57a2d4851a1d" />
    <TestEntry testId="48567f3d-fd39-1642-8d18-76a73d26d804" executionId="143a1764-6bd7-48b2-b6b1-9ba6463a51c3" testListId="8c84fa94-04c1-424b-9868-57a2d4851a1d" />
    <TestEntry testId="b81a06fb-76a1-9559-e370-b43c6d90d2a9" executionId="7be5900d-8d9c-44fa-bc73-ba70407240a9" testListId="8c84fa94-04c1-424b-9868-57a2d4851a1d" />
    <TestEntry testId="ba900ab2-bbd5-5c49-710e-bbd3c770dc1e" executionId="e83eb4ef-885f-4f1d-94d0-d1c420f4378f" testListId="8c84fa94-04c1-424b-9868-57a2d4851a1d" />
  </TestEntries>
  <TestLists>
    <TestList name="Results Not in a List" id="8c84fa94-04c1-424b-9868-57a2d4851a1d" />
    <TestList name="All Loaded Results" id="19431567-8539-422a-85d7-44ee4e166bda" />
  </TestLists>
  <ResultSummary outcome="Completed">
    <Counters total="51" executed="46" passed="46" failed="0" error="0" timeout="0" aborted="0" inconclusive="0" passedButRunAborted="0" notRunnable="0" notExecuted="0" disconnected="0" warning="0" completed="0" inProgress="0" pending="0" />
    <Output>
      <StdOut>[xUnit.net 00:00:00.00] xUnit.net VSTest Adapter v3.1.5+1b188a7b0a (64-bit .NET 10.0.11)
[xUnit.net 00:00:00.05]   Discovering: FS.GG.SDD.Acceptance.Tests
[xUnit.net 00:00:00.08]   Discovered:  FS.GG.SDD.Acceptance.Tests
[xUnit.net 00:00:00.10]   Starting:    FS.GG.SDD.Acceptance.Tests
[xUnit.net 00:00:03.74]       FSGG_SDD_ACCEPTANCE_REGISTRY is unset; the composition acceptance is opt-in and network-gated.
[xUnit.net 00:00:03.74]       FSGG_SDD_ACCEPTANCE_REGISTRY is unset; the composition acceptance is opt-in and network-gated.
[xUnit.net 00:00:03.74]       FSGG_SDD_ACCEPTANCE_REGISTRY is unset; the composition acceptance is opt-in and network-gated.
Test 'FS.GG.SDD.Acceptance.Tests.CompositionAcceptanceTests.override-free composition records the provider's sdd lifecycle default' was skipped in the test run.
Test 'FS.GG.SDD.Acceptance.Tests.CompositionAcceptanceTests.two runs with the same inputs yield byte-identical bodies' was skipped in the test run.
Test 'FS.GG.SDD.Acceptance.Tests.CompositionAcceptanceTests.real rendering composition is coherent end to end' was skipped in the test run.
[xUnit.net 00:00:03.77]       FSGG_SDD_ACCEPTANCE_REGISTRY is unset; the composition acceptance is opt-in and network-gated.
[xUnit.net 00:00:03.77]       FSGG_SDD_ACCEPTANCE_REGISTRY is unset; the composition acceptance is opt-in and network-gated.
Test 'FS.GG.SDD.Acceptance.Tests.CompositionAcceptanceTests.hyphenated scaffold name builds and tests green' was skipped in the test run.
Test 'FS.GG.SDD.Acceptance.Tests.CompositionAcceptanceTests.unavailable provider resolves to skip-unavailable' was skipped in the test run.
  VITE v7.1.0  ready in 80 ms
  ➜  Local:   http://127.0.0.1:51817/
  ➜  press h + enter to show help
[xUnit.net 00:00:26.32]   Finished:    FS.GG.SDD.Acceptance.Tests
</StdOut>
    </Output>
    <RunInfos>
      <RunInfo computerName="780ae460ce3c" outcome="Warning" timestamp="2026-08-30T10:23:56.7651101+02:00">
        <Text>[xUnit.net 00:00:03.74]     FS.GG.SDD.Acceptance.Tests.CompositionAcceptanceTests.override-free composition records the provider's sdd lifecycle default [SKIP]</Text>
      </RunInfo>
      <RunInfo computerName="780ae460ce3c" outcome="Warning" timestamp="2026-08-30T10:23:56.7660131+02:00">
        <Text>[xUnit.net 00:00:03.74]     FS.GG.SDD.Acceptance.Tests.CompositionAcceptanceTests.two runs with the same inputs yield byte-identical bodies [SKIP]</Text>
      </RunInfo>
      <RunInfo computerName="780ae460ce3c" outcome="Warning" timestamp="2026-08-30T10:23:56.7661172+02:00">
        <Text>[xUnit.net 00:00:03.74]     FS.GG.SDD.Acceptance.Tests.CompositionAcceptanceTests.real rendering composition is coherent end to end [SKIP]</Text>
      </RunInfo>
      <RunInfo computerName="780ae460ce3c" outcome="Warning" timestamp="2026-08-30T10:23:56.8054616+02:00">
        <Text>[xUnit.net 00:00:03.77]     FS.GG.SDD.Acceptance.Tests.CompositionAcceptanceTests.hyphenated scaffold name builds and tests green [SKIP]</Text>
      </RunInfo>
      <RunInfo computerName="780ae460ce3c" outcome="Warning" timestamp="2026-08-30T10:23:56.8054774+02:00">
        <Text>[xUnit.net 00:00:03.77]     FS.GG.SDD.Acceptance.Tests.CompositionAcceptanceTests.unavailable provider resolves to skip-unavailable [SKIP]</Text>
      </RunInfo>
    </RunInfos>
  </ResultSummary>
</TestRun>